[2024-04-26T04:26:52.723+0000] {taskinstance.py:1956} INFO - Dependencies all met for dep_context=non-requeueable deps ti=<TaskInstance: ml_pipeline_airflow.training_basic_model scheduled__2024-04-26T03:00:00+00:00 [queued]>
[2024-04-26T04:26:52.729+0000] {taskinstance.py:1956} INFO - Dependencies all met for dep_context=requeueable deps ti=<TaskInstance: ml_pipeline_airflow.training_basic_model scheduled__2024-04-26T03:00:00+00:00 [queued]>
[2024-04-26T04:26:52.730+0000] {taskinstance.py:2170} INFO - Starting attempt 1 of 1
[2024-04-26T04:26:52.739+0000] {taskinstance.py:2191} INFO - Executing <Task(PythonOperator): training_basic_model> on 2024-04-26 03:00:00+00:00
[2024-04-26T04:26:52.749+0000] {standard_task_runner.py:60} INFO - Started process 135 to run task
[2024-04-26T04:26:52.751+0000] {standard_task_runner.py:87} INFO - Running: ['***', 'tasks', 'run', 'ml_pipeline_***', 'training_basic_model', 'scheduled__2024-04-26T03:00:00+00:00', '--job-id', '17', '--raw', '--subdir', 'DAGS_FOLDER/ml_pipeline.py', '--cfg-path', '/tmp/tmpooiyxpus']
[2024-04-26T04:26:52.752+0000] {standard_task_runner.py:88} INFO - Job 17: Subtask training_basic_model
[2024-04-26T04:26:52.794+0000] {task_command.py:423} INFO - Running <TaskInstance: ml_pipeline_airflow.training_basic_model scheduled__2024-04-26T03:00:00+00:00 [running]> on host 95171c3bcb7a
[2024-04-26T04:26:52.849+0000] {taskinstance.py:2480} INFO - Exporting env vars: AIRFLOW_CTX_DAG_OWNER='***' AIRFLOW_CTX_DAG_ID='ml_pipeline_***' AIRFLOW_CTX_TASK_ID='training_basic_model' AIRFLOW_CTX_EXECUTION_DATE='2024-04-26T03:00:00+00:00' AIRFLOW_CTX_TRY_NUMBER='1' AIRFLOW_CTX_DAG_RUN_ID='scheduled__2024-04-26T03:00:00+00:00'
[2024-04-26T04:26:52.851+0000] {logging_mixin.py:188} INFO - ----- inside training_basic_model component ----
[2024-04-26T04:26:52.855+0000] {warnings.py:109} WARNING - /home/***/.local/lib/python3.8/site-packages/sklearn/utils/validation.py:1183: DataConversionWarning: A column-vector y was passed when a 1d array was expected. Please change the shape of y to (n_samples, ), for example using ravel().
  y = column_or_1d(y, warn=True)

[2024-04-26T04:26:52.868+0000] {warnings.py:109} WARNING - /home/***/.local/lib/python3.8/site-packages/sklearn/linear_model/_logistic.py:460: ConvergenceWarning: lbfgs failed to converge (status=1):
STOP: TOTAL NO. of ITERATIONS REACHED LIMIT.

Increase the number of iterations (max_iter) or scale the data as shown in:
    https://scikit-learn.org/stable/modules/preprocessing.html
Please also refer to the documentation for alternative solver options:
    https://scikit-learn.org/stable/modules/linear_model.html#logistic-regression
  n_iter_i = _check_optimize_result(

[2024-04-26T04:26:52.870+0000] {logging_mixin.py:188} INFO - 
 Logistic Regression Model is trained on diabetes dataset and saved to model.pkl ---- 
[2024-04-26T04:26:52.870+0000] {python.py:201} INFO - Done. Returned value was: None
[2024-04-26T04:26:52.877+0000] {taskinstance.py:1138} INFO - Marking task as SUCCESS. dag_id=ml_pipeline_***, task_id=training_basic_model, execution_date=20240426T030000, start_date=20240426T042652, end_date=20240426T042652
[2024-04-26T04:26:52.925+0000] {local_task_job_runner.py:234} INFO - Task exited with return code 0
[2024-04-26T04:26:52.943+0000] {taskinstance.py:3280} INFO - 1 downstream tasks scheduled from follow-on schedule check
