[2024-04-26T04:26:05.736+0000] {processor.py:161} INFO - Started process (PID=48) to work on /home/airflow/.local/lib/python3.8/site-packages/airflow/example_dags/example_branch_python_dop_operator_3.py
[2024-04-26T04:26:05.739+0000] {processor.py:830} INFO - Processing file /home/airflow/.local/lib/python3.8/site-packages/airflow/example_dags/example_branch_python_dop_operator_3.py for tasks to queue
[2024-04-26T04:26:05.741+0000] {logging_mixin.py:188} INFO - [2024-04-26T04:26:05.741+0000] {dagbag.py:538} INFO - Filling up the DagBag from /home/airflow/.local/lib/python3.8/site-packages/airflow/example_dags/example_branch_python_dop_operator_3.py
[2024-04-26T04:26:05.766+0000] {processor.py:840} INFO - DAG(s) 'example_branch_dop_operator_v3' retrieved from /home/airflow/.local/lib/python3.8/site-packages/airflow/example_dags/example_branch_python_dop_operator_3.py
[2024-04-26T04:26:05.815+0000] {logging_mixin.py:188} INFO - [2024-04-26T04:26:05.815+0000] {dag.py:3036} INFO - Sync 1 DAGs
[2024-04-26T04:26:05.852+0000] {logging_mixin.py:188} INFO - [2024-04-26T04:26:05.852+0000] {dag.py:3823} INFO - Setting next_dagrun for example_branch_dop_operator_v3 to 2024-04-26 04:25:00+00:00, run_after=2024-04-26 04:26:00+00:00
[2024-04-26T04:26:05.878+0000] {processor.py:183} INFO - Processing /home/airflow/.local/lib/python3.8/site-packages/airflow/example_dags/example_branch_python_dop_operator_3.py took 0.152 seconds
[2024-04-26T04:26:36.751+0000] {processor.py:161} INFO - Started process (PID=123) to work on /home/airflow/.local/lib/python3.8/site-packages/airflow/example_dags/example_branch_python_dop_operator_3.py
[2024-04-26T04:26:36.753+0000] {processor.py:830} INFO - Processing file /home/airflow/.local/lib/python3.8/site-packages/airflow/example_dags/example_branch_python_dop_operator_3.py for tasks to queue
[2024-04-26T04:26:36.754+0000] {logging_mixin.py:188} INFO - [2024-04-26T04:26:36.754+0000] {dagbag.py:538} INFO - Filling up the DagBag from /home/airflow/.local/lib/python3.8/site-packages/airflow/example_dags/example_branch_python_dop_operator_3.py
[2024-04-26T04:26:36.761+0000] {processor.py:840} INFO - DAG(s) 'example_branch_dop_operator_v3' retrieved from /home/airflow/.local/lib/python3.8/site-packages/airflow/example_dags/example_branch_python_dop_operator_3.py
[2024-04-26T04:26:36.778+0000] {logging_mixin.py:188} INFO - [2024-04-26T04:26:36.777+0000] {dag.py:3036} INFO - Sync 1 DAGs
[2024-04-26T04:26:36.794+0000] {logging_mixin.py:188} INFO - [2024-04-26T04:26:36.794+0000] {dag.py:3823} INFO - Setting next_dagrun for example_branch_dop_operator_v3 to 2024-04-26 04:25:00+00:00, run_after=2024-04-26 04:26:00+00:00
[2024-04-26T04:26:36.815+0000] {processor.py:183} INFO - Processing /home/airflow/.local/lib/python3.8/site-packages/airflow/example_dags/example_branch_python_dop_operator_3.py took 0.066 seconds
[2024-04-26T04:27:07.049+0000] {processor.py:161} INFO - Started process (PID=241) to work on /home/airflow/.local/lib/python3.8/site-packages/airflow/example_dags/example_branch_python_dop_operator_3.py
[2024-04-26T04:27:07.051+0000] {processor.py:830} INFO - Processing file /home/airflow/.local/lib/python3.8/site-packages/airflow/example_dags/example_branch_python_dop_operator_3.py for tasks to queue
[2024-04-26T04:27:07.053+0000] {logging_mixin.py:188} INFO - [2024-04-26T04:27:07.053+0000] {dagbag.py:538} INFO - Filling up the DagBag from /home/airflow/.local/lib/python3.8/site-packages/airflow/example_dags/example_branch_python_dop_operator_3.py
[2024-04-26T04:27:07.060+0000] {processor.py:840} INFO - DAG(s) 'example_branch_dop_operator_v3' retrieved from /home/airflow/.local/lib/python3.8/site-packages/airflow/example_dags/example_branch_python_dop_operator_3.py
[2024-04-26T04:27:07.079+0000] {logging_mixin.py:188} INFO - [2024-04-26T04:27:07.078+0000] {dag.py:3036} INFO - Sync 1 DAGs
[2024-04-26T04:27:07.098+0000] {logging_mixin.py:188} INFO - [2024-04-26T04:27:07.098+0000] {dag.py:3823} INFO - Setting next_dagrun for example_branch_dop_operator_v3 to 2024-04-26 04:26:00+00:00, run_after=2024-04-26 04:27:00+00:00
[2024-04-26T04:27:07.117+0000] {processor.py:183} INFO - Processing /home/airflow/.local/lib/python3.8/site-packages/airflow/example_dags/example_branch_python_dop_operator_3.py took 0.071 seconds
[2024-04-26T04:27:37.594+0000] {processor.py:161} INFO - Started process (PID=317) to work on /home/airflow/.local/lib/python3.8/site-packages/airflow/example_dags/example_branch_python_dop_operator_3.py
[2024-04-26T04:27:37.595+0000] {processor.py:830} INFO - Processing file /home/airflow/.local/lib/python3.8/site-packages/airflow/example_dags/example_branch_python_dop_operator_3.py for tasks to queue
[2024-04-26T04:27:37.598+0000] {logging_mixin.py:188} INFO - [2024-04-26T04:27:37.597+0000] {dagbag.py:538} INFO - Filling up the DagBag from /home/airflow/.local/lib/python3.8/site-packages/airflow/example_dags/example_branch_python_dop_operator_3.py
[2024-04-26T04:27:37.607+0000] {processor.py:840} INFO - DAG(s) 'example_branch_dop_operator_v3' retrieved from /home/airflow/.local/lib/python3.8/site-packages/airflow/example_dags/example_branch_python_dop_operator_3.py
[2024-04-26T04:27:37.630+0000] {logging_mixin.py:188} INFO - [2024-04-26T04:27:37.630+0000] {dag.py:3036} INFO - Sync 1 DAGs
[2024-04-26T04:27:37.656+0000] {logging_mixin.py:188} INFO - [2024-04-26T04:27:37.656+0000] {dag.py:3823} INFO - Setting next_dagrun for example_branch_dop_operator_v3 to 2024-04-26 04:26:00+00:00, run_after=2024-04-26 04:27:00+00:00
[2024-04-26T04:27:37.682+0000] {processor.py:183} INFO - Processing /home/airflow/.local/lib/python3.8/site-packages/airflow/example_dags/example_branch_python_dop_operator_3.py took 0.092 seconds
[2024-04-26T04:28:08.069+0000] {processor.py:161} INFO - Started process (PID=393) to work on /home/airflow/.local/lib/python3.8/site-packages/airflow/example_dags/example_branch_python_dop_operator_3.py
[2024-04-26T04:28:08.071+0000] {processor.py:830} INFO - Processing file /home/airflow/.local/lib/python3.8/site-packages/airflow/example_dags/example_branch_python_dop_operator_3.py for tasks to queue
[2024-04-26T04:28:08.072+0000] {logging_mixin.py:188} INFO - [2024-04-26T04:28:08.072+0000] {dagbag.py:538} INFO - Filling up the DagBag from /home/airflow/.local/lib/python3.8/site-packages/airflow/example_dags/example_branch_python_dop_operator_3.py
[2024-04-26T04:28:08.078+0000] {processor.py:840} INFO - DAG(s) 'example_branch_dop_operator_v3' retrieved from /home/airflow/.local/lib/python3.8/site-packages/airflow/example_dags/example_branch_python_dop_operator_3.py
[2024-04-26T04:28:08.093+0000] {logging_mixin.py:188} INFO - [2024-04-26T04:28:08.092+0000] {dag.py:3036} INFO - Sync 1 DAGs
[2024-04-26T04:28:08.109+0000] {logging_mixin.py:188} INFO - [2024-04-26T04:28:08.109+0000] {dag.py:3823} INFO - Setting next_dagrun for example_branch_dop_operator_v3 to 2024-04-26 04:27:00+00:00, run_after=2024-04-26 04:28:00+00:00
[2024-04-26T04:28:08.127+0000] {processor.py:183} INFO - Processing /home/airflow/.local/lib/python3.8/site-packages/airflow/example_dags/example_branch_python_dop_operator_3.py took 0.060 seconds
[2024-04-26T04:28:38.744+0000] {processor.py:161} INFO - Started process (PID=469) to work on /home/airflow/.local/lib/python3.8/site-packages/airflow/example_dags/example_branch_python_dop_operator_3.py
[2024-04-26T04:28:38.745+0000] {processor.py:830} INFO - Processing file /home/airflow/.local/lib/python3.8/site-packages/airflow/example_dags/example_branch_python_dop_operator_3.py for tasks to queue
[2024-04-26T04:28:38.747+0000] {logging_mixin.py:188} INFO - [2024-04-26T04:28:38.747+0000] {dagbag.py:538} INFO - Filling up the DagBag from /home/airflow/.local/lib/python3.8/site-packages/airflow/example_dags/example_branch_python_dop_operator_3.py
[2024-04-26T04:28:38.755+0000] {processor.py:840} INFO - DAG(s) 'example_branch_dop_operator_v3' retrieved from /home/airflow/.local/lib/python3.8/site-packages/airflow/example_dags/example_branch_python_dop_operator_3.py
[2024-04-26T04:28:38.774+0000] {logging_mixin.py:188} INFO - [2024-04-26T04:28:38.774+0000] {dag.py:3036} INFO - Sync 1 DAGs
[2024-04-26T04:28:38.796+0000] {logging_mixin.py:188} INFO - [2024-04-26T04:28:38.795+0000] {dag.py:3823} INFO - Setting next_dagrun for example_branch_dop_operator_v3 to 2024-04-26 04:27:00+00:00, run_after=2024-04-26 04:28:00+00:00
[2024-04-26T04:28:38.928+0000] {processor.py:183} INFO - Processing /home/airflow/.local/lib/python3.8/site-packages/airflow/example_dags/example_branch_python_dop_operator_3.py took 0.187 seconds
[2024-04-26T04:29:09.611+0000] {processor.py:161} INFO - Started process (PID=546) to work on /home/airflow/.local/lib/python3.8/site-packages/airflow/example_dags/example_branch_python_dop_operator_3.py
[2024-04-26T04:29:09.613+0000] {processor.py:830} INFO - Processing file /home/airflow/.local/lib/python3.8/site-packages/airflow/example_dags/example_branch_python_dop_operator_3.py for tasks to queue
[2024-04-26T04:29:09.619+0000] {logging_mixin.py:188} INFO - [2024-04-26T04:29:09.619+0000] {dagbag.py:538} INFO - Filling up the DagBag from /home/airflow/.local/lib/python3.8/site-packages/airflow/example_dags/example_branch_python_dop_operator_3.py
[2024-04-26T04:29:09.637+0000] {processor.py:840} INFO - DAG(s) 'example_branch_dop_operator_v3' retrieved from /home/airflow/.local/lib/python3.8/site-packages/airflow/example_dags/example_branch_python_dop_operator_3.py
[2024-04-26T04:29:09.653+0000] {logging_mixin.py:188} INFO - [2024-04-26T04:29:09.653+0000] {dag.py:3036} INFO - Sync 1 DAGs
[2024-04-26T04:29:09.680+0000] {logging_mixin.py:188} INFO - [2024-04-26T04:29:09.680+0000] {dag.py:3823} INFO - Setting next_dagrun for example_branch_dop_operator_v3 to 2024-04-26 04:28:00+00:00, run_after=2024-04-26 04:29:00+00:00
[2024-04-26T04:29:09.703+0000] {processor.py:183} INFO - Processing /home/airflow/.local/lib/python3.8/site-packages/airflow/example_dags/example_branch_python_dop_operator_3.py took 0.093 seconds
[2024-04-26T04:29:40.489+0000] {processor.py:161} INFO - Started process (PID=622) to work on /home/airflow/.local/lib/python3.8/site-packages/airflow/example_dags/example_branch_python_dop_operator_3.py
[2024-04-26T04:29:40.490+0000] {processor.py:830} INFO - Processing file /home/airflow/.local/lib/python3.8/site-packages/airflow/example_dags/example_branch_python_dop_operator_3.py for tasks to queue
[2024-04-26T04:29:40.492+0000] {logging_mixin.py:188} INFO - [2024-04-26T04:29:40.492+0000] {dagbag.py:538} INFO - Filling up the DagBag from /home/airflow/.local/lib/python3.8/site-packages/airflow/example_dags/example_branch_python_dop_operator_3.py
[2024-04-26T04:29:40.498+0000] {processor.py:840} INFO - DAG(s) 'example_branch_dop_operator_v3' retrieved from /home/airflow/.local/lib/python3.8/site-packages/airflow/example_dags/example_branch_python_dop_operator_3.py
[2024-04-26T04:29:40.511+0000] {logging_mixin.py:188} INFO - [2024-04-26T04:29:40.511+0000] {dag.py:3036} INFO - Sync 1 DAGs
[2024-04-26T04:29:40.527+0000] {logging_mixin.py:188} INFO - [2024-04-26T04:29:40.527+0000] {dag.py:3823} INFO - Setting next_dagrun for example_branch_dop_operator_v3 to 2024-04-26 04:28:00+00:00, run_after=2024-04-26 04:29:00+00:00
[2024-04-26T04:29:40.543+0000] {processor.py:183} INFO - Processing /home/airflow/.local/lib/python3.8/site-packages/airflow/example_dags/example_branch_python_dop_operator_3.py took 0.055 seconds
[2024-04-26T04:30:11.320+0000] {processor.py:161} INFO - Started process (PID=698) to work on /home/airflow/.local/lib/python3.8/site-packages/airflow/example_dags/example_branch_python_dop_operator_3.py
[2024-04-26T04:30:11.321+0000] {processor.py:830} INFO - Processing file /home/airflow/.local/lib/python3.8/site-packages/airflow/example_dags/example_branch_python_dop_operator_3.py for tasks to queue
[2024-04-26T04:30:11.323+0000] {logging_mixin.py:188} INFO - [2024-04-26T04:30:11.323+0000] {dagbag.py:538} INFO - Filling up the DagBag from /home/airflow/.local/lib/python3.8/site-packages/airflow/example_dags/example_branch_python_dop_operator_3.py
[2024-04-26T04:30:11.329+0000] {processor.py:840} INFO - DAG(s) 'example_branch_dop_operator_v3' retrieved from /home/airflow/.local/lib/python3.8/site-packages/airflow/example_dags/example_branch_python_dop_operator_3.py
[2024-04-26T04:30:11.342+0000] {logging_mixin.py:188} INFO - [2024-04-26T04:30:11.342+0000] {dag.py:3036} INFO - Sync 1 DAGs
[2024-04-26T04:30:11.358+0000] {logging_mixin.py:188} INFO - [2024-04-26T04:30:11.358+0000] {dag.py:3823} INFO - Setting next_dagrun for example_branch_dop_operator_v3 to 2024-04-26 04:29:00+00:00, run_after=2024-04-26 04:30:00+00:00
[2024-04-26T04:30:11.376+0000] {processor.py:183} INFO - Processing /home/airflow/.local/lib/python3.8/site-packages/airflow/example_dags/example_branch_python_dop_operator_3.py took 0.058 seconds
[2024-04-26T04:30:41.890+0000] {processor.py:161} INFO - Started process (PID=774) to work on /home/airflow/.local/lib/python3.8/site-packages/airflow/example_dags/example_branch_python_dop_operator_3.py
[2024-04-26T04:30:41.892+0000] {processor.py:830} INFO - Processing file /home/airflow/.local/lib/python3.8/site-packages/airflow/example_dags/example_branch_python_dop_operator_3.py for tasks to queue
[2024-04-26T04:30:41.893+0000] {logging_mixin.py:188} INFO - [2024-04-26T04:30:41.893+0000] {dagbag.py:538} INFO - Filling up the DagBag from /home/airflow/.local/lib/python3.8/site-packages/airflow/example_dags/example_branch_python_dop_operator_3.py
[2024-04-26T04:30:41.899+0000] {processor.py:840} INFO - DAG(s) 'example_branch_dop_operator_v3' retrieved from /home/airflow/.local/lib/python3.8/site-packages/airflow/example_dags/example_branch_python_dop_operator_3.py
[2024-04-26T04:30:41.912+0000] {logging_mixin.py:188} INFO - [2024-04-26T04:30:41.912+0000] {dag.py:3036} INFO - Sync 1 DAGs
[2024-04-26T04:30:41.928+0000] {logging_mixin.py:188} INFO - [2024-04-26T04:30:41.928+0000] {dag.py:3823} INFO - Setting next_dagrun for example_branch_dop_operator_v3 to 2024-04-26 04:29:00+00:00, run_after=2024-04-26 04:30:00+00:00
[2024-04-26T04:30:41.947+0000] {processor.py:183} INFO - Processing /home/airflow/.local/lib/python3.8/site-packages/airflow/example_dags/example_branch_python_dop_operator_3.py took 0.059 seconds
[2024-04-26T04:31:12.125+0000] {processor.py:161} INFO - Started process (PID=850) to work on /home/airflow/.local/lib/python3.8/site-packages/airflow/example_dags/example_branch_python_dop_operator_3.py
[2024-04-26T04:31:12.127+0000] {processor.py:830} INFO - Processing file /home/airflow/.local/lib/python3.8/site-packages/airflow/example_dags/example_branch_python_dop_operator_3.py for tasks to queue
[2024-04-26T04:31:12.129+0000] {logging_mixin.py:188} INFO - [2024-04-26T04:31:12.129+0000] {dagbag.py:538} INFO - Filling up the DagBag from /home/airflow/.local/lib/python3.8/site-packages/airflow/example_dags/example_branch_python_dop_operator_3.py
[2024-04-26T04:31:12.140+0000] {processor.py:840} INFO - DAG(s) 'example_branch_dop_operator_v3' retrieved from /home/airflow/.local/lib/python3.8/site-packages/airflow/example_dags/example_branch_python_dop_operator_3.py
[2024-04-26T04:31:12.157+0000] {logging_mixin.py:188} INFO - [2024-04-26T04:31:12.157+0000] {dag.py:3036} INFO - Sync 1 DAGs
[2024-04-26T04:31:12.180+0000] {logging_mixin.py:188} INFO - [2024-04-26T04:31:12.180+0000] {dag.py:3823} INFO - Setting next_dagrun for example_branch_dop_operator_v3 to 2024-04-26 04:30:00+00:00, run_after=2024-04-26 04:31:00+00:00
[2024-04-26T04:31:12.203+0000] {processor.py:183} INFO - Processing /home/airflow/.local/lib/python3.8/site-packages/airflow/example_dags/example_branch_python_dop_operator_3.py took 0.081 seconds
[2024-04-26T04:31:42.276+0000] {processor.py:161} INFO - Started process (PID=926) to work on /home/airflow/.local/lib/python3.8/site-packages/airflow/example_dags/example_branch_python_dop_operator_3.py
[2024-04-26T04:31:42.277+0000] {processor.py:830} INFO - Processing file /home/airflow/.local/lib/python3.8/site-packages/airflow/example_dags/example_branch_python_dop_operator_3.py for tasks to queue
[2024-04-26T04:31:42.278+0000] {logging_mixin.py:188} INFO - [2024-04-26T04:31:42.278+0000] {dagbag.py:538} INFO - Filling up the DagBag from /home/airflow/.local/lib/python3.8/site-packages/airflow/example_dags/example_branch_python_dop_operator_3.py
[2024-04-26T04:31:42.284+0000] {processor.py:840} INFO - DAG(s) 'example_branch_dop_operator_v3' retrieved from /home/airflow/.local/lib/python3.8/site-packages/airflow/example_dags/example_branch_python_dop_operator_3.py
[2024-04-26T04:31:42.299+0000] {logging_mixin.py:188} INFO - [2024-04-26T04:31:42.299+0000] {dag.py:3036} INFO - Sync 1 DAGs
[2024-04-26T04:31:42.314+0000] {logging_mixin.py:188} INFO - [2024-04-26T04:31:42.314+0000] {dag.py:3823} INFO - Setting next_dagrun for example_branch_dop_operator_v3 to 2024-04-26 04:30:00+00:00, run_after=2024-04-26 04:31:00+00:00
[2024-04-26T04:31:42.332+0000] {processor.py:183} INFO - Processing /home/airflow/.local/lib/python3.8/site-packages/airflow/example_dags/example_branch_python_dop_operator_3.py took 0.058 seconds
[2024-04-26T04:32:12.992+0000] {processor.py:161} INFO - Started process (PID=1002) to work on /home/airflow/.local/lib/python3.8/site-packages/airflow/example_dags/example_branch_python_dop_operator_3.py
[2024-04-26T04:32:12.994+0000] {processor.py:830} INFO - Processing file /home/airflow/.local/lib/python3.8/site-packages/airflow/example_dags/example_branch_python_dop_operator_3.py for tasks to queue
[2024-04-26T04:32:12.996+0000] {logging_mixin.py:188} INFO - [2024-04-26T04:32:12.996+0000] {dagbag.py:538} INFO - Filling up the DagBag from /home/airflow/.local/lib/python3.8/site-packages/airflow/example_dags/example_branch_python_dop_operator_3.py
[2024-04-26T04:32:13.004+0000] {processor.py:840} INFO - DAG(s) 'example_branch_dop_operator_v3' retrieved from /home/airflow/.local/lib/python3.8/site-packages/airflow/example_dags/example_branch_python_dop_operator_3.py
[2024-04-26T04:32:13.024+0000] {logging_mixin.py:188} INFO - [2024-04-26T04:32:13.023+0000] {dag.py:3036} INFO - Sync 1 DAGs
[2024-04-26T04:32:13.046+0000] {logging_mixin.py:188} INFO - [2024-04-26T04:32:13.046+0000] {dag.py:3823} INFO - Setting next_dagrun for example_branch_dop_operator_v3 to 2024-04-26 04:31:00+00:00, run_after=2024-04-26 04:32:00+00:00
[2024-04-26T04:32:13.066+0000] {processor.py:183} INFO - Processing /home/airflow/.local/lib/python3.8/site-packages/airflow/example_dags/example_branch_python_dop_operator_3.py took 0.076 seconds
[2024-04-26T04:32:43.684+0000] {processor.py:161} INFO - Started process (PID=1078) to work on /home/airflow/.local/lib/python3.8/site-packages/airflow/example_dags/example_branch_python_dop_operator_3.py
[2024-04-26T04:32:43.686+0000] {processor.py:830} INFO - Processing file /home/airflow/.local/lib/python3.8/site-packages/airflow/example_dags/example_branch_python_dop_operator_3.py for tasks to queue
[2024-04-26T04:32:43.688+0000] {logging_mixin.py:188} INFO - [2024-04-26T04:32:43.688+0000] {dagbag.py:538} INFO - Filling up the DagBag from /home/airflow/.local/lib/python3.8/site-packages/airflow/example_dags/example_branch_python_dop_operator_3.py
[2024-04-26T04:32:43.697+0000] {processor.py:840} INFO - DAG(s) 'example_branch_dop_operator_v3' retrieved from /home/airflow/.local/lib/python3.8/site-packages/airflow/example_dags/example_branch_python_dop_operator_3.py
[2024-04-26T04:32:43.720+0000] {logging_mixin.py:188} INFO - [2024-04-26T04:32:43.720+0000] {dag.py:3036} INFO - Sync 1 DAGs
[2024-04-26T04:32:43.749+0000] {logging_mixin.py:188} INFO - [2024-04-26T04:32:43.749+0000] {dag.py:3823} INFO - Setting next_dagrun for example_branch_dop_operator_v3 to 2024-04-26 04:31:00+00:00, run_after=2024-04-26 04:32:00+00:00
[2024-04-26T04:32:43.775+0000] {processor.py:183} INFO - Processing /home/airflow/.local/lib/python3.8/site-packages/airflow/example_dags/example_branch_python_dop_operator_3.py took 0.094 seconds
[2024-04-26T04:33:14.131+0000] {processor.py:161} INFO - Started process (PID=1154) to work on /home/airflow/.local/lib/python3.8/site-packages/airflow/example_dags/example_branch_python_dop_operator_3.py
[2024-04-26T04:33:14.132+0000] {processor.py:830} INFO - Processing file /home/airflow/.local/lib/python3.8/site-packages/airflow/example_dags/example_branch_python_dop_operator_3.py for tasks to queue
[2024-04-26T04:33:14.133+0000] {logging_mixin.py:188} INFO - [2024-04-26T04:33:14.133+0000] {dagbag.py:538} INFO - Filling up the DagBag from /home/airflow/.local/lib/python3.8/site-packages/airflow/example_dags/example_branch_python_dop_operator_3.py
[2024-04-26T04:33:14.140+0000] {processor.py:840} INFO - DAG(s) 'example_branch_dop_operator_v3' retrieved from /home/airflow/.local/lib/python3.8/site-packages/airflow/example_dags/example_branch_python_dop_operator_3.py
[2024-04-26T04:33:14.159+0000] {logging_mixin.py:188} INFO - [2024-04-26T04:33:14.159+0000] {dag.py:3036} INFO - Sync 1 DAGs
[2024-04-26T04:33:14.178+0000] {logging_mixin.py:188} INFO - [2024-04-26T04:33:14.178+0000] {dag.py:3823} INFO - Setting next_dagrun for example_branch_dop_operator_v3 to 2024-04-26 04:32:00+00:00, run_after=2024-04-26 04:33:00+00:00
[2024-04-26T04:33:14.196+0000] {processor.py:183} INFO - Processing /home/airflow/.local/lib/python3.8/site-packages/airflow/example_dags/example_branch_python_dop_operator_3.py took 0.068 seconds
[2024-04-26T04:33:44.439+0000] {processor.py:161} INFO - Started process (PID=1230) to work on /home/airflow/.local/lib/python3.8/site-packages/airflow/example_dags/example_branch_python_dop_operator_3.py
[2024-04-26T04:33:44.440+0000] {processor.py:830} INFO - Processing file /home/airflow/.local/lib/python3.8/site-packages/airflow/example_dags/example_branch_python_dop_operator_3.py for tasks to queue
[2024-04-26T04:33:44.442+0000] {logging_mixin.py:188} INFO - [2024-04-26T04:33:44.442+0000] {dagbag.py:538} INFO - Filling up the DagBag from /home/airflow/.local/lib/python3.8/site-packages/airflow/example_dags/example_branch_python_dop_operator_3.py
[2024-04-26T04:33:44.448+0000] {processor.py:840} INFO - DAG(s) 'example_branch_dop_operator_v3' retrieved from /home/airflow/.local/lib/python3.8/site-packages/airflow/example_dags/example_branch_python_dop_operator_3.py
[2024-04-26T04:33:44.463+0000] {logging_mixin.py:188} INFO - [2024-04-26T04:33:44.463+0000] {dag.py:3036} INFO - Sync 1 DAGs
[2024-04-26T04:33:44.480+0000] {logging_mixin.py:188} INFO - [2024-04-26T04:33:44.480+0000] {dag.py:3823} INFO - Setting next_dagrun for example_branch_dop_operator_v3 to 2024-04-26 04:32:00+00:00, run_after=2024-04-26 04:33:00+00:00
[2024-04-26T04:33:44.499+0000] {processor.py:183} INFO - Processing /home/airflow/.local/lib/python3.8/site-packages/airflow/example_dags/example_branch_python_dop_operator_3.py took 0.063 seconds
[2024-04-26T04:34:14.739+0000] {processor.py:161} INFO - Started process (PID=1306) to work on /home/airflow/.local/lib/python3.8/site-packages/airflow/example_dags/example_branch_python_dop_operator_3.py
[2024-04-26T04:34:14.740+0000] {processor.py:830} INFO - Processing file /home/airflow/.local/lib/python3.8/site-packages/airflow/example_dags/example_branch_python_dop_operator_3.py for tasks to queue
[2024-04-26T04:34:14.742+0000] {logging_mixin.py:188} INFO - [2024-04-26T04:34:14.742+0000] {dagbag.py:538} INFO - Filling up the DagBag from /home/airflow/.local/lib/python3.8/site-packages/airflow/example_dags/example_branch_python_dop_operator_3.py
[2024-04-26T04:34:14.749+0000] {processor.py:840} INFO - DAG(s) 'example_branch_dop_operator_v3' retrieved from /home/airflow/.local/lib/python3.8/site-packages/airflow/example_dags/example_branch_python_dop_operator_3.py
[2024-04-26T04:34:14.763+0000] {logging_mixin.py:188} INFO - [2024-04-26T04:34:14.763+0000] {dag.py:3036} INFO - Sync 1 DAGs
[2024-04-26T04:34:14.780+0000] {logging_mixin.py:188} INFO - [2024-04-26T04:34:14.780+0000] {dag.py:3823} INFO - Setting next_dagrun for example_branch_dop_operator_v3 to 2024-04-26 04:33:00+00:00, run_after=2024-04-26 04:34:00+00:00
[2024-04-26T04:34:14.796+0000] {processor.py:183} INFO - Processing /home/airflow/.local/lib/python3.8/site-packages/airflow/example_dags/example_branch_python_dop_operator_3.py took 0.060 seconds
[2024-04-26T04:34:44.926+0000] {processor.py:161} INFO - Started process (PID=1382) to work on /home/airflow/.local/lib/python3.8/site-packages/airflow/example_dags/example_branch_python_dop_operator_3.py
[2024-04-26T04:34:44.927+0000] {processor.py:830} INFO - Processing file /home/airflow/.local/lib/python3.8/site-packages/airflow/example_dags/example_branch_python_dop_operator_3.py for tasks to queue
[2024-04-26T04:34:44.929+0000] {logging_mixin.py:188} INFO - [2024-04-26T04:34:44.929+0000] {dagbag.py:538} INFO - Filling up the DagBag from /home/airflow/.local/lib/python3.8/site-packages/airflow/example_dags/example_branch_python_dop_operator_3.py
[2024-04-26T04:34:44.936+0000] {processor.py:840} INFO - DAG(s) 'example_branch_dop_operator_v3' retrieved from /home/airflow/.local/lib/python3.8/site-packages/airflow/example_dags/example_branch_python_dop_operator_3.py
[2024-04-26T04:34:44.950+0000] {logging_mixin.py:188} INFO - [2024-04-26T04:34:44.949+0000] {dag.py:3036} INFO - Sync 1 DAGs
[2024-04-26T04:34:44.966+0000] {logging_mixin.py:188} INFO - [2024-04-26T04:34:44.966+0000] {dag.py:3823} INFO - Setting next_dagrun for example_branch_dop_operator_v3 to 2024-04-26 04:33:00+00:00, run_after=2024-04-26 04:34:00+00:00
[2024-04-26T04:34:44.984+0000] {processor.py:183} INFO - Processing /home/airflow/.local/lib/python3.8/site-packages/airflow/example_dags/example_branch_python_dop_operator_3.py took 0.061 seconds
[2024-04-26T04:35:15.185+0000] {processor.py:161} INFO - Started process (PID=1458) to work on /home/airflow/.local/lib/python3.8/site-packages/airflow/example_dags/example_branch_python_dop_operator_3.py
[2024-04-26T04:35:15.186+0000] {processor.py:830} INFO - Processing file /home/airflow/.local/lib/python3.8/site-packages/airflow/example_dags/example_branch_python_dop_operator_3.py for tasks to queue
[2024-04-26T04:35:15.187+0000] {logging_mixin.py:188} INFO - [2024-04-26T04:35:15.187+0000] {dagbag.py:538} INFO - Filling up the DagBag from /home/airflow/.local/lib/python3.8/site-packages/airflow/example_dags/example_branch_python_dop_operator_3.py
[2024-04-26T04:35:15.193+0000] {processor.py:840} INFO - DAG(s) 'example_branch_dop_operator_v3' retrieved from /home/airflow/.local/lib/python3.8/site-packages/airflow/example_dags/example_branch_python_dop_operator_3.py
[2024-04-26T04:35:15.206+0000] {logging_mixin.py:188} INFO - [2024-04-26T04:35:15.206+0000] {dag.py:3036} INFO - Sync 1 DAGs
[2024-04-26T04:35:15.222+0000] {logging_mixin.py:188} INFO - [2024-04-26T04:35:15.222+0000] {dag.py:3823} INFO - Setting next_dagrun for example_branch_dop_operator_v3 to 2024-04-26 04:34:00+00:00, run_after=2024-04-26 04:35:00+00:00
[2024-04-26T04:35:15.240+0000] {processor.py:183} INFO - Processing /home/airflow/.local/lib/python3.8/site-packages/airflow/example_dags/example_branch_python_dop_operator_3.py took 0.058 seconds
[2024-04-26T04:35:45.502+0000] {processor.py:161} INFO - Started process (PID=1534) to work on /home/airflow/.local/lib/python3.8/site-packages/airflow/example_dags/example_branch_python_dop_operator_3.py
[2024-04-26T04:35:45.503+0000] {processor.py:830} INFO - Processing file /home/airflow/.local/lib/python3.8/site-packages/airflow/example_dags/example_branch_python_dop_operator_3.py for tasks to queue
[2024-04-26T04:35:45.504+0000] {logging_mixin.py:188} INFO - [2024-04-26T04:35:45.504+0000] {dagbag.py:538} INFO - Filling up the DagBag from /home/airflow/.local/lib/python3.8/site-packages/airflow/example_dags/example_branch_python_dop_operator_3.py
[2024-04-26T04:35:45.512+0000] {processor.py:840} INFO - DAG(s) 'example_branch_dop_operator_v3' retrieved from /home/airflow/.local/lib/python3.8/site-packages/airflow/example_dags/example_branch_python_dop_operator_3.py
[2024-04-26T04:35:45.526+0000] {logging_mixin.py:188} INFO - [2024-04-26T04:35:45.526+0000] {dag.py:3036} INFO - Sync 1 DAGs
[2024-04-26T04:35:45.543+0000] {logging_mixin.py:188} INFO - [2024-04-26T04:35:45.543+0000] {dag.py:3823} INFO - Setting next_dagrun for example_branch_dop_operator_v3 to 2024-04-26 04:34:00+00:00, run_after=2024-04-26 04:35:00+00:00
[2024-04-26T04:35:45.561+0000] {processor.py:183} INFO - Processing /home/airflow/.local/lib/python3.8/site-packages/airflow/example_dags/example_branch_python_dop_operator_3.py took 0.061 seconds
[2024-04-26T04:36:15.639+0000] {processor.py:161} INFO - Started process (PID=1610) to work on /home/airflow/.local/lib/python3.8/site-packages/airflow/example_dags/example_branch_python_dop_operator_3.py
[2024-04-26T04:36:15.642+0000] {processor.py:830} INFO - Processing file /home/airflow/.local/lib/python3.8/site-packages/airflow/example_dags/example_branch_python_dop_operator_3.py for tasks to queue
[2024-04-26T04:36:15.644+0000] {logging_mixin.py:188} INFO - [2024-04-26T04:36:15.643+0000] {dagbag.py:538} INFO - Filling up the DagBag from /home/airflow/.local/lib/python3.8/site-packages/airflow/example_dags/example_branch_python_dop_operator_3.py
[2024-04-26T04:36:15.651+0000] {processor.py:840} INFO - DAG(s) 'example_branch_dop_operator_v3' retrieved from /home/airflow/.local/lib/python3.8/site-packages/airflow/example_dags/example_branch_python_dop_operator_3.py
[2024-04-26T04:36:15.666+0000] {logging_mixin.py:188} INFO - [2024-04-26T04:36:15.666+0000] {dag.py:3036} INFO - Sync 1 DAGs
[2024-04-26T04:36:15.683+0000] {logging_mixin.py:188} INFO - [2024-04-26T04:36:15.683+0000] {dag.py:3823} INFO - Setting next_dagrun for example_branch_dop_operator_v3 to 2024-04-26 04:35:00+00:00, run_after=2024-04-26 04:36:00+00:00
[2024-04-26T04:36:15.699+0000] {processor.py:183} INFO - Processing /home/airflow/.local/lib/python3.8/site-packages/airflow/example_dags/example_branch_python_dop_operator_3.py took 0.062 seconds
[2024-04-26T04:36:45.861+0000] {processor.py:161} INFO - Started process (PID=1686) to work on /home/airflow/.local/lib/python3.8/site-packages/airflow/example_dags/example_branch_python_dop_operator_3.py
[2024-04-26T04:36:45.862+0000] {processor.py:830} INFO - Processing file /home/airflow/.local/lib/python3.8/site-packages/airflow/example_dags/example_branch_python_dop_operator_3.py for tasks to queue
[2024-04-26T04:36:45.864+0000] {logging_mixin.py:188} INFO - [2024-04-26T04:36:45.863+0000] {dagbag.py:538} INFO - Filling up the DagBag from /home/airflow/.local/lib/python3.8/site-packages/airflow/example_dags/example_branch_python_dop_operator_3.py
[2024-04-26T04:36:45.869+0000] {processor.py:840} INFO - DAG(s) 'example_branch_dop_operator_v3' retrieved from /home/airflow/.local/lib/python3.8/site-packages/airflow/example_dags/example_branch_python_dop_operator_3.py
[2024-04-26T04:36:45.885+0000] {logging_mixin.py:188} INFO - [2024-04-26T04:36:45.884+0000] {dag.py:3036} INFO - Sync 1 DAGs
[2024-04-26T04:36:45.902+0000] {logging_mixin.py:188} INFO - [2024-04-26T04:36:45.902+0000] {dag.py:3823} INFO - Setting next_dagrun for example_branch_dop_operator_v3 to 2024-04-26 04:35:00+00:00, run_after=2024-04-26 04:36:00+00:00
[2024-04-26T04:36:45.916+0000] {processor.py:183} INFO - Processing /home/airflow/.local/lib/python3.8/site-packages/airflow/example_dags/example_branch_python_dop_operator_3.py took 0.058 seconds
