[2024-04-26T04:26:06.870+0000] {processor.py:161} INFO - Started process (PID=73) to work on /home/airflow/.local/lib/python3.8/site-packages/airflow/example_dags/example_external_task_marker_dag.py
[2024-04-26T04:26:06.873+0000] {processor.py:830} INFO - Processing file /home/airflow/.local/lib/python3.8/site-packages/airflow/example_dags/example_external_task_marker_dag.py for tasks to queue
[2024-04-26T04:26:06.875+0000] {logging_mixin.py:188} INFO - [2024-04-26T04:26:06.875+0000] {dagbag.py:538} INFO - Filling up the DagBag from /home/airflow/.local/lib/python3.8/site-packages/airflow/example_dags/example_external_task_marker_dag.py
[2024-04-26T04:26:06.887+0000] {processor.py:840} INFO - DAG(s) 'example_external_task_marker_parent', 'example_external_task_marker_child' retrieved from /home/airflow/.local/lib/python3.8/site-packages/airflow/example_dags/example_external_task_marker_dag.py
[2024-04-26T04:26:06.925+0000] {logging_mixin.py:188} INFO - [2024-04-26T04:26:06.925+0000] {dag.py:3036} INFO - Sync 2 DAGs
[2024-04-26T04:26:06.945+0000] {logging_mixin.py:188} INFO - [2024-04-26T04:26:06.944+0000] {dag.py:3823} INFO - Setting next_dagrun for example_external_task_marker_child to None, run_after=None
[2024-04-26T04:26:06.950+0000] {logging_mixin.py:188} INFO - [2024-04-26T04:26:06.949+0000] {dag.py:3823} INFO - Setting next_dagrun for example_external_task_marker_parent to None, run_after=None
[2024-04-26T04:26:06.979+0000] {processor.py:183} INFO - Processing /home/airflow/.local/lib/python3.8/site-packages/airflow/example_dags/example_external_task_marker_dag.py took 0.114 seconds
[2024-04-26T04:26:37.150+0000] {processor.py:161} INFO - Started process (PID=128) to work on /home/airflow/.local/lib/python3.8/site-packages/airflow/example_dags/example_external_task_marker_dag.py
[2024-04-26T04:26:37.151+0000] {processor.py:830} INFO - Processing file /home/airflow/.local/lib/python3.8/site-packages/airflow/example_dags/example_external_task_marker_dag.py for tasks to queue
[2024-04-26T04:26:37.153+0000] {logging_mixin.py:188} INFO - [2024-04-26T04:26:37.153+0000] {dagbag.py:538} INFO - Filling up the DagBag from /home/airflow/.local/lib/python3.8/site-packages/airflow/example_dags/example_external_task_marker_dag.py
[2024-04-26T04:26:37.157+0000] {processor.py:840} INFO - DAG(s) 'example_external_task_marker_child', 'example_external_task_marker_parent' retrieved from /home/airflow/.local/lib/python3.8/site-packages/airflow/example_dags/example_external_task_marker_dag.py
[2024-04-26T04:26:37.174+0000] {logging_mixin.py:188} INFO - [2024-04-26T04:26:37.174+0000] {dag.py:3036} INFO - Sync 2 DAGs
[2024-04-26T04:26:37.182+0000] {logging_mixin.py:188} INFO - [2024-04-26T04:26:37.182+0000] {dag.py:3823} INFO - Setting next_dagrun for example_external_task_marker_child to None, run_after=None
[2024-04-26T04:26:37.186+0000] {logging_mixin.py:188} INFO - [2024-04-26T04:26:37.185+0000] {dag.py:3823} INFO - Setting next_dagrun for example_external_task_marker_parent to None, run_after=None
[2024-04-26T04:26:37.204+0000] {processor.py:183} INFO - Processing /home/airflow/.local/lib/python3.8/site-packages/airflow/example_dags/example_external_task_marker_dag.py took 0.057 seconds
[2024-04-26T04:27:07.324+0000] {processor.py:161} INFO - Started process (PID=246) to work on /home/airflow/.local/lib/python3.8/site-packages/airflow/example_dags/example_external_task_marker_dag.py
[2024-04-26T04:27:07.325+0000] {processor.py:830} INFO - Processing file /home/airflow/.local/lib/python3.8/site-packages/airflow/example_dags/example_external_task_marker_dag.py for tasks to queue
[2024-04-26T04:27:07.326+0000] {logging_mixin.py:188} INFO - [2024-04-26T04:27:07.326+0000] {dagbag.py:538} INFO - Filling up the DagBag from /home/airflow/.local/lib/python3.8/site-packages/airflow/example_dags/example_external_task_marker_dag.py
[2024-04-26T04:27:07.330+0000] {processor.py:840} INFO - DAG(s) 'example_external_task_marker_child', 'example_external_task_marker_parent' retrieved from /home/airflow/.local/lib/python3.8/site-packages/airflow/example_dags/example_external_task_marker_dag.py
[2024-04-26T04:27:07.346+0000] {logging_mixin.py:188} INFO - [2024-04-26T04:27:07.346+0000] {dag.py:3036} INFO - Sync 2 DAGs
[2024-04-26T04:27:07.354+0000] {logging_mixin.py:188} INFO - [2024-04-26T04:27:07.354+0000] {dag.py:3823} INFO - Setting next_dagrun for example_external_task_marker_child to None, run_after=None
[2024-04-26T04:27:07.357+0000] {logging_mixin.py:188} INFO - [2024-04-26T04:27:07.357+0000] {dag.py:3823} INFO - Setting next_dagrun for example_external_task_marker_parent to None, run_after=None
[2024-04-26T04:27:07.370+0000] {processor.py:183} INFO - Processing /home/airflow/.local/lib/python3.8/site-packages/airflow/example_dags/example_external_task_marker_dag.py took 0.048 seconds
[2024-04-26T04:27:37.925+0000] {processor.py:161} INFO - Started process (PID=322) to work on /home/airflow/.local/lib/python3.8/site-packages/airflow/example_dags/example_external_task_marker_dag.py
[2024-04-26T04:27:37.927+0000] {processor.py:830} INFO - Processing file /home/airflow/.local/lib/python3.8/site-packages/airflow/example_dags/example_external_task_marker_dag.py for tasks to queue
[2024-04-26T04:27:37.929+0000] {logging_mixin.py:188} INFO - [2024-04-26T04:27:37.929+0000] {dagbag.py:538} INFO - Filling up the DagBag from /home/airflow/.local/lib/python3.8/site-packages/airflow/example_dags/example_external_task_marker_dag.py
[2024-04-26T04:27:37.935+0000] {processor.py:840} INFO - DAG(s) 'example_external_task_marker_child', 'example_external_task_marker_parent' retrieved from /home/airflow/.local/lib/python3.8/site-packages/airflow/example_dags/example_external_task_marker_dag.py
[2024-04-26T04:27:37.956+0000] {logging_mixin.py:188} INFO - [2024-04-26T04:27:37.956+0000] {dag.py:3036} INFO - Sync 2 DAGs
[2024-04-26T04:27:37.965+0000] {logging_mixin.py:188} INFO - [2024-04-26T04:27:37.965+0000] {dag.py:3823} INFO - Setting next_dagrun for example_external_task_marker_child to None, run_after=None
[2024-04-26T04:27:37.969+0000] {logging_mixin.py:188} INFO - [2024-04-26T04:27:37.969+0000] {dag.py:3823} INFO - Setting next_dagrun for example_external_task_marker_parent to None, run_after=None
[2024-04-26T04:27:37.984+0000] {processor.py:183} INFO - Processing /home/airflow/.local/lib/python3.8/site-packages/airflow/example_dags/example_external_task_marker_dag.py took 0.062 seconds
[2024-04-26T04:28:08.414+0000] {processor.py:161} INFO - Started process (PID=398) to work on /home/airflow/.local/lib/python3.8/site-packages/airflow/example_dags/example_external_task_marker_dag.py
[2024-04-26T04:28:08.415+0000] {processor.py:830} INFO - Processing file /home/airflow/.local/lib/python3.8/site-packages/airflow/example_dags/example_external_task_marker_dag.py for tasks to queue
[2024-04-26T04:28:08.417+0000] {logging_mixin.py:188} INFO - [2024-04-26T04:28:08.416+0000] {dagbag.py:538} INFO - Filling up the DagBag from /home/airflow/.local/lib/python3.8/site-packages/airflow/example_dags/example_external_task_marker_dag.py
[2024-04-26T04:28:08.421+0000] {processor.py:840} INFO - DAG(s) 'example_external_task_marker_child', 'example_external_task_marker_parent' retrieved from /home/airflow/.local/lib/python3.8/site-packages/airflow/example_dags/example_external_task_marker_dag.py
[2024-04-26T04:28:08.440+0000] {logging_mixin.py:188} INFO - [2024-04-26T04:28:08.440+0000] {dag.py:3036} INFO - Sync 2 DAGs
[2024-04-26T04:28:08.449+0000] {logging_mixin.py:188} INFO - [2024-04-26T04:28:08.449+0000] {dag.py:3823} INFO - Setting next_dagrun for example_external_task_marker_child to None, run_after=None
[2024-04-26T04:28:08.451+0000] {logging_mixin.py:188} INFO - [2024-04-26T04:28:08.451+0000] {dag.py:3823} INFO - Setting next_dagrun for example_external_task_marker_parent to None, run_after=None
[2024-04-26T04:28:08.466+0000] {processor.py:183} INFO - Processing /home/airflow/.local/lib/python3.8/site-packages/airflow/example_dags/example_external_task_marker_dag.py took 0.055 seconds
[2024-04-26T04:28:39.189+0000] {processor.py:161} INFO - Started process (PID=474) to work on /home/airflow/.local/lib/python3.8/site-packages/airflow/example_dags/example_external_task_marker_dag.py
[2024-04-26T04:28:39.191+0000] {processor.py:830} INFO - Processing file /home/airflow/.local/lib/python3.8/site-packages/airflow/example_dags/example_external_task_marker_dag.py for tasks to queue
[2024-04-26T04:28:39.193+0000] {logging_mixin.py:188} INFO - [2024-04-26T04:28:39.193+0000] {dagbag.py:538} INFO - Filling up the DagBag from /home/airflow/.local/lib/python3.8/site-packages/airflow/example_dags/example_external_task_marker_dag.py
[2024-04-26T04:28:39.198+0000] {processor.py:840} INFO - DAG(s) 'example_external_task_marker_parent', 'example_external_task_marker_child' retrieved from /home/airflow/.local/lib/python3.8/site-packages/airflow/example_dags/example_external_task_marker_dag.py
[2024-04-26T04:28:39.218+0000] {logging_mixin.py:188} INFO - [2024-04-26T04:28:39.218+0000] {dag.py:3036} INFO - Sync 2 DAGs
[2024-04-26T04:28:39.233+0000] {logging_mixin.py:188} INFO - [2024-04-26T04:28:39.232+0000] {dag.py:3823} INFO - Setting next_dagrun for example_external_task_marker_child to None, run_after=None
[2024-04-26T04:28:39.237+0000] {logging_mixin.py:188} INFO - [2024-04-26T04:28:39.236+0000] {dag.py:3823} INFO - Setting next_dagrun for example_external_task_marker_parent to None, run_after=None
[2024-04-26T04:28:39.252+0000] {processor.py:183} INFO - Processing /home/airflow/.local/lib/python3.8/site-packages/airflow/example_dags/example_external_task_marker_dag.py took 0.066 seconds
[2024-04-26T04:29:09.904+0000] {processor.py:161} INFO - Started process (PID=551) to work on /home/airflow/.local/lib/python3.8/site-packages/airflow/example_dags/example_external_task_marker_dag.py
[2024-04-26T04:29:09.905+0000] {processor.py:830} INFO - Processing file /home/airflow/.local/lib/python3.8/site-packages/airflow/example_dags/example_external_task_marker_dag.py for tasks to queue
[2024-04-26T04:29:09.906+0000] {logging_mixin.py:188} INFO - [2024-04-26T04:29:09.906+0000] {dagbag.py:538} INFO - Filling up the DagBag from /home/airflow/.local/lib/python3.8/site-packages/airflow/example_dags/example_external_task_marker_dag.py
[2024-04-26T04:29:09.911+0000] {processor.py:840} INFO - DAG(s) 'example_external_task_marker_parent', 'example_external_task_marker_child' retrieved from /home/airflow/.local/lib/python3.8/site-packages/airflow/example_dags/example_external_task_marker_dag.py
[2024-04-26T04:29:09.927+0000] {logging_mixin.py:188} INFO - [2024-04-26T04:29:09.927+0000] {dag.py:3036} INFO - Sync 2 DAGs
[2024-04-26T04:29:09.936+0000] {logging_mixin.py:188} INFO - [2024-04-26T04:29:09.936+0000] {dag.py:3823} INFO - Setting next_dagrun for example_external_task_marker_child to None, run_after=None
[2024-04-26T04:29:09.939+0000] {logging_mixin.py:188} INFO - [2024-04-26T04:29:09.939+0000] {dag.py:3823} INFO - Setting next_dagrun for example_external_task_marker_parent to None, run_after=None
[2024-04-26T04:29:09.952+0000] {processor.py:183} INFO - Processing /home/airflow/.local/lib/python3.8/site-packages/airflow/example_dags/example_external_task_marker_dag.py took 0.051 seconds
[2024-04-26T04:29:40.739+0000] {processor.py:161} INFO - Started process (PID=627) to work on /home/airflow/.local/lib/python3.8/site-packages/airflow/example_dags/example_external_task_marker_dag.py
[2024-04-26T04:29:40.740+0000] {processor.py:830} INFO - Processing file /home/airflow/.local/lib/python3.8/site-packages/airflow/example_dags/example_external_task_marker_dag.py for tasks to queue
[2024-04-26T04:29:40.741+0000] {logging_mixin.py:188} INFO - [2024-04-26T04:29:40.741+0000] {dagbag.py:538} INFO - Filling up the DagBag from /home/airflow/.local/lib/python3.8/site-packages/airflow/example_dags/example_external_task_marker_dag.py
[2024-04-26T04:29:40.747+0000] {processor.py:840} INFO - DAG(s) 'example_external_task_marker_child', 'example_external_task_marker_parent' retrieved from /home/airflow/.local/lib/python3.8/site-packages/airflow/example_dags/example_external_task_marker_dag.py
[2024-04-26T04:29:40.764+0000] {logging_mixin.py:188} INFO - [2024-04-26T04:29:40.764+0000] {dag.py:3036} INFO - Sync 2 DAGs
[2024-04-26T04:29:40.772+0000] {logging_mixin.py:188} INFO - [2024-04-26T04:29:40.772+0000] {dag.py:3823} INFO - Setting next_dagrun for example_external_task_marker_child to None, run_after=None
[2024-04-26T04:29:40.775+0000] {logging_mixin.py:188} INFO - [2024-04-26T04:29:40.775+0000] {dag.py:3823} INFO - Setting next_dagrun for example_external_task_marker_parent to None, run_after=None
[2024-04-26T04:29:40.789+0000] {processor.py:183} INFO - Processing /home/airflow/.local/lib/python3.8/site-packages/airflow/example_dags/example_external_task_marker_dag.py took 0.053 seconds
[2024-04-26T04:30:11.532+0000] {processor.py:161} INFO - Started process (PID=703) to work on /home/airflow/.local/lib/python3.8/site-packages/airflow/example_dags/example_external_task_marker_dag.py
[2024-04-26T04:30:11.532+0000] {processor.py:830} INFO - Processing file /home/airflow/.local/lib/python3.8/site-packages/airflow/example_dags/example_external_task_marker_dag.py for tasks to queue
[2024-04-26T04:30:11.534+0000] {logging_mixin.py:188} INFO - [2024-04-26T04:30:11.534+0000] {dagbag.py:538} INFO - Filling up the DagBag from /home/airflow/.local/lib/python3.8/site-packages/airflow/example_dags/example_external_task_marker_dag.py
[2024-04-26T04:30:11.538+0000] {processor.py:840} INFO - DAG(s) 'example_external_task_marker_child', 'example_external_task_marker_parent' retrieved from /home/airflow/.local/lib/python3.8/site-packages/airflow/example_dags/example_external_task_marker_dag.py
[2024-04-26T04:30:11.553+0000] {logging_mixin.py:188} INFO - [2024-04-26T04:30:11.553+0000] {dag.py:3036} INFO - Sync 2 DAGs
[2024-04-26T04:30:11.561+0000] {logging_mixin.py:188} INFO - [2024-04-26T04:30:11.561+0000] {dag.py:3823} INFO - Setting next_dagrun for example_external_task_marker_child to None, run_after=None
[2024-04-26T04:30:11.564+0000] {logging_mixin.py:188} INFO - [2024-04-26T04:30:11.563+0000] {dag.py:3823} INFO - Setting next_dagrun for example_external_task_marker_parent to None, run_after=None
[2024-04-26T04:30:11.574+0000] {processor.py:183} INFO - Processing /home/airflow/.local/lib/python3.8/site-packages/airflow/example_dags/example_external_task_marker_dag.py took 0.045 seconds
[2024-04-26T04:30:42.119+0000] {processor.py:161} INFO - Started process (PID=779) to work on /home/airflow/.local/lib/python3.8/site-packages/airflow/example_dags/example_external_task_marker_dag.py
[2024-04-26T04:30:42.120+0000] {processor.py:830} INFO - Processing file /home/airflow/.local/lib/python3.8/site-packages/airflow/example_dags/example_external_task_marker_dag.py for tasks to queue
[2024-04-26T04:30:42.121+0000] {logging_mixin.py:188} INFO - [2024-04-26T04:30:42.121+0000] {dagbag.py:538} INFO - Filling up the DagBag from /home/airflow/.local/lib/python3.8/site-packages/airflow/example_dags/example_external_task_marker_dag.py
[2024-04-26T04:30:42.125+0000] {processor.py:840} INFO - DAG(s) 'example_external_task_marker_child', 'example_external_task_marker_parent' retrieved from /home/airflow/.local/lib/python3.8/site-packages/airflow/example_dags/example_external_task_marker_dag.py
[2024-04-26T04:30:42.140+0000] {logging_mixin.py:188} INFO - [2024-04-26T04:30:42.140+0000] {dag.py:3036} INFO - Sync 2 DAGs
[2024-04-26T04:30:42.149+0000] {logging_mixin.py:188} INFO - [2024-04-26T04:30:42.148+0000] {dag.py:3823} INFO - Setting next_dagrun for example_external_task_marker_child to None, run_after=None
[2024-04-26T04:30:42.151+0000] {logging_mixin.py:188} INFO - [2024-04-26T04:30:42.151+0000] {dag.py:3823} INFO - Setting next_dagrun for example_external_task_marker_parent to None, run_after=None
[2024-04-26T04:30:42.164+0000] {processor.py:183} INFO - Processing /home/airflow/.local/lib/python3.8/site-packages/airflow/example_dags/example_external_task_marker_dag.py took 0.047 seconds
[2024-04-26T04:31:12.402+0000] {processor.py:161} INFO - Started process (PID=855) to work on /home/airflow/.local/lib/python3.8/site-packages/airflow/example_dags/example_external_task_marker_dag.py
[2024-04-26T04:31:12.403+0000] {processor.py:830} INFO - Processing file /home/airflow/.local/lib/python3.8/site-packages/airflow/example_dags/example_external_task_marker_dag.py for tasks to queue
[2024-04-26T04:31:12.405+0000] {logging_mixin.py:188} INFO - [2024-04-26T04:31:12.405+0000] {dagbag.py:538} INFO - Filling up the DagBag from /home/airflow/.local/lib/python3.8/site-packages/airflow/example_dags/example_external_task_marker_dag.py
[2024-04-26T04:31:12.410+0000] {processor.py:840} INFO - DAG(s) 'example_external_task_marker_child', 'example_external_task_marker_parent' retrieved from /home/airflow/.local/lib/python3.8/site-packages/airflow/example_dags/example_external_task_marker_dag.py
[2024-04-26T04:31:12.425+0000] {logging_mixin.py:188} INFO - [2024-04-26T04:31:12.425+0000] {dag.py:3036} INFO - Sync 2 DAGs
[2024-04-26T04:31:12.434+0000] {logging_mixin.py:188} INFO - [2024-04-26T04:31:12.434+0000] {dag.py:3823} INFO - Setting next_dagrun for example_external_task_marker_child to None, run_after=None
[2024-04-26T04:31:12.437+0000] {logging_mixin.py:188} INFO - [2024-04-26T04:31:12.437+0000] {dag.py:3823} INFO - Setting next_dagrun for example_external_task_marker_parent to None, run_after=None
[2024-04-26T04:31:12.450+0000] {processor.py:183} INFO - Processing /home/airflow/.local/lib/python3.8/site-packages/airflow/example_dags/example_external_task_marker_dag.py took 0.050 seconds
[2024-04-26T04:31:42.552+0000] {processor.py:161} INFO - Started process (PID=931) to work on /home/airflow/.local/lib/python3.8/site-packages/airflow/example_dags/example_external_task_marker_dag.py
[2024-04-26T04:31:42.554+0000] {processor.py:830} INFO - Processing file /home/airflow/.local/lib/python3.8/site-packages/airflow/example_dags/example_external_task_marker_dag.py for tasks to queue
[2024-04-26T04:31:42.555+0000] {logging_mixin.py:188} INFO - [2024-04-26T04:31:42.555+0000] {dagbag.py:538} INFO - Filling up the DagBag from /home/airflow/.local/lib/python3.8/site-packages/airflow/example_dags/example_external_task_marker_dag.py
[2024-04-26T04:31:42.559+0000] {processor.py:840} INFO - DAG(s) 'example_external_task_marker_child', 'example_external_task_marker_parent' retrieved from /home/airflow/.local/lib/python3.8/site-packages/airflow/example_dags/example_external_task_marker_dag.py
[2024-04-26T04:31:42.576+0000] {logging_mixin.py:188} INFO - [2024-04-26T04:31:42.576+0000] {dag.py:3036} INFO - Sync 2 DAGs
[2024-04-26T04:31:42.584+0000] {logging_mixin.py:188} INFO - [2024-04-26T04:31:42.584+0000] {dag.py:3823} INFO - Setting next_dagrun for example_external_task_marker_child to None, run_after=None
[2024-04-26T04:31:42.587+0000] {logging_mixin.py:188} INFO - [2024-04-26T04:31:42.587+0000] {dag.py:3823} INFO - Setting next_dagrun for example_external_task_marker_parent to None, run_after=None
[2024-04-26T04:31:42.603+0000] {processor.py:183} INFO - Processing /home/airflow/.local/lib/python3.8/site-packages/airflow/example_dags/example_external_task_marker_dag.py took 0.053 seconds
[2024-04-26T04:32:13.316+0000] {processor.py:161} INFO - Started process (PID=1007) to work on /home/airflow/.local/lib/python3.8/site-packages/airflow/example_dags/example_external_task_marker_dag.py
[2024-04-26T04:32:13.318+0000] {processor.py:830} INFO - Processing file /home/airflow/.local/lib/python3.8/site-packages/airflow/example_dags/example_external_task_marker_dag.py for tasks to queue
[2024-04-26T04:32:13.320+0000] {logging_mixin.py:188} INFO - [2024-04-26T04:32:13.320+0000] {dagbag.py:538} INFO - Filling up the DagBag from /home/airflow/.local/lib/python3.8/site-packages/airflow/example_dags/example_external_task_marker_dag.py
[2024-04-26T04:32:13.326+0000] {processor.py:840} INFO - DAG(s) 'example_external_task_marker_parent', 'example_external_task_marker_child' retrieved from /home/airflow/.local/lib/python3.8/site-packages/airflow/example_dags/example_external_task_marker_dag.py
[2024-04-26T04:32:13.347+0000] {logging_mixin.py:188} INFO - [2024-04-26T04:32:13.347+0000] {dag.py:3036} INFO - Sync 2 DAGs
[2024-04-26T04:32:13.359+0000] {logging_mixin.py:188} INFO - [2024-04-26T04:32:13.359+0000] {dag.py:3823} INFO - Setting next_dagrun for example_external_task_marker_child to None, run_after=None
[2024-04-26T04:32:13.363+0000] {logging_mixin.py:188} INFO - [2024-04-26T04:32:13.363+0000] {dag.py:3823} INFO - Setting next_dagrun for example_external_task_marker_parent to None, run_after=None
[2024-04-26T04:32:13.381+0000] {processor.py:183} INFO - Processing /home/airflow/.local/lib/python3.8/site-packages/airflow/example_dags/example_external_task_marker_dag.py took 0.068 seconds
[2024-04-26T04:32:44.025+0000] {processor.py:161} INFO - Started process (PID=1083) to work on /home/airflow/.local/lib/python3.8/site-packages/airflow/example_dags/example_external_task_marker_dag.py
[2024-04-26T04:32:44.026+0000] {processor.py:830} INFO - Processing file /home/airflow/.local/lib/python3.8/site-packages/airflow/example_dags/example_external_task_marker_dag.py for tasks to queue
[2024-04-26T04:32:44.028+0000] {logging_mixin.py:188} INFO - [2024-04-26T04:32:44.028+0000] {dagbag.py:538} INFO - Filling up the DagBag from /home/airflow/.local/lib/python3.8/site-packages/airflow/example_dags/example_external_task_marker_dag.py
[2024-04-26T04:32:44.033+0000] {processor.py:840} INFO - DAG(s) 'example_external_task_marker_parent', 'example_external_task_marker_child' retrieved from /home/airflow/.local/lib/python3.8/site-packages/airflow/example_dags/example_external_task_marker_dag.py
[2024-04-26T04:32:44.054+0000] {logging_mixin.py:188} INFO - [2024-04-26T04:32:44.054+0000] {dag.py:3036} INFO - Sync 2 DAGs
[2024-04-26T04:32:44.066+0000] {logging_mixin.py:188} INFO - [2024-04-26T04:32:44.066+0000] {dag.py:3823} INFO - Setting next_dagrun for example_external_task_marker_child to None, run_after=None
[2024-04-26T04:32:44.074+0000] {logging_mixin.py:188} INFO - [2024-04-26T04:32:44.073+0000] {dag.py:3823} INFO - Setting next_dagrun for example_external_task_marker_parent to None, run_after=None
[2024-04-26T04:32:44.093+0000] {processor.py:183} INFO - Processing /home/airflow/.local/lib/python3.8/site-packages/airflow/example_dags/example_external_task_marker_dag.py took 0.072 seconds
[2024-04-26T04:33:14.388+0000] {processor.py:161} INFO - Started process (PID=1158) to work on /home/airflow/.local/lib/python3.8/site-packages/airflow/example_dags/example_external_task_marker_dag.py
[2024-04-26T04:33:14.390+0000] {processor.py:830} INFO - Processing file /home/airflow/.local/lib/python3.8/site-packages/airflow/example_dags/example_external_task_marker_dag.py for tasks to queue
[2024-04-26T04:33:14.392+0000] {logging_mixin.py:188} INFO - [2024-04-26T04:33:14.392+0000] {dagbag.py:538} INFO - Filling up the DagBag from /home/airflow/.local/lib/python3.8/site-packages/airflow/example_dags/example_external_task_marker_dag.py
[2024-04-26T04:33:14.399+0000] {processor.py:840} INFO - DAG(s) 'example_external_task_marker_parent', 'example_external_task_marker_child' retrieved from /home/airflow/.local/lib/python3.8/site-packages/airflow/example_dags/example_external_task_marker_dag.py
[2024-04-26T04:33:14.425+0000] {logging_mixin.py:188} INFO - [2024-04-26T04:33:14.425+0000] {dag.py:3036} INFO - Sync 2 DAGs
[2024-04-26T04:33:14.438+0000] {logging_mixin.py:188} INFO - [2024-04-26T04:33:14.438+0000] {dag.py:3823} INFO - Setting next_dagrun for example_external_task_marker_child to None, run_after=None
[2024-04-26T04:33:14.442+0000] {logging_mixin.py:188} INFO - [2024-04-26T04:33:14.442+0000] {dag.py:3823} INFO - Setting next_dagrun for example_external_task_marker_parent to None, run_after=None
[2024-04-26T04:33:14.469+0000] {processor.py:183} INFO - Processing /home/airflow/.local/lib/python3.8/site-packages/airflow/example_dags/example_external_task_marker_dag.py took 0.084 seconds
[2024-04-26T04:33:44.624+0000] {processor.py:161} INFO - Started process (PID=1234) to work on /home/airflow/.local/lib/python3.8/site-packages/airflow/example_dags/example_external_task_marker_dag.py
[2024-04-26T04:33:44.625+0000] {processor.py:830} INFO - Processing file /home/airflow/.local/lib/python3.8/site-packages/airflow/example_dags/example_external_task_marker_dag.py for tasks to queue
[2024-04-26T04:33:44.627+0000] {logging_mixin.py:188} INFO - [2024-04-26T04:33:44.627+0000] {dagbag.py:538} INFO - Filling up the DagBag from /home/airflow/.local/lib/python3.8/site-packages/airflow/example_dags/example_external_task_marker_dag.py
[2024-04-26T04:33:44.631+0000] {processor.py:840} INFO - DAG(s) 'example_external_task_marker_parent', 'example_external_task_marker_child' retrieved from /home/airflow/.local/lib/python3.8/site-packages/airflow/example_dags/example_external_task_marker_dag.py
[2024-04-26T04:33:44.648+0000] {logging_mixin.py:188} INFO - [2024-04-26T04:33:44.647+0000] {dag.py:3036} INFO - Sync 2 DAGs
[2024-04-26T04:33:44.657+0000] {logging_mixin.py:188} INFO - [2024-04-26T04:33:44.656+0000] {dag.py:3823} INFO - Setting next_dagrun for example_external_task_marker_child to None, run_after=None
[2024-04-26T04:33:44.659+0000] {logging_mixin.py:188} INFO - [2024-04-26T04:33:44.659+0000] {dag.py:3823} INFO - Setting next_dagrun for example_external_task_marker_parent to None, run_after=None
[2024-04-26T04:33:44.674+0000] {processor.py:183} INFO - Processing /home/airflow/.local/lib/python3.8/site-packages/airflow/example_dags/example_external_task_marker_dag.py took 0.052 seconds
[2024-04-26T04:34:14.934+0000] {processor.py:161} INFO - Started process (PID=1310) to work on /home/airflow/.local/lib/python3.8/site-packages/airflow/example_dags/example_external_task_marker_dag.py
[2024-04-26T04:34:14.935+0000] {processor.py:830} INFO - Processing file /home/airflow/.local/lib/python3.8/site-packages/airflow/example_dags/example_external_task_marker_dag.py for tasks to queue
[2024-04-26T04:34:14.936+0000] {logging_mixin.py:188} INFO - [2024-04-26T04:34:14.936+0000] {dagbag.py:538} INFO - Filling up the DagBag from /home/airflow/.local/lib/python3.8/site-packages/airflow/example_dags/example_external_task_marker_dag.py
[2024-04-26T04:34:14.941+0000] {processor.py:840} INFO - DAG(s) 'example_external_task_marker_parent', 'example_external_task_marker_child' retrieved from /home/airflow/.local/lib/python3.8/site-packages/airflow/example_dags/example_external_task_marker_dag.py
[2024-04-26T04:34:14.957+0000] {logging_mixin.py:188} INFO - [2024-04-26T04:34:14.956+0000] {dag.py:3036} INFO - Sync 2 DAGs
[2024-04-26T04:34:14.966+0000] {logging_mixin.py:188} INFO - [2024-04-26T04:34:14.966+0000] {dag.py:3823} INFO - Setting next_dagrun for example_external_task_marker_child to None, run_after=None
[2024-04-26T04:34:14.969+0000] {logging_mixin.py:188} INFO - [2024-04-26T04:34:14.969+0000] {dag.py:3823} INFO - Setting next_dagrun for example_external_task_marker_parent to None, run_after=None
[2024-04-26T04:34:14.988+0000] {processor.py:183} INFO - Processing /home/airflow/.local/lib/python3.8/site-packages/airflow/example_dags/example_external_task_marker_dag.py took 0.056 seconds
[2024-04-26T04:34:45.129+0000] {processor.py:161} INFO - Started process (PID=1386) to work on /home/airflow/.local/lib/python3.8/site-packages/airflow/example_dags/example_external_task_marker_dag.py
[2024-04-26T04:34:45.132+0000] {processor.py:830} INFO - Processing file /home/airflow/.local/lib/python3.8/site-packages/airflow/example_dags/example_external_task_marker_dag.py for tasks to queue
[2024-04-26T04:34:45.133+0000] {logging_mixin.py:188} INFO - [2024-04-26T04:34:45.133+0000] {dagbag.py:538} INFO - Filling up the DagBag from /home/airflow/.local/lib/python3.8/site-packages/airflow/example_dags/example_external_task_marker_dag.py
[2024-04-26T04:34:45.138+0000] {processor.py:840} INFO - DAG(s) 'example_external_task_marker_parent', 'example_external_task_marker_child' retrieved from /home/airflow/.local/lib/python3.8/site-packages/airflow/example_dags/example_external_task_marker_dag.py
[2024-04-26T04:34:45.153+0000] {logging_mixin.py:188} INFO - [2024-04-26T04:34:45.152+0000] {dag.py:3036} INFO - Sync 2 DAGs
[2024-04-26T04:34:45.160+0000] {logging_mixin.py:188} INFO - [2024-04-26T04:34:45.160+0000] {dag.py:3823} INFO - Setting next_dagrun for example_external_task_marker_child to None, run_after=None
[2024-04-26T04:34:45.163+0000] {logging_mixin.py:188} INFO - [2024-04-26T04:34:45.163+0000] {dag.py:3823} INFO - Setting next_dagrun for example_external_task_marker_parent to None, run_after=None
[2024-04-26T04:34:45.180+0000] {processor.py:183} INFO - Processing /home/airflow/.local/lib/python3.8/site-packages/airflow/example_dags/example_external_task_marker_dag.py took 0.053 seconds
[2024-04-26T04:35:15.361+0000] {processor.py:161} INFO - Started process (PID=1462) to work on /home/airflow/.local/lib/python3.8/site-packages/airflow/example_dags/example_external_task_marker_dag.py
[2024-04-26T04:35:15.362+0000] {processor.py:830} INFO - Processing file /home/airflow/.local/lib/python3.8/site-packages/airflow/example_dags/example_external_task_marker_dag.py for tasks to queue
[2024-04-26T04:35:15.363+0000] {logging_mixin.py:188} INFO - [2024-04-26T04:35:15.363+0000] {dagbag.py:538} INFO - Filling up the DagBag from /home/airflow/.local/lib/python3.8/site-packages/airflow/example_dags/example_external_task_marker_dag.py
[2024-04-26T04:35:15.367+0000] {processor.py:840} INFO - DAG(s) 'example_external_task_marker_child', 'example_external_task_marker_parent' retrieved from /home/airflow/.local/lib/python3.8/site-packages/airflow/example_dags/example_external_task_marker_dag.py
[2024-04-26T04:35:15.383+0000] {logging_mixin.py:188} INFO - [2024-04-26T04:35:15.382+0000] {dag.py:3036} INFO - Sync 2 DAGs
[2024-04-26T04:35:15.391+0000] {logging_mixin.py:188} INFO - [2024-04-26T04:35:15.390+0000] {dag.py:3823} INFO - Setting next_dagrun for example_external_task_marker_child to None, run_after=None
[2024-04-26T04:35:15.394+0000] {logging_mixin.py:188} INFO - [2024-04-26T04:35:15.394+0000] {dag.py:3823} INFO - Setting next_dagrun for example_external_task_marker_parent to None, run_after=None
[2024-04-26T04:35:15.410+0000] {processor.py:183} INFO - Processing /home/airflow/.local/lib/python3.8/site-packages/airflow/example_dags/example_external_task_marker_dag.py took 0.051 seconds
[2024-04-26T04:35:45.657+0000] {processor.py:161} INFO - Started process (PID=1538) to work on /home/airflow/.local/lib/python3.8/site-packages/airflow/example_dags/example_external_task_marker_dag.py
[2024-04-26T04:35:45.659+0000] {processor.py:830} INFO - Processing file /home/airflow/.local/lib/python3.8/site-packages/airflow/example_dags/example_external_task_marker_dag.py for tasks to queue
[2024-04-26T04:35:45.689+0000] {logging_mixin.py:188} INFO - [2024-04-26T04:35:45.689+0000] {dagbag.py:538} INFO - Filling up the DagBag from /home/airflow/.local/lib/python3.8/site-packages/airflow/example_dags/example_external_task_marker_dag.py
[2024-04-26T04:35:45.721+0000] {processor.py:840} INFO - DAG(s) 'example_external_task_marker_child', 'example_external_task_marker_parent' retrieved from /home/airflow/.local/lib/python3.8/site-packages/airflow/example_dags/example_external_task_marker_dag.py
[2024-04-26T04:35:45.775+0000] {logging_mixin.py:188} INFO - [2024-04-26T04:35:45.775+0000] {dag.py:3036} INFO - Sync 2 DAGs
[2024-04-26T04:35:45.783+0000] {logging_mixin.py:188} INFO - [2024-04-26T04:35:45.783+0000] {dag.py:3823} INFO - Setting next_dagrun for example_external_task_marker_child to None, run_after=None
[2024-04-26T04:35:45.786+0000] {logging_mixin.py:188} INFO - [2024-04-26T04:35:45.786+0000] {dag.py:3823} INFO - Setting next_dagrun for example_external_task_marker_parent to None, run_after=None
[2024-04-26T04:35:45.803+0000] {processor.py:183} INFO - Processing /home/airflow/.local/lib/python3.8/site-packages/airflow/example_dags/example_external_task_marker_dag.py took 0.149 seconds
[2024-04-26T04:36:16.733+0000] {processor.py:161} INFO - Started process (PID=1614) to work on /home/airflow/.local/lib/python3.8/site-packages/airflow/example_dags/example_external_task_marker_dag.py
[2024-04-26T04:36:16.735+0000] {processor.py:830} INFO - Processing file /home/airflow/.local/lib/python3.8/site-packages/airflow/example_dags/example_external_task_marker_dag.py for tasks to queue
[2024-04-26T04:36:16.736+0000] {logging_mixin.py:188} INFO - [2024-04-26T04:36:16.736+0000] {dagbag.py:538} INFO - Filling up the DagBag from /home/airflow/.local/lib/python3.8/site-packages/airflow/example_dags/example_external_task_marker_dag.py
[2024-04-26T04:36:16.740+0000] {processor.py:840} INFO - DAG(s) 'example_external_task_marker_parent', 'example_external_task_marker_child' retrieved from /home/airflow/.local/lib/python3.8/site-packages/airflow/example_dags/example_external_task_marker_dag.py
[2024-04-26T04:36:16.756+0000] {logging_mixin.py:188} INFO - [2024-04-26T04:36:16.756+0000] {dag.py:3036} INFO - Sync 2 DAGs
[2024-04-26T04:36:16.765+0000] {logging_mixin.py:188} INFO - [2024-04-26T04:36:16.765+0000] {dag.py:3823} INFO - Setting next_dagrun for example_external_task_marker_child to None, run_after=None
[2024-04-26T04:36:16.768+0000] {logging_mixin.py:188} INFO - [2024-04-26T04:36:16.767+0000] {dag.py:3823} INFO - Setting next_dagrun for example_external_task_marker_parent to None, run_after=None
[2024-04-26T04:36:16.783+0000] {processor.py:183} INFO - Processing /home/airflow/.local/lib/python3.8/site-packages/airflow/example_dags/example_external_task_marker_dag.py took 0.052 seconds
[2024-04-26T04:36:46.961+0000] {processor.py:161} INFO - Started process (PID=1690) to work on /home/airflow/.local/lib/python3.8/site-packages/airflow/example_dags/example_external_task_marker_dag.py
[2024-04-26T04:36:46.962+0000] {processor.py:830} INFO - Processing file /home/airflow/.local/lib/python3.8/site-packages/airflow/example_dags/example_external_task_marker_dag.py for tasks to queue
[2024-04-26T04:36:46.964+0000] {logging_mixin.py:188} INFO - [2024-04-26T04:36:46.963+0000] {dagbag.py:538} INFO - Filling up the DagBag from /home/airflow/.local/lib/python3.8/site-packages/airflow/example_dags/example_external_task_marker_dag.py
[2024-04-26T04:36:46.968+0000] {processor.py:840} INFO - DAG(s) 'example_external_task_marker_parent', 'example_external_task_marker_child' retrieved from /home/airflow/.local/lib/python3.8/site-packages/airflow/example_dags/example_external_task_marker_dag.py
[2024-04-26T04:36:46.984+0000] {logging_mixin.py:188} INFO - [2024-04-26T04:36:46.984+0000] {dag.py:3036} INFO - Sync 2 DAGs
[2024-04-26T04:36:46.992+0000] {logging_mixin.py:188} INFO - [2024-04-26T04:36:46.992+0000] {dag.py:3823} INFO - Setting next_dagrun for example_external_task_marker_child to None, run_after=None
[2024-04-26T04:36:46.995+0000] {logging_mixin.py:188} INFO - [2024-04-26T04:36:46.995+0000] {dag.py:3823} INFO - Setting next_dagrun for example_external_task_marker_parent to None, run_after=None
[2024-04-26T04:36:47.010+0000] {processor.py:183} INFO - Processing /home/airflow/.local/lib/python3.8/site-packages/airflow/example_dags/example_external_task_marker_dag.py took 0.051 seconds
