[2024-04-26T04:26:07.336+0000] {processor.py:161} INFO - Started process (PID=75) to work on /home/airflow/.local/lib/python3.8/site-packages/airflow/example_dags/example_branch_day_of_week_operator.py
[2024-04-26T04:26:07.337+0000] {processor.py:830} INFO - Processing file /home/airflow/.local/lib/python3.8/site-packages/airflow/example_dags/example_branch_day_of_week_operator.py for tasks to queue
[2024-04-26T04:26:07.340+0000] {logging_mixin.py:188} INFO - [2024-04-26T04:26:07.340+0000] {dagbag.py:538} INFO - Filling up the DagBag from /home/airflow/.local/lib/python3.8/site-packages/airflow/example_dags/example_branch_day_of_week_operator.py
[2024-04-26T04:26:07.358+0000] {processor.py:840} INFO - DAG(s) 'example_weekday_branch_operator' retrieved from /home/airflow/.local/lib/python3.8/site-packages/airflow/example_dags/example_branch_day_of_week_operator.py
[2024-04-26T04:26:07.383+0000] {logging_mixin.py:188} INFO - [2024-04-26T04:26:07.383+0000] {dag.py:3036} INFO - Sync 1 DAGs
[2024-04-26T04:26:07.408+0000] {logging_mixin.py:188} INFO - [2024-04-26T04:26:07.408+0000] {dag.py:3823} INFO - Setting next_dagrun for example_weekday_branch_operator to 2024-04-25 00:00:00+00:00, run_after=2024-04-26 00:00:00+00:00
[2024-04-26T04:26:07.432+0000] {processor.py:183} INFO - Processing /home/airflow/.local/lib/python3.8/site-packages/airflow/example_dags/example_branch_day_of_week_operator.py took 0.102 seconds
[2024-04-26T04:26:38.261+0000] {processor.py:161} INFO - Started process (PID=132) to work on /home/airflow/.local/lib/python3.8/site-packages/airflow/example_dags/example_branch_day_of_week_operator.py
[2024-04-26T04:26:38.262+0000] {processor.py:830} INFO - Processing file /home/airflow/.local/lib/python3.8/site-packages/airflow/example_dags/example_branch_day_of_week_operator.py for tasks to queue
[2024-04-26T04:26:38.264+0000] {logging_mixin.py:188} INFO - [2024-04-26T04:26:38.264+0000] {dagbag.py:538} INFO - Filling up the DagBag from /home/airflow/.local/lib/python3.8/site-packages/airflow/example_dags/example_branch_day_of_week_operator.py
[2024-04-26T04:26:38.270+0000] {processor.py:840} INFO - DAG(s) 'example_weekday_branch_operator' retrieved from /home/airflow/.local/lib/python3.8/site-packages/airflow/example_dags/example_branch_day_of_week_operator.py
[2024-04-26T04:26:38.286+0000] {logging_mixin.py:188} INFO - [2024-04-26T04:26:38.286+0000] {dag.py:3036} INFO - Sync 1 DAGs
[2024-04-26T04:26:38.302+0000] {logging_mixin.py:188} INFO - [2024-04-26T04:26:38.302+0000] {dag.py:3823} INFO - Setting next_dagrun for example_weekday_branch_operator to 2024-04-25 00:00:00+00:00, run_after=2024-04-26 00:00:00+00:00
[2024-04-26T04:26:38.320+0000] {processor.py:183} INFO - Processing /home/airflow/.local/lib/python3.8/site-packages/airflow/example_dags/example_branch_day_of_week_operator.py took 0.061 seconds
[2024-04-26T04:27:08.412+0000] {processor.py:161} INFO - Started process (PID=248) to work on /home/airflow/.local/lib/python3.8/site-packages/airflow/example_dags/example_branch_day_of_week_operator.py
[2024-04-26T04:27:08.413+0000] {processor.py:830} INFO - Processing file /home/airflow/.local/lib/python3.8/site-packages/airflow/example_dags/example_branch_day_of_week_operator.py for tasks to queue
[2024-04-26T04:27:08.416+0000] {logging_mixin.py:188} INFO - [2024-04-26T04:27:08.415+0000] {dagbag.py:538} INFO - Filling up the DagBag from /home/airflow/.local/lib/python3.8/site-packages/airflow/example_dags/example_branch_day_of_week_operator.py
[2024-04-26T04:27:08.422+0000] {processor.py:840} INFO - DAG(s) 'example_weekday_branch_operator' retrieved from /home/airflow/.local/lib/python3.8/site-packages/airflow/example_dags/example_branch_day_of_week_operator.py
[2024-04-26T04:27:08.439+0000] {logging_mixin.py:188} INFO - [2024-04-26T04:27:08.439+0000] {dag.py:3036} INFO - Sync 1 DAGs
[2024-04-26T04:27:08.457+0000] {logging_mixin.py:188} INFO - [2024-04-26T04:27:08.457+0000] {dag.py:3823} INFO - Setting next_dagrun for example_weekday_branch_operator to 2024-04-25 00:00:00+00:00, run_after=2024-04-26 00:00:00+00:00
[2024-04-26T04:27:08.480+0000] {processor.py:183} INFO - Processing /home/airflow/.local/lib/python3.8/site-packages/airflow/example_dags/example_branch_day_of_week_operator.py took 0.072 seconds
[2024-04-26T04:27:39.030+0000] {processor.py:161} INFO - Started process (PID=324) to work on /home/airflow/.local/lib/python3.8/site-packages/airflow/example_dags/example_branch_day_of_week_operator.py
[2024-04-26T04:27:39.034+0000] {processor.py:830} INFO - Processing file /home/airflow/.local/lib/python3.8/site-packages/airflow/example_dags/example_branch_day_of_week_operator.py for tasks to queue
[2024-04-26T04:27:39.039+0000] {logging_mixin.py:188} INFO - [2024-04-26T04:27:39.039+0000] {dagbag.py:538} INFO - Filling up the DagBag from /home/airflow/.local/lib/python3.8/site-packages/airflow/example_dags/example_branch_day_of_week_operator.py
[2024-04-26T04:27:39.049+0000] {processor.py:840} INFO - DAG(s) 'example_weekday_branch_operator' retrieved from /home/airflow/.local/lib/python3.8/site-packages/airflow/example_dags/example_branch_day_of_week_operator.py
[2024-04-26T04:27:39.068+0000] {logging_mixin.py:188} INFO - [2024-04-26T04:27:39.068+0000] {dag.py:3036} INFO - Sync 1 DAGs
[2024-04-26T04:27:39.086+0000] {logging_mixin.py:188} INFO - [2024-04-26T04:27:39.086+0000] {dag.py:3823} INFO - Setting next_dagrun for example_weekday_branch_operator to 2024-04-25 00:00:00+00:00, run_after=2024-04-26 00:00:00+00:00
[2024-04-26T04:27:39.103+0000] {processor.py:183} INFO - Processing /home/airflow/.local/lib/python3.8/site-packages/airflow/example_dags/example_branch_day_of_week_operator.py took 0.075 seconds
[2024-04-26T04:28:09.462+0000] {processor.py:161} INFO - Started process (PID=400) to work on /home/airflow/.local/lib/python3.8/site-packages/airflow/example_dags/example_branch_day_of_week_operator.py
[2024-04-26T04:28:09.463+0000] {processor.py:830} INFO - Processing file /home/airflow/.local/lib/python3.8/site-packages/airflow/example_dags/example_branch_day_of_week_operator.py for tasks to queue
[2024-04-26T04:28:09.464+0000] {logging_mixin.py:188} INFO - [2024-04-26T04:28:09.464+0000] {dagbag.py:538} INFO - Filling up the DagBag from /home/airflow/.local/lib/python3.8/site-packages/airflow/example_dags/example_branch_day_of_week_operator.py
[2024-04-26T04:28:09.469+0000] {processor.py:840} INFO - DAG(s) 'example_weekday_branch_operator' retrieved from /home/airflow/.local/lib/python3.8/site-packages/airflow/example_dags/example_branch_day_of_week_operator.py
[2024-04-26T04:28:09.486+0000] {logging_mixin.py:188} INFO - [2024-04-26T04:28:09.486+0000] {dag.py:3036} INFO - Sync 1 DAGs
[2024-04-26T04:28:09.501+0000] {logging_mixin.py:188} INFO - [2024-04-26T04:28:09.501+0000] {dag.py:3823} INFO - Setting next_dagrun for example_weekday_branch_operator to 2024-04-25 00:00:00+00:00, run_after=2024-04-26 00:00:00+00:00
[2024-04-26T04:28:09.520+0000] {processor.py:183} INFO - Processing /home/airflow/.local/lib/python3.8/site-packages/airflow/example_dags/example_branch_day_of_week_operator.py took 0.060 seconds
[2024-04-26T04:28:40.176+0000] {processor.py:161} INFO - Started process (PID=476) to work on /home/airflow/.local/lib/python3.8/site-packages/airflow/example_dags/example_branch_day_of_week_operator.py
[2024-04-26T04:28:40.177+0000] {processor.py:830} INFO - Processing file /home/airflow/.local/lib/python3.8/site-packages/airflow/example_dags/example_branch_day_of_week_operator.py for tasks to queue
[2024-04-26T04:28:40.179+0000] {logging_mixin.py:188} INFO - [2024-04-26T04:28:40.179+0000] {dagbag.py:538} INFO - Filling up the DagBag from /home/airflow/.local/lib/python3.8/site-packages/airflow/example_dags/example_branch_day_of_week_operator.py
[2024-04-26T04:28:40.185+0000] {processor.py:840} INFO - DAG(s) 'example_weekday_branch_operator' retrieved from /home/airflow/.local/lib/python3.8/site-packages/airflow/example_dags/example_branch_day_of_week_operator.py
[2024-04-26T04:28:40.204+0000] {logging_mixin.py:188} INFO - [2024-04-26T04:28:40.203+0000] {dag.py:3036} INFO - Sync 1 DAGs
[2024-04-26T04:28:40.222+0000] {logging_mixin.py:188} INFO - [2024-04-26T04:28:40.222+0000] {dag.py:3823} INFO - Setting next_dagrun for example_weekday_branch_operator to 2024-04-25 00:00:00+00:00, run_after=2024-04-26 00:00:00+00:00
[2024-04-26T04:28:40.244+0000] {processor.py:183} INFO - Processing /home/airflow/.local/lib/python3.8/site-packages/airflow/example_dags/example_branch_day_of_week_operator.py took 0.071 seconds
[2024-04-26T04:29:10.941+0000] {processor.py:161} INFO - Started process (PID=553) to work on /home/airflow/.local/lib/python3.8/site-packages/airflow/example_dags/example_branch_day_of_week_operator.py
[2024-04-26T04:29:10.942+0000] {processor.py:830} INFO - Processing file /home/airflow/.local/lib/python3.8/site-packages/airflow/example_dags/example_branch_day_of_week_operator.py for tasks to queue
[2024-04-26T04:29:10.944+0000] {logging_mixin.py:188} INFO - [2024-04-26T04:29:10.943+0000] {dagbag.py:538} INFO - Filling up the DagBag from /home/airflow/.local/lib/python3.8/site-packages/airflow/example_dags/example_branch_day_of_week_operator.py
[2024-04-26T04:29:10.949+0000] {processor.py:840} INFO - DAG(s) 'example_weekday_branch_operator' retrieved from /home/airflow/.local/lib/python3.8/site-packages/airflow/example_dags/example_branch_day_of_week_operator.py
[2024-04-26T04:29:10.966+0000] {logging_mixin.py:188} INFO - [2024-04-26T04:29:10.966+0000] {dag.py:3036} INFO - Sync 1 DAGs
[2024-04-26T04:29:10.982+0000] {logging_mixin.py:188} INFO - [2024-04-26T04:29:10.981+0000] {dag.py:3823} INFO - Setting next_dagrun for example_weekday_branch_operator to 2024-04-25 00:00:00+00:00, run_after=2024-04-26 00:00:00+00:00
[2024-04-26T04:29:10.998+0000] {processor.py:183} INFO - Processing /home/airflow/.local/lib/python3.8/site-packages/airflow/example_dags/example_branch_day_of_week_operator.py took 0.060 seconds
[2024-04-26T04:29:41.890+0000] {processor.py:161} INFO - Started process (PID=629) to work on /home/airflow/.local/lib/python3.8/site-packages/airflow/example_dags/example_branch_day_of_week_operator.py
[2024-04-26T04:29:41.891+0000] {processor.py:830} INFO - Processing file /home/airflow/.local/lib/python3.8/site-packages/airflow/example_dags/example_branch_day_of_week_operator.py for tasks to queue
[2024-04-26T04:29:41.895+0000] {logging_mixin.py:188} INFO - [2024-04-26T04:29:41.895+0000] {dagbag.py:538} INFO - Filling up the DagBag from /home/airflow/.local/lib/python3.8/site-packages/airflow/example_dags/example_branch_day_of_week_operator.py
[2024-04-26T04:29:41.902+0000] {processor.py:840} INFO - DAG(s) 'example_weekday_branch_operator' retrieved from /home/airflow/.local/lib/python3.8/site-packages/airflow/example_dags/example_branch_day_of_week_operator.py
[2024-04-26T04:29:41.919+0000] {logging_mixin.py:188} INFO - [2024-04-26T04:29:41.919+0000] {dag.py:3036} INFO - Sync 1 DAGs
[2024-04-26T04:29:41.936+0000] {logging_mixin.py:188} INFO - [2024-04-26T04:29:41.936+0000] {dag.py:3823} INFO - Setting next_dagrun for example_weekday_branch_operator to 2024-04-25 00:00:00+00:00, run_after=2024-04-26 00:00:00+00:00
[2024-04-26T04:29:41.957+0000] {processor.py:183} INFO - Processing /home/airflow/.local/lib/python3.8/site-packages/airflow/example_dags/example_branch_day_of_week_operator.py took 0.070 seconds
[2024-04-26T04:30:12.611+0000] {processor.py:161} INFO - Started process (PID=705) to work on /home/airflow/.local/lib/python3.8/site-packages/airflow/example_dags/example_branch_day_of_week_operator.py
[2024-04-26T04:30:12.612+0000] {processor.py:830} INFO - Processing file /home/airflow/.local/lib/python3.8/site-packages/airflow/example_dags/example_branch_day_of_week_operator.py for tasks to queue
[2024-04-26T04:30:12.613+0000] {logging_mixin.py:188} INFO - [2024-04-26T04:30:12.613+0000] {dagbag.py:538} INFO - Filling up the DagBag from /home/airflow/.local/lib/python3.8/site-packages/airflow/example_dags/example_branch_day_of_week_operator.py
[2024-04-26T04:30:12.619+0000] {processor.py:840} INFO - DAG(s) 'example_weekday_branch_operator' retrieved from /home/airflow/.local/lib/python3.8/site-packages/airflow/example_dags/example_branch_day_of_week_operator.py
[2024-04-26T04:30:12.638+0000] {logging_mixin.py:188} INFO - [2024-04-26T04:30:12.638+0000] {dag.py:3036} INFO - Sync 1 DAGs
[2024-04-26T04:30:12.655+0000] {logging_mixin.py:188} INFO - [2024-04-26T04:30:12.655+0000] {dag.py:3823} INFO - Setting next_dagrun for example_weekday_branch_operator to 2024-04-25 00:00:00+00:00, run_after=2024-04-26 00:00:00+00:00
[2024-04-26T04:30:12.671+0000] {processor.py:183} INFO - Processing /home/airflow/.local/lib/python3.8/site-packages/airflow/example_dags/example_branch_day_of_week_operator.py took 0.063 seconds
[2024-04-26T04:30:43.196+0000] {processor.py:161} INFO - Started process (PID=781) to work on /home/airflow/.local/lib/python3.8/site-packages/airflow/example_dags/example_branch_day_of_week_operator.py
[2024-04-26T04:30:43.197+0000] {processor.py:830} INFO - Processing file /home/airflow/.local/lib/python3.8/site-packages/airflow/example_dags/example_branch_day_of_week_operator.py for tasks to queue
[2024-04-26T04:30:43.198+0000] {logging_mixin.py:188} INFO - [2024-04-26T04:30:43.198+0000] {dagbag.py:538} INFO - Filling up the DagBag from /home/airflow/.local/lib/python3.8/site-packages/airflow/example_dags/example_branch_day_of_week_operator.py
[2024-04-26T04:30:43.205+0000] {processor.py:840} INFO - DAG(s) 'example_weekday_branch_operator' retrieved from /home/airflow/.local/lib/python3.8/site-packages/airflow/example_dags/example_branch_day_of_week_operator.py
[2024-04-26T04:30:43.224+0000] {logging_mixin.py:188} INFO - [2024-04-26T04:30:43.224+0000] {dag.py:3036} INFO - Sync 1 DAGs
[2024-04-26T04:30:43.242+0000] {logging_mixin.py:188} INFO - [2024-04-26T04:30:43.241+0000] {dag.py:3823} INFO - Setting next_dagrun for example_weekday_branch_operator to 2024-04-25 00:00:00+00:00, run_after=2024-04-26 00:00:00+00:00
[2024-04-26T04:30:43.258+0000] {processor.py:183} INFO - Processing /home/airflow/.local/lib/python3.8/site-packages/airflow/example_dags/example_branch_day_of_week_operator.py took 0.065 seconds
[2024-04-26T04:31:13.489+0000] {processor.py:161} INFO - Started process (PID=857) to work on /home/airflow/.local/lib/python3.8/site-packages/airflow/example_dags/example_branch_day_of_week_operator.py
[2024-04-26T04:31:13.490+0000] {processor.py:830} INFO - Processing file /home/airflow/.local/lib/python3.8/site-packages/airflow/example_dags/example_branch_day_of_week_operator.py for tasks to queue
[2024-04-26T04:31:13.492+0000] {logging_mixin.py:188} INFO - [2024-04-26T04:31:13.492+0000] {dagbag.py:538} INFO - Filling up the DagBag from /home/airflow/.local/lib/python3.8/site-packages/airflow/example_dags/example_branch_day_of_week_operator.py
[2024-04-26T04:31:13.498+0000] {processor.py:840} INFO - DAG(s) 'example_weekday_branch_operator' retrieved from /home/airflow/.local/lib/python3.8/site-packages/airflow/example_dags/example_branch_day_of_week_operator.py
[2024-04-26T04:31:13.515+0000] {logging_mixin.py:188} INFO - [2024-04-26T04:31:13.515+0000] {dag.py:3036} INFO - Sync 1 DAGs
[2024-04-26T04:31:13.532+0000] {logging_mixin.py:188} INFO - [2024-04-26T04:31:13.532+0000] {dag.py:3823} INFO - Setting next_dagrun for example_weekday_branch_operator to 2024-04-25 00:00:00+00:00, run_after=2024-04-26 00:00:00+00:00
[2024-04-26T04:31:13.549+0000] {processor.py:183} INFO - Processing /home/airflow/.local/lib/python3.8/site-packages/airflow/example_dags/example_branch_day_of_week_operator.py took 0.065 seconds
[2024-04-26T04:31:43.646+0000] {processor.py:161} INFO - Started process (PID=933) to work on /home/airflow/.local/lib/python3.8/site-packages/airflow/example_dags/example_branch_day_of_week_operator.py
[2024-04-26T04:31:43.647+0000] {processor.py:830} INFO - Processing file /home/airflow/.local/lib/python3.8/site-packages/airflow/example_dags/example_branch_day_of_week_operator.py for tasks to queue
[2024-04-26T04:31:43.649+0000] {logging_mixin.py:188} INFO - [2024-04-26T04:31:43.649+0000] {dagbag.py:538} INFO - Filling up the DagBag from /home/airflow/.local/lib/python3.8/site-packages/airflow/example_dags/example_branch_day_of_week_operator.py
[2024-04-26T04:31:43.654+0000] {processor.py:840} INFO - DAG(s) 'example_weekday_branch_operator' retrieved from /home/airflow/.local/lib/python3.8/site-packages/airflow/example_dags/example_branch_day_of_week_operator.py
[2024-04-26T04:31:43.668+0000] {logging_mixin.py:188} INFO - [2024-04-26T04:31:43.668+0000] {dag.py:3036} INFO - Sync 1 DAGs
[2024-04-26T04:31:43.682+0000] {logging_mixin.py:188} INFO - [2024-04-26T04:31:43.682+0000] {dag.py:3823} INFO - Setting next_dagrun for example_weekday_branch_operator to 2024-04-25 00:00:00+00:00, run_after=2024-04-26 00:00:00+00:00
[2024-04-26T04:31:43.697+0000] {processor.py:183} INFO - Processing /home/airflow/.local/lib/python3.8/site-packages/airflow/example_dags/example_branch_day_of_week_operator.py took 0.054 seconds
[2024-04-26T04:32:14.429+0000] {processor.py:161} INFO - Started process (PID=1009) to work on /home/airflow/.local/lib/python3.8/site-packages/airflow/example_dags/example_branch_day_of_week_operator.py
[2024-04-26T04:32:14.430+0000] {processor.py:830} INFO - Processing file /home/airflow/.local/lib/python3.8/site-packages/airflow/example_dags/example_branch_day_of_week_operator.py for tasks to queue
[2024-04-26T04:32:14.433+0000] {logging_mixin.py:188} INFO - [2024-04-26T04:32:14.432+0000] {dagbag.py:538} INFO - Filling up the DagBag from /home/airflow/.local/lib/python3.8/site-packages/airflow/example_dags/example_branch_day_of_week_operator.py
[2024-04-26T04:32:14.440+0000] {processor.py:840} INFO - DAG(s) 'example_weekday_branch_operator' retrieved from /home/airflow/.local/lib/python3.8/site-packages/airflow/example_dags/example_branch_day_of_week_operator.py
[2024-04-26T04:32:14.461+0000] {logging_mixin.py:188} INFO - [2024-04-26T04:32:14.461+0000] {dag.py:3036} INFO - Sync 1 DAGs
[2024-04-26T04:32:14.487+0000] {logging_mixin.py:188} INFO - [2024-04-26T04:32:14.487+0000] {dag.py:3823} INFO - Setting next_dagrun for example_weekday_branch_operator to 2024-04-25 00:00:00+00:00, run_after=2024-04-26 00:00:00+00:00
[2024-04-26T04:32:14.510+0000] {processor.py:183} INFO - Processing /home/airflow/.local/lib/python3.8/site-packages/airflow/example_dags/example_branch_day_of_week_operator.py took 0.085 seconds
[2024-04-26T04:32:45.136+0000] {processor.py:161} INFO - Started process (PID=1085) to work on /home/airflow/.local/lib/python3.8/site-packages/airflow/example_dags/example_branch_day_of_week_operator.py
[2024-04-26T04:32:45.137+0000] {processor.py:830} INFO - Processing file /home/airflow/.local/lib/python3.8/site-packages/airflow/example_dags/example_branch_day_of_week_operator.py for tasks to queue
[2024-04-26T04:32:45.140+0000] {logging_mixin.py:188} INFO - [2024-04-26T04:32:45.139+0000] {dagbag.py:538} INFO - Filling up the DagBag from /home/airflow/.local/lib/python3.8/site-packages/airflow/example_dags/example_branch_day_of_week_operator.py
[2024-04-26T04:32:45.147+0000] {processor.py:840} INFO - DAG(s) 'example_weekday_branch_operator' retrieved from /home/airflow/.local/lib/python3.8/site-packages/airflow/example_dags/example_branch_day_of_week_operator.py
[2024-04-26T04:32:45.171+0000] {logging_mixin.py:188} INFO - [2024-04-26T04:32:45.171+0000] {dag.py:3036} INFO - Sync 1 DAGs
[2024-04-26T04:32:45.194+0000] {logging_mixin.py:188} INFO - [2024-04-26T04:32:45.193+0000] {dag.py:3823} INFO - Setting next_dagrun for example_weekday_branch_operator to 2024-04-25 00:00:00+00:00, run_after=2024-04-26 00:00:00+00:00
[2024-04-26T04:32:45.213+0000] {processor.py:183} INFO - Processing /home/airflow/.local/lib/python3.8/site-packages/airflow/example_dags/example_branch_day_of_week_operator.py took 0.081 seconds
[2024-04-26T04:33:15.519+0000] {processor.py:161} INFO - Started process (PID=1161) to work on /home/airflow/.local/lib/python3.8/site-packages/airflow/example_dags/example_branch_day_of_week_operator.py
[2024-04-26T04:33:15.520+0000] {processor.py:830} INFO - Processing file /home/airflow/.local/lib/python3.8/site-packages/airflow/example_dags/example_branch_day_of_week_operator.py for tasks to queue
[2024-04-26T04:33:15.521+0000] {logging_mixin.py:188} INFO - [2024-04-26T04:33:15.521+0000] {dagbag.py:538} INFO - Filling up the DagBag from /home/airflow/.local/lib/python3.8/site-packages/airflow/example_dags/example_branch_day_of_week_operator.py
[2024-04-26T04:33:15.526+0000] {processor.py:840} INFO - DAG(s) 'example_weekday_branch_operator' retrieved from /home/airflow/.local/lib/python3.8/site-packages/airflow/example_dags/example_branch_day_of_week_operator.py
[2024-04-26T04:33:15.542+0000] {logging_mixin.py:188} INFO - [2024-04-26T04:33:15.542+0000] {dag.py:3036} INFO - Sync 1 DAGs
[2024-04-26T04:33:15.556+0000] {logging_mixin.py:188} INFO - [2024-04-26T04:33:15.556+0000] {dag.py:3823} INFO - Setting next_dagrun for example_weekday_branch_operator to 2024-04-25 00:00:00+00:00, run_after=2024-04-26 00:00:00+00:00
[2024-04-26T04:33:15.575+0000] {processor.py:183} INFO - Processing /home/airflow/.local/lib/python3.8/site-packages/airflow/example_dags/example_branch_day_of_week_operator.py took 0.059 seconds
[2024-04-26T04:33:45.729+0000] {processor.py:161} INFO - Started process (PID=1237) to work on /home/airflow/.local/lib/python3.8/site-packages/airflow/example_dags/example_branch_day_of_week_operator.py
[2024-04-26T04:33:45.730+0000] {processor.py:830} INFO - Processing file /home/airflow/.local/lib/python3.8/site-packages/airflow/example_dags/example_branch_day_of_week_operator.py for tasks to queue
[2024-04-26T04:33:45.731+0000] {logging_mixin.py:188} INFO - [2024-04-26T04:33:45.731+0000] {dagbag.py:538} INFO - Filling up the DagBag from /home/airflow/.local/lib/python3.8/site-packages/airflow/example_dags/example_branch_day_of_week_operator.py
[2024-04-26T04:33:45.736+0000] {processor.py:840} INFO - DAG(s) 'example_weekday_branch_operator' retrieved from /home/airflow/.local/lib/python3.8/site-packages/airflow/example_dags/example_branch_day_of_week_operator.py
[2024-04-26T04:33:45.751+0000] {logging_mixin.py:188} INFO - [2024-04-26T04:33:45.751+0000] {dag.py:3036} INFO - Sync 1 DAGs
[2024-04-26T04:33:45.766+0000] {logging_mixin.py:188} INFO - [2024-04-26T04:33:45.766+0000] {dag.py:3823} INFO - Setting next_dagrun for example_weekday_branch_operator to 2024-04-25 00:00:00+00:00, run_after=2024-04-26 00:00:00+00:00
[2024-04-26T04:33:45.779+0000] {processor.py:183} INFO - Processing /home/airflow/.local/lib/python3.8/site-packages/airflow/example_dags/example_branch_day_of_week_operator.py took 0.052 seconds
[2024-04-26T04:34:16.042+0000] {processor.py:161} INFO - Started process (PID=1313) to work on /home/airflow/.local/lib/python3.8/site-packages/airflow/example_dags/example_branch_day_of_week_operator.py
[2024-04-26T04:34:16.043+0000] {processor.py:830} INFO - Processing file /home/airflow/.local/lib/python3.8/site-packages/airflow/example_dags/example_branch_day_of_week_operator.py for tasks to queue
[2024-04-26T04:34:16.045+0000] {logging_mixin.py:188} INFO - [2024-04-26T04:34:16.044+0000] {dagbag.py:538} INFO - Filling up the DagBag from /home/airflow/.local/lib/python3.8/site-packages/airflow/example_dags/example_branch_day_of_week_operator.py
[2024-04-26T04:34:16.050+0000] {processor.py:840} INFO - DAG(s) 'example_weekday_branch_operator' retrieved from /home/airflow/.local/lib/python3.8/site-packages/airflow/example_dags/example_branch_day_of_week_operator.py
[2024-04-26T04:34:16.066+0000] {logging_mixin.py:188} INFO - [2024-04-26T04:34:16.066+0000] {dag.py:3036} INFO - Sync 1 DAGs
[2024-04-26T04:34:16.080+0000] {logging_mixin.py:188} INFO - [2024-04-26T04:34:16.080+0000] {dag.py:3823} INFO - Setting next_dagrun for example_weekday_branch_operator to 2024-04-25 00:00:00+00:00, run_after=2024-04-26 00:00:00+00:00
[2024-04-26T04:34:16.097+0000] {processor.py:183} INFO - Processing /home/airflow/.local/lib/python3.8/site-packages/airflow/example_dags/example_branch_day_of_week_operator.py took 0.057 seconds
[2024-04-26T04:34:46.155+0000] {processor.py:161} INFO - Started process (PID=1388) to work on /home/airflow/.local/lib/python3.8/site-packages/airflow/example_dags/example_branch_day_of_week_operator.py
[2024-04-26T04:34:46.156+0000] {processor.py:830} INFO - Processing file /home/airflow/.local/lib/python3.8/site-packages/airflow/example_dags/example_branch_day_of_week_operator.py for tasks to queue
[2024-04-26T04:34:46.157+0000] {logging_mixin.py:188} INFO - [2024-04-26T04:34:46.157+0000] {dagbag.py:538} INFO - Filling up the DagBag from /home/airflow/.local/lib/python3.8/site-packages/airflow/example_dags/example_branch_day_of_week_operator.py
[2024-04-26T04:34:46.162+0000] {processor.py:840} INFO - DAG(s) 'example_weekday_branch_operator' retrieved from /home/airflow/.local/lib/python3.8/site-packages/airflow/example_dags/example_branch_day_of_week_operator.py
[2024-04-26T04:34:46.177+0000] {logging_mixin.py:188} INFO - [2024-04-26T04:34:46.177+0000] {dag.py:3036} INFO - Sync 1 DAGs
[2024-04-26T04:34:46.192+0000] {logging_mixin.py:188} INFO - [2024-04-26T04:34:46.192+0000] {dag.py:3823} INFO - Setting next_dagrun for example_weekday_branch_operator to 2024-04-25 00:00:00+00:00, run_after=2024-04-26 00:00:00+00:00
[2024-04-26T04:34:46.208+0000] {processor.py:183} INFO - Processing /home/airflow/.local/lib/python3.8/site-packages/airflow/example_dags/example_branch_day_of_week_operator.py took 0.055 seconds
[2024-04-26T04:35:16.385+0000] {processor.py:161} INFO - Started process (PID=1464) to work on /home/airflow/.local/lib/python3.8/site-packages/airflow/example_dags/example_branch_day_of_week_operator.py
[2024-04-26T04:35:16.386+0000] {processor.py:830} INFO - Processing file /home/airflow/.local/lib/python3.8/site-packages/airflow/example_dags/example_branch_day_of_week_operator.py for tasks to queue
[2024-04-26T04:35:16.387+0000] {logging_mixin.py:188} INFO - [2024-04-26T04:35:16.387+0000] {dagbag.py:538} INFO - Filling up the DagBag from /home/airflow/.local/lib/python3.8/site-packages/airflow/example_dags/example_branch_day_of_week_operator.py
[2024-04-26T04:35:16.392+0000] {processor.py:840} INFO - DAG(s) 'example_weekday_branch_operator' retrieved from /home/airflow/.local/lib/python3.8/site-packages/airflow/example_dags/example_branch_day_of_week_operator.py
[2024-04-26T04:35:16.411+0000] {logging_mixin.py:188} INFO - [2024-04-26T04:35:16.411+0000] {dag.py:3036} INFO - Sync 1 DAGs
[2024-04-26T04:35:16.430+0000] {logging_mixin.py:188} INFO - [2024-04-26T04:35:16.430+0000] {dag.py:3823} INFO - Setting next_dagrun for example_weekday_branch_operator to 2024-04-25 00:00:00+00:00, run_after=2024-04-26 00:00:00+00:00
[2024-04-26T04:35:16.448+0000] {processor.py:183} INFO - Processing /home/airflow/.local/lib/python3.8/site-packages/airflow/example_dags/example_branch_day_of_week_operator.py took 0.065 seconds
[2024-04-26T04:35:46.689+0000] {processor.py:161} INFO - Started process (PID=1540) to work on /home/airflow/.local/lib/python3.8/site-packages/airflow/example_dags/example_branch_day_of_week_operator.py
[2024-04-26T04:35:46.691+0000] {processor.py:830} INFO - Processing file /home/airflow/.local/lib/python3.8/site-packages/airflow/example_dags/example_branch_day_of_week_operator.py for tasks to queue
[2024-04-26T04:35:46.693+0000] {logging_mixin.py:188} INFO - [2024-04-26T04:35:46.692+0000] {dagbag.py:538} INFO - Filling up the DagBag from /home/airflow/.local/lib/python3.8/site-packages/airflow/example_dags/example_branch_day_of_week_operator.py
[2024-04-26T04:35:46.699+0000] {processor.py:840} INFO - DAG(s) 'example_weekday_branch_operator' retrieved from /home/airflow/.local/lib/python3.8/site-packages/airflow/example_dags/example_branch_day_of_week_operator.py
[2024-04-26T04:35:46.714+0000] {logging_mixin.py:188} INFO - [2024-04-26T04:35:46.714+0000] {dag.py:3036} INFO - Sync 1 DAGs
[2024-04-26T04:35:46.728+0000] {logging_mixin.py:188} INFO - [2024-04-26T04:35:46.728+0000] {dag.py:3823} INFO - Setting next_dagrun for example_weekday_branch_operator to 2024-04-25 00:00:00+00:00, run_after=2024-04-26 00:00:00+00:00
[2024-04-26T04:35:46.745+0000] {processor.py:183} INFO - Processing /home/airflow/.local/lib/python3.8/site-packages/airflow/example_dags/example_branch_day_of_week_operator.py took 0.059 seconds
[2024-04-26T04:36:16.825+0000] {processor.py:161} INFO - Started process (PID=1615) to work on /home/airflow/.local/lib/python3.8/site-packages/airflow/example_dags/example_branch_day_of_week_operator.py
[2024-04-26T04:36:16.826+0000] {processor.py:830} INFO - Processing file /home/airflow/.local/lib/python3.8/site-packages/airflow/example_dags/example_branch_day_of_week_operator.py for tasks to queue
[2024-04-26T04:36:16.828+0000] {logging_mixin.py:188} INFO - [2024-04-26T04:36:16.828+0000] {dagbag.py:538} INFO - Filling up the DagBag from /home/airflow/.local/lib/python3.8/site-packages/airflow/example_dags/example_branch_day_of_week_operator.py
[2024-04-26T04:36:16.833+0000] {processor.py:840} INFO - DAG(s) 'example_weekday_branch_operator' retrieved from /home/airflow/.local/lib/python3.8/site-packages/airflow/example_dags/example_branch_day_of_week_operator.py
[2024-04-26T04:36:16.849+0000] {logging_mixin.py:188} INFO - [2024-04-26T04:36:16.849+0000] {dag.py:3036} INFO - Sync 1 DAGs
[2024-04-26T04:36:16.864+0000] {logging_mixin.py:188} INFO - [2024-04-26T04:36:16.864+0000] {dag.py:3823} INFO - Setting next_dagrun for example_weekday_branch_operator to 2024-04-25 00:00:00+00:00, run_after=2024-04-26 00:00:00+00:00
[2024-04-26T04:36:16.880+0000] {processor.py:183} INFO - Processing /home/airflow/.local/lib/python3.8/site-packages/airflow/example_dags/example_branch_day_of_week_operator.py took 0.057 seconds
[2024-04-26T04:36:47.023+0000] {processor.py:161} INFO - Started process (PID=1691) to work on /home/airflow/.local/lib/python3.8/site-packages/airflow/example_dags/example_branch_day_of_week_operator.py
[2024-04-26T04:36:47.024+0000] {processor.py:830} INFO - Processing file /home/airflow/.local/lib/python3.8/site-packages/airflow/example_dags/example_branch_day_of_week_operator.py for tasks to queue
[2024-04-26T04:36:47.025+0000] {logging_mixin.py:188} INFO - [2024-04-26T04:36:47.025+0000] {dagbag.py:538} INFO - Filling up the DagBag from /home/airflow/.local/lib/python3.8/site-packages/airflow/example_dags/example_branch_day_of_week_operator.py
[2024-04-26T04:36:47.031+0000] {processor.py:840} INFO - DAG(s) 'example_weekday_branch_operator' retrieved from /home/airflow/.local/lib/python3.8/site-packages/airflow/example_dags/example_branch_day_of_week_operator.py
[2024-04-26T04:36:47.045+0000] {logging_mixin.py:188} INFO - [2024-04-26T04:36:47.045+0000] {dag.py:3036} INFO - Sync 1 DAGs
[2024-04-26T04:36:47.060+0000] {logging_mixin.py:188} INFO - [2024-04-26T04:36:47.059+0000] {dag.py:3823} INFO - Setting next_dagrun for example_weekday_branch_operator to 2024-04-25 00:00:00+00:00, run_after=2024-04-26 00:00:00+00:00
[2024-04-26T04:36:47.073+0000] {processor.py:183} INFO - Processing /home/airflow/.local/lib/python3.8/site-packages/airflow/example_dags/example_branch_day_of_week_operator.py took 0.052 seconds
