[2024-04-26T04:26:08.612+0000] {processor.py:161} INFO - Started process (PID=89) to work on /home/airflow/.local/lib/python3.8/site-packages/airflow/example_dags/example_params_trigger_ui.py
[2024-04-26T04:26:08.613+0000] {processor.py:830} INFO - Processing file /home/airflow/.local/lib/python3.8/site-packages/airflow/example_dags/example_params_trigger_ui.py for tasks to queue
[2024-04-26T04:26:08.616+0000] {logging_mixin.py:188} INFO - [2024-04-26T04:26:08.616+0000] {dagbag.py:538} INFO - Filling up the DagBag from /home/airflow/.local/lib/python3.8/site-packages/airflow/example_dags/example_params_trigger_ui.py
[2024-04-26T04:26:08.633+0000] {processor.py:840} INFO - DAG(s) 'example_params_trigger_ui' retrieved from /home/airflow/.local/lib/python3.8/site-packages/airflow/example_dags/example_params_trigger_ui.py
[2024-04-26T04:26:08.684+0000] {logging_mixin.py:188} INFO - [2024-04-26T04:26:08.684+0000] {dag.py:3036} INFO - Sync 1 DAGs
[2024-04-26T04:26:08.695+0000] {logging_mixin.py:188} INFO - [2024-04-26T04:26:08.695+0000] {dag.py:3823} INFO - Setting next_dagrun for example_params_trigger_ui to None, run_after=None
[2024-04-26T04:26:08.714+0000] {processor.py:183} INFO - Processing /home/airflow/.local/lib/python3.8/site-packages/airflow/example_dags/example_params_trigger_ui.py took 0.105 seconds
[2024-04-26T04:26:39.176+0000] {processor.py:161} INFO - Started process (PID=165) to work on /home/airflow/.local/lib/python3.8/site-packages/airflow/example_dags/example_params_trigger_ui.py
[2024-04-26T04:26:39.179+0000] {processor.py:830} INFO - Processing file /home/airflow/.local/lib/python3.8/site-packages/airflow/example_dags/example_params_trigger_ui.py for tasks to queue
[2024-04-26T04:26:39.181+0000] {logging_mixin.py:188} INFO - [2024-04-26T04:26:39.181+0000] {dagbag.py:538} INFO - Filling up the DagBag from /home/airflow/.local/lib/python3.8/site-packages/airflow/example_dags/example_params_trigger_ui.py
[2024-04-26T04:26:39.196+0000] {processor.py:840} INFO - DAG(s) 'example_params_trigger_ui' retrieved from /home/airflow/.local/lib/python3.8/site-packages/airflow/example_dags/example_params_trigger_ui.py
[2024-04-26T04:26:39.256+0000] {logging_mixin.py:188} INFO - [2024-04-26T04:26:39.256+0000] {dag.py:3036} INFO - Sync 1 DAGs
[2024-04-26T04:26:39.270+0000] {logging_mixin.py:188} INFO - [2024-04-26T04:26:39.270+0000] {dag.py:3823} INFO - Setting next_dagrun for example_params_trigger_ui to None, run_after=None
[2024-04-26T04:26:39.296+0000] {processor.py:183} INFO - Processing /home/airflow/.local/lib/python3.8/site-packages/airflow/example_dags/example_params_trigger_ui.py took 0.125 seconds
[2024-04-26T04:27:09.607+0000] {processor.py:161} INFO - Started process (PID=262) to work on /home/airflow/.local/lib/python3.8/site-packages/airflow/example_dags/example_params_trigger_ui.py
[2024-04-26T04:27:09.609+0000] {processor.py:830} INFO - Processing file /home/airflow/.local/lib/python3.8/site-packages/airflow/example_dags/example_params_trigger_ui.py for tasks to queue
[2024-04-26T04:27:09.612+0000] {logging_mixin.py:188} INFO - [2024-04-26T04:27:09.612+0000] {dagbag.py:538} INFO - Filling up the DagBag from /home/airflow/.local/lib/python3.8/site-packages/airflow/example_dags/example_params_trigger_ui.py
[2024-04-26T04:27:09.628+0000] {processor.py:840} INFO - DAG(s) 'example_params_trigger_ui' retrieved from /home/airflow/.local/lib/python3.8/site-packages/airflow/example_dags/example_params_trigger_ui.py
[2024-04-26T04:27:09.688+0000] {logging_mixin.py:188} INFO - [2024-04-26T04:27:09.687+0000] {dag.py:3036} INFO - Sync 1 DAGs
[2024-04-26T04:27:09.698+0000] {logging_mixin.py:188} INFO - [2024-04-26T04:27:09.698+0000] {dag.py:3823} INFO - Setting next_dagrun for example_params_trigger_ui to None, run_after=None
[2024-04-26T04:27:09.716+0000] {processor.py:183} INFO - Processing /home/airflow/.local/lib/python3.8/site-packages/airflow/example_dags/example_params_trigger_ui.py took 0.112 seconds
[2024-04-26T04:27:39.747+0000] {processor.py:161} INFO - Started process (PID=338) to work on /home/airflow/.local/lib/python3.8/site-packages/airflow/example_dags/example_params_trigger_ui.py
[2024-04-26T04:27:39.749+0000] {processor.py:830} INFO - Processing file /home/airflow/.local/lib/python3.8/site-packages/airflow/example_dags/example_params_trigger_ui.py for tasks to queue
[2024-04-26T04:27:39.751+0000] {logging_mixin.py:188} INFO - [2024-04-26T04:27:39.751+0000] {dagbag.py:538} INFO - Filling up the DagBag from /home/airflow/.local/lib/python3.8/site-packages/airflow/example_dags/example_params_trigger_ui.py
[2024-04-26T04:27:39.763+0000] {processor.py:840} INFO - DAG(s) 'example_params_trigger_ui' retrieved from /home/airflow/.local/lib/python3.8/site-packages/airflow/example_dags/example_params_trigger_ui.py
[2024-04-26T04:27:39.803+0000] {logging_mixin.py:188} INFO - [2024-04-26T04:27:39.803+0000] {dag.py:3036} INFO - Sync 1 DAGs
[2024-04-26T04:27:39.812+0000] {logging_mixin.py:188} INFO - [2024-04-26T04:27:39.812+0000] {dag.py:3823} INFO - Setting next_dagrun for example_params_trigger_ui to None, run_after=None
[2024-04-26T04:27:39.826+0000] {processor.py:183} INFO - Processing /home/airflow/.local/lib/python3.8/site-packages/airflow/example_dags/example_params_trigger_ui.py took 0.082 seconds
[2024-04-26T04:28:10.302+0000] {processor.py:161} INFO - Started process (PID=414) to work on /home/airflow/.local/lib/python3.8/site-packages/airflow/example_dags/example_params_trigger_ui.py
[2024-04-26T04:28:10.304+0000] {processor.py:830} INFO - Processing file /home/airflow/.local/lib/python3.8/site-packages/airflow/example_dags/example_params_trigger_ui.py for tasks to queue
[2024-04-26T04:28:10.306+0000] {logging_mixin.py:188} INFO - [2024-04-26T04:28:10.306+0000] {dagbag.py:538} INFO - Filling up the DagBag from /home/airflow/.local/lib/python3.8/site-packages/airflow/example_dags/example_params_trigger_ui.py
[2024-04-26T04:28:10.319+0000] {processor.py:840} INFO - DAG(s) 'example_params_trigger_ui' retrieved from /home/airflow/.local/lib/python3.8/site-packages/airflow/example_dags/example_params_trigger_ui.py
[2024-04-26T04:28:10.359+0000] {logging_mixin.py:188} INFO - [2024-04-26T04:28:10.359+0000] {dag.py:3036} INFO - Sync 1 DAGs
[2024-04-26T04:28:10.369+0000] {logging_mixin.py:188} INFO - [2024-04-26T04:28:10.369+0000] {dag.py:3823} INFO - Setting next_dagrun for example_params_trigger_ui to None, run_after=None
[2024-04-26T04:28:10.389+0000] {processor.py:183} INFO - Processing /home/airflow/.local/lib/python3.8/site-packages/airflow/example_dags/example_params_trigger_ui.py took 0.092 seconds
[2024-04-26T04:28:40.992+0000] {processor.py:161} INFO - Started process (PID=490) to work on /home/airflow/.local/lib/python3.8/site-packages/airflow/example_dags/example_params_trigger_ui.py
[2024-04-26T04:28:40.994+0000] {processor.py:830} INFO - Processing file /home/airflow/.local/lib/python3.8/site-packages/airflow/example_dags/example_params_trigger_ui.py for tasks to queue
[2024-04-26T04:28:40.996+0000] {logging_mixin.py:188} INFO - [2024-04-26T04:28:40.995+0000] {dagbag.py:538} INFO - Filling up the DagBag from /home/airflow/.local/lib/python3.8/site-packages/airflow/example_dags/example_params_trigger_ui.py
[2024-04-26T04:28:41.007+0000] {processor.py:840} INFO - DAG(s) 'example_params_trigger_ui' retrieved from /home/airflow/.local/lib/python3.8/site-packages/airflow/example_dags/example_params_trigger_ui.py
[2024-04-26T04:28:41.050+0000] {logging_mixin.py:188} INFO - [2024-04-26T04:28:41.050+0000] {dag.py:3036} INFO - Sync 1 DAGs
[2024-04-26T04:28:41.060+0000] {logging_mixin.py:188} INFO - [2024-04-26T04:28:41.060+0000] {dag.py:3823} INFO - Setting next_dagrun for example_params_trigger_ui to None, run_after=None
[2024-04-26T04:28:41.077+0000] {processor.py:183} INFO - Processing /home/airflow/.local/lib/python3.8/site-packages/airflow/example_dags/example_params_trigger_ui.py took 0.088 seconds
[2024-04-26T04:29:12.029+0000] {processor.py:161} INFO - Started process (PID=567) to work on /home/airflow/.local/lib/python3.8/site-packages/airflow/example_dags/example_params_trigger_ui.py
[2024-04-26T04:29:12.031+0000] {processor.py:830} INFO - Processing file /home/airflow/.local/lib/python3.8/site-packages/airflow/example_dags/example_params_trigger_ui.py for tasks to queue
[2024-04-26T04:29:12.033+0000] {logging_mixin.py:188} INFO - [2024-04-26T04:29:12.033+0000] {dagbag.py:538} INFO - Filling up the DagBag from /home/airflow/.local/lib/python3.8/site-packages/airflow/example_dags/example_params_trigger_ui.py
[2024-04-26T04:29:12.044+0000] {processor.py:840} INFO - DAG(s) 'example_params_trigger_ui' retrieved from /home/airflow/.local/lib/python3.8/site-packages/airflow/example_dags/example_params_trigger_ui.py
[2024-04-26T04:29:12.083+0000] {logging_mixin.py:188} INFO - [2024-04-26T04:29:12.083+0000] {dag.py:3036} INFO - Sync 1 DAGs
[2024-04-26T04:29:12.094+0000] {logging_mixin.py:188} INFO - [2024-04-26T04:29:12.094+0000] {dag.py:3823} INFO - Setting next_dagrun for example_params_trigger_ui to None, run_after=None
[2024-04-26T04:29:12.110+0000] {processor.py:183} INFO - Processing /home/airflow/.local/lib/python3.8/site-packages/airflow/example_dags/example_params_trigger_ui.py took 0.084 seconds
[2024-04-26T04:29:42.630+0000] {processor.py:161} INFO - Started process (PID=643) to work on /home/airflow/.local/lib/python3.8/site-packages/airflow/example_dags/example_params_trigger_ui.py
[2024-04-26T04:29:42.631+0000] {processor.py:830} INFO - Processing file /home/airflow/.local/lib/python3.8/site-packages/airflow/example_dags/example_params_trigger_ui.py for tasks to queue
[2024-04-26T04:29:42.632+0000] {logging_mixin.py:188} INFO - [2024-04-26T04:29:42.632+0000] {dagbag.py:538} INFO - Filling up the DagBag from /home/airflow/.local/lib/python3.8/site-packages/airflow/example_dags/example_params_trigger_ui.py
[2024-04-26T04:29:42.645+0000] {processor.py:840} INFO - DAG(s) 'example_params_trigger_ui' retrieved from /home/airflow/.local/lib/python3.8/site-packages/airflow/example_dags/example_params_trigger_ui.py
[2024-04-26T04:29:42.688+0000] {logging_mixin.py:188} INFO - [2024-04-26T04:29:42.688+0000] {dag.py:3036} INFO - Sync 1 DAGs
[2024-04-26T04:29:42.697+0000] {logging_mixin.py:188} INFO - [2024-04-26T04:29:42.697+0000] {dag.py:3823} INFO - Setting next_dagrun for example_params_trigger_ui to None, run_after=None
[2024-04-26T04:29:42.713+0000] {processor.py:183} INFO - Processing /home/airflow/.local/lib/python3.8/site-packages/airflow/example_dags/example_params_trigger_ui.py took 0.086 seconds
[2024-04-26T04:30:13.269+0000] {processor.py:161} INFO - Started process (PID=719) to work on /home/airflow/.local/lib/python3.8/site-packages/airflow/example_dags/example_params_trigger_ui.py
[2024-04-26T04:30:13.270+0000] {processor.py:830} INFO - Processing file /home/airflow/.local/lib/python3.8/site-packages/airflow/example_dags/example_params_trigger_ui.py for tasks to queue
[2024-04-26T04:30:13.272+0000] {logging_mixin.py:188} INFO - [2024-04-26T04:30:13.271+0000] {dagbag.py:538} INFO - Filling up the DagBag from /home/airflow/.local/lib/python3.8/site-packages/airflow/example_dags/example_params_trigger_ui.py
[2024-04-26T04:30:13.282+0000] {processor.py:840} INFO - DAG(s) 'example_params_trigger_ui' retrieved from /home/airflow/.local/lib/python3.8/site-packages/airflow/example_dags/example_params_trigger_ui.py
[2024-04-26T04:30:13.319+0000] {logging_mixin.py:188} INFO - [2024-04-26T04:30:13.318+0000] {dag.py:3036} INFO - Sync 1 DAGs
[2024-04-26T04:30:13.329+0000] {logging_mixin.py:188} INFO - [2024-04-26T04:30:13.328+0000] {dag.py:3823} INFO - Setting next_dagrun for example_params_trigger_ui to None, run_after=None
[2024-04-26T04:30:13.343+0000] {processor.py:183} INFO - Processing /home/airflow/.local/lib/python3.8/site-packages/airflow/example_dags/example_params_trigger_ui.py took 0.077 seconds
[2024-04-26T04:30:43.809+0000] {processor.py:161} INFO - Started process (PID=795) to work on /home/airflow/.local/lib/python3.8/site-packages/airflow/example_dags/example_params_trigger_ui.py
[2024-04-26T04:30:43.811+0000] {processor.py:830} INFO - Processing file /home/airflow/.local/lib/python3.8/site-packages/airflow/example_dags/example_params_trigger_ui.py for tasks to queue
[2024-04-26T04:30:43.813+0000] {logging_mixin.py:188} INFO - [2024-04-26T04:30:43.813+0000] {dagbag.py:538} INFO - Filling up the DagBag from /home/airflow/.local/lib/python3.8/site-packages/airflow/example_dags/example_params_trigger_ui.py
[2024-04-26T04:30:43.825+0000] {processor.py:840} INFO - DAG(s) 'example_params_trigger_ui' retrieved from /home/airflow/.local/lib/python3.8/site-packages/airflow/example_dags/example_params_trigger_ui.py
[2024-04-26T04:30:43.864+0000] {logging_mixin.py:188} INFO - [2024-04-26T04:30:43.864+0000] {dag.py:3036} INFO - Sync 1 DAGs
[2024-04-26T04:30:43.875+0000] {logging_mixin.py:188} INFO - [2024-04-26T04:30:43.874+0000] {dag.py:3823} INFO - Setting next_dagrun for example_params_trigger_ui to None, run_after=None
[2024-04-26T04:30:43.892+0000] {processor.py:183} INFO - Processing /home/airflow/.local/lib/python3.8/site-packages/airflow/example_dags/example_params_trigger_ui.py took 0.085 seconds
[2024-04-26T04:31:14.190+0000] {processor.py:161} INFO - Started process (PID=871) to work on /home/airflow/.local/lib/python3.8/site-packages/airflow/example_dags/example_params_trigger_ui.py
[2024-04-26T04:31:14.191+0000] {processor.py:830} INFO - Processing file /home/airflow/.local/lib/python3.8/site-packages/airflow/example_dags/example_params_trigger_ui.py for tasks to queue
[2024-04-26T04:31:14.194+0000] {logging_mixin.py:188} INFO - [2024-04-26T04:31:14.193+0000] {dagbag.py:538} INFO - Filling up the DagBag from /home/airflow/.local/lib/python3.8/site-packages/airflow/example_dags/example_params_trigger_ui.py
[2024-04-26T04:31:14.210+0000] {processor.py:840} INFO - DAG(s) 'example_params_trigger_ui' retrieved from /home/airflow/.local/lib/python3.8/site-packages/airflow/example_dags/example_params_trigger_ui.py
[2024-04-26T04:31:14.267+0000] {logging_mixin.py:188} INFO - [2024-04-26T04:31:14.266+0000] {dag.py:3036} INFO - Sync 1 DAGs
[2024-04-26T04:31:14.282+0000] {logging_mixin.py:188} INFO - [2024-04-26T04:31:14.281+0000] {dag.py:3823} INFO - Setting next_dagrun for example_params_trigger_ui to None, run_after=None
[2024-04-26T04:31:14.303+0000] {processor.py:183} INFO - Processing /home/airflow/.local/lib/python3.8/site-packages/airflow/example_dags/example_params_trigger_ui.py took 0.117 seconds
[2024-04-26T04:31:44.569+0000] {processor.py:161} INFO - Started process (PID=947) to work on /home/airflow/.local/lib/python3.8/site-packages/airflow/example_dags/example_params_trigger_ui.py
[2024-04-26T04:31:44.570+0000] {processor.py:830} INFO - Processing file /home/airflow/.local/lib/python3.8/site-packages/airflow/example_dags/example_params_trigger_ui.py for tasks to queue
[2024-04-26T04:31:44.572+0000] {logging_mixin.py:188} INFO - [2024-04-26T04:31:44.572+0000] {dagbag.py:538} INFO - Filling up the DagBag from /home/airflow/.local/lib/python3.8/site-packages/airflow/example_dags/example_params_trigger_ui.py
[2024-04-26T04:31:44.584+0000] {processor.py:840} INFO - DAG(s) 'example_params_trigger_ui' retrieved from /home/airflow/.local/lib/python3.8/site-packages/airflow/example_dags/example_params_trigger_ui.py
[2024-04-26T04:31:44.622+0000] {logging_mixin.py:188} INFO - [2024-04-26T04:31:44.622+0000] {dag.py:3036} INFO - Sync 1 DAGs
[2024-04-26T04:31:44.632+0000] {logging_mixin.py:188} INFO - [2024-04-26T04:31:44.632+0000] {dag.py:3823} INFO - Setting next_dagrun for example_params_trigger_ui to None, run_after=None
[2024-04-26T04:31:44.649+0000] {processor.py:183} INFO - Processing /home/airflow/.local/lib/python3.8/site-packages/airflow/example_dags/example_params_trigger_ui.py took 0.084 seconds
[2024-04-26T04:32:15.139+0000] {processor.py:161} INFO - Started process (PID=1023) to work on /home/airflow/.local/lib/python3.8/site-packages/airflow/example_dags/example_params_trigger_ui.py
[2024-04-26T04:32:15.140+0000] {processor.py:830} INFO - Processing file /home/airflow/.local/lib/python3.8/site-packages/airflow/example_dags/example_params_trigger_ui.py for tasks to queue
[2024-04-26T04:32:15.143+0000] {logging_mixin.py:188} INFO - [2024-04-26T04:32:15.143+0000] {dagbag.py:538} INFO - Filling up the DagBag from /home/airflow/.local/lib/python3.8/site-packages/airflow/example_dags/example_params_trigger_ui.py
[2024-04-26T04:32:15.156+0000] {processor.py:840} INFO - DAG(s) 'example_params_trigger_ui' retrieved from /home/airflow/.local/lib/python3.8/site-packages/airflow/example_dags/example_params_trigger_ui.py
[2024-04-26T04:32:15.202+0000] {logging_mixin.py:188} INFO - [2024-04-26T04:32:15.202+0000] {dag.py:3036} INFO - Sync 1 DAGs
[2024-04-26T04:32:15.214+0000] {logging_mixin.py:188} INFO - [2024-04-26T04:32:15.213+0000] {dag.py:3823} INFO - Setting next_dagrun for example_params_trigger_ui to None, run_after=None
[2024-04-26T04:32:15.231+0000] {processor.py:183} INFO - Processing /home/airflow/.local/lib/python3.8/site-packages/airflow/example_dags/example_params_trigger_ui.py took 0.096 seconds
[2024-04-26T04:32:46.018+0000] {processor.py:161} INFO - Started process (PID=1099) to work on /home/airflow/.local/lib/python3.8/site-packages/airflow/example_dags/example_params_trigger_ui.py
[2024-04-26T04:32:46.027+0000] {processor.py:830} INFO - Processing file /home/airflow/.local/lib/python3.8/site-packages/airflow/example_dags/example_params_trigger_ui.py for tasks to queue
[2024-04-26T04:32:46.029+0000] {logging_mixin.py:188} INFO - [2024-04-26T04:32:46.029+0000] {dagbag.py:538} INFO - Filling up the DagBag from /home/airflow/.local/lib/python3.8/site-packages/airflow/example_dags/example_params_trigger_ui.py
[2024-04-26T04:32:46.041+0000] {processor.py:840} INFO - DAG(s) 'example_params_trigger_ui' retrieved from /home/airflow/.local/lib/python3.8/site-packages/airflow/example_dags/example_params_trigger_ui.py
[2024-04-26T04:32:46.078+0000] {logging_mixin.py:188} INFO - [2024-04-26T04:32:46.077+0000] {dag.py:3036} INFO - Sync 1 DAGs
[2024-04-26T04:32:46.094+0000] {logging_mixin.py:188} INFO - [2024-04-26T04:32:46.094+0000] {dag.py:3823} INFO - Setting next_dagrun for example_params_trigger_ui to None, run_after=None
[2024-04-26T04:32:46.111+0000] {processor.py:183} INFO - Processing /home/airflow/.local/lib/python3.8/site-packages/airflow/example_dags/example_params_trigger_ui.py took 0.096 seconds
[2024-04-26T04:33:16.188+0000] {processor.py:161} INFO - Started process (PID=1175) to work on /home/airflow/.local/lib/python3.8/site-packages/airflow/example_dags/example_params_trigger_ui.py
[2024-04-26T04:33:16.189+0000] {processor.py:830} INFO - Processing file /home/airflow/.local/lib/python3.8/site-packages/airflow/example_dags/example_params_trigger_ui.py for tasks to queue
[2024-04-26T04:33:16.191+0000] {logging_mixin.py:188} INFO - [2024-04-26T04:33:16.191+0000] {dagbag.py:538} INFO - Filling up the DagBag from /home/airflow/.local/lib/python3.8/site-packages/airflow/example_dags/example_params_trigger_ui.py
[2024-04-26T04:33:16.202+0000] {processor.py:840} INFO - DAG(s) 'example_params_trigger_ui' retrieved from /home/airflow/.local/lib/python3.8/site-packages/airflow/example_dags/example_params_trigger_ui.py
[2024-04-26T04:33:16.242+0000] {logging_mixin.py:188} INFO - [2024-04-26T04:33:16.242+0000] {dag.py:3036} INFO - Sync 1 DAGs
[2024-04-26T04:33:16.252+0000] {logging_mixin.py:188} INFO - [2024-04-26T04:33:16.252+0000] {dag.py:3823} INFO - Setting next_dagrun for example_params_trigger_ui to None, run_after=None
[2024-04-26T04:33:16.270+0000] {processor.py:183} INFO - Processing /home/airflow/.local/lib/python3.8/site-packages/airflow/example_dags/example_params_trigger_ui.py took 0.085 seconds
[2024-04-26T04:33:46.380+0000] {processor.py:161} INFO - Started process (PID=1251) to work on /home/airflow/.local/lib/python3.8/site-packages/airflow/example_dags/example_params_trigger_ui.py
[2024-04-26T04:33:46.382+0000] {processor.py:830} INFO - Processing file /home/airflow/.local/lib/python3.8/site-packages/airflow/example_dags/example_params_trigger_ui.py for tasks to queue
[2024-04-26T04:33:46.383+0000] {logging_mixin.py:188} INFO - [2024-04-26T04:33:46.383+0000] {dagbag.py:538} INFO - Filling up the DagBag from /home/airflow/.local/lib/python3.8/site-packages/airflow/example_dags/example_params_trigger_ui.py
[2024-04-26T04:33:46.393+0000] {processor.py:840} INFO - DAG(s) 'example_params_trigger_ui' retrieved from /home/airflow/.local/lib/python3.8/site-packages/airflow/example_dags/example_params_trigger_ui.py
[2024-04-26T04:33:46.429+0000] {logging_mixin.py:188} INFO - [2024-04-26T04:33:46.429+0000] {dag.py:3036} INFO - Sync 1 DAGs
[2024-04-26T04:33:46.439+0000] {logging_mixin.py:188} INFO - [2024-04-26T04:33:46.439+0000] {dag.py:3823} INFO - Setting next_dagrun for example_params_trigger_ui to None, run_after=None
[2024-04-26T04:33:46.454+0000] {processor.py:183} INFO - Processing /home/airflow/.local/lib/python3.8/site-packages/airflow/example_dags/example_params_trigger_ui.py took 0.077 seconds
[2024-04-26T04:34:16.928+0000] {processor.py:161} INFO - Started process (PID=1327) to work on /home/airflow/.local/lib/python3.8/site-packages/airflow/example_dags/example_params_trigger_ui.py
[2024-04-26T04:34:16.929+0000] {processor.py:830} INFO - Processing file /home/airflow/.local/lib/python3.8/site-packages/airflow/example_dags/example_params_trigger_ui.py for tasks to queue
[2024-04-26T04:34:16.930+0000] {logging_mixin.py:188} INFO - [2024-04-26T04:34:16.930+0000] {dagbag.py:538} INFO - Filling up the DagBag from /home/airflow/.local/lib/python3.8/site-packages/airflow/example_dags/example_params_trigger_ui.py
[2024-04-26T04:34:16.944+0000] {processor.py:840} INFO - DAG(s) 'example_params_trigger_ui' retrieved from /home/airflow/.local/lib/python3.8/site-packages/airflow/example_dags/example_params_trigger_ui.py
[2024-04-26T04:34:16.984+0000] {logging_mixin.py:188} INFO - [2024-04-26T04:34:16.984+0000] {dag.py:3036} INFO - Sync 1 DAGs
[2024-04-26T04:34:16.993+0000] {logging_mixin.py:188} INFO - [2024-04-26T04:34:16.993+0000] {dag.py:3823} INFO - Setting next_dagrun for example_params_trigger_ui to None, run_after=None
[2024-04-26T04:34:17.009+0000] {processor.py:183} INFO - Processing /home/airflow/.local/lib/python3.8/site-packages/airflow/example_dags/example_params_trigger_ui.py took 0.084 seconds
[2024-04-26T04:34:47.955+0000] {processor.py:161} INFO - Started process (PID=1403) to work on /home/airflow/.local/lib/python3.8/site-packages/airflow/example_dags/example_params_trigger_ui.py
[2024-04-26T04:34:47.956+0000] {processor.py:830} INFO - Processing file /home/airflow/.local/lib/python3.8/site-packages/airflow/example_dags/example_params_trigger_ui.py for tasks to queue
[2024-04-26T04:34:47.958+0000] {logging_mixin.py:188} INFO - [2024-04-26T04:34:47.958+0000] {dagbag.py:538} INFO - Filling up the DagBag from /home/airflow/.local/lib/python3.8/site-packages/airflow/example_dags/example_params_trigger_ui.py
[2024-04-26T04:34:47.968+0000] {processor.py:840} INFO - DAG(s) 'example_params_trigger_ui' retrieved from /home/airflow/.local/lib/python3.8/site-packages/airflow/example_dags/example_params_trigger_ui.py
[2024-04-26T04:34:48.000+0000] {logging_mixin.py:188} INFO - [2024-04-26T04:34:48.000+0000] {dag.py:3036} INFO - Sync 1 DAGs
[2024-04-26T04:34:48.009+0000] {logging_mixin.py:188} INFO - [2024-04-26T04:34:48.009+0000] {dag.py:3823} INFO - Setting next_dagrun for example_params_trigger_ui to None, run_after=None
[2024-04-26T04:34:48.025+0000] {processor.py:183} INFO - Processing /home/airflow/.local/lib/python3.8/site-packages/airflow/example_dags/example_params_trigger_ui.py took 0.072 seconds
[2024-04-26T04:35:18.346+0000] {processor.py:161} INFO - Started process (PID=1479) to work on /home/airflow/.local/lib/python3.8/site-packages/airflow/example_dags/example_params_trigger_ui.py
[2024-04-26T04:35:18.347+0000] {processor.py:830} INFO - Processing file /home/airflow/.local/lib/python3.8/site-packages/airflow/example_dags/example_params_trigger_ui.py for tasks to queue
[2024-04-26T04:35:18.349+0000] {logging_mixin.py:188} INFO - [2024-04-26T04:35:18.349+0000] {dagbag.py:538} INFO - Filling up the DagBag from /home/airflow/.local/lib/python3.8/site-packages/airflow/example_dags/example_params_trigger_ui.py
[2024-04-26T04:35:18.358+0000] {processor.py:840} INFO - DAG(s) 'example_params_trigger_ui' retrieved from /home/airflow/.local/lib/python3.8/site-packages/airflow/example_dags/example_params_trigger_ui.py
[2024-04-26T04:35:18.391+0000] {logging_mixin.py:188} INFO - [2024-04-26T04:35:18.391+0000] {dag.py:3036} INFO - Sync 1 DAGs
[2024-04-26T04:35:18.399+0000] {logging_mixin.py:188} INFO - [2024-04-26T04:35:18.399+0000] {dag.py:3823} INFO - Setting next_dagrun for example_params_trigger_ui to None, run_after=None
[2024-04-26T04:35:18.416+0000] {processor.py:183} INFO - Processing /home/airflow/.local/lib/python3.8/site-packages/airflow/example_dags/example_params_trigger_ui.py took 0.072 seconds
[2024-04-26T04:35:48.635+0000] {processor.py:161} INFO - Started process (PID=1555) to work on /home/airflow/.local/lib/python3.8/site-packages/airflow/example_dags/example_params_trigger_ui.py
[2024-04-26T04:35:48.636+0000] {processor.py:830} INFO - Processing file /home/airflow/.local/lib/python3.8/site-packages/airflow/example_dags/example_params_trigger_ui.py for tasks to queue
[2024-04-26T04:35:48.637+0000] {logging_mixin.py:188} INFO - [2024-04-26T04:35:48.637+0000] {dagbag.py:538} INFO - Filling up the DagBag from /home/airflow/.local/lib/python3.8/site-packages/airflow/example_dags/example_params_trigger_ui.py
[2024-04-26T04:35:48.647+0000] {processor.py:840} INFO - DAG(s) 'example_params_trigger_ui' retrieved from /home/airflow/.local/lib/python3.8/site-packages/airflow/example_dags/example_params_trigger_ui.py
[2024-04-26T04:35:48.680+0000] {logging_mixin.py:188} INFO - [2024-04-26T04:35:48.680+0000] {dag.py:3036} INFO - Sync 1 DAGs
[2024-04-26T04:35:48.689+0000] {logging_mixin.py:188} INFO - [2024-04-26T04:35:48.689+0000] {dag.py:3823} INFO - Setting next_dagrun for example_params_trigger_ui to None, run_after=None
[2024-04-26T04:35:48.703+0000] {processor.py:183} INFO - Processing /home/airflow/.local/lib/python3.8/site-packages/airflow/example_dags/example_params_trigger_ui.py took 0.071 seconds
[2024-04-26T04:36:18.772+0000] {processor.py:161} INFO - Started process (PID=1631) to work on /home/airflow/.local/lib/python3.8/site-packages/airflow/example_dags/example_params_trigger_ui.py
[2024-04-26T04:36:18.774+0000] {processor.py:830} INFO - Processing file /home/airflow/.local/lib/python3.8/site-packages/airflow/example_dags/example_params_trigger_ui.py for tasks to queue
[2024-04-26T04:36:18.775+0000] {logging_mixin.py:188} INFO - [2024-04-26T04:36:18.775+0000] {dagbag.py:538} INFO - Filling up the DagBag from /home/airflow/.local/lib/python3.8/site-packages/airflow/example_dags/example_params_trigger_ui.py
[2024-04-26T04:36:18.785+0000] {processor.py:840} INFO - DAG(s) 'example_params_trigger_ui' retrieved from /home/airflow/.local/lib/python3.8/site-packages/airflow/example_dags/example_params_trigger_ui.py
[2024-04-26T04:36:18.819+0000] {logging_mixin.py:188} INFO - [2024-04-26T04:36:18.819+0000] {dag.py:3036} INFO - Sync 1 DAGs
[2024-04-26T04:36:18.828+0000] {logging_mixin.py:188} INFO - [2024-04-26T04:36:18.828+0000] {dag.py:3823} INFO - Setting next_dagrun for example_params_trigger_ui to None, run_after=None
[2024-04-26T04:36:18.847+0000] {processor.py:183} INFO - Processing /home/airflow/.local/lib/python3.8/site-packages/airflow/example_dags/example_params_trigger_ui.py took 0.077 seconds
[2024-04-26T04:36:49.826+0000] {processor.py:161} INFO - Started process (PID=1707) to work on /home/airflow/.local/lib/python3.8/site-packages/airflow/example_dags/example_params_trigger_ui.py
[2024-04-26T04:36:49.827+0000] {processor.py:830} INFO - Processing file /home/airflow/.local/lib/python3.8/site-packages/airflow/example_dags/example_params_trigger_ui.py for tasks to queue
[2024-04-26T04:36:49.829+0000] {logging_mixin.py:188} INFO - [2024-04-26T04:36:49.828+0000] {dagbag.py:538} INFO - Filling up the DagBag from /home/airflow/.local/lib/python3.8/site-packages/airflow/example_dags/example_params_trigger_ui.py
[2024-04-26T04:36:49.839+0000] {processor.py:840} INFO - DAG(s) 'example_params_trigger_ui' retrieved from /home/airflow/.local/lib/python3.8/site-packages/airflow/example_dags/example_params_trigger_ui.py
[2024-04-26T04:36:49.872+0000] {logging_mixin.py:188} INFO - [2024-04-26T04:36:49.872+0000] {dag.py:3036} INFO - Sync 1 DAGs
[2024-04-26T04:36:49.881+0000] {logging_mixin.py:188} INFO - [2024-04-26T04:36:49.881+0000] {dag.py:3823} INFO - Setting next_dagrun for example_params_trigger_ui to None, run_after=None
[2024-04-26T04:36:49.896+0000] {processor.py:183} INFO - Processing /home/airflow/.local/lib/python3.8/site-packages/airflow/example_dags/example_params_trigger_ui.py took 0.073 seconds
