[2024-04-26T04:26:09.676+0000] {processor.py:161} INFO - Started process (PID=105) to work on /home/airflow/.local/lib/python3.8/site-packages/airflow/example_dags/example_short_circuit_decorator.py
[2024-04-26T04:26:09.678+0000] {processor.py:830} INFO - Processing file /home/airflow/.local/lib/python3.8/site-packages/airflow/example_dags/example_short_circuit_decorator.py for tasks to queue
[2024-04-26T04:26:09.680+0000] {logging_mixin.py:188} INFO - [2024-04-26T04:26:09.679+0000] {dagbag.py:538} INFO - Filling up the DagBag from /home/airflow/.local/lib/python3.8/site-packages/airflow/example_dags/example_short_circuit_decorator.py
[2024-04-26T04:26:09.688+0000] {processor.py:840} INFO - DAG(s) 'example_short_circuit_decorator' retrieved from /home/airflow/.local/lib/python3.8/site-packages/airflow/example_dags/example_short_circuit_decorator.py
[2024-04-26T04:26:09.710+0000] {logging_mixin.py:188} INFO - [2024-04-26T04:26:09.710+0000] {dag.py:3036} INFO - Sync 1 DAGs
[2024-04-26T04:26:09.731+0000] {logging_mixin.py:188} INFO - [2024-04-26T04:26:09.731+0000] {dag.py:3823} INFO - Setting next_dagrun for example_short_circuit_decorator to 2024-04-25 00:00:00+00:00, run_after=2024-04-26 00:00:00+00:00
[2024-04-26T04:26:09.751+0000] {processor.py:183} INFO - Processing /home/airflow/.local/lib/python3.8/site-packages/airflow/example_dags/example_short_circuit_decorator.py took 0.078 seconds
[2024-04-26T04:26:40.091+0000] {processor.py:161} INFO - Started process (PID=181) to work on /home/airflow/.local/lib/python3.8/site-packages/airflow/example_dags/example_short_circuit_decorator.py
[2024-04-26T04:26:40.093+0000] {processor.py:830} INFO - Processing file /home/airflow/.local/lib/python3.8/site-packages/airflow/example_dags/example_short_circuit_decorator.py for tasks to queue
[2024-04-26T04:26:40.095+0000] {logging_mixin.py:188} INFO - [2024-04-26T04:26:40.095+0000] {dagbag.py:538} INFO - Filling up the DagBag from /home/airflow/.local/lib/python3.8/site-packages/airflow/example_dags/example_short_circuit_decorator.py
[2024-04-26T04:26:40.103+0000] {processor.py:840} INFO - DAG(s) 'example_short_circuit_decorator' retrieved from /home/airflow/.local/lib/python3.8/site-packages/airflow/example_dags/example_short_circuit_decorator.py
[2024-04-26T04:26:40.124+0000] {logging_mixin.py:188} INFO - [2024-04-26T04:26:40.124+0000] {dag.py:3036} INFO - Sync 1 DAGs
[2024-04-26T04:26:40.144+0000] {logging_mixin.py:188} INFO - [2024-04-26T04:26:40.144+0000] {dag.py:3823} INFO - Setting next_dagrun for example_short_circuit_decorator to 2024-04-25 00:00:00+00:00, run_after=2024-04-26 00:00:00+00:00
[2024-04-26T04:26:40.162+0000] {processor.py:183} INFO - Processing /home/airflow/.local/lib/python3.8/site-packages/airflow/example_dags/example_short_circuit_decorator.py took 0.073 seconds
[2024-04-26T04:27:10.613+0000] {processor.py:161} INFO - Started process (PID=278) to work on /home/airflow/.local/lib/python3.8/site-packages/airflow/example_dags/example_short_circuit_decorator.py
[2024-04-26T04:27:10.615+0000] {processor.py:830} INFO - Processing file /home/airflow/.local/lib/python3.8/site-packages/airflow/example_dags/example_short_circuit_decorator.py for tasks to queue
[2024-04-26T04:27:10.617+0000] {logging_mixin.py:188} INFO - [2024-04-26T04:27:10.617+0000] {dagbag.py:538} INFO - Filling up the DagBag from /home/airflow/.local/lib/python3.8/site-packages/airflow/example_dags/example_short_circuit_decorator.py
[2024-04-26T04:27:10.625+0000] {processor.py:840} INFO - DAG(s) 'example_short_circuit_decorator' retrieved from /home/airflow/.local/lib/python3.8/site-packages/airflow/example_dags/example_short_circuit_decorator.py
[2024-04-26T04:27:10.644+0000] {logging_mixin.py:188} INFO - [2024-04-26T04:27:10.644+0000] {dag.py:3036} INFO - Sync 1 DAGs
[2024-04-26T04:27:10.663+0000] {logging_mixin.py:188} INFO - [2024-04-26T04:27:10.663+0000] {dag.py:3823} INFO - Setting next_dagrun for example_short_circuit_decorator to 2024-04-25 00:00:00+00:00, run_after=2024-04-26 00:00:00+00:00
[2024-04-26T04:27:10.680+0000] {processor.py:183} INFO - Processing /home/airflow/.local/lib/python3.8/site-packages/airflow/example_dags/example_short_circuit_decorator.py took 0.070 seconds
[2024-04-26T04:27:41.509+0000] {processor.py:161} INFO - Started process (PID=354) to work on /home/airflow/.local/lib/python3.8/site-packages/airflow/example_dags/example_short_circuit_decorator.py
[2024-04-26T04:27:41.510+0000] {processor.py:830} INFO - Processing file /home/airflow/.local/lib/python3.8/site-packages/airflow/example_dags/example_short_circuit_decorator.py for tasks to queue
[2024-04-26T04:27:41.512+0000] {logging_mixin.py:188} INFO - [2024-04-26T04:27:41.511+0000] {dagbag.py:538} INFO - Filling up the DagBag from /home/airflow/.local/lib/python3.8/site-packages/airflow/example_dags/example_short_circuit_decorator.py
[2024-04-26T04:27:41.518+0000] {processor.py:840} INFO - DAG(s) 'example_short_circuit_decorator' retrieved from /home/airflow/.local/lib/python3.8/site-packages/airflow/example_dags/example_short_circuit_decorator.py
[2024-04-26T04:27:41.534+0000] {logging_mixin.py:188} INFO - [2024-04-26T04:27:41.534+0000] {dag.py:3036} INFO - Sync 1 DAGs
[2024-04-26T04:27:41.548+0000] {logging_mixin.py:188} INFO - [2024-04-26T04:27:41.548+0000] {dag.py:3823} INFO - Setting next_dagrun for example_short_circuit_decorator to 2024-04-25 00:00:00+00:00, run_after=2024-04-26 00:00:00+00:00
[2024-04-26T04:27:41.567+0000] {processor.py:183} INFO - Processing /home/airflow/.local/lib/python3.8/site-packages/airflow/example_dags/example_short_circuit_decorator.py took 0.061 seconds
[2024-04-26T04:28:12.153+0000] {processor.py:161} INFO - Started process (PID=430) to work on /home/airflow/.local/lib/python3.8/site-packages/airflow/example_dags/example_short_circuit_decorator.py
[2024-04-26T04:28:12.155+0000] {processor.py:830} INFO - Processing file /home/airflow/.local/lib/python3.8/site-packages/airflow/example_dags/example_short_circuit_decorator.py for tasks to queue
[2024-04-26T04:28:12.157+0000] {logging_mixin.py:188} INFO - [2024-04-26T04:28:12.157+0000] {dagbag.py:538} INFO - Filling up the DagBag from /home/airflow/.local/lib/python3.8/site-packages/airflow/example_dags/example_short_circuit_decorator.py
[2024-04-26T04:28:12.166+0000] {processor.py:840} INFO - DAG(s) 'example_short_circuit_decorator' retrieved from /home/airflow/.local/lib/python3.8/site-packages/airflow/example_dags/example_short_circuit_decorator.py
[2024-04-26T04:28:12.187+0000] {logging_mixin.py:188} INFO - [2024-04-26T04:28:12.187+0000] {dag.py:3036} INFO - Sync 1 DAGs
[2024-04-26T04:28:12.205+0000] {logging_mixin.py:188} INFO - [2024-04-26T04:28:12.204+0000] {dag.py:3823} INFO - Setting next_dagrun for example_short_circuit_decorator to 2024-04-25 00:00:00+00:00, run_after=2024-04-26 00:00:00+00:00
[2024-04-26T04:28:12.224+0000] {processor.py:183} INFO - Processing /home/airflow/.local/lib/python3.8/site-packages/airflow/example_dags/example_short_circuit_decorator.py took 0.074 seconds
[2024-04-26T04:28:42.865+0000] {processor.py:161} INFO - Started process (PID=506) to work on /home/airflow/.local/lib/python3.8/site-packages/airflow/example_dags/example_short_circuit_decorator.py
[2024-04-26T04:28:42.866+0000] {processor.py:830} INFO - Processing file /home/airflow/.local/lib/python3.8/site-packages/airflow/example_dags/example_short_circuit_decorator.py for tasks to queue
[2024-04-26T04:28:42.867+0000] {logging_mixin.py:188} INFO - [2024-04-26T04:28:42.867+0000] {dagbag.py:538} INFO - Filling up the DagBag from /home/airflow/.local/lib/python3.8/site-packages/airflow/example_dags/example_short_circuit_decorator.py
[2024-04-26T04:28:42.874+0000] {processor.py:840} INFO - DAG(s) 'example_short_circuit_decorator' retrieved from /home/airflow/.local/lib/python3.8/site-packages/airflow/example_dags/example_short_circuit_decorator.py
[2024-04-26T04:28:42.891+0000] {logging_mixin.py:188} INFO - [2024-04-26T04:28:42.890+0000] {dag.py:3036} INFO - Sync 1 DAGs
[2024-04-26T04:28:42.905+0000] {logging_mixin.py:188} INFO - [2024-04-26T04:28:42.904+0000] {dag.py:3823} INFO - Setting next_dagrun for example_short_circuit_decorator to 2024-04-25 00:00:00+00:00, run_after=2024-04-26 00:00:00+00:00
[2024-04-26T04:28:42.918+0000] {processor.py:183} INFO - Processing /home/airflow/.local/lib/python3.8/site-packages/airflow/example_dags/example_short_circuit_decorator.py took 0.056 seconds
[2024-04-26T04:29:13.828+0000] {processor.py:161} INFO - Started process (PID=583) to work on /home/airflow/.local/lib/python3.8/site-packages/airflow/example_dags/example_short_circuit_decorator.py
[2024-04-26T04:29:13.829+0000] {processor.py:830} INFO - Processing file /home/airflow/.local/lib/python3.8/site-packages/airflow/example_dags/example_short_circuit_decorator.py for tasks to queue
[2024-04-26T04:29:13.831+0000] {logging_mixin.py:188} INFO - [2024-04-26T04:29:13.831+0000] {dagbag.py:538} INFO - Filling up the DagBag from /home/airflow/.local/lib/python3.8/site-packages/airflow/example_dags/example_short_circuit_decorator.py
[2024-04-26T04:29:13.837+0000] {processor.py:840} INFO - DAG(s) 'example_short_circuit_decorator' retrieved from /home/airflow/.local/lib/python3.8/site-packages/airflow/example_dags/example_short_circuit_decorator.py
[2024-04-26T04:29:13.855+0000] {logging_mixin.py:188} INFO - [2024-04-26T04:29:13.855+0000] {dag.py:3036} INFO - Sync 1 DAGs
[2024-04-26T04:29:13.871+0000] {logging_mixin.py:188} INFO - [2024-04-26T04:29:13.871+0000] {dag.py:3823} INFO - Setting next_dagrun for example_short_circuit_decorator to 2024-04-25 00:00:00+00:00, run_after=2024-04-26 00:00:00+00:00
[2024-04-26T04:29:13.886+0000] {processor.py:183} INFO - Processing /home/airflow/.local/lib/python3.8/site-packages/airflow/example_dags/example_short_circuit_decorator.py took 0.061 seconds
[2024-04-26T04:29:44.535+0000] {processor.py:161} INFO - Started process (PID=659) to work on /home/airflow/.local/lib/python3.8/site-packages/airflow/example_dags/example_short_circuit_decorator.py
[2024-04-26T04:29:44.536+0000] {processor.py:830} INFO - Processing file /home/airflow/.local/lib/python3.8/site-packages/airflow/example_dags/example_short_circuit_decorator.py for tasks to queue
[2024-04-26T04:29:44.538+0000] {logging_mixin.py:188} INFO - [2024-04-26T04:29:44.537+0000] {dagbag.py:538} INFO - Filling up the DagBag from /home/airflow/.local/lib/python3.8/site-packages/airflow/example_dags/example_short_circuit_decorator.py
[2024-04-26T04:29:44.544+0000] {processor.py:840} INFO - DAG(s) 'example_short_circuit_decorator' retrieved from /home/airflow/.local/lib/python3.8/site-packages/airflow/example_dags/example_short_circuit_decorator.py
[2024-04-26T04:29:44.560+0000] {logging_mixin.py:188} INFO - [2024-04-26T04:29:44.560+0000] {dag.py:3036} INFO - Sync 1 DAGs
[2024-04-26T04:29:44.574+0000] {logging_mixin.py:188} INFO - [2024-04-26T04:29:44.574+0000] {dag.py:3823} INFO - Setting next_dagrun for example_short_circuit_decorator to 2024-04-25 00:00:00+00:00, run_after=2024-04-26 00:00:00+00:00
[2024-04-26T04:29:44.589+0000] {processor.py:183} INFO - Processing /home/airflow/.local/lib/python3.8/site-packages/airflow/example_dags/example_short_circuit_decorator.py took 0.057 seconds
[2024-04-26T04:30:14.913+0000] {processor.py:161} INFO - Started process (PID=735) to work on /home/airflow/.local/lib/python3.8/site-packages/airflow/example_dags/example_short_circuit_decorator.py
[2024-04-26T04:30:14.913+0000] {processor.py:830} INFO - Processing file /home/airflow/.local/lib/python3.8/site-packages/airflow/example_dags/example_short_circuit_decorator.py for tasks to queue
[2024-04-26T04:30:14.915+0000] {logging_mixin.py:188} INFO - [2024-04-26T04:30:14.915+0000] {dagbag.py:538} INFO - Filling up the DagBag from /home/airflow/.local/lib/python3.8/site-packages/airflow/example_dags/example_short_circuit_decorator.py
[2024-04-26T04:30:14.921+0000] {processor.py:840} INFO - DAG(s) 'example_short_circuit_decorator' retrieved from /home/airflow/.local/lib/python3.8/site-packages/airflow/example_dags/example_short_circuit_decorator.py
[2024-04-26T04:30:14.935+0000] {logging_mixin.py:188} INFO - [2024-04-26T04:30:14.935+0000] {dag.py:3036} INFO - Sync 1 DAGs
[2024-04-26T04:30:14.949+0000] {logging_mixin.py:188} INFO - [2024-04-26T04:30:14.948+0000] {dag.py:3823} INFO - Setting next_dagrun for example_short_circuit_decorator to 2024-04-25 00:00:00+00:00, run_after=2024-04-26 00:00:00+00:00
[2024-04-26T04:30:14.963+0000] {processor.py:183} INFO - Processing /home/airflow/.local/lib/python3.8/site-packages/airflow/example_dags/example_short_circuit_decorator.py took 0.053 seconds
[2024-04-26T04:30:45.455+0000] {processor.py:161} INFO - Started process (PID=811) to work on /home/airflow/.local/lib/python3.8/site-packages/airflow/example_dags/example_short_circuit_decorator.py
[2024-04-26T04:30:45.456+0000] {processor.py:830} INFO - Processing file /home/airflow/.local/lib/python3.8/site-packages/airflow/example_dags/example_short_circuit_decorator.py for tasks to queue
[2024-04-26T04:30:45.457+0000] {logging_mixin.py:188} INFO - [2024-04-26T04:30:45.457+0000] {dagbag.py:538} INFO - Filling up the DagBag from /home/airflow/.local/lib/python3.8/site-packages/airflow/example_dags/example_short_circuit_decorator.py
[2024-04-26T04:30:45.464+0000] {processor.py:840} INFO - DAG(s) 'example_short_circuit_decorator' retrieved from /home/airflow/.local/lib/python3.8/site-packages/airflow/example_dags/example_short_circuit_decorator.py
[2024-04-26T04:30:45.479+0000] {logging_mixin.py:188} INFO - [2024-04-26T04:30:45.479+0000] {dag.py:3036} INFO - Sync 1 DAGs
[2024-04-26T04:30:45.493+0000] {logging_mixin.py:188} INFO - [2024-04-26T04:30:45.493+0000] {dag.py:3823} INFO - Setting next_dagrun for example_short_circuit_decorator to 2024-04-25 00:00:00+00:00, run_after=2024-04-26 00:00:00+00:00
[2024-04-26T04:30:45.505+0000] {processor.py:183} INFO - Processing /home/airflow/.local/lib/python3.8/site-packages/airflow/example_dags/example_short_circuit_decorator.py took 0.052 seconds
[2024-04-26T04:31:15.904+0000] {processor.py:161} INFO - Started process (PID=887) to work on /home/airflow/.local/lib/python3.8/site-packages/airflow/example_dags/example_short_circuit_decorator.py
[2024-04-26T04:31:15.905+0000] {processor.py:830} INFO - Processing file /home/airflow/.local/lib/python3.8/site-packages/airflow/example_dags/example_short_circuit_decorator.py for tasks to queue
[2024-04-26T04:31:15.907+0000] {logging_mixin.py:188} INFO - [2024-04-26T04:31:15.907+0000] {dagbag.py:538} INFO - Filling up the DagBag from /home/airflow/.local/lib/python3.8/site-packages/airflow/example_dags/example_short_circuit_decorator.py
[2024-04-26T04:31:15.913+0000] {processor.py:840} INFO - DAG(s) 'example_short_circuit_decorator' retrieved from /home/airflow/.local/lib/python3.8/site-packages/airflow/example_dags/example_short_circuit_decorator.py
[2024-04-26T04:31:15.928+0000] {logging_mixin.py:188} INFO - [2024-04-26T04:31:15.928+0000] {dag.py:3036} INFO - Sync 1 DAGs
[2024-04-26T04:31:15.942+0000] {logging_mixin.py:188} INFO - [2024-04-26T04:31:15.941+0000] {dag.py:3823} INFO - Setting next_dagrun for example_short_circuit_decorator to 2024-04-25 00:00:00+00:00, run_after=2024-04-26 00:00:00+00:00
[2024-04-26T04:31:15.959+0000] {processor.py:183} INFO - Processing /home/airflow/.local/lib/python3.8/site-packages/airflow/example_dags/example_short_circuit_decorator.py took 0.057 seconds
[2024-04-26T04:31:46.344+0000] {processor.py:161} INFO - Started process (PID=963) to work on /home/airflow/.local/lib/python3.8/site-packages/airflow/example_dags/example_short_circuit_decorator.py
[2024-04-26T04:31:46.349+0000] {processor.py:830} INFO - Processing file /home/airflow/.local/lib/python3.8/site-packages/airflow/example_dags/example_short_circuit_decorator.py for tasks to queue
[2024-04-26T04:31:46.350+0000] {logging_mixin.py:188} INFO - [2024-04-26T04:31:46.350+0000] {dagbag.py:538} INFO - Filling up the DagBag from /home/airflow/.local/lib/python3.8/site-packages/airflow/example_dags/example_short_circuit_decorator.py
[2024-04-26T04:31:46.364+0000] {processor.py:840} INFO - DAG(s) 'example_short_circuit_decorator' retrieved from /home/airflow/.local/lib/python3.8/site-packages/airflow/example_dags/example_short_circuit_decorator.py
[2024-04-26T04:31:46.386+0000] {logging_mixin.py:188} INFO - [2024-04-26T04:31:46.386+0000] {dag.py:3036} INFO - Sync 1 DAGs
[2024-04-26T04:31:46.401+0000] {logging_mixin.py:188} INFO - [2024-04-26T04:31:46.401+0000] {dag.py:3823} INFO - Setting next_dagrun for example_short_circuit_decorator to 2024-04-25 00:00:00+00:00, run_after=2024-04-26 00:00:00+00:00
[2024-04-26T04:31:46.414+0000] {processor.py:183} INFO - Processing /home/airflow/.local/lib/python3.8/site-packages/airflow/example_dags/example_short_circuit_decorator.py took 0.072 seconds
[2024-04-26T04:32:16.995+0000] {processor.py:161} INFO - Started process (PID=1039) to work on /home/airflow/.local/lib/python3.8/site-packages/airflow/example_dags/example_short_circuit_decorator.py
[2024-04-26T04:32:16.996+0000] {processor.py:830} INFO - Processing file /home/airflow/.local/lib/python3.8/site-packages/airflow/example_dags/example_short_circuit_decorator.py for tasks to queue
[2024-04-26T04:32:16.998+0000] {logging_mixin.py:188} INFO - [2024-04-26T04:32:16.998+0000] {dagbag.py:538} INFO - Filling up the DagBag from /home/airflow/.local/lib/python3.8/site-packages/airflow/example_dags/example_short_circuit_decorator.py
[2024-04-26T04:32:17.005+0000] {processor.py:840} INFO - DAG(s) 'example_short_circuit_decorator' retrieved from /home/airflow/.local/lib/python3.8/site-packages/airflow/example_dags/example_short_circuit_decorator.py
[2024-04-26T04:32:17.025+0000] {logging_mixin.py:188} INFO - [2024-04-26T04:32:17.025+0000] {dag.py:3036} INFO - Sync 1 DAGs
[2024-04-26T04:32:17.042+0000] {logging_mixin.py:188} INFO - [2024-04-26T04:32:17.041+0000] {dag.py:3823} INFO - Setting next_dagrun for example_short_circuit_decorator to 2024-04-25 00:00:00+00:00, run_after=2024-04-26 00:00:00+00:00
[2024-04-26T04:32:17.056+0000] {processor.py:183} INFO - Processing /home/airflow/.local/lib/python3.8/site-packages/airflow/example_dags/example_short_circuit_decorator.py took 0.064 seconds
[2024-04-26T04:32:47.208+0000] {processor.py:161} INFO - Started process (PID=1115) to work on /home/airflow/.local/lib/python3.8/site-packages/airflow/example_dags/example_short_circuit_decorator.py
[2024-04-26T04:32:47.209+0000] {processor.py:830} INFO - Processing file /home/airflow/.local/lib/python3.8/site-packages/airflow/example_dags/example_short_circuit_decorator.py for tasks to queue
[2024-04-26T04:32:47.212+0000] {logging_mixin.py:188} INFO - [2024-04-26T04:32:47.211+0000] {dagbag.py:538} INFO - Filling up the DagBag from /home/airflow/.local/lib/python3.8/site-packages/airflow/example_dags/example_short_circuit_decorator.py
[2024-04-26T04:32:47.220+0000] {processor.py:840} INFO - DAG(s) 'example_short_circuit_decorator' retrieved from /home/airflow/.local/lib/python3.8/site-packages/airflow/example_dags/example_short_circuit_decorator.py
[2024-04-26T04:32:47.241+0000] {logging_mixin.py:188} INFO - [2024-04-26T04:32:47.241+0000] {dag.py:3036} INFO - Sync 1 DAGs
[2024-04-26T04:32:47.261+0000] {logging_mixin.py:188} INFO - [2024-04-26T04:32:47.261+0000] {dag.py:3823} INFO - Setting next_dagrun for example_short_circuit_decorator to 2024-04-25 00:00:00+00:00, run_after=2024-04-26 00:00:00+00:00
[2024-04-26T04:32:47.282+0000] {processor.py:183} INFO - Processing /home/airflow/.local/lib/python3.8/site-packages/airflow/example_dags/example_short_circuit_decorator.py took 0.077 seconds
[2024-04-26T04:33:18.203+0000] {processor.py:161} INFO - Started process (PID=1191) to work on /home/airflow/.local/lib/python3.8/site-packages/airflow/example_dags/example_short_circuit_decorator.py
[2024-04-26T04:33:18.204+0000] {processor.py:830} INFO - Processing file /home/airflow/.local/lib/python3.8/site-packages/airflow/example_dags/example_short_circuit_decorator.py for tasks to queue
[2024-04-26T04:33:18.206+0000] {logging_mixin.py:188} INFO - [2024-04-26T04:33:18.206+0000] {dagbag.py:538} INFO - Filling up the DagBag from /home/airflow/.local/lib/python3.8/site-packages/airflow/example_dags/example_short_circuit_decorator.py
[2024-04-26T04:33:18.213+0000] {processor.py:840} INFO - DAG(s) 'example_short_circuit_decorator' retrieved from /home/airflow/.local/lib/python3.8/site-packages/airflow/example_dags/example_short_circuit_decorator.py
[2024-04-26T04:33:18.231+0000] {logging_mixin.py:188} INFO - [2024-04-26T04:33:18.231+0000] {dag.py:3036} INFO - Sync 1 DAGs
[2024-04-26T04:33:18.247+0000] {logging_mixin.py:188} INFO - [2024-04-26T04:33:18.247+0000] {dag.py:3823} INFO - Setting next_dagrun for example_short_circuit_decorator to 2024-04-25 00:00:00+00:00, run_after=2024-04-26 00:00:00+00:00
[2024-04-26T04:33:18.261+0000] {processor.py:183} INFO - Processing /home/airflow/.local/lib/python3.8/site-packages/airflow/example_dags/example_short_circuit_decorator.py took 0.060 seconds
[2024-04-26T04:33:48.299+0000] {processor.py:161} INFO - Started process (PID=1267) to work on /home/airflow/.local/lib/python3.8/site-packages/airflow/example_dags/example_short_circuit_decorator.py
[2024-04-26T04:33:48.300+0000] {processor.py:830} INFO - Processing file /home/airflow/.local/lib/python3.8/site-packages/airflow/example_dags/example_short_circuit_decorator.py for tasks to queue
[2024-04-26T04:33:48.302+0000] {logging_mixin.py:188} INFO - [2024-04-26T04:33:48.302+0000] {dagbag.py:538} INFO - Filling up the DagBag from /home/airflow/.local/lib/python3.8/site-packages/airflow/example_dags/example_short_circuit_decorator.py
[2024-04-26T04:33:48.309+0000] {processor.py:840} INFO - DAG(s) 'example_short_circuit_decorator' retrieved from /home/airflow/.local/lib/python3.8/site-packages/airflow/example_dags/example_short_circuit_decorator.py
[2024-04-26T04:33:48.330+0000] {logging_mixin.py:188} INFO - [2024-04-26T04:33:48.329+0000] {dag.py:3036} INFO - Sync 1 DAGs
[2024-04-26T04:33:48.346+0000] {logging_mixin.py:188} INFO - [2024-04-26T04:33:48.346+0000] {dag.py:3823} INFO - Setting next_dagrun for example_short_circuit_decorator to 2024-04-25 00:00:00+00:00, run_after=2024-04-26 00:00:00+00:00
[2024-04-26T04:33:48.362+0000] {processor.py:183} INFO - Processing /home/airflow/.local/lib/python3.8/site-packages/airflow/example_dags/example_short_circuit_decorator.py took 0.066 seconds
[2024-04-26T04:34:18.878+0000] {processor.py:161} INFO - Started process (PID=1343) to work on /home/airflow/.local/lib/python3.8/site-packages/airflow/example_dags/example_short_circuit_decorator.py
[2024-04-26T04:34:18.879+0000] {processor.py:830} INFO - Processing file /home/airflow/.local/lib/python3.8/site-packages/airflow/example_dags/example_short_circuit_decorator.py for tasks to queue
[2024-04-26T04:34:18.882+0000] {logging_mixin.py:188} INFO - [2024-04-26T04:34:18.881+0000] {dagbag.py:538} INFO - Filling up the DagBag from /home/airflow/.local/lib/python3.8/site-packages/airflow/example_dags/example_short_circuit_decorator.py
[2024-04-26T04:34:18.890+0000] {processor.py:840} INFO - DAG(s) 'example_short_circuit_decorator' retrieved from /home/airflow/.local/lib/python3.8/site-packages/airflow/example_dags/example_short_circuit_decorator.py
[2024-04-26T04:34:18.910+0000] {logging_mixin.py:188} INFO - [2024-04-26T04:34:18.910+0000] {dag.py:3036} INFO - Sync 1 DAGs
[2024-04-26T04:34:18.928+0000] {logging_mixin.py:188} INFO - [2024-04-26T04:34:18.928+0000] {dag.py:3823} INFO - Setting next_dagrun for example_short_circuit_decorator to 2024-04-25 00:00:00+00:00, run_after=2024-04-26 00:00:00+00:00
[2024-04-26T04:34:18.950+0000] {processor.py:183} INFO - Processing /home/airflow/.local/lib/python3.8/site-packages/airflow/example_dags/example_short_circuit_decorator.py took 0.075 seconds
[2024-04-26T04:34:49.716+0000] {processor.py:161} INFO - Started process (PID=1419) to work on /home/airflow/.local/lib/python3.8/site-packages/airflow/example_dags/example_short_circuit_decorator.py
[2024-04-26T04:34:49.717+0000] {processor.py:830} INFO - Processing file /home/airflow/.local/lib/python3.8/site-packages/airflow/example_dags/example_short_circuit_decorator.py for tasks to queue
[2024-04-26T04:34:49.719+0000] {logging_mixin.py:188} INFO - [2024-04-26T04:34:49.719+0000] {dagbag.py:538} INFO - Filling up the DagBag from /home/airflow/.local/lib/python3.8/site-packages/airflow/example_dags/example_short_circuit_decorator.py
[2024-04-26T04:34:49.726+0000] {processor.py:840} INFO - DAG(s) 'example_short_circuit_decorator' retrieved from /home/airflow/.local/lib/python3.8/site-packages/airflow/example_dags/example_short_circuit_decorator.py
[2024-04-26T04:34:49.740+0000] {logging_mixin.py:188} INFO - [2024-04-26T04:34:49.740+0000] {dag.py:3036} INFO - Sync 1 DAGs
[2024-04-26T04:34:49.754+0000] {logging_mixin.py:188} INFO - [2024-04-26T04:34:49.754+0000] {dag.py:3823} INFO - Setting next_dagrun for example_short_circuit_decorator to 2024-04-25 00:00:00+00:00, run_after=2024-04-26 00:00:00+00:00
[2024-04-26T04:34:49.767+0000] {processor.py:183} INFO - Processing /home/airflow/.local/lib/python3.8/site-packages/airflow/example_dags/example_short_circuit_decorator.py took 0.054 seconds
[2024-04-26T04:35:20.168+0000] {processor.py:161} INFO - Started process (PID=1495) to work on /home/airflow/.local/lib/python3.8/site-packages/airflow/example_dags/example_short_circuit_decorator.py
[2024-04-26T04:35:20.169+0000] {processor.py:830} INFO - Processing file /home/airflow/.local/lib/python3.8/site-packages/airflow/example_dags/example_short_circuit_decorator.py for tasks to queue
[2024-04-26T04:35:20.171+0000] {logging_mixin.py:188} INFO - [2024-04-26T04:35:20.171+0000] {dagbag.py:538} INFO - Filling up the DagBag from /home/airflow/.local/lib/python3.8/site-packages/airflow/example_dags/example_short_circuit_decorator.py
[2024-04-26T04:35:20.177+0000] {processor.py:840} INFO - DAG(s) 'example_short_circuit_decorator' retrieved from /home/airflow/.local/lib/python3.8/site-packages/airflow/example_dags/example_short_circuit_decorator.py
[2024-04-26T04:35:20.194+0000] {logging_mixin.py:188} INFO - [2024-04-26T04:35:20.194+0000] {dag.py:3036} INFO - Sync 1 DAGs
[2024-04-26T04:35:20.208+0000] {logging_mixin.py:188} INFO - [2024-04-26T04:35:20.208+0000] {dag.py:3823} INFO - Setting next_dagrun for example_short_circuit_decorator to 2024-04-25 00:00:00+00:00, run_after=2024-04-26 00:00:00+00:00
[2024-04-26T04:35:20.224+0000] {processor.py:183} INFO - Processing /home/airflow/.local/lib/python3.8/site-packages/airflow/example_dags/example_short_circuit_decorator.py took 0.059 seconds
[2024-04-26T04:35:50.404+0000] {processor.py:161} INFO - Started process (PID=1571) to work on /home/airflow/.local/lib/python3.8/site-packages/airflow/example_dags/example_short_circuit_decorator.py
[2024-04-26T04:35:50.405+0000] {processor.py:830} INFO - Processing file /home/airflow/.local/lib/python3.8/site-packages/airflow/example_dags/example_short_circuit_decorator.py for tasks to queue
[2024-04-26T04:35:50.406+0000] {logging_mixin.py:188} INFO - [2024-04-26T04:35:50.406+0000] {dagbag.py:538} INFO - Filling up the DagBag from /home/airflow/.local/lib/python3.8/site-packages/airflow/example_dags/example_short_circuit_decorator.py
[2024-04-26T04:35:50.412+0000] {processor.py:840} INFO - DAG(s) 'example_short_circuit_decorator' retrieved from /home/airflow/.local/lib/python3.8/site-packages/airflow/example_dags/example_short_circuit_decorator.py
[2024-04-26T04:35:50.428+0000] {logging_mixin.py:188} INFO - [2024-04-26T04:35:50.428+0000] {dag.py:3036} INFO - Sync 1 DAGs
[2024-04-26T04:35:50.441+0000] {logging_mixin.py:188} INFO - [2024-04-26T04:35:50.441+0000] {dag.py:3823} INFO - Setting next_dagrun for example_short_circuit_decorator to 2024-04-25 00:00:00+00:00, run_after=2024-04-26 00:00:00+00:00
[2024-04-26T04:35:50.456+0000] {processor.py:183} INFO - Processing /home/airflow/.local/lib/python3.8/site-packages/airflow/example_dags/example_short_circuit_decorator.py took 0.054 seconds
[2024-04-26T04:36:20.620+0000] {processor.py:161} INFO - Started process (PID=1647) to work on /home/airflow/.local/lib/python3.8/site-packages/airflow/example_dags/example_short_circuit_decorator.py
[2024-04-26T04:36:20.621+0000] {processor.py:830} INFO - Processing file /home/airflow/.local/lib/python3.8/site-packages/airflow/example_dags/example_short_circuit_decorator.py for tasks to queue
[2024-04-26T04:36:20.622+0000] {logging_mixin.py:188} INFO - [2024-04-26T04:36:20.622+0000] {dagbag.py:538} INFO - Filling up the DagBag from /home/airflow/.local/lib/python3.8/site-packages/airflow/example_dags/example_short_circuit_decorator.py
[2024-04-26T04:36:20.628+0000] {processor.py:840} INFO - DAG(s) 'example_short_circuit_decorator' retrieved from /home/airflow/.local/lib/python3.8/site-packages/airflow/example_dags/example_short_circuit_decorator.py
[2024-04-26T04:36:20.645+0000] {logging_mixin.py:188} INFO - [2024-04-26T04:36:20.645+0000] {dag.py:3036} INFO - Sync 1 DAGs
[2024-04-26T04:36:20.660+0000] {logging_mixin.py:188} INFO - [2024-04-26T04:36:20.660+0000] {dag.py:3823} INFO - Setting next_dagrun for example_short_circuit_decorator to 2024-04-25 00:00:00+00:00, run_after=2024-04-26 00:00:00+00:00
[2024-04-26T04:36:20.674+0000] {processor.py:183} INFO - Processing /home/airflow/.local/lib/python3.8/site-packages/airflow/example_dags/example_short_circuit_decorator.py took 0.057 seconds
[2024-04-26T04:36:50.747+0000] {processor.py:161} INFO - Started process (PID=1723) to work on /home/airflow/.local/lib/python3.8/site-packages/airflow/example_dags/example_short_circuit_decorator.py
[2024-04-26T04:36:50.748+0000] {processor.py:830} INFO - Processing file /home/airflow/.local/lib/python3.8/site-packages/airflow/example_dags/example_short_circuit_decorator.py for tasks to queue
[2024-04-26T04:36:50.749+0000] {logging_mixin.py:188} INFO - [2024-04-26T04:36:50.749+0000] {dagbag.py:538} INFO - Filling up the DagBag from /home/airflow/.local/lib/python3.8/site-packages/airflow/example_dags/example_short_circuit_decorator.py
[2024-04-26T04:36:50.755+0000] {processor.py:840} INFO - DAG(s) 'example_short_circuit_decorator' retrieved from /home/airflow/.local/lib/python3.8/site-packages/airflow/example_dags/example_short_circuit_decorator.py
[2024-04-26T04:36:50.769+0000] {logging_mixin.py:188} INFO - [2024-04-26T04:36:50.769+0000] {dag.py:3036} INFO - Sync 1 DAGs
[2024-04-26T04:36:50.782+0000] {logging_mixin.py:188} INFO - [2024-04-26T04:36:50.782+0000] {dag.py:3823} INFO - Setting next_dagrun for example_short_circuit_decorator to 2024-04-25 00:00:00+00:00, run_after=2024-04-26 00:00:00+00:00
[2024-04-26T04:36:50.796+0000] {processor.py:183} INFO - Processing /home/airflow/.local/lib/python3.8/site-packages/airflow/example_dags/example_short_circuit_decorator.py took 0.051 seconds
