[2024-04-26T04:26:06.712+0000] {processor.py:161} INFO - Started process (PID=72) to work on /home/airflow/.local/lib/python3.8/site-packages/airflow/example_dags/example_dynamic_task_mapping_with_no_taskflow_operators.py
[2024-04-26T04:26:06.713+0000] {processor.py:830} INFO - Processing file /home/airflow/.local/lib/python3.8/site-packages/airflow/example_dags/example_dynamic_task_mapping_with_no_taskflow_operators.py for tasks to queue
[2024-04-26T04:26:06.716+0000] {logging_mixin.py:188} INFO - [2024-04-26T04:26:06.716+0000] {dagbag.py:538} INFO - Filling up the DagBag from /home/airflow/.local/lib/python3.8/site-packages/airflow/example_dags/example_dynamic_task_mapping_with_no_taskflow_operators.py
[2024-04-26T04:26:06.730+0000] {processor.py:840} INFO - DAG(s) 'example_dynamic_task_mapping_with_no_taskflow_operators' retrieved from /home/airflow/.local/lib/python3.8/site-packages/airflow/example_dags/example_dynamic_task_mapping_with_no_taskflow_operators.py
[2024-04-26T04:26:06.764+0000] {logging_mixin.py:188} INFO - [2024-04-26T04:26:06.764+0000] {dag.py:3036} INFO - Sync 1 DAGs
[2024-04-26T04:26:06.792+0000] {logging_mixin.py:188} INFO - [2024-04-26T04:26:06.792+0000] {dag.py:3823} INFO - Setting next_dagrun for example_dynamic_task_mapping_with_no_taskflow_operators to 2024-04-25 00:00:00+00:00, run_after=2024-04-26 00:00:00+00:00
[2024-04-26T04:26:06.819+0000] {processor.py:183} INFO - Processing /home/airflow/.local/lib/python3.8/site-packages/airflow/example_dags/example_dynamic_task_mapping_with_no_taskflow_operators.py took 0.113 seconds
[2024-04-26T04:26:37.150+0000] {processor.py:161} INFO - Started process (PID=127) to work on /home/airflow/.local/lib/python3.8/site-packages/airflow/example_dags/example_dynamic_task_mapping_with_no_taskflow_operators.py
[2024-04-26T04:26:37.152+0000] {processor.py:830} INFO - Processing file /home/airflow/.local/lib/python3.8/site-packages/airflow/example_dags/example_dynamic_task_mapping_with_no_taskflow_operators.py for tasks to queue
[2024-04-26T04:26:37.153+0000] {logging_mixin.py:188} INFO - [2024-04-26T04:26:37.153+0000] {dagbag.py:538} INFO - Filling up the DagBag from /home/airflow/.local/lib/python3.8/site-packages/airflow/example_dags/example_dynamic_task_mapping_with_no_taskflow_operators.py
[2024-04-26T04:26:37.158+0000] {processor.py:840} INFO - DAG(s) 'example_dynamic_task_mapping_with_no_taskflow_operators' retrieved from /home/airflow/.local/lib/python3.8/site-packages/airflow/example_dags/example_dynamic_task_mapping_with_no_taskflow_operators.py
[2024-04-26T04:26:37.172+0000] {logging_mixin.py:188} INFO - [2024-04-26T04:26:37.171+0000] {dag.py:3036} INFO - Sync 1 DAGs
[2024-04-26T04:26:37.186+0000] {logging_mixin.py:188} INFO - [2024-04-26T04:26:37.186+0000] {dag.py:3823} INFO - Setting next_dagrun for example_dynamic_task_mapping_with_no_taskflow_operators to 2024-04-25 00:00:00+00:00, run_after=2024-04-26 00:00:00+00:00
[2024-04-26T04:26:37.204+0000] {processor.py:183} INFO - Processing /home/airflow/.local/lib/python3.8/site-packages/airflow/example_dags/example_dynamic_task_mapping_with_no_taskflow_operators.py took 0.057 seconds
[2024-04-26T04:27:07.247+0000] {processor.py:161} INFO - Started process (PID=245) to work on /home/airflow/.local/lib/python3.8/site-packages/airflow/example_dags/example_dynamic_task_mapping_with_no_taskflow_operators.py
[2024-04-26T04:27:07.248+0000] {processor.py:830} INFO - Processing file /home/airflow/.local/lib/python3.8/site-packages/airflow/example_dags/example_dynamic_task_mapping_with_no_taskflow_operators.py for tasks to queue
[2024-04-26T04:27:07.250+0000] {logging_mixin.py:188} INFO - [2024-04-26T04:27:07.250+0000] {dagbag.py:538} INFO - Filling up the DagBag from /home/airflow/.local/lib/python3.8/site-packages/airflow/example_dags/example_dynamic_task_mapping_with_no_taskflow_operators.py
[2024-04-26T04:27:07.254+0000] {processor.py:840} INFO - DAG(s) 'example_dynamic_task_mapping_with_no_taskflow_operators' retrieved from /home/airflow/.local/lib/python3.8/site-packages/airflow/example_dags/example_dynamic_task_mapping_with_no_taskflow_operators.py
[2024-04-26T04:27:07.268+0000] {logging_mixin.py:188} INFO - [2024-04-26T04:27:07.268+0000] {dag.py:3036} INFO - Sync 1 DAGs
[2024-04-26T04:27:07.281+0000] {logging_mixin.py:188} INFO - [2024-04-26T04:27:07.281+0000] {dag.py:3823} INFO - Setting next_dagrun for example_dynamic_task_mapping_with_no_taskflow_operators to 2024-04-25 00:00:00+00:00, run_after=2024-04-26 00:00:00+00:00
[2024-04-26T04:27:07.297+0000] {processor.py:183} INFO - Processing /home/airflow/.local/lib/python3.8/site-packages/airflow/example_dags/example_dynamic_task_mapping_with_no_taskflow_operators.py took 0.052 seconds
[2024-04-26T04:27:37.817+0000] {processor.py:161} INFO - Started process (PID=321) to work on /home/airflow/.local/lib/python3.8/site-packages/airflow/example_dags/example_dynamic_task_mapping_with_no_taskflow_operators.py
[2024-04-26T04:27:37.819+0000] {processor.py:830} INFO - Processing file /home/airflow/.local/lib/python3.8/site-packages/airflow/example_dags/example_dynamic_task_mapping_with_no_taskflow_operators.py for tasks to queue
[2024-04-26T04:27:37.823+0000] {logging_mixin.py:188} INFO - [2024-04-26T04:27:37.821+0000] {dagbag.py:538} INFO - Filling up the DagBag from /home/airflow/.local/lib/python3.8/site-packages/airflow/example_dags/example_dynamic_task_mapping_with_no_taskflow_operators.py
[2024-04-26T04:27:37.830+0000] {processor.py:840} INFO - DAG(s) 'example_dynamic_task_mapping_with_no_taskflow_operators' retrieved from /home/airflow/.local/lib/python3.8/site-packages/airflow/example_dags/example_dynamic_task_mapping_with_no_taskflow_operators.py
[2024-04-26T04:27:37.849+0000] {logging_mixin.py:188} INFO - [2024-04-26T04:27:37.849+0000] {dag.py:3036} INFO - Sync 1 DAGs
[2024-04-26T04:27:37.871+0000] {logging_mixin.py:188} INFO - [2024-04-26T04:27:37.871+0000] {dag.py:3823} INFO - Setting next_dagrun for example_dynamic_task_mapping_with_no_taskflow_operators to 2024-04-25 00:00:00+00:00, run_after=2024-04-26 00:00:00+00:00
[2024-04-26T04:27:37.890+0000] {processor.py:183} INFO - Processing /home/airflow/.local/lib/python3.8/site-packages/airflow/example_dags/example_dynamic_task_mapping_with_no_taskflow_operators.py took 0.076 seconds
[2024-04-26T04:28:08.323+0000] {processor.py:161} INFO - Started process (PID=397) to work on /home/airflow/.local/lib/python3.8/site-packages/airflow/example_dags/example_dynamic_task_mapping_with_no_taskflow_operators.py
[2024-04-26T04:28:08.324+0000] {processor.py:830} INFO - Processing file /home/airflow/.local/lib/python3.8/site-packages/airflow/example_dags/example_dynamic_task_mapping_with_no_taskflow_operators.py for tasks to queue
[2024-04-26T04:28:08.326+0000] {logging_mixin.py:188} INFO - [2024-04-26T04:28:08.326+0000] {dagbag.py:538} INFO - Filling up the DagBag from /home/airflow/.local/lib/python3.8/site-packages/airflow/example_dags/example_dynamic_task_mapping_with_no_taskflow_operators.py
[2024-04-26T04:28:08.332+0000] {processor.py:840} INFO - DAG(s) 'example_dynamic_task_mapping_with_no_taskflow_operators' retrieved from /home/airflow/.local/lib/python3.8/site-packages/airflow/example_dags/example_dynamic_task_mapping_with_no_taskflow_operators.py
[2024-04-26T04:28:08.350+0000] {logging_mixin.py:188} INFO - [2024-04-26T04:28:08.350+0000] {dag.py:3036} INFO - Sync 1 DAGs
[2024-04-26T04:28:08.367+0000] {logging_mixin.py:188} INFO - [2024-04-26T04:28:08.366+0000] {dag.py:3823} INFO - Setting next_dagrun for example_dynamic_task_mapping_with_no_taskflow_operators to 2024-04-25 00:00:00+00:00, run_after=2024-04-26 00:00:00+00:00
[2024-04-26T04:28:08.388+0000] {processor.py:183} INFO - Processing /home/airflow/.local/lib/python3.8/site-packages/airflow/example_dags/example_dynamic_task_mapping_with_no_taskflow_operators.py took 0.068 seconds
[2024-04-26T04:28:39.070+0000] {processor.py:161} INFO - Started process (PID=473) to work on /home/airflow/.local/lib/python3.8/site-packages/airflow/example_dags/example_dynamic_task_mapping_with_no_taskflow_operators.py
[2024-04-26T04:28:39.072+0000] {processor.py:830} INFO - Processing file /home/airflow/.local/lib/python3.8/site-packages/airflow/example_dags/example_dynamic_task_mapping_with_no_taskflow_operators.py for tasks to queue
[2024-04-26T04:28:39.077+0000] {logging_mixin.py:188} INFO - [2024-04-26T04:28:39.077+0000] {dagbag.py:538} INFO - Filling up the DagBag from /home/airflow/.local/lib/python3.8/site-packages/airflow/example_dags/example_dynamic_task_mapping_with_no_taskflow_operators.py
[2024-04-26T04:28:39.086+0000] {processor.py:840} INFO - DAG(s) 'example_dynamic_task_mapping_with_no_taskflow_operators' retrieved from /home/airflow/.local/lib/python3.8/site-packages/airflow/example_dags/example_dynamic_task_mapping_with_no_taskflow_operators.py
[2024-04-26T04:28:39.104+0000] {logging_mixin.py:188} INFO - [2024-04-26T04:28:39.103+0000] {dag.py:3036} INFO - Sync 1 DAGs
[2024-04-26T04:28:39.120+0000] {logging_mixin.py:188} INFO - [2024-04-26T04:28:39.120+0000] {dag.py:3823} INFO - Setting next_dagrun for example_dynamic_task_mapping_with_no_taskflow_operators to 2024-04-25 00:00:00+00:00, run_after=2024-04-26 00:00:00+00:00
[2024-04-26T04:28:39.135+0000] {processor.py:183} INFO - Processing /home/airflow/.local/lib/python3.8/site-packages/airflow/example_dags/example_dynamic_task_mapping_with_no_taskflow_operators.py took 0.068 seconds
[2024-04-26T04:29:09.826+0000] {processor.py:161} INFO - Started process (PID=550) to work on /home/airflow/.local/lib/python3.8/site-packages/airflow/example_dags/example_dynamic_task_mapping_with_no_taskflow_operators.py
[2024-04-26T04:29:09.827+0000] {processor.py:830} INFO - Processing file /home/airflow/.local/lib/python3.8/site-packages/airflow/example_dags/example_dynamic_task_mapping_with_no_taskflow_operators.py for tasks to queue
[2024-04-26T04:29:09.829+0000] {logging_mixin.py:188} INFO - [2024-04-26T04:29:09.829+0000] {dagbag.py:538} INFO - Filling up the DagBag from /home/airflow/.local/lib/python3.8/site-packages/airflow/example_dags/example_dynamic_task_mapping_with_no_taskflow_operators.py
[2024-04-26T04:29:09.834+0000] {processor.py:840} INFO - DAG(s) 'example_dynamic_task_mapping_with_no_taskflow_operators' retrieved from /home/airflow/.local/lib/python3.8/site-packages/airflow/example_dags/example_dynamic_task_mapping_with_no_taskflow_operators.py
[2024-04-26T04:29:09.849+0000] {logging_mixin.py:188} INFO - [2024-04-26T04:29:09.849+0000] {dag.py:3036} INFO - Sync 1 DAGs
[2024-04-26T04:29:09.864+0000] {logging_mixin.py:188} INFO - [2024-04-26T04:29:09.864+0000] {dag.py:3823} INFO - Setting next_dagrun for example_dynamic_task_mapping_with_no_taskflow_operators to 2024-04-25 00:00:00+00:00, run_after=2024-04-26 00:00:00+00:00
[2024-04-26T04:29:09.878+0000] {processor.py:183} INFO - Processing /home/airflow/.local/lib/python3.8/site-packages/airflow/example_dags/example_dynamic_task_mapping_with_no_taskflow_operators.py took 0.055 seconds
[2024-04-26T04:29:40.643+0000] {processor.py:161} INFO - Started process (PID=626) to work on /home/airflow/.local/lib/python3.8/site-packages/airflow/example_dags/example_dynamic_task_mapping_with_no_taskflow_operators.py
[2024-04-26T04:29:40.647+0000] {processor.py:830} INFO - Processing file /home/airflow/.local/lib/python3.8/site-packages/airflow/example_dags/example_dynamic_task_mapping_with_no_taskflow_operators.py for tasks to queue
[2024-04-26T04:29:40.650+0000] {logging_mixin.py:188} INFO - [2024-04-26T04:29:40.649+0000] {dagbag.py:538} INFO - Filling up the DagBag from /home/airflow/.local/lib/python3.8/site-packages/airflow/example_dags/example_dynamic_task_mapping_with_no_taskflow_operators.py
[2024-04-26T04:29:40.655+0000] {processor.py:840} INFO - DAG(s) 'example_dynamic_task_mapping_with_no_taskflow_operators' retrieved from /home/airflow/.local/lib/python3.8/site-packages/airflow/example_dags/example_dynamic_task_mapping_with_no_taskflow_operators.py
[2024-04-26T04:29:40.668+0000] {logging_mixin.py:188} INFO - [2024-04-26T04:29:40.668+0000] {dag.py:3036} INFO - Sync 1 DAGs
[2024-04-26T04:29:40.692+0000] {logging_mixin.py:188} INFO - [2024-04-26T04:29:40.692+0000] {dag.py:3823} INFO - Setting next_dagrun for example_dynamic_task_mapping_with_no_taskflow_operators to 2024-04-25 00:00:00+00:00, run_after=2024-04-26 00:00:00+00:00
[2024-04-26T04:29:40.714+0000] {processor.py:183} INFO - Processing /home/airflow/.local/lib/python3.8/site-packages/airflow/example_dags/example_dynamic_task_mapping_with_no_taskflow_operators.py took 0.073 seconds
[2024-04-26T04:30:11.466+0000] {processor.py:161} INFO - Started process (PID=702) to work on /home/airflow/.local/lib/python3.8/site-packages/airflow/example_dags/example_dynamic_task_mapping_with_no_taskflow_operators.py
[2024-04-26T04:30:11.467+0000] {processor.py:830} INFO - Processing file /home/airflow/.local/lib/python3.8/site-packages/airflow/example_dags/example_dynamic_task_mapping_with_no_taskflow_operators.py for tasks to queue
[2024-04-26T04:30:11.468+0000] {logging_mixin.py:188} INFO - [2024-04-26T04:30:11.468+0000] {dagbag.py:538} INFO - Filling up the DagBag from /home/airflow/.local/lib/python3.8/site-packages/airflow/example_dags/example_dynamic_task_mapping_with_no_taskflow_operators.py
[2024-04-26T04:30:11.472+0000] {processor.py:840} INFO - DAG(s) 'example_dynamic_task_mapping_with_no_taskflow_operators' retrieved from /home/airflow/.local/lib/python3.8/site-packages/airflow/example_dags/example_dynamic_task_mapping_with_no_taskflow_operators.py
[2024-04-26T04:30:11.484+0000] {logging_mixin.py:188} INFO - [2024-04-26T04:30:11.484+0000] {dag.py:3036} INFO - Sync 1 DAGs
[2024-04-26T04:30:11.498+0000] {logging_mixin.py:188} INFO - [2024-04-26T04:30:11.498+0000] {dag.py:3823} INFO - Setting next_dagrun for example_dynamic_task_mapping_with_no_taskflow_operators to 2024-04-25 00:00:00+00:00, run_after=2024-04-26 00:00:00+00:00
[2024-04-26T04:30:11.512+0000] {processor.py:183} INFO - Processing /home/airflow/.local/lib/python3.8/site-packages/airflow/example_dags/example_dynamic_task_mapping_with_no_taskflow_operators.py took 0.049 seconds
[2024-04-26T04:30:42.047+0000] {processor.py:161} INFO - Started process (PID=778) to work on /home/airflow/.local/lib/python3.8/site-packages/airflow/example_dags/example_dynamic_task_mapping_with_no_taskflow_operators.py
[2024-04-26T04:30:42.049+0000] {processor.py:830} INFO - Processing file /home/airflow/.local/lib/python3.8/site-packages/airflow/example_dags/example_dynamic_task_mapping_with_no_taskflow_operators.py for tasks to queue
[2024-04-26T04:30:42.050+0000] {logging_mixin.py:188} INFO - [2024-04-26T04:30:42.050+0000] {dagbag.py:538} INFO - Filling up the DagBag from /home/airflow/.local/lib/python3.8/site-packages/airflow/example_dags/example_dynamic_task_mapping_with_no_taskflow_operators.py
[2024-04-26T04:30:42.055+0000] {processor.py:840} INFO - DAG(s) 'example_dynamic_task_mapping_with_no_taskflow_operators' retrieved from /home/airflow/.local/lib/python3.8/site-packages/airflow/example_dags/example_dynamic_task_mapping_with_no_taskflow_operators.py
[2024-04-26T04:30:42.068+0000] {logging_mixin.py:188} INFO - [2024-04-26T04:30:42.067+0000] {dag.py:3036} INFO - Sync 1 DAGs
[2024-04-26T04:30:42.081+0000] {logging_mixin.py:188} INFO - [2024-04-26T04:30:42.081+0000] {dag.py:3823} INFO - Setting next_dagrun for example_dynamic_task_mapping_with_no_taskflow_operators to 2024-04-25 00:00:00+00:00, run_after=2024-04-26 00:00:00+00:00
[2024-04-26T04:30:42.098+0000] {processor.py:183} INFO - Processing /home/airflow/.local/lib/python3.8/site-packages/airflow/example_dags/example_dynamic_task_mapping_with_no_taskflow_operators.py took 0.053 seconds
[2024-04-26T04:31:12.313+0000] {processor.py:161} INFO - Started process (PID=854) to work on /home/airflow/.local/lib/python3.8/site-packages/airflow/example_dags/example_dynamic_task_mapping_with_no_taskflow_operators.py
[2024-04-26T04:31:12.314+0000] {processor.py:830} INFO - Processing file /home/airflow/.local/lib/python3.8/site-packages/airflow/example_dags/example_dynamic_task_mapping_with_no_taskflow_operators.py for tasks to queue
[2024-04-26T04:31:12.316+0000] {logging_mixin.py:188} INFO - [2024-04-26T04:31:12.316+0000] {dagbag.py:538} INFO - Filling up the DagBag from /home/airflow/.local/lib/python3.8/site-packages/airflow/example_dags/example_dynamic_task_mapping_with_no_taskflow_operators.py
[2024-04-26T04:31:12.322+0000] {processor.py:840} INFO - DAG(s) 'example_dynamic_task_mapping_with_no_taskflow_operators' retrieved from /home/airflow/.local/lib/python3.8/site-packages/airflow/example_dags/example_dynamic_task_mapping_with_no_taskflow_operators.py
[2024-04-26T04:31:12.336+0000] {logging_mixin.py:188} INFO - [2024-04-26T04:31:12.336+0000] {dag.py:3036} INFO - Sync 1 DAGs
[2024-04-26T04:31:12.352+0000] {logging_mixin.py:188} INFO - [2024-04-26T04:31:12.352+0000] {dag.py:3823} INFO - Setting next_dagrun for example_dynamic_task_mapping_with_no_taskflow_operators to 2024-04-25 00:00:00+00:00, run_after=2024-04-26 00:00:00+00:00
[2024-04-26T04:31:12.369+0000] {processor.py:183} INFO - Processing /home/airflow/.local/lib/python3.8/site-packages/airflow/example_dags/example_dynamic_task_mapping_with_no_taskflow_operators.py took 0.058 seconds
[2024-04-26T04:31:42.467+0000] {processor.py:161} INFO - Started process (PID=929) to work on /home/airflow/.local/lib/python3.8/site-packages/airflow/example_dags/example_dynamic_task_mapping_with_no_taskflow_operators.py
[2024-04-26T04:31:42.468+0000] {processor.py:830} INFO - Processing file /home/airflow/.local/lib/python3.8/site-packages/airflow/example_dags/example_dynamic_task_mapping_with_no_taskflow_operators.py for tasks to queue
[2024-04-26T04:31:42.470+0000] {logging_mixin.py:188} INFO - [2024-04-26T04:31:42.470+0000] {dagbag.py:538} INFO - Filling up the DagBag from /home/airflow/.local/lib/python3.8/site-packages/airflow/example_dags/example_dynamic_task_mapping_with_no_taskflow_operators.py
[2024-04-26T04:31:42.474+0000] {processor.py:840} INFO - DAG(s) 'example_dynamic_task_mapping_with_no_taskflow_operators' retrieved from /home/airflow/.local/lib/python3.8/site-packages/airflow/example_dags/example_dynamic_task_mapping_with_no_taskflow_operators.py
[2024-04-26T04:31:42.489+0000] {logging_mixin.py:188} INFO - [2024-04-26T04:31:42.488+0000] {dag.py:3036} INFO - Sync 1 DAGs
[2024-04-26T04:31:42.504+0000] {logging_mixin.py:188} INFO - [2024-04-26T04:31:42.504+0000] {dag.py:3823} INFO - Setting next_dagrun for example_dynamic_task_mapping_with_no_taskflow_operators to 2024-04-25 00:00:00+00:00, run_after=2024-04-26 00:00:00+00:00
[2024-04-26T04:31:42.522+0000] {processor.py:183} INFO - Processing /home/airflow/.local/lib/python3.8/site-packages/airflow/example_dags/example_dynamic_task_mapping_with_no_taskflow_operators.py took 0.057 seconds
[2024-04-26T04:32:13.220+0000] {processor.py:161} INFO - Started process (PID=1006) to work on /home/airflow/.local/lib/python3.8/site-packages/airflow/example_dags/example_dynamic_task_mapping_with_no_taskflow_operators.py
[2024-04-26T04:32:13.222+0000] {processor.py:830} INFO - Processing file /home/airflow/.local/lib/python3.8/site-packages/airflow/example_dags/example_dynamic_task_mapping_with_no_taskflow_operators.py for tasks to queue
[2024-04-26T04:32:13.224+0000] {logging_mixin.py:188} INFO - [2024-04-26T04:32:13.224+0000] {dagbag.py:538} INFO - Filling up the DagBag from /home/airflow/.local/lib/python3.8/site-packages/airflow/example_dags/example_dynamic_task_mapping_with_no_taskflow_operators.py
[2024-04-26T04:32:13.230+0000] {processor.py:840} INFO - DAG(s) 'example_dynamic_task_mapping_with_no_taskflow_operators' retrieved from /home/airflow/.local/lib/python3.8/site-packages/airflow/example_dags/example_dynamic_task_mapping_with_no_taskflow_operators.py
[2024-04-26T04:32:13.247+0000] {logging_mixin.py:188} INFO - [2024-04-26T04:32:13.246+0000] {dag.py:3036} INFO - Sync 1 DAGs
[2024-04-26T04:32:13.265+0000] {logging_mixin.py:188} INFO - [2024-04-26T04:32:13.265+0000] {dag.py:3823} INFO - Setting next_dagrun for example_dynamic_task_mapping_with_no_taskflow_operators to 2024-04-25 00:00:00+00:00, run_after=2024-04-26 00:00:00+00:00
[2024-04-26T04:32:13.282+0000] {processor.py:183} INFO - Processing /home/airflow/.local/lib/python3.8/site-packages/airflow/example_dags/example_dynamic_task_mapping_with_no_taskflow_operators.py took 0.065 seconds
[2024-04-26T04:32:43.930+0000] {processor.py:161} INFO - Started process (PID=1082) to work on /home/airflow/.local/lib/python3.8/site-packages/airflow/example_dags/example_dynamic_task_mapping_with_no_taskflow_operators.py
[2024-04-26T04:32:43.932+0000] {processor.py:830} INFO - Processing file /home/airflow/.local/lib/python3.8/site-packages/airflow/example_dags/example_dynamic_task_mapping_with_no_taskflow_operators.py for tasks to queue
[2024-04-26T04:32:43.934+0000] {logging_mixin.py:188} INFO - [2024-04-26T04:32:43.933+0000] {dagbag.py:538} INFO - Filling up the DagBag from /home/airflow/.local/lib/python3.8/site-packages/airflow/example_dags/example_dynamic_task_mapping_with_no_taskflow_operators.py
[2024-04-26T04:32:43.940+0000] {processor.py:840} INFO - DAG(s) 'example_dynamic_task_mapping_with_no_taskflow_operators' retrieved from /home/airflow/.local/lib/python3.8/site-packages/airflow/example_dags/example_dynamic_task_mapping_with_no_taskflow_operators.py
[2024-04-26T04:32:43.959+0000] {logging_mixin.py:188} INFO - [2024-04-26T04:32:43.958+0000] {dag.py:3036} INFO - Sync 1 DAGs
[2024-04-26T04:32:43.978+0000] {logging_mixin.py:188} INFO - [2024-04-26T04:32:43.977+0000] {dag.py:3823} INFO - Setting next_dagrun for example_dynamic_task_mapping_with_no_taskflow_operators to 2024-04-25 00:00:00+00:00, run_after=2024-04-26 00:00:00+00:00
[2024-04-26T04:32:43.996+0000] {processor.py:183} INFO - Processing /home/airflow/.local/lib/python3.8/site-packages/airflow/example_dags/example_dynamic_task_mapping_with_no_taskflow_operators.py took 0.068 seconds
[2024-04-26T04:33:14.388+0000] {processor.py:161} INFO - Started process (PID=1157) to work on /home/airflow/.local/lib/python3.8/site-packages/airflow/example_dags/example_dynamic_task_mapping_with_no_taskflow_operators.py
[2024-04-26T04:33:14.390+0000] {processor.py:830} INFO - Processing file /home/airflow/.local/lib/python3.8/site-packages/airflow/example_dags/example_dynamic_task_mapping_with_no_taskflow_operators.py for tasks to queue
[2024-04-26T04:33:14.392+0000] {logging_mixin.py:188} INFO - [2024-04-26T04:33:14.392+0000] {dagbag.py:538} INFO - Filling up the DagBag from /home/airflow/.local/lib/python3.8/site-packages/airflow/example_dags/example_dynamic_task_mapping_with_no_taskflow_operators.py
[2024-04-26T04:33:14.400+0000] {processor.py:840} INFO - DAG(s) 'example_dynamic_task_mapping_with_no_taskflow_operators' retrieved from /home/airflow/.local/lib/python3.8/site-packages/airflow/example_dags/example_dynamic_task_mapping_with_no_taskflow_operators.py
[2024-04-26T04:33:14.420+0000] {logging_mixin.py:188} INFO - [2024-04-26T04:33:14.419+0000] {dag.py:3036} INFO - Sync 1 DAGs
[2024-04-26T04:33:14.443+0000] {logging_mixin.py:188} INFO - [2024-04-26T04:33:14.442+0000] {dag.py:3823} INFO - Setting next_dagrun for example_dynamic_task_mapping_with_no_taskflow_operators to 2024-04-25 00:00:00+00:00, run_after=2024-04-26 00:00:00+00:00
[2024-04-26T04:33:14.469+0000] {processor.py:183} INFO - Processing /home/airflow/.local/lib/python3.8/site-packages/airflow/example_dags/example_dynamic_task_mapping_with_no_taskflow_operators.py took 0.084 seconds
[2024-04-26T04:33:44.624+0000] {processor.py:161} INFO - Started process (PID=1233) to work on /home/airflow/.local/lib/python3.8/site-packages/airflow/example_dags/example_dynamic_task_mapping_with_no_taskflow_operators.py
[2024-04-26T04:33:44.625+0000] {processor.py:830} INFO - Processing file /home/airflow/.local/lib/python3.8/site-packages/airflow/example_dags/example_dynamic_task_mapping_with_no_taskflow_operators.py for tasks to queue
[2024-04-26T04:33:44.627+0000] {logging_mixin.py:188} INFO - [2024-04-26T04:33:44.627+0000] {dagbag.py:538} INFO - Filling up the DagBag from /home/airflow/.local/lib/python3.8/site-packages/airflow/example_dags/example_dynamic_task_mapping_with_no_taskflow_operators.py
[2024-04-26T04:33:44.631+0000] {processor.py:840} INFO - DAG(s) 'example_dynamic_task_mapping_with_no_taskflow_operators' retrieved from /home/airflow/.local/lib/python3.8/site-packages/airflow/example_dags/example_dynamic_task_mapping_with_no_taskflow_operators.py
[2024-04-26T04:33:44.645+0000] {logging_mixin.py:188} INFO - [2024-04-26T04:33:44.645+0000] {dag.py:3036} INFO - Sync 1 DAGs
[2024-04-26T04:33:44.659+0000] {logging_mixin.py:188} INFO - [2024-04-26T04:33:44.659+0000] {dag.py:3823} INFO - Setting next_dagrun for example_dynamic_task_mapping_with_no_taskflow_operators to 2024-04-25 00:00:00+00:00, run_after=2024-04-26 00:00:00+00:00
[2024-04-26T04:33:44.675+0000] {processor.py:183} INFO - Processing /home/airflow/.local/lib/python3.8/site-packages/airflow/example_dags/example_dynamic_task_mapping_with_no_taskflow_operators.py took 0.053 seconds
[2024-04-26T04:34:14.934+0000] {processor.py:161} INFO - Started process (PID=1309) to work on /home/airflow/.local/lib/python3.8/site-packages/airflow/example_dags/example_dynamic_task_mapping_with_no_taskflow_operators.py
[2024-04-26T04:34:14.935+0000] {processor.py:830} INFO - Processing file /home/airflow/.local/lib/python3.8/site-packages/airflow/example_dags/example_dynamic_task_mapping_with_no_taskflow_operators.py for tasks to queue
[2024-04-26T04:34:14.936+0000] {logging_mixin.py:188} INFO - [2024-04-26T04:34:14.936+0000] {dagbag.py:538} INFO - Filling up the DagBag from /home/airflow/.local/lib/python3.8/site-packages/airflow/example_dags/example_dynamic_task_mapping_with_no_taskflow_operators.py
[2024-04-26T04:34:14.941+0000] {processor.py:840} INFO - DAG(s) 'example_dynamic_task_mapping_with_no_taskflow_operators' retrieved from /home/airflow/.local/lib/python3.8/site-packages/airflow/example_dags/example_dynamic_task_mapping_with_no_taskflow_operators.py
[2024-04-26T04:34:14.953+0000] {logging_mixin.py:188} INFO - [2024-04-26T04:34:14.953+0000] {dag.py:3036} INFO - Sync 1 DAGs
[2024-04-26T04:34:14.968+0000] {logging_mixin.py:188} INFO - [2024-04-26T04:34:14.968+0000] {dag.py:3823} INFO - Setting next_dagrun for example_dynamic_task_mapping_with_no_taskflow_operators to 2024-04-25 00:00:00+00:00, run_after=2024-04-26 00:00:00+00:00
[2024-04-26T04:34:14.986+0000] {processor.py:183} INFO - Processing /home/airflow/.local/lib/python3.8/site-packages/airflow/example_dags/example_dynamic_task_mapping_with_no_taskflow_operators.py took 0.054 seconds
[2024-04-26T04:34:45.129+0000] {processor.py:161} INFO - Started process (PID=1385) to work on /home/airflow/.local/lib/python3.8/site-packages/airflow/example_dags/example_dynamic_task_mapping_with_no_taskflow_operators.py
[2024-04-26T04:34:45.131+0000] {processor.py:830} INFO - Processing file /home/airflow/.local/lib/python3.8/site-packages/airflow/example_dags/example_dynamic_task_mapping_with_no_taskflow_operators.py for tasks to queue
[2024-04-26T04:34:45.133+0000] {logging_mixin.py:188} INFO - [2024-04-26T04:34:45.133+0000] {dagbag.py:538} INFO - Filling up the DagBag from /home/airflow/.local/lib/python3.8/site-packages/airflow/example_dags/example_dynamic_task_mapping_with_no_taskflow_operators.py
[2024-04-26T04:34:45.137+0000] {processor.py:840} INFO - DAG(s) 'example_dynamic_task_mapping_with_no_taskflow_operators' retrieved from /home/airflow/.local/lib/python3.8/site-packages/airflow/example_dags/example_dynamic_task_mapping_with_no_taskflow_operators.py
[2024-04-26T04:34:45.150+0000] {logging_mixin.py:188} INFO - [2024-04-26T04:34:45.150+0000] {dag.py:3036} INFO - Sync 1 DAGs
[2024-04-26T04:34:45.163+0000] {logging_mixin.py:188} INFO - [2024-04-26T04:34:45.163+0000] {dag.py:3823} INFO - Setting next_dagrun for example_dynamic_task_mapping_with_no_taskflow_operators to 2024-04-25 00:00:00+00:00, run_after=2024-04-26 00:00:00+00:00
[2024-04-26T04:34:45.181+0000] {processor.py:183} INFO - Processing /home/airflow/.local/lib/python3.8/site-packages/airflow/example_dags/example_dynamic_task_mapping_with_no_taskflow_operators.py took 0.054 seconds
[2024-04-26T04:35:15.360+0000] {processor.py:161} INFO - Started process (PID=1461) to work on /home/airflow/.local/lib/python3.8/site-packages/airflow/example_dags/example_dynamic_task_mapping_with_no_taskflow_operators.py
[2024-04-26T04:35:15.361+0000] {processor.py:830} INFO - Processing file /home/airflow/.local/lib/python3.8/site-packages/airflow/example_dags/example_dynamic_task_mapping_with_no_taskflow_operators.py for tasks to queue
[2024-04-26T04:35:15.363+0000] {logging_mixin.py:188} INFO - [2024-04-26T04:35:15.363+0000] {dagbag.py:538} INFO - Filling up the DagBag from /home/airflow/.local/lib/python3.8/site-packages/airflow/example_dags/example_dynamic_task_mapping_with_no_taskflow_operators.py
[2024-04-26T04:35:15.367+0000] {processor.py:840} INFO - DAG(s) 'example_dynamic_task_mapping_with_no_taskflow_operators' retrieved from /home/airflow/.local/lib/python3.8/site-packages/airflow/example_dags/example_dynamic_task_mapping_with_no_taskflow_operators.py
[2024-04-26T04:35:15.380+0000] {logging_mixin.py:188} INFO - [2024-04-26T04:35:15.379+0000] {dag.py:3036} INFO - Sync 1 DAGs
[2024-04-26T04:35:15.394+0000] {logging_mixin.py:188} INFO - [2024-04-26T04:35:15.394+0000] {dag.py:3823} INFO - Setting next_dagrun for example_dynamic_task_mapping_with_no_taskflow_operators to 2024-04-25 00:00:00+00:00, run_after=2024-04-26 00:00:00+00:00
[2024-04-26T04:35:15.411+0000] {processor.py:183} INFO - Processing /home/airflow/.local/lib/python3.8/site-packages/airflow/example_dags/example_dynamic_task_mapping_with_no_taskflow_operators.py took 0.052 seconds
[2024-04-26T04:35:45.657+0000] {processor.py:161} INFO - Started process (PID=1537) to work on /home/airflow/.local/lib/python3.8/site-packages/airflow/example_dags/example_dynamic_task_mapping_with_no_taskflow_operators.py
[2024-04-26T04:35:45.658+0000] {processor.py:830} INFO - Processing file /home/airflow/.local/lib/python3.8/site-packages/airflow/example_dags/example_dynamic_task_mapping_with_no_taskflow_operators.py for tasks to queue
[2024-04-26T04:35:45.690+0000] {logging_mixin.py:188} INFO - [2024-04-26T04:35:45.689+0000] {dagbag.py:538} INFO - Filling up the DagBag from /home/airflow/.local/lib/python3.8/site-packages/airflow/example_dags/example_dynamic_task_mapping_with_no_taskflow_operators.py
[2024-04-26T04:35:45.721+0000] {processor.py:840} INFO - DAG(s) 'example_dynamic_task_mapping_with_no_taskflow_operators' retrieved from /home/airflow/.local/lib/python3.8/site-packages/airflow/example_dags/example_dynamic_task_mapping_with_no_taskflow_operators.py
[2024-04-26T04:35:45.772+0000] {logging_mixin.py:188} INFO - [2024-04-26T04:35:45.772+0000] {dag.py:3036} INFO - Sync 1 DAGs
[2024-04-26T04:35:45.786+0000] {logging_mixin.py:188} INFO - [2024-04-26T04:35:45.786+0000] {dag.py:3823} INFO - Setting next_dagrun for example_dynamic_task_mapping_with_no_taskflow_operators to 2024-04-25 00:00:00+00:00, run_after=2024-04-26 00:00:00+00:00
[2024-04-26T04:35:45.804+0000] {processor.py:183} INFO - Processing /home/airflow/.local/lib/python3.8/site-packages/airflow/example_dags/example_dynamic_task_mapping_with_no_taskflow_operators.py took 0.149 seconds
[2024-04-26T04:36:16.733+0000] {processor.py:161} INFO - Started process (PID=1613) to work on /home/airflow/.local/lib/python3.8/site-packages/airflow/example_dags/example_dynamic_task_mapping_with_no_taskflow_operators.py
[2024-04-26T04:36:16.735+0000] {processor.py:830} INFO - Processing file /home/airflow/.local/lib/python3.8/site-packages/airflow/example_dags/example_dynamic_task_mapping_with_no_taskflow_operators.py for tasks to queue
[2024-04-26T04:36:16.736+0000] {logging_mixin.py:188} INFO - [2024-04-26T04:36:16.736+0000] {dagbag.py:538} INFO - Filling up the DagBag from /home/airflow/.local/lib/python3.8/site-packages/airflow/example_dags/example_dynamic_task_mapping_with_no_taskflow_operators.py
[2024-04-26T04:36:16.741+0000] {processor.py:840} INFO - DAG(s) 'example_dynamic_task_mapping_with_no_taskflow_operators' retrieved from /home/airflow/.local/lib/python3.8/site-packages/airflow/example_dags/example_dynamic_task_mapping_with_no_taskflow_operators.py
[2024-04-26T04:36:16.753+0000] {logging_mixin.py:188} INFO - [2024-04-26T04:36:16.753+0000] {dag.py:3036} INFO - Sync 1 DAGs
[2024-04-26T04:36:16.773+0000] {logging_mixin.py:188} INFO - [2024-04-26T04:36:16.773+0000] {dag.py:3823} INFO - Setting next_dagrun for example_dynamic_task_mapping_with_no_taskflow_operators to 2024-04-25 00:00:00+00:00, run_after=2024-04-26 00:00:00+00:00
[2024-04-26T04:36:16.786+0000] {processor.py:183} INFO - Processing /home/airflow/.local/lib/python3.8/site-packages/airflow/example_dags/example_dynamic_task_mapping_with_no_taskflow_operators.py took 0.056 seconds
[2024-04-26T04:36:46.946+0000] {processor.py:161} INFO - Started process (PID=1689) to work on /home/airflow/.local/lib/python3.8/site-packages/airflow/example_dags/example_dynamic_task_mapping_with_no_taskflow_operators.py
[2024-04-26T04:36:46.947+0000] {processor.py:830} INFO - Processing file /home/airflow/.local/lib/python3.8/site-packages/airflow/example_dags/example_dynamic_task_mapping_with_no_taskflow_operators.py for tasks to queue
[2024-04-26T04:36:46.948+0000] {logging_mixin.py:188} INFO - [2024-04-26T04:36:46.948+0000] {dagbag.py:538} INFO - Filling up the DagBag from /home/airflow/.local/lib/python3.8/site-packages/airflow/example_dags/example_dynamic_task_mapping_with_no_taskflow_operators.py
[2024-04-26T04:36:46.953+0000] {processor.py:840} INFO - DAG(s) 'example_dynamic_task_mapping_with_no_taskflow_operators' retrieved from /home/airflow/.local/lib/python3.8/site-packages/airflow/example_dags/example_dynamic_task_mapping_with_no_taskflow_operators.py
[2024-04-26T04:36:46.965+0000] {logging_mixin.py:188} INFO - [2024-04-26T04:36:46.965+0000] {dag.py:3036} INFO - Sync 1 DAGs
[2024-04-26T04:36:46.978+0000] {logging_mixin.py:188} INFO - [2024-04-26T04:36:46.978+0000] {dag.py:3823} INFO - Setting next_dagrun for example_dynamic_task_mapping_with_no_taskflow_operators to 2024-04-25 00:00:00+00:00, run_after=2024-04-26 00:00:00+00:00
[2024-04-26T04:36:46.993+0000] {processor.py:183} INFO - Processing /home/airflow/.local/lib/python3.8/site-packages/airflow/example_dags/example_dynamic_task_mapping_with_no_taskflow_operators.py took 0.049 seconds
