[2024-04-26T04:26:09.224+0000] {processor.py:161} INFO - Started process (PID=99) to work on /home/airflow/.local/lib/python3.8/site-packages/airflow/example_dags/example_subdag_operator.py
[2024-04-26T04:26:09.226+0000] {processor.py:830} INFO - Processing file /home/airflow/.local/lib/python3.8/site-packages/airflow/example_dags/example_subdag_operator.py for tasks to queue
[2024-04-26T04:26:09.228+0000] {logging_mixin.py:188} INFO - [2024-04-26T04:26:09.228+0000] {dagbag.py:538} INFO - Filling up the DagBag from /home/airflow/.local/lib/python3.8/site-packages/airflow/example_dags/example_subdag_operator.py
[2024-04-26T04:26:09.251+0000] {processor.py:840} INFO - DAG(s) 'example_subdag_operator.section-1', 'example_subdag_operator.section-2', 'example_subdag_operator' retrieved from /home/airflow/.local/lib/python3.8/site-packages/airflow/example_dags/example_subdag_operator.py
[2024-04-26T04:26:09.269+0000] {logging_mixin.py:188} INFO - [2024-04-26T04:26:09.269+0000] {dag.py:3036} INFO - Sync 3 DAGs
[2024-04-26T04:26:09.290+0000] {logging_mixin.py:188} INFO - [2024-04-26T04:26:09.289+0000] {dag.py:3823} INFO - Setting next_dagrun for example_subdag_operator to 2022-01-01 00:00:00+00:00, run_after=2022-01-01 00:00:00+00:00
[2024-04-26T04:26:09.294+0000] {logging_mixin.py:188} INFO - [2024-04-26T04:26:09.293+0000] {dag.py:3823} INFO - Setting next_dagrun for example_subdag_operator.section-1 to None, run_after=None
[2024-04-26T04:26:09.295+0000] {logging_mixin.py:188} INFO - [2024-04-26T04:26:09.295+0000] {dag.py:3823} INFO - Setting next_dagrun for example_subdag_operator.section-2 to None, run_after=None
[2024-04-26T04:26:09.305+0000] {logging_mixin.py:188} INFO - [2024-04-26T04:26:09.304+0000] {dag.py:3036} INFO - Sync 2 DAGs
[2024-04-26T04:26:09.311+0000] {logging_mixin.py:188} INFO - [2024-04-26T04:26:09.311+0000] {dag.py:3823} INFO - Setting next_dagrun for example_subdag_operator.section-1 to None, run_after=None
[2024-04-26T04:26:09.312+0000] {logging_mixin.py:188} INFO - [2024-04-26T04:26:09.312+0000] {dag.py:3823} INFO - Setting next_dagrun for example_subdag_operator.section-2 to None, run_after=None
[2024-04-26T04:26:09.329+0000] {processor.py:183} INFO - Processing /home/airflow/.local/lib/python3.8/site-packages/airflow/example_dags/example_subdag_operator.py took 0.109 seconds
[2024-04-26T04:26:39.777+0000] {processor.py:161} INFO - Started process (PID=175) to work on /home/airflow/.local/lib/python3.8/site-packages/airflow/example_dags/example_subdag_operator.py
[2024-04-26T04:26:39.778+0000] {processor.py:830} INFO - Processing file /home/airflow/.local/lib/python3.8/site-packages/airflow/example_dags/example_subdag_operator.py for tasks to queue
[2024-04-26T04:26:39.781+0000] {logging_mixin.py:188} INFO - [2024-04-26T04:26:39.780+0000] {dagbag.py:538} INFO - Filling up the DagBag from /home/airflow/.local/lib/python3.8/site-packages/airflow/example_dags/example_subdag_operator.py
[2024-04-26T04:26:39.803+0000] {processor.py:840} INFO - DAG(s) 'example_subdag_operator.section-1', 'example_subdag_operator.section-2', 'example_subdag_operator' retrieved from /home/airflow/.local/lib/python3.8/site-packages/airflow/example_dags/example_subdag_operator.py
[2024-04-26T04:26:39.819+0000] {logging_mixin.py:188} INFO - [2024-04-26T04:26:39.819+0000] {dag.py:3036} INFO - Sync 3 DAGs
[2024-04-26T04:26:39.839+0000] {logging_mixin.py:188} INFO - [2024-04-26T04:26:39.838+0000] {dag.py:3823} INFO - Setting next_dagrun for example_subdag_operator to 2022-01-01 00:00:00+00:00, run_after=2022-01-01 00:00:00+00:00
[2024-04-26T04:26:39.842+0000] {logging_mixin.py:188} INFO - [2024-04-26T04:26:39.842+0000] {dag.py:3823} INFO - Setting next_dagrun for example_subdag_operator.section-1 to None, run_after=None
[2024-04-26T04:26:39.844+0000] {logging_mixin.py:188} INFO - [2024-04-26T04:26:39.844+0000] {dag.py:3823} INFO - Setting next_dagrun for example_subdag_operator.section-2 to None, run_after=None
[2024-04-26T04:26:39.851+0000] {logging_mixin.py:188} INFO - [2024-04-26T04:26:39.851+0000] {dag.py:3036} INFO - Sync 2 DAGs
[2024-04-26T04:26:39.857+0000] {logging_mixin.py:188} INFO - [2024-04-26T04:26:39.857+0000] {dag.py:3823} INFO - Setting next_dagrun for example_subdag_operator.section-1 to None, run_after=None
[2024-04-26T04:26:39.858+0000] {logging_mixin.py:188} INFO - [2024-04-26T04:26:39.858+0000] {dag.py:3823} INFO - Setting next_dagrun for example_subdag_operator.section-2 to None, run_after=None
[2024-04-26T04:26:39.870+0000] {processor.py:183} INFO - Processing /home/airflow/.local/lib/python3.8/site-packages/airflow/example_dags/example_subdag_operator.py took 0.096 seconds
[2024-04-26T04:27:10.282+0000] {processor.py:161} INFO - Started process (PID=272) to work on /home/airflow/.local/lib/python3.8/site-packages/airflow/example_dags/example_subdag_operator.py
[2024-04-26T04:27:10.284+0000] {processor.py:830} INFO - Processing file /home/airflow/.local/lib/python3.8/site-packages/airflow/example_dags/example_subdag_operator.py for tasks to queue
[2024-04-26T04:27:10.286+0000] {logging_mixin.py:188} INFO - [2024-04-26T04:27:10.286+0000] {dagbag.py:538} INFO - Filling up the DagBag from /home/airflow/.local/lib/python3.8/site-packages/airflow/example_dags/example_subdag_operator.py
[2024-04-26T04:27:10.311+0000] {processor.py:840} INFO - DAG(s) 'example_subdag_operator.section-1', 'example_subdag_operator.section-2', 'example_subdag_operator' retrieved from /home/airflow/.local/lib/python3.8/site-packages/airflow/example_dags/example_subdag_operator.py
[2024-04-26T04:27:10.328+0000] {logging_mixin.py:188} INFO - [2024-04-26T04:27:10.328+0000] {dag.py:3036} INFO - Sync 3 DAGs
[2024-04-26T04:27:10.351+0000] {logging_mixin.py:188} INFO - [2024-04-26T04:27:10.350+0000] {dag.py:3823} INFO - Setting next_dagrun for example_subdag_operator to 2022-01-01 00:00:00+00:00, run_after=2022-01-01 00:00:00+00:00
[2024-04-26T04:27:10.355+0000] {logging_mixin.py:188} INFO - [2024-04-26T04:27:10.355+0000] {dag.py:3823} INFO - Setting next_dagrun for example_subdag_operator.section-1 to None, run_after=None
[2024-04-26T04:27:10.357+0000] {logging_mixin.py:188} INFO - [2024-04-26T04:27:10.357+0000] {dag.py:3823} INFO - Setting next_dagrun for example_subdag_operator.section-2 to None, run_after=None
[2024-04-26T04:27:10.365+0000] {logging_mixin.py:188} INFO - [2024-04-26T04:27:10.365+0000] {dag.py:3036} INFO - Sync 2 DAGs
[2024-04-26T04:27:10.371+0000] {logging_mixin.py:188} INFO - [2024-04-26T04:27:10.371+0000] {dag.py:3823} INFO - Setting next_dagrun for example_subdag_operator.section-1 to None, run_after=None
[2024-04-26T04:27:10.372+0000] {logging_mixin.py:188} INFO - [2024-04-26T04:27:10.372+0000] {dag.py:3823} INFO - Setting next_dagrun for example_subdag_operator.section-2 to None, run_after=None
[2024-04-26T04:27:10.386+0000] {processor.py:183} INFO - Processing /home/airflow/.local/lib/python3.8/site-packages/airflow/example_dags/example_subdag_operator.py took 0.107 seconds
[2024-04-26T04:27:41.254+0000] {processor.py:161} INFO - Started process (PID=348) to work on /home/airflow/.local/lib/python3.8/site-packages/airflow/example_dags/example_subdag_operator.py
[2024-04-26T04:27:41.256+0000] {processor.py:830} INFO - Processing file /home/airflow/.local/lib/python3.8/site-packages/airflow/example_dags/example_subdag_operator.py for tasks to queue
[2024-04-26T04:27:41.258+0000] {logging_mixin.py:188} INFO - [2024-04-26T04:27:41.257+0000] {dagbag.py:538} INFO - Filling up the DagBag from /home/airflow/.local/lib/python3.8/site-packages/airflow/example_dags/example_subdag_operator.py
[2024-04-26T04:27:41.274+0000] {processor.py:840} INFO - DAG(s) 'example_subdag_operator.section-1', 'example_subdag_operator.section-2', 'example_subdag_operator' retrieved from /home/airflow/.local/lib/python3.8/site-packages/airflow/example_dags/example_subdag_operator.py
[2024-04-26T04:27:41.285+0000] {logging_mixin.py:188} INFO - [2024-04-26T04:27:41.284+0000] {dag.py:3036} INFO - Sync 3 DAGs
[2024-04-26T04:27:41.299+0000] {logging_mixin.py:188} INFO - [2024-04-26T04:27:41.299+0000] {dag.py:3823} INFO - Setting next_dagrun for example_subdag_operator to 2022-01-01 00:00:00+00:00, run_after=2022-01-01 00:00:00+00:00
[2024-04-26T04:27:41.302+0000] {logging_mixin.py:188} INFO - [2024-04-26T04:27:41.302+0000] {dag.py:3823} INFO - Setting next_dagrun for example_subdag_operator.section-1 to None, run_after=None
[2024-04-26T04:27:41.304+0000] {logging_mixin.py:188} INFO - [2024-04-26T04:27:41.303+0000] {dag.py:3823} INFO - Setting next_dagrun for example_subdag_operator.section-2 to None, run_after=None
[2024-04-26T04:27:41.310+0000] {logging_mixin.py:188} INFO - [2024-04-26T04:27:41.310+0000] {dag.py:3036} INFO - Sync 2 DAGs
[2024-04-26T04:27:41.314+0000] {logging_mixin.py:188} INFO - [2024-04-26T04:27:41.314+0000] {dag.py:3823} INFO - Setting next_dagrun for example_subdag_operator.section-1 to None, run_after=None
[2024-04-26T04:27:41.315+0000] {logging_mixin.py:188} INFO - [2024-04-26T04:27:41.314+0000] {dag.py:3823} INFO - Setting next_dagrun for example_subdag_operator.section-2 to None, run_after=None
[2024-04-26T04:27:41.326+0000] {processor.py:183} INFO - Processing /home/airflow/.local/lib/python3.8/site-packages/airflow/example_dags/example_subdag_operator.py took 0.074 seconds
[2024-04-26T04:28:11.828+0000] {processor.py:161} INFO - Started process (PID=424) to work on /home/airflow/.local/lib/python3.8/site-packages/airflow/example_dags/example_subdag_operator.py
[2024-04-26T04:28:11.830+0000] {processor.py:830} INFO - Processing file /home/airflow/.local/lib/python3.8/site-packages/airflow/example_dags/example_subdag_operator.py for tasks to queue
[2024-04-26T04:28:11.833+0000] {logging_mixin.py:188} INFO - [2024-04-26T04:28:11.833+0000] {dagbag.py:538} INFO - Filling up the DagBag from /home/airflow/.local/lib/python3.8/site-packages/airflow/example_dags/example_subdag_operator.py
[2024-04-26T04:28:11.853+0000] {processor.py:840} INFO - DAG(s) 'example_subdag_operator.section-1', 'example_subdag_operator.section-2', 'example_subdag_operator' retrieved from /home/airflow/.local/lib/python3.8/site-packages/airflow/example_dags/example_subdag_operator.py
[2024-04-26T04:28:11.867+0000] {logging_mixin.py:188} INFO - [2024-04-26T04:28:11.867+0000] {dag.py:3036} INFO - Sync 3 DAGs
[2024-04-26T04:28:11.886+0000] {logging_mixin.py:188} INFO - [2024-04-26T04:28:11.886+0000] {dag.py:3823} INFO - Setting next_dagrun for example_subdag_operator to 2022-01-01 00:00:00+00:00, run_after=2022-01-01 00:00:00+00:00
[2024-04-26T04:28:11.889+0000] {logging_mixin.py:188} INFO - [2024-04-26T04:28:11.889+0000] {dag.py:3823} INFO - Setting next_dagrun for example_subdag_operator.section-1 to None, run_after=None
[2024-04-26T04:28:11.891+0000] {logging_mixin.py:188} INFO - [2024-04-26T04:28:11.891+0000] {dag.py:3823} INFO - Setting next_dagrun for example_subdag_operator.section-2 to None, run_after=None
[2024-04-26T04:28:11.899+0000] {logging_mixin.py:188} INFO - [2024-04-26T04:28:11.899+0000] {dag.py:3036} INFO - Sync 2 DAGs
[2024-04-26T04:28:11.904+0000] {logging_mixin.py:188} INFO - [2024-04-26T04:28:11.904+0000] {dag.py:3823} INFO - Setting next_dagrun for example_subdag_operator.section-1 to None, run_after=None
[2024-04-26T04:28:11.905+0000] {logging_mixin.py:188} INFO - [2024-04-26T04:28:11.905+0000] {dag.py:3823} INFO - Setting next_dagrun for example_subdag_operator.section-2 to None, run_after=None
[2024-04-26T04:28:11.914+0000] {processor.py:183} INFO - Processing /home/airflow/.local/lib/python3.8/site-packages/airflow/example_dags/example_subdag_operator.py took 0.089 seconds
[2024-04-26T04:28:42.484+0000] {processor.py:161} INFO - Started process (PID=500) to work on /home/airflow/.local/lib/python3.8/site-packages/airflow/example_dags/example_subdag_operator.py
[2024-04-26T04:28:42.485+0000] {processor.py:830} INFO - Processing file /home/airflow/.local/lib/python3.8/site-packages/airflow/example_dags/example_subdag_operator.py for tasks to queue
[2024-04-26T04:28:42.486+0000] {logging_mixin.py:188} INFO - [2024-04-26T04:28:42.486+0000] {dagbag.py:538} INFO - Filling up the DagBag from /home/airflow/.local/lib/python3.8/site-packages/airflow/example_dags/example_subdag_operator.py
[2024-04-26T04:28:42.504+0000] {processor.py:840} INFO - DAG(s) 'example_subdag_operator.section-1', 'example_subdag_operator.section-2', 'example_subdag_operator' retrieved from /home/airflow/.local/lib/python3.8/site-packages/airflow/example_dags/example_subdag_operator.py
[2024-04-26T04:28:42.516+0000] {logging_mixin.py:188} INFO - [2024-04-26T04:28:42.515+0000] {dag.py:3036} INFO - Sync 3 DAGs
[2024-04-26T04:28:42.536+0000] {logging_mixin.py:188} INFO - [2024-04-26T04:28:42.535+0000] {dag.py:3823} INFO - Setting next_dagrun for example_subdag_operator to 2022-01-01 00:00:00+00:00, run_after=2022-01-01 00:00:00+00:00
[2024-04-26T04:28:42.540+0000] {logging_mixin.py:188} INFO - [2024-04-26T04:28:42.540+0000] {dag.py:3823} INFO - Setting next_dagrun for example_subdag_operator.section-1 to None, run_after=None
[2024-04-26T04:28:42.542+0000] {logging_mixin.py:188} INFO - [2024-04-26T04:28:42.541+0000] {dag.py:3823} INFO - Setting next_dagrun for example_subdag_operator.section-2 to None, run_after=None
[2024-04-26T04:28:42.548+0000] {logging_mixin.py:188} INFO - [2024-04-26T04:28:42.548+0000] {dag.py:3036} INFO - Sync 2 DAGs
[2024-04-26T04:28:42.553+0000] {logging_mixin.py:188} INFO - [2024-04-26T04:28:42.553+0000] {dag.py:3823} INFO - Setting next_dagrun for example_subdag_operator.section-1 to None, run_after=None
[2024-04-26T04:28:42.554+0000] {logging_mixin.py:188} INFO - [2024-04-26T04:28:42.554+0000] {dag.py:3823} INFO - Setting next_dagrun for example_subdag_operator.section-2 to None, run_after=None
[2024-04-26T04:28:42.568+0000] {processor.py:183} INFO - Processing /home/airflow/.local/lib/python3.8/site-packages/airflow/example_dags/example_subdag_operator.py took 0.087 seconds
[2024-04-26T04:29:13.448+0000] {processor.py:161} INFO - Started process (PID=577) to work on /home/airflow/.local/lib/python3.8/site-packages/airflow/example_dags/example_subdag_operator.py
[2024-04-26T04:29:13.449+0000] {processor.py:830} INFO - Processing file /home/airflow/.local/lib/python3.8/site-packages/airflow/example_dags/example_subdag_operator.py for tasks to queue
[2024-04-26T04:29:13.452+0000] {logging_mixin.py:188} INFO - [2024-04-26T04:29:13.451+0000] {dagbag.py:538} INFO - Filling up the DagBag from /home/airflow/.local/lib/python3.8/site-packages/airflow/example_dags/example_subdag_operator.py
[2024-04-26T04:29:13.469+0000] {processor.py:840} INFO - DAG(s) 'example_subdag_operator.section-1', 'example_subdag_operator.section-2', 'example_subdag_operator' retrieved from /home/airflow/.local/lib/python3.8/site-packages/airflow/example_dags/example_subdag_operator.py
[2024-04-26T04:29:13.482+0000] {logging_mixin.py:188} INFO - [2024-04-26T04:29:13.482+0000] {dag.py:3036} INFO - Sync 3 DAGs
[2024-04-26T04:29:13.498+0000] {logging_mixin.py:188} INFO - [2024-04-26T04:29:13.498+0000] {dag.py:3823} INFO - Setting next_dagrun for example_subdag_operator to 2022-01-01 00:00:00+00:00, run_after=2022-01-01 00:00:00+00:00
[2024-04-26T04:29:13.501+0000] {logging_mixin.py:188} INFO - [2024-04-26T04:29:13.501+0000] {dag.py:3823} INFO - Setting next_dagrun for example_subdag_operator.section-1 to None, run_after=None
[2024-04-26T04:29:13.503+0000] {logging_mixin.py:188} INFO - [2024-04-26T04:29:13.503+0000] {dag.py:3823} INFO - Setting next_dagrun for example_subdag_operator.section-2 to None, run_after=None
[2024-04-26T04:29:13.509+0000] {logging_mixin.py:188} INFO - [2024-04-26T04:29:13.509+0000] {dag.py:3036} INFO - Sync 2 DAGs
[2024-04-26T04:29:13.513+0000] {logging_mixin.py:188} INFO - [2024-04-26T04:29:13.513+0000] {dag.py:3823} INFO - Setting next_dagrun for example_subdag_operator.section-1 to None, run_after=None
[2024-04-26T04:29:13.514+0000] {logging_mixin.py:188} INFO - [2024-04-26T04:29:13.514+0000] {dag.py:3823} INFO - Setting next_dagrun for example_subdag_operator.section-2 to None, run_after=None
[2024-04-26T04:29:13.524+0000] {processor.py:183} INFO - Processing /home/airflow/.local/lib/python3.8/site-packages/airflow/example_dags/example_subdag_operator.py took 0.079 seconds
[2024-04-26T04:29:44.248+0000] {processor.py:161} INFO - Started process (PID=653) to work on /home/airflow/.local/lib/python3.8/site-packages/airflow/example_dags/example_subdag_operator.py
[2024-04-26T04:29:44.250+0000] {processor.py:830} INFO - Processing file /home/airflow/.local/lib/python3.8/site-packages/airflow/example_dags/example_subdag_operator.py for tasks to queue
[2024-04-26T04:29:44.252+0000] {logging_mixin.py:188} INFO - [2024-04-26T04:29:44.252+0000] {dagbag.py:538} INFO - Filling up the DagBag from /home/airflow/.local/lib/python3.8/site-packages/airflow/example_dags/example_subdag_operator.py
[2024-04-26T04:29:44.273+0000] {processor.py:840} INFO - DAG(s) 'example_subdag_operator.section-1', 'example_subdag_operator.section-2', 'example_subdag_operator' retrieved from /home/airflow/.local/lib/python3.8/site-packages/airflow/example_dags/example_subdag_operator.py
[2024-04-26T04:29:44.286+0000] {logging_mixin.py:188} INFO - [2024-04-26T04:29:44.286+0000] {dag.py:3036} INFO - Sync 3 DAGs
[2024-04-26T04:29:44.303+0000] {logging_mixin.py:188} INFO - [2024-04-26T04:29:44.303+0000] {dag.py:3823} INFO - Setting next_dagrun for example_subdag_operator to 2022-01-01 00:00:00+00:00, run_after=2022-01-01 00:00:00+00:00
[2024-04-26T04:29:44.306+0000] {logging_mixin.py:188} INFO - [2024-04-26T04:29:44.306+0000] {dag.py:3823} INFO - Setting next_dagrun for example_subdag_operator.section-1 to None, run_after=None
[2024-04-26T04:29:44.308+0000] {logging_mixin.py:188} INFO - [2024-04-26T04:29:44.308+0000] {dag.py:3823} INFO - Setting next_dagrun for example_subdag_operator.section-2 to None, run_after=None
[2024-04-26T04:29:44.313+0000] {logging_mixin.py:188} INFO - [2024-04-26T04:29:44.313+0000] {dag.py:3036} INFO - Sync 2 DAGs
[2024-04-26T04:29:44.317+0000] {logging_mixin.py:188} INFO - [2024-04-26T04:29:44.317+0000] {dag.py:3823} INFO - Setting next_dagrun for example_subdag_operator.section-1 to None, run_after=None
[2024-04-26T04:29:44.318+0000] {logging_mixin.py:188} INFO - [2024-04-26T04:29:44.318+0000] {dag.py:3823} INFO - Setting next_dagrun for example_subdag_operator.section-2 to None, run_after=None
[2024-04-26T04:29:44.331+0000] {processor.py:183} INFO - Processing /home/airflow/.local/lib/python3.8/site-packages/airflow/example_dags/example_subdag_operator.py took 0.086 seconds
[2024-04-26T04:30:14.694+0000] {processor.py:161} INFO - Started process (PID=729) to work on /home/airflow/.local/lib/python3.8/site-packages/airflow/example_dags/example_subdag_operator.py
[2024-04-26T04:30:14.695+0000] {processor.py:830} INFO - Processing file /home/airflow/.local/lib/python3.8/site-packages/airflow/example_dags/example_subdag_operator.py for tasks to queue
[2024-04-26T04:30:14.696+0000] {logging_mixin.py:188} INFO - [2024-04-26T04:30:14.696+0000] {dagbag.py:538} INFO - Filling up the DagBag from /home/airflow/.local/lib/python3.8/site-packages/airflow/example_dags/example_subdag_operator.py
[2024-04-26T04:30:14.713+0000] {processor.py:840} INFO - DAG(s) 'example_subdag_operator.section-1', 'example_subdag_operator.section-2', 'example_subdag_operator' retrieved from /home/airflow/.local/lib/python3.8/site-packages/airflow/example_dags/example_subdag_operator.py
[2024-04-26T04:30:14.724+0000] {logging_mixin.py:188} INFO - [2024-04-26T04:30:14.724+0000] {dag.py:3036} INFO - Sync 3 DAGs
[2024-04-26T04:30:14.739+0000] {logging_mixin.py:188} INFO - [2024-04-26T04:30:14.738+0000] {dag.py:3823} INFO - Setting next_dagrun for example_subdag_operator to 2022-01-01 00:00:00+00:00, run_after=2022-01-01 00:00:00+00:00
[2024-04-26T04:30:14.741+0000] {logging_mixin.py:188} INFO - [2024-04-26T04:30:14.741+0000] {dag.py:3823} INFO - Setting next_dagrun for example_subdag_operator.section-1 to None, run_after=None
[2024-04-26T04:30:14.743+0000] {logging_mixin.py:188} INFO - [2024-04-26T04:30:14.742+0000] {dag.py:3823} INFO - Setting next_dagrun for example_subdag_operator.section-2 to None, run_after=None
[2024-04-26T04:30:14.750+0000] {logging_mixin.py:188} INFO - [2024-04-26T04:30:14.749+0000] {dag.py:3036} INFO - Sync 2 DAGs
[2024-04-26T04:30:14.753+0000] {logging_mixin.py:188} INFO - [2024-04-26T04:30:14.753+0000] {dag.py:3823} INFO - Setting next_dagrun for example_subdag_operator.section-1 to None, run_after=None
[2024-04-26T04:30:14.754+0000] {logging_mixin.py:188} INFO - [2024-04-26T04:30:14.753+0000] {dag.py:3823} INFO - Setting next_dagrun for example_subdag_operator.section-2 to None, run_after=None
[2024-04-26T04:30:14.763+0000] {processor.py:183} INFO - Processing /home/airflow/.local/lib/python3.8/site-packages/airflow/example_dags/example_subdag_operator.py took 0.071 seconds
[2024-04-26T04:30:45.211+0000] {processor.py:161} INFO - Started process (PID=805) to work on /home/airflow/.local/lib/python3.8/site-packages/airflow/example_dags/example_subdag_operator.py
[2024-04-26T04:30:45.212+0000] {processor.py:830} INFO - Processing file /home/airflow/.local/lib/python3.8/site-packages/airflow/example_dags/example_subdag_operator.py for tasks to queue
[2024-04-26T04:30:45.214+0000] {logging_mixin.py:188} INFO - [2024-04-26T04:30:45.213+0000] {dagbag.py:538} INFO - Filling up the DagBag from /home/airflow/.local/lib/python3.8/site-packages/airflow/example_dags/example_subdag_operator.py
[2024-04-26T04:30:45.229+0000] {processor.py:840} INFO - DAG(s) 'example_subdag_operator.section-1', 'example_subdag_operator.section-2', 'example_subdag_operator' retrieved from /home/airflow/.local/lib/python3.8/site-packages/airflow/example_dags/example_subdag_operator.py
[2024-04-26T04:30:45.243+0000] {logging_mixin.py:188} INFO - [2024-04-26T04:30:45.243+0000] {dag.py:3036} INFO - Sync 3 DAGs
[2024-04-26T04:30:45.260+0000] {logging_mixin.py:188} INFO - [2024-04-26T04:30:45.260+0000] {dag.py:3823} INFO - Setting next_dagrun for example_subdag_operator to 2022-01-01 00:00:00+00:00, run_after=2022-01-01 00:00:00+00:00
[2024-04-26T04:30:45.262+0000] {logging_mixin.py:188} INFO - [2024-04-26T04:30:45.262+0000] {dag.py:3823} INFO - Setting next_dagrun for example_subdag_operator.section-1 to None, run_after=None
[2024-04-26T04:30:45.263+0000] {logging_mixin.py:188} INFO - [2024-04-26T04:30:45.263+0000] {dag.py:3823} INFO - Setting next_dagrun for example_subdag_operator.section-2 to None, run_after=None
[2024-04-26T04:30:45.268+0000] {logging_mixin.py:188} INFO - [2024-04-26T04:30:45.268+0000] {dag.py:3036} INFO - Sync 2 DAGs
[2024-04-26T04:30:45.272+0000] {logging_mixin.py:188} INFO - [2024-04-26T04:30:45.272+0000] {dag.py:3823} INFO - Setting next_dagrun for example_subdag_operator.section-1 to None, run_after=None
[2024-04-26T04:30:45.272+0000] {logging_mixin.py:188} INFO - [2024-04-26T04:30:45.272+0000] {dag.py:3823} INFO - Setting next_dagrun for example_subdag_operator.section-2 to None, run_after=None
[2024-04-26T04:30:45.282+0000] {processor.py:183} INFO - Processing /home/airflow/.local/lib/python3.8/site-packages/airflow/example_dags/example_subdag_operator.py took 0.073 seconds
[2024-04-26T04:31:15.672+0000] {processor.py:161} INFO - Started process (PID=881) to work on /home/airflow/.local/lib/python3.8/site-packages/airflow/example_dags/example_subdag_operator.py
[2024-04-26T04:31:15.673+0000] {processor.py:830} INFO - Processing file /home/airflow/.local/lib/python3.8/site-packages/airflow/example_dags/example_subdag_operator.py for tasks to queue
[2024-04-26T04:31:15.675+0000] {logging_mixin.py:188} INFO - [2024-04-26T04:31:15.674+0000] {dagbag.py:538} INFO - Filling up the DagBag from /home/airflow/.local/lib/python3.8/site-packages/airflow/example_dags/example_subdag_operator.py
[2024-04-26T04:31:15.692+0000] {processor.py:840} INFO - DAG(s) 'example_subdag_operator.section-1', 'example_subdag_operator.section-2', 'example_subdag_operator' retrieved from /home/airflow/.local/lib/python3.8/site-packages/airflow/example_dags/example_subdag_operator.py
[2024-04-26T04:31:15.703+0000] {logging_mixin.py:188} INFO - [2024-04-26T04:31:15.703+0000] {dag.py:3036} INFO - Sync 3 DAGs
[2024-04-26T04:31:15.717+0000] {logging_mixin.py:188} INFO - [2024-04-26T04:31:15.717+0000] {dag.py:3823} INFO - Setting next_dagrun for example_subdag_operator to 2022-01-01 00:00:00+00:00, run_after=2022-01-01 00:00:00+00:00
[2024-04-26T04:31:15.720+0000] {logging_mixin.py:188} INFO - [2024-04-26T04:31:15.720+0000] {dag.py:3823} INFO - Setting next_dagrun for example_subdag_operator.section-1 to None, run_after=None
[2024-04-26T04:31:15.721+0000] {logging_mixin.py:188} INFO - [2024-04-26T04:31:15.721+0000] {dag.py:3823} INFO - Setting next_dagrun for example_subdag_operator.section-2 to None, run_after=None
[2024-04-26T04:31:15.726+0000] {logging_mixin.py:188} INFO - [2024-04-26T04:31:15.726+0000] {dag.py:3036} INFO - Sync 2 DAGs
[2024-04-26T04:31:15.729+0000] {logging_mixin.py:188} INFO - [2024-04-26T04:31:15.729+0000] {dag.py:3823} INFO - Setting next_dagrun for example_subdag_operator.section-1 to None, run_after=None
[2024-04-26T04:31:15.730+0000] {logging_mixin.py:188} INFO - [2024-04-26T04:31:15.730+0000] {dag.py:3823} INFO - Setting next_dagrun for example_subdag_operator.section-2 to None, run_after=None
[2024-04-26T04:31:15.739+0000] {processor.py:183} INFO - Processing /home/airflow/.local/lib/python3.8/site-packages/airflow/example_dags/example_subdag_operator.py took 0.069 seconds
[2024-04-26T04:31:46.068+0000] {processor.py:161} INFO - Started process (PID=957) to work on /home/airflow/.local/lib/python3.8/site-packages/airflow/example_dags/example_subdag_operator.py
[2024-04-26T04:31:46.069+0000] {processor.py:830} INFO - Processing file /home/airflow/.local/lib/python3.8/site-packages/airflow/example_dags/example_subdag_operator.py for tasks to queue
[2024-04-26T04:31:46.071+0000] {logging_mixin.py:188} INFO - [2024-04-26T04:31:46.071+0000] {dagbag.py:538} INFO - Filling up the DagBag from /home/airflow/.local/lib/python3.8/site-packages/airflow/example_dags/example_subdag_operator.py
[2024-04-26T04:31:46.088+0000] {processor.py:840} INFO - DAG(s) 'example_subdag_operator.section-1', 'example_subdag_operator.section-2', 'example_subdag_operator' retrieved from /home/airflow/.local/lib/python3.8/site-packages/airflow/example_dags/example_subdag_operator.py
[2024-04-26T04:31:46.099+0000] {logging_mixin.py:188} INFO - [2024-04-26T04:31:46.099+0000] {dag.py:3036} INFO - Sync 3 DAGs
[2024-04-26T04:31:46.113+0000] {logging_mixin.py:188} INFO - [2024-04-26T04:31:46.113+0000] {dag.py:3823} INFO - Setting next_dagrun for example_subdag_operator to 2022-01-01 00:00:00+00:00, run_after=2022-01-01 00:00:00+00:00
[2024-04-26T04:31:46.116+0000] {logging_mixin.py:188} INFO - [2024-04-26T04:31:46.116+0000] {dag.py:3823} INFO - Setting next_dagrun for example_subdag_operator.section-1 to None, run_after=None
[2024-04-26T04:31:46.117+0000] {logging_mixin.py:188} INFO - [2024-04-26T04:31:46.117+0000] {dag.py:3823} INFO - Setting next_dagrun for example_subdag_operator.section-2 to None, run_after=None
[2024-04-26T04:31:46.122+0000] {logging_mixin.py:188} INFO - [2024-04-26T04:31:46.122+0000] {dag.py:3036} INFO - Sync 2 DAGs
[2024-04-26T04:31:46.126+0000] {logging_mixin.py:188} INFO - [2024-04-26T04:31:46.126+0000] {dag.py:3823} INFO - Setting next_dagrun for example_subdag_operator.section-1 to None, run_after=None
[2024-04-26T04:31:46.127+0000] {logging_mixin.py:188} INFO - [2024-04-26T04:31:46.127+0000] {dag.py:3823} INFO - Setting next_dagrun for example_subdag_operator.section-2 to None, run_after=None
[2024-04-26T04:31:46.138+0000] {processor.py:183} INFO - Processing /home/airflow/.local/lib/python3.8/site-packages/airflow/example_dags/example_subdag_operator.py took 0.073 seconds
[2024-04-26T04:32:16.670+0000] {processor.py:161} INFO - Started process (PID=1033) to work on /home/airflow/.local/lib/python3.8/site-packages/airflow/example_dags/example_subdag_operator.py
[2024-04-26T04:32:16.671+0000] {processor.py:830} INFO - Processing file /home/airflow/.local/lib/python3.8/site-packages/airflow/example_dags/example_subdag_operator.py for tasks to queue
[2024-04-26T04:32:16.673+0000] {logging_mixin.py:188} INFO - [2024-04-26T04:32:16.673+0000] {dagbag.py:538} INFO - Filling up the DagBag from /home/airflow/.local/lib/python3.8/site-packages/airflow/example_dags/example_subdag_operator.py
[2024-04-26T04:32:16.696+0000] {processor.py:840} INFO - DAG(s) 'example_subdag_operator.section-1', 'example_subdag_operator.section-2', 'example_subdag_operator' retrieved from /home/airflow/.local/lib/python3.8/site-packages/airflow/example_dags/example_subdag_operator.py
[2024-04-26T04:32:16.710+0000] {logging_mixin.py:188} INFO - [2024-04-26T04:32:16.710+0000] {dag.py:3036} INFO - Sync 3 DAGs
[2024-04-26T04:32:16.728+0000] {logging_mixin.py:188} INFO - [2024-04-26T04:32:16.728+0000] {dag.py:3823} INFO - Setting next_dagrun for example_subdag_operator to 2022-01-01 00:00:00+00:00, run_after=2022-01-01 00:00:00+00:00
[2024-04-26T04:32:16.732+0000] {logging_mixin.py:188} INFO - [2024-04-26T04:32:16.731+0000] {dag.py:3823} INFO - Setting next_dagrun for example_subdag_operator.section-1 to None, run_after=None
[2024-04-26T04:32:16.733+0000] {logging_mixin.py:188} INFO - [2024-04-26T04:32:16.733+0000] {dag.py:3823} INFO - Setting next_dagrun for example_subdag_operator.section-2 to None, run_after=None
[2024-04-26T04:32:16.741+0000] {logging_mixin.py:188} INFO - [2024-04-26T04:32:16.741+0000] {dag.py:3036} INFO - Sync 2 DAGs
[2024-04-26T04:32:16.746+0000] {logging_mixin.py:188} INFO - [2024-04-26T04:32:16.746+0000] {dag.py:3823} INFO - Setting next_dagrun for example_subdag_operator.section-1 to None, run_after=None
[2024-04-26T04:32:16.747+0000] {logging_mixin.py:188} INFO - [2024-04-26T04:32:16.746+0000] {dag.py:3823} INFO - Setting next_dagrun for example_subdag_operator.section-2 to None, run_after=None
[2024-04-26T04:32:16.758+0000] {processor.py:183} INFO - Processing /home/airflow/.local/lib/python3.8/site-packages/airflow/example_dags/example_subdag_operator.py took 0.091 seconds
[2024-04-26T04:32:46.876+0000] {processor.py:161} INFO - Started process (PID=1109) to work on /home/airflow/.local/lib/python3.8/site-packages/airflow/example_dags/example_subdag_operator.py
[2024-04-26T04:32:46.878+0000] {processor.py:830} INFO - Processing file /home/airflow/.local/lib/python3.8/site-packages/airflow/example_dags/example_subdag_operator.py for tasks to queue
[2024-04-26T04:32:46.879+0000] {logging_mixin.py:188} INFO - [2024-04-26T04:32:46.879+0000] {dagbag.py:538} INFO - Filling up the DagBag from /home/airflow/.local/lib/python3.8/site-packages/airflow/example_dags/example_subdag_operator.py
[2024-04-26T04:32:46.901+0000] {processor.py:840} INFO - DAG(s) 'example_subdag_operator.section-1', 'example_subdag_operator.section-2', 'example_subdag_operator' retrieved from /home/airflow/.local/lib/python3.8/site-packages/airflow/example_dags/example_subdag_operator.py
[2024-04-26T04:32:46.916+0000] {logging_mixin.py:188} INFO - [2024-04-26T04:32:46.916+0000] {dag.py:3036} INFO - Sync 3 DAGs
[2024-04-26T04:32:46.935+0000] {logging_mixin.py:188} INFO - [2024-04-26T04:32:46.935+0000] {dag.py:3823} INFO - Setting next_dagrun for example_subdag_operator to 2022-01-01 00:00:00+00:00, run_after=2022-01-01 00:00:00+00:00
[2024-04-26T04:32:46.942+0000] {logging_mixin.py:188} INFO - [2024-04-26T04:32:46.941+0000] {dag.py:3823} INFO - Setting next_dagrun for example_subdag_operator.section-1 to None, run_after=None
[2024-04-26T04:32:46.943+0000] {logging_mixin.py:188} INFO - [2024-04-26T04:32:46.943+0000] {dag.py:3823} INFO - Setting next_dagrun for example_subdag_operator.section-2 to None, run_after=None
[2024-04-26T04:32:46.950+0000] {logging_mixin.py:188} INFO - [2024-04-26T04:32:46.950+0000] {dag.py:3036} INFO - Sync 2 DAGs
[2024-04-26T04:32:46.955+0000] {logging_mixin.py:188} INFO - [2024-04-26T04:32:46.955+0000] {dag.py:3823} INFO - Setting next_dagrun for example_subdag_operator.section-1 to None, run_after=None
[2024-04-26T04:32:46.957+0000] {logging_mixin.py:188} INFO - [2024-04-26T04:32:46.956+0000] {dag.py:3823} INFO - Setting next_dagrun for example_subdag_operator.section-2 to None, run_after=None
[2024-04-26T04:32:46.972+0000] {processor.py:183} INFO - Processing /home/airflow/.local/lib/python3.8/site-packages/airflow/example_dags/example_subdag_operator.py took 0.099 seconds
[2024-04-26T04:33:17.764+0000] {processor.py:161} INFO - Started process (PID=1185) to work on /home/airflow/.local/lib/python3.8/site-packages/airflow/example_dags/example_subdag_operator.py
[2024-04-26T04:33:17.765+0000] {processor.py:830} INFO - Processing file /home/airflow/.local/lib/python3.8/site-packages/airflow/example_dags/example_subdag_operator.py for tasks to queue
[2024-04-26T04:33:17.768+0000] {logging_mixin.py:188} INFO - [2024-04-26T04:33:17.767+0000] {dagbag.py:538} INFO - Filling up the DagBag from /home/airflow/.local/lib/python3.8/site-packages/airflow/example_dags/example_subdag_operator.py
[2024-04-26T04:33:17.792+0000] {processor.py:840} INFO - DAG(s) 'example_subdag_operator.section-1', 'example_subdag_operator.section-2', 'example_subdag_operator' retrieved from /home/airflow/.local/lib/python3.8/site-packages/airflow/example_dags/example_subdag_operator.py
[2024-04-26T04:33:17.808+0000] {logging_mixin.py:188} INFO - [2024-04-26T04:33:17.808+0000] {dag.py:3036} INFO - Sync 3 DAGs
[2024-04-26T04:33:17.828+0000] {logging_mixin.py:188} INFO - [2024-04-26T04:33:17.828+0000] {dag.py:3823} INFO - Setting next_dagrun for example_subdag_operator to 2022-01-01 00:00:00+00:00, run_after=2022-01-01 00:00:00+00:00
[2024-04-26T04:33:17.831+0000] {logging_mixin.py:188} INFO - [2024-04-26T04:33:17.831+0000] {dag.py:3823} INFO - Setting next_dagrun for example_subdag_operator.section-1 to None, run_after=None
[2024-04-26T04:33:17.833+0000] {logging_mixin.py:188} INFO - [2024-04-26T04:33:17.833+0000] {dag.py:3823} INFO - Setting next_dagrun for example_subdag_operator.section-2 to None, run_after=None
[2024-04-26T04:33:17.840+0000] {logging_mixin.py:188} INFO - [2024-04-26T04:33:17.840+0000] {dag.py:3036} INFO - Sync 2 DAGs
[2024-04-26T04:33:17.846+0000] {logging_mixin.py:188} INFO - [2024-04-26T04:33:17.846+0000] {dag.py:3823} INFO - Setting next_dagrun for example_subdag_operator.section-1 to None, run_after=None
[2024-04-26T04:33:17.847+0000] {logging_mixin.py:188} INFO - [2024-04-26T04:33:17.847+0000] {dag.py:3823} INFO - Setting next_dagrun for example_subdag_operator.section-2 to None, run_after=None
[2024-04-26T04:33:17.860+0000] {processor.py:183} INFO - Processing /home/airflow/.local/lib/python3.8/site-packages/airflow/example_dags/example_subdag_operator.py took 0.100 seconds
[2024-04-26T04:33:47.904+0000] {processor.py:161} INFO - Started process (PID=1261) to work on /home/airflow/.local/lib/python3.8/site-packages/airflow/example_dags/example_subdag_operator.py
[2024-04-26T04:33:47.905+0000] {processor.py:830} INFO - Processing file /home/airflow/.local/lib/python3.8/site-packages/airflow/example_dags/example_subdag_operator.py for tasks to queue
[2024-04-26T04:33:47.906+0000] {logging_mixin.py:188} INFO - [2024-04-26T04:33:47.906+0000] {dagbag.py:538} INFO - Filling up the DagBag from /home/airflow/.local/lib/python3.8/site-packages/airflow/example_dags/example_subdag_operator.py
[2024-04-26T04:33:47.922+0000] {processor.py:840} INFO - DAG(s) 'example_subdag_operator.section-1', 'example_subdag_operator.section-2', 'example_subdag_operator' retrieved from /home/airflow/.local/lib/python3.8/site-packages/airflow/example_dags/example_subdag_operator.py
[2024-04-26T04:33:47.933+0000] {logging_mixin.py:188} INFO - [2024-04-26T04:33:47.933+0000] {dag.py:3036} INFO - Sync 3 DAGs
[2024-04-26T04:33:47.948+0000] {logging_mixin.py:188} INFO - [2024-04-26T04:33:47.947+0000] {dag.py:3823} INFO - Setting next_dagrun for example_subdag_operator to 2022-01-01 00:00:00+00:00, run_after=2022-01-01 00:00:00+00:00
[2024-04-26T04:33:47.951+0000] {logging_mixin.py:188} INFO - [2024-04-26T04:33:47.951+0000] {dag.py:3823} INFO - Setting next_dagrun for example_subdag_operator.section-1 to None, run_after=None
[2024-04-26T04:33:47.953+0000] {logging_mixin.py:188} INFO - [2024-04-26T04:33:47.952+0000] {dag.py:3823} INFO - Setting next_dagrun for example_subdag_operator.section-2 to None, run_after=None
[2024-04-26T04:33:47.959+0000] {logging_mixin.py:188} INFO - [2024-04-26T04:33:47.958+0000] {dag.py:3036} INFO - Sync 2 DAGs
[2024-04-26T04:33:47.963+0000] {logging_mixin.py:188} INFO - [2024-04-26T04:33:47.963+0000] {dag.py:3823} INFO - Setting next_dagrun for example_subdag_operator.section-1 to None, run_after=None
[2024-04-26T04:33:47.964+0000] {logging_mixin.py:188} INFO - [2024-04-26T04:33:47.964+0000] {dag.py:3823} INFO - Setting next_dagrun for example_subdag_operator.section-2 to None, run_after=None
[2024-04-26T04:33:47.975+0000] {processor.py:183} INFO - Processing /home/airflow/.local/lib/python3.8/site-packages/airflow/example_dags/example_subdag_operator.py took 0.074 seconds
[2024-04-26T04:34:18.468+0000] {processor.py:161} INFO - Started process (PID=1337) to work on /home/airflow/.local/lib/python3.8/site-packages/airflow/example_dags/example_subdag_operator.py
[2024-04-26T04:34:18.469+0000] {processor.py:830} INFO - Processing file /home/airflow/.local/lib/python3.8/site-packages/airflow/example_dags/example_subdag_operator.py for tasks to queue
[2024-04-26T04:34:18.471+0000] {logging_mixin.py:188} INFO - [2024-04-26T04:34:18.471+0000] {dagbag.py:538} INFO - Filling up the DagBag from /home/airflow/.local/lib/python3.8/site-packages/airflow/example_dags/example_subdag_operator.py
[2024-04-26T04:34:18.488+0000] {processor.py:840} INFO - DAG(s) 'example_subdag_operator.section-1', 'example_subdag_operator.section-2', 'example_subdag_operator' retrieved from /home/airflow/.local/lib/python3.8/site-packages/airflow/example_dags/example_subdag_operator.py
[2024-04-26T04:34:18.500+0000] {logging_mixin.py:188} INFO - [2024-04-26T04:34:18.500+0000] {dag.py:3036} INFO - Sync 3 DAGs
[2024-04-26T04:34:18.515+0000] {logging_mixin.py:188} INFO - [2024-04-26T04:34:18.515+0000] {dag.py:3823} INFO - Setting next_dagrun for example_subdag_operator to 2022-01-01 00:00:00+00:00, run_after=2022-01-01 00:00:00+00:00
[2024-04-26T04:34:18.518+0000] {logging_mixin.py:188} INFO - [2024-04-26T04:34:18.518+0000] {dag.py:3823} INFO - Setting next_dagrun for example_subdag_operator.section-1 to None, run_after=None
[2024-04-26T04:34:18.519+0000] {logging_mixin.py:188} INFO - [2024-04-26T04:34:18.519+0000] {dag.py:3823} INFO - Setting next_dagrun for example_subdag_operator.section-2 to None, run_after=None
[2024-04-26T04:34:18.525+0000] {logging_mixin.py:188} INFO - [2024-04-26T04:34:18.525+0000] {dag.py:3036} INFO - Sync 2 DAGs
[2024-04-26T04:34:18.529+0000] {logging_mixin.py:188} INFO - [2024-04-26T04:34:18.529+0000] {dag.py:3823} INFO - Setting next_dagrun for example_subdag_operator.section-1 to None, run_after=None
[2024-04-26T04:34:18.529+0000] {logging_mixin.py:188} INFO - [2024-04-26T04:34:18.529+0000] {dag.py:3823} INFO - Setting next_dagrun for example_subdag_operator.section-2 to None, run_after=None
[2024-04-26T04:34:18.541+0000] {processor.py:183} INFO - Processing /home/airflow/.local/lib/python3.8/site-packages/airflow/example_dags/example_subdag_operator.py took 0.076 seconds
[2024-04-26T04:34:49.407+0000] {processor.py:161} INFO - Started process (PID=1413) to work on /home/airflow/.local/lib/python3.8/site-packages/airflow/example_dags/example_subdag_operator.py
[2024-04-26T04:34:49.408+0000] {processor.py:830} INFO - Processing file /home/airflow/.local/lib/python3.8/site-packages/airflow/example_dags/example_subdag_operator.py for tasks to queue
[2024-04-26T04:34:49.410+0000] {logging_mixin.py:188} INFO - [2024-04-26T04:34:49.410+0000] {dagbag.py:538} INFO - Filling up the DagBag from /home/airflow/.local/lib/python3.8/site-packages/airflow/example_dags/example_subdag_operator.py
[2024-04-26T04:34:49.428+0000] {processor.py:840} INFO - DAG(s) 'example_subdag_operator.section-1', 'example_subdag_operator.section-2', 'example_subdag_operator' retrieved from /home/airflow/.local/lib/python3.8/site-packages/airflow/example_dags/example_subdag_operator.py
[2024-04-26T04:34:49.439+0000] {logging_mixin.py:188} INFO - [2024-04-26T04:34:49.439+0000] {dag.py:3036} INFO - Sync 3 DAGs
[2024-04-26T04:34:49.453+0000] {logging_mixin.py:188} INFO - [2024-04-26T04:34:49.453+0000] {dag.py:3823} INFO - Setting next_dagrun for example_subdag_operator to 2022-01-01 00:00:00+00:00, run_after=2022-01-01 00:00:00+00:00
[2024-04-26T04:34:49.456+0000] {logging_mixin.py:188} INFO - [2024-04-26T04:34:49.456+0000] {dag.py:3823} INFO - Setting next_dagrun for example_subdag_operator.section-1 to None, run_after=None
[2024-04-26T04:34:49.457+0000] {logging_mixin.py:188} INFO - [2024-04-26T04:34:49.457+0000] {dag.py:3823} INFO - Setting next_dagrun for example_subdag_operator.section-2 to None, run_after=None
[2024-04-26T04:34:49.463+0000] {logging_mixin.py:188} INFO - [2024-04-26T04:34:49.463+0000] {dag.py:3036} INFO - Sync 2 DAGs
[2024-04-26T04:34:49.467+0000] {logging_mixin.py:188} INFO - [2024-04-26T04:34:49.466+0000] {dag.py:3823} INFO - Setting next_dagrun for example_subdag_operator.section-1 to None, run_after=None
[2024-04-26T04:34:49.467+0000] {logging_mixin.py:188} INFO - [2024-04-26T04:34:49.467+0000] {dag.py:3823} INFO - Setting next_dagrun for example_subdag_operator.section-2 to None, run_after=None
[2024-04-26T04:34:49.476+0000] {processor.py:183} INFO - Processing /home/airflow/.local/lib/python3.8/site-packages/airflow/example_dags/example_subdag_operator.py took 0.072 seconds
[2024-04-26T04:35:19.814+0000] {processor.py:161} INFO - Started process (PID=1489) to work on /home/airflow/.local/lib/python3.8/site-packages/airflow/example_dags/example_subdag_operator.py
[2024-04-26T04:35:19.815+0000] {processor.py:830} INFO - Processing file /home/airflow/.local/lib/python3.8/site-packages/airflow/example_dags/example_subdag_operator.py for tasks to queue
[2024-04-26T04:35:19.816+0000] {logging_mixin.py:188} INFO - [2024-04-26T04:35:19.816+0000] {dagbag.py:538} INFO - Filling up the DagBag from /home/airflow/.local/lib/python3.8/site-packages/airflow/example_dags/example_subdag_operator.py
[2024-04-26T04:35:19.833+0000] {processor.py:840} INFO - DAG(s) 'example_subdag_operator.section-1', 'example_subdag_operator.section-2', 'example_subdag_operator' retrieved from /home/airflow/.local/lib/python3.8/site-packages/airflow/example_dags/example_subdag_operator.py
[2024-04-26T04:35:19.845+0000] {logging_mixin.py:188} INFO - [2024-04-26T04:35:19.845+0000] {dag.py:3036} INFO - Sync 3 DAGs
[2024-04-26T04:35:19.859+0000] {logging_mixin.py:188} INFO - [2024-04-26T04:35:19.859+0000] {dag.py:3823} INFO - Setting next_dagrun for example_subdag_operator to 2022-01-01 00:00:00+00:00, run_after=2022-01-01 00:00:00+00:00
[2024-04-26T04:35:19.862+0000] {logging_mixin.py:188} INFO - [2024-04-26T04:35:19.862+0000] {dag.py:3823} INFO - Setting next_dagrun for example_subdag_operator.section-1 to None, run_after=None
[2024-04-26T04:35:19.864+0000] {logging_mixin.py:188} INFO - [2024-04-26T04:35:19.864+0000] {dag.py:3823} INFO - Setting next_dagrun for example_subdag_operator.section-2 to None, run_after=None
[2024-04-26T04:35:19.869+0000] {logging_mixin.py:188} INFO - [2024-04-26T04:35:19.869+0000] {dag.py:3036} INFO - Sync 2 DAGs
[2024-04-26T04:35:19.873+0000] {logging_mixin.py:188} INFO - [2024-04-26T04:35:19.873+0000] {dag.py:3823} INFO - Setting next_dagrun for example_subdag_operator.section-1 to None, run_after=None
[2024-04-26T04:35:19.892+0000] {logging_mixin.py:188} INFO - [2024-04-26T04:35:19.892+0000] {dag.py:3823} INFO - Setting next_dagrun for example_subdag_operator.section-2 to None, run_after=None
[2024-04-26T04:35:19.903+0000] {processor.py:183} INFO - Processing /home/airflow/.local/lib/python3.8/site-packages/airflow/example_dags/example_subdag_operator.py took 0.091 seconds
[2024-04-26T04:35:50.173+0000] {processor.py:161} INFO - Started process (PID=1565) to work on /home/airflow/.local/lib/python3.8/site-packages/airflow/example_dags/example_subdag_operator.py
[2024-04-26T04:35:50.174+0000] {processor.py:830} INFO - Processing file /home/airflow/.local/lib/python3.8/site-packages/airflow/example_dags/example_subdag_operator.py for tasks to queue
[2024-04-26T04:35:50.176+0000] {logging_mixin.py:188} INFO - [2024-04-26T04:35:50.176+0000] {dagbag.py:538} INFO - Filling up the DagBag from /home/airflow/.local/lib/python3.8/site-packages/airflow/example_dags/example_subdag_operator.py
[2024-04-26T04:35:50.193+0000] {processor.py:840} INFO - DAG(s) 'example_subdag_operator.section-1', 'example_subdag_operator.section-2', 'example_subdag_operator' retrieved from /home/airflow/.local/lib/python3.8/site-packages/airflow/example_dags/example_subdag_operator.py
[2024-04-26T04:35:50.204+0000] {logging_mixin.py:188} INFO - [2024-04-26T04:35:50.204+0000] {dag.py:3036} INFO - Sync 3 DAGs
[2024-04-26T04:35:50.217+0000] {logging_mixin.py:188} INFO - [2024-04-26T04:35:50.217+0000] {dag.py:3823} INFO - Setting next_dagrun for example_subdag_operator to 2022-01-01 00:00:00+00:00, run_after=2022-01-01 00:00:00+00:00
[2024-04-26T04:35:50.220+0000] {logging_mixin.py:188} INFO - [2024-04-26T04:35:50.220+0000] {dag.py:3823} INFO - Setting next_dagrun for example_subdag_operator.section-1 to None, run_after=None
[2024-04-26T04:35:50.222+0000] {logging_mixin.py:188} INFO - [2024-04-26T04:35:50.222+0000] {dag.py:3823} INFO - Setting next_dagrun for example_subdag_operator.section-2 to None, run_after=None
[2024-04-26T04:35:50.227+0000] {logging_mixin.py:188} INFO - [2024-04-26T04:35:50.226+0000] {dag.py:3036} INFO - Sync 2 DAGs
[2024-04-26T04:35:50.231+0000] {logging_mixin.py:188} INFO - [2024-04-26T04:35:50.231+0000] {dag.py:3823} INFO - Setting next_dagrun for example_subdag_operator.section-1 to None, run_after=None
[2024-04-26T04:35:50.232+0000] {logging_mixin.py:188} INFO - [2024-04-26T04:35:50.231+0000] {dag.py:3823} INFO - Setting next_dagrun for example_subdag_operator.section-2 to None, run_after=None
[2024-04-26T04:35:50.241+0000] {processor.py:183} INFO - Processing /home/airflow/.local/lib/python3.8/site-packages/airflow/example_dags/example_subdag_operator.py took 0.070 seconds
[2024-04-26T04:36:20.284+0000] {processor.py:161} INFO - Started process (PID=1641) to work on /home/airflow/.local/lib/python3.8/site-packages/airflow/example_dags/example_subdag_operator.py
[2024-04-26T04:36:20.285+0000] {processor.py:830} INFO - Processing file /home/airflow/.local/lib/python3.8/site-packages/airflow/example_dags/example_subdag_operator.py for tasks to queue
[2024-04-26T04:36:20.287+0000] {logging_mixin.py:188} INFO - [2024-04-26T04:36:20.287+0000] {dagbag.py:538} INFO - Filling up the DagBag from /home/airflow/.local/lib/python3.8/site-packages/airflow/example_dags/example_subdag_operator.py
[2024-04-26T04:36:20.303+0000] {processor.py:840} INFO - DAG(s) 'example_subdag_operator.section-1', 'example_subdag_operator.section-2', 'example_subdag_operator' retrieved from /home/airflow/.local/lib/python3.8/site-packages/airflow/example_dags/example_subdag_operator.py
[2024-04-26T04:36:20.313+0000] {logging_mixin.py:188} INFO - [2024-04-26T04:36:20.313+0000] {dag.py:3036} INFO - Sync 3 DAGs
[2024-04-26T04:36:20.328+0000] {logging_mixin.py:188} INFO - [2024-04-26T04:36:20.328+0000] {dag.py:3823} INFO - Setting next_dagrun for example_subdag_operator to 2022-01-01 00:00:00+00:00, run_after=2022-01-01 00:00:00+00:00
[2024-04-26T04:36:20.331+0000] {logging_mixin.py:188} INFO - [2024-04-26T04:36:20.330+0000] {dag.py:3823} INFO - Setting next_dagrun for example_subdag_operator.section-1 to None, run_after=None
[2024-04-26T04:36:20.332+0000] {logging_mixin.py:188} INFO - [2024-04-26T04:36:20.332+0000] {dag.py:3823} INFO - Setting next_dagrun for example_subdag_operator.section-2 to None, run_after=None
[2024-04-26T04:36:20.338+0000] {logging_mixin.py:188} INFO - [2024-04-26T04:36:20.338+0000] {dag.py:3036} INFO - Sync 2 DAGs
[2024-04-26T04:36:20.342+0000] {logging_mixin.py:188} INFO - [2024-04-26T04:36:20.341+0000] {dag.py:3823} INFO - Setting next_dagrun for example_subdag_operator.section-1 to None, run_after=None
[2024-04-26T04:36:20.342+0000] {logging_mixin.py:188} INFO - [2024-04-26T04:36:20.342+0000] {dag.py:3823} INFO - Setting next_dagrun for example_subdag_operator.section-2 to None, run_after=None
[2024-04-26T04:36:20.350+0000] {processor.py:183} INFO - Processing /home/airflow/.local/lib/python3.8/site-packages/airflow/example_dags/example_subdag_operator.py took 0.068 seconds
[2024-04-26T04:36:50.416+0000] {processor.py:161} INFO - Started process (PID=1717) to work on /home/airflow/.local/lib/python3.8/site-packages/airflow/example_dags/example_subdag_operator.py
[2024-04-26T04:36:50.417+0000] {processor.py:830} INFO - Processing file /home/airflow/.local/lib/python3.8/site-packages/airflow/example_dags/example_subdag_operator.py for tasks to queue
[2024-04-26T04:36:50.418+0000] {logging_mixin.py:188} INFO - [2024-04-26T04:36:50.418+0000] {dagbag.py:538} INFO - Filling up the DagBag from /home/airflow/.local/lib/python3.8/site-packages/airflow/example_dags/example_subdag_operator.py
[2024-04-26T04:36:50.435+0000] {processor.py:840} INFO - DAG(s) 'example_subdag_operator.section-1', 'example_subdag_operator.section-2', 'example_subdag_operator' retrieved from /home/airflow/.local/lib/python3.8/site-packages/airflow/example_dags/example_subdag_operator.py
[2024-04-26T04:36:50.445+0000] {logging_mixin.py:188} INFO - [2024-04-26T04:36:50.445+0000] {dag.py:3036} INFO - Sync 3 DAGs
[2024-04-26T04:36:50.459+0000] {logging_mixin.py:188} INFO - [2024-04-26T04:36:50.459+0000] {dag.py:3823} INFO - Setting next_dagrun for example_subdag_operator to 2022-01-01 00:00:00+00:00, run_after=2022-01-01 00:00:00+00:00
[2024-04-26T04:36:50.462+0000] {logging_mixin.py:188} INFO - [2024-04-26T04:36:50.462+0000] {dag.py:3823} INFO - Setting next_dagrun for example_subdag_operator.section-1 to None, run_after=None
[2024-04-26T04:36:50.469+0000] {logging_mixin.py:188} INFO - [2024-04-26T04:36:50.468+0000] {dag.py:3823} INFO - Setting next_dagrun for example_subdag_operator.section-2 to None, run_after=None
[2024-04-26T04:36:50.474+0000] {logging_mixin.py:188} INFO - [2024-04-26T04:36:50.474+0000] {dag.py:3036} INFO - Sync 2 DAGs
[2024-04-26T04:36:50.477+0000] {logging_mixin.py:188} INFO - [2024-04-26T04:36:50.477+0000] {dag.py:3823} INFO - Setting next_dagrun for example_subdag_operator.section-1 to None, run_after=None
[2024-04-26T04:36:50.478+0000] {logging_mixin.py:188} INFO - [2024-04-26T04:36:50.478+0000] {dag.py:3823} INFO - Setting next_dagrun for example_subdag_operator.section-2 to None, run_after=None
[2024-04-26T04:36:50.489+0000] {processor.py:183} INFO - Processing /home/airflow/.local/lib/python3.8/site-packages/airflow/example_dags/example_subdag_operator.py took 0.075 seconds
