[2024-04-26T04:26:09.484+0000] {processor.py:161} INFO - Started process (PID=103) to work on /home/airflow/.local/lib/python3.8/site-packages/airflow/example_dags/example_python_decorator.py
[2024-04-26T04:26:09.486+0000] {processor.py:830} INFO - Processing file /home/airflow/.local/lib/python3.8/site-packages/airflow/example_dags/example_python_decorator.py for tasks to queue
[2024-04-26T04:26:09.489+0000] {logging_mixin.py:188} INFO - [2024-04-26T04:26:09.489+0000] {dagbag.py:538} INFO - Filling up the DagBag from /home/airflow/.local/lib/python3.8/site-packages/airflow/example_dags/example_python_decorator.py
[2024-04-26T04:26:09.509+0000] {processor.py:840} INFO - DAG(s) 'example_python_decorator' retrieved from /home/airflow/.local/lib/python3.8/site-packages/airflow/example_dags/example_python_decorator.py
[2024-04-26T04:26:09.601+0000] {logging_mixin.py:188} INFO - [2024-04-26T04:26:09.600+0000] {dag.py:3036} INFO - Sync 1 DAGs
[2024-04-26T04:26:09.610+0000] {logging_mixin.py:188} INFO - [2024-04-26T04:26:09.610+0000] {dag.py:3823} INFO - Setting next_dagrun for example_python_decorator to None, run_after=None
[2024-04-26T04:26:09.631+0000] {processor.py:183} INFO - Processing /home/airflow/.local/lib/python3.8/site-packages/airflow/example_dags/example_python_decorator.py took 0.151 seconds
[2024-04-26T04:26:39.999+0000] {processor.py:161} INFO - Started process (PID=179) to work on /home/airflow/.local/lib/python3.8/site-packages/airflow/example_dags/example_python_decorator.py
[2024-04-26T04:26:40.001+0000] {processor.py:830} INFO - Processing file /home/airflow/.local/lib/python3.8/site-packages/airflow/example_dags/example_python_decorator.py for tasks to queue
[2024-04-26T04:26:40.004+0000] {logging_mixin.py:188} INFO - [2024-04-26T04:26:40.003+0000] {dagbag.py:538} INFO - Filling up the DagBag from /home/airflow/.local/lib/python3.8/site-packages/airflow/example_dags/example_python_decorator.py
[2024-04-26T04:26:40.016+0000] {processor.py:840} INFO - DAG(s) 'example_python_decorator' retrieved from /home/airflow/.local/lib/python3.8/site-packages/airflow/example_dags/example_python_decorator.py
[2024-04-26T04:26:40.036+0000] {logging_mixin.py:188} INFO - [2024-04-26T04:26:40.036+0000] {dag.py:3036} INFO - Sync 1 DAGs
[2024-04-26T04:26:40.048+0000] {logging_mixin.py:188} INFO - [2024-04-26T04:26:40.047+0000] {dag.py:3823} INFO - Setting next_dagrun for example_python_decorator to None, run_after=None
[2024-04-26T04:26:40.065+0000] {processor.py:183} INFO - Processing /home/airflow/.local/lib/python3.8/site-packages/airflow/example_dags/example_python_decorator.py took 0.069 seconds
[2024-04-26T04:27:10.520+0000] {processor.py:161} INFO - Started process (PID=276) to work on /home/airflow/.local/lib/python3.8/site-packages/airflow/example_dags/example_python_decorator.py
[2024-04-26T04:27:10.522+0000] {processor.py:830} INFO - Processing file /home/airflow/.local/lib/python3.8/site-packages/airflow/example_dags/example_python_decorator.py for tasks to queue
[2024-04-26T04:27:10.525+0000] {logging_mixin.py:188} INFO - [2024-04-26T04:27:10.524+0000] {dagbag.py:538} INFO - Filling up the DagBag from /home/airflow/.local/lib/python3.8/site-packages/airflow/example_dags/example_python_decorator.py
[2024-04-26T04:27:10.537+0000] {processor.py:840} INFO - DAG(s) 'example_python_decorator' retrieved from /home/airflow/.local/lib/python3.8/site-packages/airflow/example_dags/example_python_decorator.py
[2024-04-26T04:27:10.554+0000] {logging_mixin.py:188} INFO - [2024-04-26T04:27:10.554+0000] {dag.py:3036} INFO - Sync 1 DAGs
[2024-04-26T04:27:10.564+0000] {logging_mixin.py:188} INFO - [2024-04-26T04:27:10.564+0000] {dag.py:3823} INFO - Setting next_dagrun for example_python_decorator to None, run_after=None
[2024-04-26T04:27:10.580+0000] {processor.py:183} INFO - Processing /home/airflow/.local/lib/python3.8/site-packages/airflow/example_dags/example_python_decorator.py took 0.063 seconds
[2024-04-26T04:27:41.430+0000] {processor.py:161} INFO - Started process (PID=352) to work on /home/airflow/.local/lib/python3.8/site-packages/airflow/example_dags/example_python_decorator.py
[2024-04-26T04:27:41.431+0000] {processor.py:830} INFO - Processing file /home/airflow/.local/lib/python3.8/site-packages/airflow/example_dags/example_python_decorator.py for tasks to queue
[2024-04-26T04:27:41.432+0000] {logging_mixin.py:188} INFO - [2024-04-26T04:27:41.432+0000] {dagbag.py:538} INFO - Filling up the DagBag from /home/airflow/.local/lib/python3.8/site-packages/airflow/example_dags/example_python_decorator.py
[2024-04-26T04:27:41.441+0000] {processor.py:840} INFO - DAG(s) 'example_python_decorator' retrieved from /home/airflow/.local/lib/python3.8/site-packages/airflow/example_dags/example_python_decorator.py
[2024-04-26T04:27:41.457+0000] {logging_mixin.py:188} INFO - [2024-04-26T04:27:41.457+0000] {dag.py:3036} INFO - Sync 1 DAGs
[2024-04-26T04:27:41.466+0000] {logging_mixin.py:188} INFO - [2024-04-26T04:27:41.466+0000] {dag.py:3823} INFO - Setting next_dagrun for example_python_decorator to None, run_after=None
[2024-04-26T04:27:41.483+0000] {processor.py:183} INFO - Processing /home/airflow/.local/lib/python3.8/site-packages/airflow/example_dags/example_python_decorator.py took 0.056 seconds
[2024-04-26T04:28:12.052+0000] {processor.py:161} INFO - Started process (PID=428) to work on /home/airflow/.local/lib/python3.8/site-packages/airflow/example_dags/example_python_decorator.py
[2024-04-26T04:28:12.054+0000] {processor.py:830} INFO - Processing file /home/airflow/.local/lib/python3.8/site-packages/airflow/example_dags/example_python_decorator.py for tasks to queue
[2024-04-26T04:28:12.056+0000] {logging_mixin.py:188} INFO - [2024-04-26T04:28:12.055+0000] {dagbag.py:538} INFO - Filling up the DagBag from /home/airflow/.local/lib/python3.8/site-packages/airflow/example_dags/example_python_decorator.py
[2024-04-26T04:28:12.066+0000] {processor.py:840} INFO - DAG(s) 'example_python_decorator' retrieved from /home/airflow/.local/lib/python3.8/site-packages/airflow/example_dags/example_python_decorator.py
[2024-04-26T04:28:12.085+0000] {logging_mixin.py:188} INFO - [2024-04-26T04:28:12.085+0000] {dag.py:3036} INFO - Sync 1 DAGs
[2024-04-26T04:28:12.096+0000] {logging_mixin.py:188} INFO - [2024-04-26T04:28:12.096+0000] {dag.py:3823} INFO - Setting next_dagrun for example_python_decorator to None, run_after=None
[2024-04-26T04:28:12.117+0000] {processor.py:183} INFO - Processing /home/airflow/.local/lib/python3.8/site-packages/airflow/example_dags/example_python_decorator.py took 0.068 seconds
[2024-04-26T04:28:42.688+0000] {processor.py:161} INFO - Started process (PID=504) to work on /home/airflow/.local/lib/python3.8/site-packages/airflow/example_dags/example_python_decorator.py
[2024-04-26T04:28:42.692+0000] {processor.py:830} INFO - Processing file /home/airflow/.local/lib/python3.8/site-packages/airflow/example_dags/example_python_decorator.py for tasks to queue
[2024-04-26T04:28:42.694+0000] {logging_mixin.py:188} INFO - [2024-04-26T04:28:42.693+0000] {dagbag.py:538} INFO - Filling up the DagBag from /home/airflow/.local/lib/python3.8/site-packages/airflow/example_dags/example_python_decorator.py
[2024-04-26T04:28:42.704+0000] {processor.py:840} INFO - DAG(s) 'example_python_decorator' retrieved from /home/airflow/.local/lib/python3.8/site-packages/airflow/example_dags/example_python_decorator.py
[2024-04-26T04:28:42.722+0000] {logging_mixin.py:188} INFO - [2024-04-26T04:28:42.722+0000] {dag.py:3036} INFO - Sync 1 DAGs
[2024-04-26T04:28:42.734+0000] {logging_mixin.py:188} INFO - [2024-04-26T04:28:42.734+0000] {dag.py:3823} INFO - Setting next_dagrun for example_python_decorator to None, run_after=None
[2024-04-26T04:28:42.750+0000] {processor.py:183} INFO - Processing /home/airflow/.local/lib/python3.8/site-packages/airflow/example_dags/example_python_decorator.py took 0.065 seconds
[2024-04-26T04:29:13.712+0000] {processor.py:161} INFO - Started process (PID=581) to work on /home/airflow/.local/lib/python3.8/site-packages/airflow/example_dags/example_python_decorator.py
[2024-04-26T04:29:13.721+0000] {processor.py:830} INFO - Processing file /home/airflow/.local/lib/python3.8/site-packages/airflow/example_dags/example_python_decorator.py for tasks to queue
[2024-04-26T04:29:13.723+0000] {logging_mixin.py:188} INFO - [2024-04-26T04:29:13.723+0000] {dagbag.py:538} INFO - Filling up the DagBag from /home/airflow/.local/lib/python3.8/site-packages/airflow/example_dags/example_python_decorator.py
[2024-04-26T04:29:13.734+0000] {processor.py:840} INFO - DAG(s) 'example_python_decorator' retrieved from /home/airflow/.local/lib/python3.8/site-packages/airflow/example_dags/example_python_decorator.py
[2024-04-26T04:29:13.750+0000] {logging_mixin.py:188} INFO - [2024-04-26T04:29:13.750+0000] {dag.py:3036} INFO - Sync 1 DAGs
[2024-04-26T04:29:13.760+0000] {logging_mixin.py:188} INFO - [2024-04-26T04:29:13.760+0000] {dag.py:3823} INFO - Setting next_dagrun for example_python_decorator to None, run_after=None
[2024-04-26T04:29:13.784+0000] {processor.py:183} INFO - Processing /home/airflow/.local/lib/python3.8/site-packages/airflow/example_dags/example_python_decorator.py took 0.074 seconds
[2024-04-26T04:29:44.458+0000] {processor.py:161} INFO - Started process (PID=657) to work on /home/airflow/.local/lib/python3.8/site-packages/airflow/example_dags/example_python_decorator.py
[2024-04-26T04:29:44.459+0000] {processor.py:830} INFO - Processing file /home/airflow/.local/lib/python3.8/site-packages/airflow/example_dags/example_python_decorator.py for tasks to queue
[2024-04-26T04:29:44.461+0000] {logging_mixin.py:188} INFO - [2024-04-26T04:29:44.461+0000] {dagbag.py:538} INFO - Filling up the DagBag from /home/airflow/.local/lib/python3.8/site-packages/airflow/example_dags/example_python_decorator.py
[2024-04-26T04:29:44.472+0000] {processor.py:840} INFO - DAG(s) 'example_python_decorator' retrieved from /home/airflow/.local/lib/python3.8/site-packages/airflow/example_dags/example_python_decorator.py
[2024-04-26T04:29:44.488+0000] {logging_mixin.py:188} INFO - [2024-04-26T04:29:44.488+0000] {dag.py:3036} INFO - Sync 1 DAGs
[2024-04-26T04:29:44.496+0000] {logging_mixin.py:188} INFO - [2024-04-26T04:29:44.496+0000] {dag.py:3823} INFO - Setting next_dagrun for example_python_decorator to None, run_after=None
[2024-04-26T04:29:44.512+0000] {processor.py:183} INFO - Processing /home/airflow/.local/lib/python3.8/site-packages/airflow/example_dags/example_python_decorator.py took 0.056 seconds
[2024-04-26T04:30:14.847+0000] {processor.py:161} INFO - Started process (PID=733) to work on /home/airflow/.local/lib/python3.8/site-packages/airflow/example_dags/example_python_decorator.py
[2024-04-26T04:30:14.848+0000] {processor.py:830} INFO - Processing file /home/airflow/.local/lib/python3.8/site-packages/airflow/example_dags/example_python_decorator.py for tasks to queue
[2024-04-26T04:30:14.849+0000] {logging_mixin.py:188} INFO - [2024-04-26T04:30:14.849+0000] {dagbag.py:538} INFO - Filling up the DagBag from /home/airflow/.local/lib/python3.8/site-packages/airflow/example_dags/example_python_decorator.py
[2024-04-26T04:30:14.858+0000] {processor.py:840} INFO - DAG(s) 'example_python_decorator' retrieved from /home/airflow/.local/lib/python3.8/site-packages/airflow/example_dags/example_python_decorator.py
[2024-04-26T04:30:14.872+0000] {logging_mixin.py:188} INFO - [2024-04-26T04:30:14.872+0000] {dag.py:3036} INFO - Sync 1 DAGs
[2024-04-26T04:30:14.880+0000] {logging_mixin.py:188} INFO - [2024-04-26T04:30:14.879+0000] {dag.py:3823} INFO - Setting next_dagrun for example_python_decorator to None, run_after=None
[2024-04-26T04:30:14.892+0000] {processor.py:183} INFO - Processing /home/airflow/.local/lib/python3.8/site-packages/airflow/example_dags/example_python_decorator.py took 0.048 seconds
[2024-04-26T04:30:45.390+0000] {processor.py:161} INFO - Started process (PID=809) to work on /home/airflow/.local/lib/python3.8/site-packages/airflow/example_dags/example_python_decorator.py
[2024-04-26T04:30:45.391+0000] {processor.py:830} INFO - Processing file /home/airflow/.local/lib/python3.8/site-packages/airflow/example_dags/example_python_decorator.py for tasks to queue
[2024-04-26T04:30:45.392+0000] {logging_mixin.py:188} INFO - [2024-04-26T04:30:45.392+0000] {dagbag.py:538} INFO - Filling up the DagBag from /home/airflow/.local/lib/python3.8/site-packages/airflow/example_dags/example_python_decorator.py
[2024-04-26T04:30:45.401+0000] {processor.py:840} INFO - DAG(s) 'example_python_decorator' retrieved from /home/airflow/.local/lib/python3.8/site-packages/airflow/example_dags/example_python_decorator.py
[2024-04-26T04:30:45.415+0000] {logging_mixin.py:188} INFO - [2024-04-26T04:30:45.415+0000] {dag.py:3036} INFO - Sync 1 DAGs
[2024-04-26T04:30:45.424+0000] {logging_mixin.py:188} INFO - [2024-04-26T04:30:45.424+0000] {dag.py:3823} INFO - Setting next_dagrun for example_python_decorator to None, run_after=None
[2024-04-26T04:30:45.437+0000] {processor.py:183} INFO - Processing /home/airflow/.local/lib/python3.8/site-packages/airflow/example_dags/example_python_decorator.py took 0.050 seconds
[2024-04-26T04:31:15.834+0000] {processor.py:161} INFO - Started process (PID=885) to work on /home/airflow/.local/lib/python3.8/site-packages/airflow/example_dags/example_python_decorator.py
[2024-04-26T04:31:15.835+0000] {processor.py:830} INFO - Processing file /home/airflow/.local/lib/python3.8/site-packages/airflow/example_dags/example_python_decorator.py for tasks to queue
[2024-04-26T04:31:15.837+0000] {logging_mixin.py:188} INFO - [2024-04-26T04:31:15.836+0000] {dagbag.py:538} INFO - Filling up the DagBag from /home/airflow/.local/lib/python3.8/site-packages/airflow/example_dags/example_python_decorator.py
[2024-04-26T04:31:15.846+0000] {processor.py:840} INFO - DAG(s) 'example_python_decorator' retrieved from /home/airflow/.local/lib/python3.8/site-packages/airflow/example_dags/example_python_decorator.py
[2024-04-26T04:31:15.860+0000] {logging_mixin.py:188} INFO - [2024-04-26T04:31:15.860+0000] {dag.py:3036} INFO - Sync 1 DAGs
[2024-04-26T04:31:15.869+0000] {logging_mixin.py:188} INFO - [2024-04-26T04:31:15.869+0000] {dag.py:3823} INFO - Setting next_dagrun for example_python_decorator to None, run_after=None
[2024-04-26T04:31:15.884+0000] {processor.py:183} INFO - Processing /home/airflow/.local/lib/python3.8/site-packages/airflow/example_dags/example_python_decorator.py took 0.052 seconds
[2024-04-26T04:31:46.254+0000] {processor.py:161} INFO - Started process (PID=961) to work on /home/airflow/.local/lib/python3.8/site-packages/airflow/example_dags/example_python_decorator.py
[2024-04-26T04:31:46.255+0000] {processor.py:830} INFO - Processing file /home/airflow/.local/lib/python3.8/site-packages/airflow/example_dags/example_python_decorator.py for tasks to queue
[2024-04-26T04:31:46.256+0000] {logging_mixin.py:188} INFO - [2024-04-26T04:31:46.256+0000] {dagbag.py:538} INFO - Filling up the DagBag from /home/airflow/.local/lib/python3.8/site-packages/airflow/example_dags/example_python_decorator.py
[2024-04-26T04:31:46.266+0000] {processor.py:840} INFO - DAG(s) 'example_python_decorator' retrieved from /home/airflow/.local/lib/python3.8/site-packages/airflow/example_dags/example_python_decorator.py
[2024-04-26T04:31:46.285+0000] {logging_mixin.py:188} INFO - [2024-04-26T04:31:46.285+0000] {dag.py:3036} INFO - Sync 1 DAGs
[2024-04-26T04:31:46.294+0000] {logging_mixin.py:188} INFO - [2024-04-26T04:31:46.293+0000] {dag.py:3823} INFO - Setting next_dagrun for example_python_decorator to None, run_after=None
[2024-04-26T04:31:46.308+0000] {processor.py:183} INFO - Processing /home/airflow/.local/lib/python3.8/site-packages/airflow/example_dags/example_python_decorator.py took 0.057 seconds
[2024-04-26T04:32:16.889+0000] {processor.py:161} INFO - Started process (PID=1037) to work on /home/airflow/.local/lib/python3.8/site-packages/airflow/example_dags/example_python_decorator.py
[2024-04-26T04:32:16.891+0000] {processor.py:830} INFO - Processing file /home/airflow/.local/lib/python3.8/site-packages/airflow/example_dags/example_python_decorator.py for tasks to queue
[2024-04-26T04:32:16.893+0000] {logging_mixin.py:188} INFO - [2024-04-26T04:32:16.892+0000] {dagbag.py:538} INFO - Filling up the DagBag from /home/airflow/.local/lib/python3.8/site-packages/airflow/example_dags/example_python_decorator.py
[2024-04-26T04:32:16.903+0000] {processor.py:840} INFO - DAG(s) 'example_python_decorator' retrieved from /home/airflow/.local/lib/python3.8/site-packages/airflow/example_dags/example_python_decorator.py
[2024-04-26T04:32:16.921+0000] {logging_mixin.py:188} INFO - [2024-04-26T04:32:16.921+0000] {dag.py:3036} INFO - Sync 1 DAGs
[2024-04-26T04:32:16.932+0000] {logging_mixin.py:188} INFO - [2024-04-26T04:32:16.931+0000] {dag.py:3823} INFO - Setting next_dagrun for example_python_decorator to None, run_after=None
[2024-04-26T04:32:16.954+0000] {processor.py:183} INFO - Processing /home/airflow/.local/lib/python3.8/site-packages/airflow/example_dags/example_python_decorator.py took 0.067 seconds
[2024-04-26T04:32:47.102+0000] {processor.py:161} INFO - Started process (PID=1113) to work on /home/airflow/.local/lib/python3.8/site-packages/airflow/example_dags/example_python_decorator.py
[2024-04-26T04:32:47.104+0000] {processor.py:830} INFO - Processing file /home/airflow/.local/lib/python3.8/site-packages/airflow/example_dags/example_python_decorator.py for tasks to queue
[2024-04-26T04:32:47.106+0000] {logging_mixin.py:188} INFO - [2024-04-26T04:32:47.106+0000] {dagbag.py:538} INFO - Filling up the DagBag from /home/airflow/.local/lib/python3.8/site-packages/airflow/example_dags/example_python_decorator.py
[2024-04-26T04:32:47.117+0000] {processor.py:840} INFO - DAG(s) 'example_python_decorator' retrieved from /home/airflow/.local/lib/python3.8/site-packages/airflow/example_dags/example_python_decorator.py
[2024-04-26T04:32:47.136+0000] {logging_mixin.py:188} INFO - [2024-04-26T04:32:47.136+0000] {dag.py:3036} INFO - Sync 1 DAGs
[2024-04-26T04:32:47.146+0000] {logging_mixin.py:188} INFO - [2024-04-26T04:32:47.146+0000] {dag.py:3823} INFO - Setting next_dagrun for example_python_decorator to None, run_after=None
[2024-04-26T04:32:47.166+0000] {processor.py:183} INFO - Processing /home/airflow/.local/lib/python3.8/site-packages/airflow/example_dags/example_python_decorator.py took 0.067 seconds
[2024-04-26T04:33:18.002+0000] {processor.py:161} INFO - Started process (PID=1189) to work on /home/airflow/.local/lib/python3.8/site-packages/airflow/example_dags/example_python_decorator.py
[2024-04-26T04:33:18.003+0000] {processor.py:830} INFO - Processing file /home/airflow/.local/lib/python3.8/site-packages/airflow/example_dags/example_python_decorator.py for tasks to queue
[2024-04-26T04:33:18.004+0000] {logging_mixin.py:188} INFO - [2024-04-26T04:33:18.004+0000] {dagbag.py:538} INFO - Filling up the DagBag from /home/airflow/.local/lib/python3.8/site-packages/airflow/example_dags/example_python_decorator.py
[2024-04-26T04:33:18.015+0000] {processor.py:840} INFO - DAG(s) 'example_python_decorator' retrieved from /home/airflow/.local/lib/python3.8/site-packages/airflow/example_dags/example_python_decorator.py
[2024-04-26T04:33:18.032+0000] {logging_mixin.py:188} INFO - [2024-04-26T04:33:18.032+0000] {dag.py:3036} INFO - Sync 1 DAGs
[2024-04-26T04:33:18.041+0000] {logging_mixin.py:188} INFO - [2024-04-26T04:33:18.041+0000] {dag.py:3823} INFO - Setting next_dagrun for example_python_decorator to None, run_after=None
[2024-04-26T04:33:18.060+0000] {processor.py:183} INFO - Processing /home/airflow/.local/lib/python3.8/site-packages/airflow/example_dags/example_python_decorator.py took 0.061 seconds
[2024-04-26T04:33:48.101+0000] {processor.py:161} INFO - Started process (PID=1264) to work on /home/airflow/.local/lib/python3.8/site-packages/airflow/example_dags/example_python_decorator.py
[2024-04-26T04:33:48.102+0000] {processor.py:830} INFO - Processing file /home/airflow/.local/lib/python3.8/site-packages/airflow/example_dags/example_python_decorator.py for tasks to queue
[2024-04-26T04:33:48.104+0000] {logging_mixin.py:188} INFO - [2024-04-26T04:33:48.103+0000] {dagbag.py:538} INFO - Filling up the DagBag from /home/airflow/.local/lib/python3.8/site-packages/airflow/example_dags/example_python_decorator.py
[2024-04-26T04:33:48.113+0000] {processor.py:840} INFO - DAG(s) 'example_python_decorator' retrieved from /home/airflow/.local/lib/python3.8/site-packages/airflow/example_dags/example_python_decorator.py
[2024-04-26T04:33:48.128+0000] {logging_mixin.py:188} INFO - [2024-04-26T04:33:48.128+0000] {dag.py:3036} INFO - Sync 1 DAGs
[2024-04-26T04:33:48.136+0000] {logging_mixin.py:188} INFO - [2024-04-26T04:33:48.135+0000] {dag.py:3823} INFO - Setting next_dagrun for example_python_decorator to None, run_after=None
[2024-04-26T04:33:48.153+0000] {processor.py:183} INFO - Processing /home/airflow/.local/lib/python3.8/site-packages/airflow/example_dags/example_python_decorator.py took 0.054 seconds
[2024-04-26T04:34:18.668+0000] {processor.py:161} INFO - Started process (PID=1341) to work on /home/airflow/.local/lib/python3.8/site-packages/airflow/example_dags/example_python_decorator.py
[2024-04-26T04:34:18.669+0000] {processor.py:830} INFO - Processing file /home/airflow/.local/lib/python3.8/site-packages/airflow/example_dags/example_python_decorator.py for tasks to queue
[2024-04-26T04:34:18.672+0000] {logging_mixin.py:188} INFO - [2024-04-26T04:34:18.671+0000] {dagbag.py:538} INFO - Filling up the DagBag from /home/airflow/.local/lib/python3.8/site-packages/airflow/example_dags/example_python_decorator.py
[2024-04-26T04:34:18.682+0000] {processor.py:840} INFO - DAG(s) 'example_python_decorator' retrieved from /home/airflow/.local/lib/python3.8/site-packages/airflow/example_dags/example_python_decorator.py
[2024-04-26T04:34:18.700+0000] {logging_mixin.py:188} INFO - [2024-04-26T04:34:18.700+0000] {dag.py:3036} INFO - Sync 1 DAGs
[2024-04-26T04:34:18.710+0000] {logging_mixin.py:188} INFO - [2024-04-26T04:34:18.709+0000] {dag.py:3823} INFO - Setting next_dagrun for example_python_decorator to None, run_after=None
[2024-04-26T04:34:18.727+0000] {processor.py:183} INFO - Processing /home/airflow/.local/lib/python3.8/site-packages/airflow/example_dags/example_python_decorator.py took 0.063 seconds
[2024-04-26T04:34:49.611+0000] {processor.py:161} INFO - Started process (PID=1417) to work on /home/airflow/.local/lib/python3.8/site-packages/airflow/example_dags/example_python_decorator.py
[2024-04-26T04:34:49.613+0000] {processor.py:830} INFO - Processing file /home/airflow/.local/lib/python3.8/site-packages/airflow/example_dags/example_python_decorator.py for tasks to queue
[2024-04-26T04:34:49.614+0000] {logging_mixin.py:188} INFO - [2024-04-26T04:34:49.614+0000] {dagbag.py:538} INFO - Filling up the DagBag from /home/airflow/.local/lib/python3.8/site-packages/airflow/example_dags/example_python_decorator.py
[2024-04-26T04:34:49.624+0000] {processor.py:840} INFO - DAG(s) 'example_python_decorator' retrieved from /home/airflow/.local/lib/python3.8/site-packages/airflow/example_dags/example_python_decorator.py
[2024-04-26T04:34:49.640+0000] {logging_mixin.py:188} INFO - [2024-04-26T04:34:49.640+0000] {dag.py:3036} INFO - Sync 1 DAGs
[2024-04-26T04:34:49.650+0000] {logging_mixin.py:188} INFO - [2024-04-26T04:34:49.650+0000] {dag.py:3823} INFO - Setting next_dagrun for example_python_decorator to None, run_after=None
[2024-04-26T04:34:49.670+0000] {processor.py:183} INFO - Processing /home/airflow/.local/lib/python3.8/site-packages/airflow/example_dags/example_python_decorator.py took 0.061 seconds
[2024-04-26T04:35:19.996+0000] {processor.py:161} INFO - Started process (PID=1493) to work on /home/airflow/.local/lib/python3.8/site-packages/airflow/example_dags/example_python_decorator.py
[2024-04-26T04:35:19.997+0000] {processor.py:830} INFO - Processing file /home/airflow/.local/lib/python3.8/site-packages/airflow/example_dags/example_python_decorator.py for tasks to queue
[2024-04-26T04:35:19.999+0000] {logging_mixin.py:188} INFO - [2024-04-26T04:35:19.999+0000] {dagbag.py:538} INFO - Filling up the DagBag from /home/airflow/.local/lib/python3.8/site-packages/airflow/example_dags/example_python_decorator.py
[2024-04-26T04:35:20.008+0000] {processor.py:840} INFO - DAG(s) 'example_python_decorator' retrieved from /home/airflow/.local/lib/python3.8/site-packages/airflow/example_dags/example_python_decorator.py
[2024-04-26T04:35:20.025+0000] {logging_mixin.py:188} INFO - [2024-04-26T04:35:20.024+0000] {dag.py:3036} INFO - Sync 1 DAGs
[2024-04-26T04:35:20.033+0000] {logging_mixin.py:188} INFO - [2024-04-26T04:35:20.033+0000] {dag.py:3823} INFO - Setting next_dagrun for example_python_decorator to None, run_after=None
[2024-04-26T04:35:20.047+0000] {processor.py:183} INFO - Processing /home/airflow/.local/lib/python3.8/site-packages/airflow/example_dags/example_python_decorator.py took 0.053 seconds
[2024-04-26T04:35:50.334+0000] {processor.py:161} INFO - Started process (PID=1569) to work on /home/airflow/.local/lib/python3.8/site-packages/airflow/example_dags/example_python_decorator.py
[2024-04-26T04:35:50.335+0000] {processor.py:830} INFO - Processing file /home/airflow/.local/lib/python3.8/site-packages/airflow/example_dags/example_python_decorator.py for tasks to queue
[2024-04-26T04:35:50.336+0000] {logging_mixin.py:188} INFO - [2024-04-26T04:35:50.336+0000] {dagbag.py:538} INFO - Filling up the DagBag from /home/airflow/.local/lib/python3.8/site-packages/airflow/example_dags/example_python_decorator.py
[2024-04-26T04:35:50.345+0000] {processor.py:840} INFO - DAG(s) 'example_python_decorator' retrieved from /home/airflow/.local/lib/python3.8/site-packages/airflow/example_dags/example_python_decorator.py
[2024-04-26T04:35:50.360+0000] {logging_mixin.py:188} INFO - [2024-04-26T04:35:50.360+0000] {dag.py:3036} INFO - Sync 1 DAGs
[2024-04-26T04:35:50.368+0000] {logging_mixin.py:188} INFO - [2024-04-26T04:35:50.368+0000] {dag.py:3823} INFO - Setting next_dagrun for example_python_decorator to None, run_after=None
[2024-04-26T04:35:50.382+0000] {processor.py:183} INFO - Processing /home/airflow/.local/lib/python3.8/site-packages/airflow/example_dags/example_python_decorator.py took 0.050 seconds
[2024-04-26T04:36:20.455+0000] {processor.py:161} INFO - Started process (PID=1645) to work on /home/airflow/.local/lib/python3.8/site-packages/airflow/example_dags/example_python_decorator.py
[2024-04-26T04:36:20.456+0000] {processor.py:830} INFO - Processing file /home/airflow/.local/lib/python3.8/site-packages/airflow/example_dags/example_python_decorator.py for tasks to queue
[2024-04-26T04:36:20.457+0000] {logging_mixin.py:188} INFO - [2024-04-26T04:36:20.457+0000] {dagbag.py:538} INFO - Filling up the DagBag from /home/airflow/.local/lib/python3.8/site-packages/airflow/example_dags/example_python_decorator.py
[2024-04-26T04:36:20.466+0000] {processor.py:840} INFO - DAG(s) 'example_python_decorator' retrieved from /home/airflow/.local/lib/python3.8/site-packages/airflow/example_dags/example_python_decorator.py
[2024-04-26T04:36:20.481+0000] {logging_mixin.py:188} INFO - [2024-04-26T04:36:20.481+0000] {dag.py:3036} INFO - Sync 1 DAGs
[2024-04-26T04:36:20.489+0000] {logging_mixin.py:188} INFO - [2024-04-26T04:36:20.488+0000] {dag.py:3823} INFO - Setting next_dagrun for example_python_decorator to None, run_after=None
[2024-04-26T04:36:20.507+0000] {processor.py:183} INFO - Processing /home/airflow/.local/lib/python3.8/site-packages/airflow/example_dags/example_python_decorator.py took 0.054 seconds
[2024-04-26T04:36:50.675+0000] {processor.py:161} INFO - Started process (PID=1721) to work on /home/airflow/.local/lib/python3.8/site-packages/airflow/example_dags/example_python_decorator.py
[2024-04-26T04:36:50.676+0000] {processor.py:830} INFO - Processing file /home/airflow/.local/lib/python3.8/site-packages/airflow/example_dags/example_python_decorator.py for tasks to queue
[2024-04-26T04:36:50.678+0000] {logging_mixin.py:188} INFO - [2024-04-26T04:36:50.677+0000] {dagbag.py:538} INFO - Filling up the DagBag from /home/airflow/.local/lib/python3.8/site-packages/airflow/example_dags/example_python_decorator.py
[2024-04-26T04:36:50.686+0000] {processor.py:840} INFO - DAG(s) 'example_python_decorator' retrieved from /home/airflow/.local/lib/python3.8/site-packages/airflow/example_dags/example_python_decorator.py
[2024-04-26T04:36:50.700+0000] {logging_mixin.py:188} INFO - [2024-04-26T04:36:50.700+0000] {dag.py:3036} INFO - Sync 1 DAGs
[2024-04-26T04:36:50.708+0000] {logging_mixin.py:188} INFO - [2024-04-26T04:36:50.707+0000] {dag.py:3823} INFO - Setting next_dagrun for example_python_decorator to None, run_after=None
[2024-04-26T04:36:50.721+0000] {processor.py:183} INFO - Processing /home/airflow/.local/lib/python3.8/site-packages/airflow/example_dags/example_python_decorator.py took 0.048 seconds
