[2024-04-26T04:26:08.855+0000] {processor.py:161} INFO - Started process (PID=94) to work on /home/airflow/.local/lib/python3.8/site-packages/airflow/example_dags/example_short_circuit_operator.py
[2024-04-26T04:26:08.856+0000] {processor.py:830} INFO - Processing file /home/airflow/.local/lib/python3.8/site-packages/airflow/example_dags/example_short_circuit_operator.py for tasks to queue
[2024-04-26T04:26:08.858+0000] {logging_mixin.py:188} INFO - [2024-04-26T04:26:08.858+0000] {dagbag.py:538} INFO - Filling up the DagBag from /home/airflow/.local/lib/python3.8/site-packages/airflow/example_dags/example_short_circuit_operator.py
[2024-04-26T04:26:08.867+0000] {processor.py:840} INFO - DAG(s) 'example_short_circuit_operator' retrieved from /home/airflow/.local/lib/python3.8/site-packages/airflow/example_dags/example_short_circuit_operator.py
[2024-04-26T04:26:08.889+0000] {logging_mixin.py:188} INFO - [2024-04-26T04:26:08.889+0000] {dag.py:3036} INFO - Sync 1 DAGs
[2024-04-26T04:26:08.909+0000] {logging_mixin.py:188} INFO - [2024-04-26T04:26:08.909+0000] {dag.py:3823} INFO - Setting next_dagrun for example_short_circuit_operator to 2024-04-25 00:00:00+00:00, run_after=2024-04-26 00:00:00+00:00
[2024-04-26T04:26:08.930+0000] {processor.py:183} INFO - Processing /home/airflow/.local/lib/python3.8/site-packages/airflow/example_dags/example_short_circuit_operator.py took 0.079 seconds
[2024-04-26T04:26:39.508+0000] {processor.py:161} INFO - Started process (PID=170) to work on /home/airflow/.local/lib/python3.8/site-packages/airflow/example_dags/example_short_circuit_operator.py
[2024-04-26T04:26:39.509+0000] {processor.py:830} INFO - Processing file /home/airflow/.local/lib/python3.8/site-packages/airflow/example_dags/example_short_circuit_operator.py for tasks to queue
[2024-04-26T04:26:39.511+0000] {logging_mixin.py:188} INFO - [2024-04-26T04:26:39.511+0000] {dagbag.py:538} INFO - Filling up the DagBag from /home/airflow/.local/lib/python3.8/site-packages/airflow/example_dags/example_short_circuit_operator.py
[2024-04-26T04:26:39.519+0000] {processor.py:840} INFO - DAG(s) 'example_short_circuit_operator' retrieved from /home/airflow/.local/lib/python3.8/site-packages/airflow/example_dags/example_short_circuit_operator.py
[2024-04-26T04:26:39.541+0000] {logging_mixin.py:188} INFO - [2024-04-26T04:26:39.541+0000] {dag.py:3036} INFO - Sync 1 DAGs
[2024-04-26T04:26:39.560+0000] {logging_mixin.py:188} INFO - [2024-04-26T04:26:39.560+0000] {dag.py:3823} INFO - Setting next_dagrun for example_short_circuit_operator to 2024-04-25 00:00:00+00:00, run_after=2024-04-26 00:00:00+00:00
[2024-04-26T04:26:39.580+0000] {processor.py:183} INFO - Processing /home/airflow/.local/lib/python3.8/site-packages/airflow/example_dags/example_short_circuit_operator.py took 0.075 seconds
[2024-04-26T04:27:10.031+0000] {processor.py:161} INFO - Started process (PID=267) to work on /home/airflow/.local/lib/python3.8/site-packages/airflow/example_dags/example_short_circuit_operator.py
[2024-04-26T04:27:10.032+0000] {processor.py:830} INFO - Processing file /home/airflow/.local/lib/python3.8/site-packages/airflow/example_dags/example_short_circuit_operator.py for tasks to queue
[2024-04-26T04:27:10.034+0000] {logging_mixin.py:188} INFO - [2024-04-26T04:27:10.034+0000] {dagbag.py:538} INFO - Filling up the DagBag from /home/airflow/.local/lib/python3.8/site-packages/airflow/example_dags/example_short_circuit_operator.py
[2024-04-26T04:27:10.040+0000] {processor.py:840} INFO - DAG(s) 'example_short_circuit_operator' retrieved from /home/airflow/.local/lib/python3.8/site-packages/airflow/example_dags/example_short_circuit_operator.py
[2024-04-26T04:27:10.066+0000] {logging_mixin.py:188} INFO - [2024-04-26T04:27:10.066+0000] {dag.py:3036} INFO - Sync 1 DAGs
[2024-04-26T04:27:10.087+0000] {logging_mixin.py:188} INFO - [2024-04-26T04:27:10.086+0000] {dag.py:3823} INFO - Setting next_dagrun for example_short_circuit_operator to 2024-04-25 00:00:00+00:00, run_after=2024-04-26 00:00:00+00:00
[2024-04-26T04:27:10.106+0000] {processor.py:183} INFO - Processing /home/airflow/.local/lib/python3.8/site-packages/airflow/example_dags/example_short_circuit_operator.py took 0.077 seconds
[2024-04-26T04:27:41.067+0000] {processor.py:161} INFO - Started process (PID=343) to work on /home/airflow/.local/lib/python3.8/site-packages/airflow/example_dags/example_short_circuit_operator.py
[2024-04-26T04:27:41.069+0000] {processor.py:830} INFO - Processing file /home/airflow/.local/lib/python3.8/site-packages/airflow/example_dags/example_short_circuit_operator.py for tasks to queue
[2024-04-26T04:27:41.070+0000] {logging_mixin.py:188} INFO - [2024-04-26T04:27:41.070+0000] {dagbag.py:538} INFO - Filling up the DagBag from /home/airflow/.local/lib/python3.8/site-packages/airflow/example_dags/example_short_circuit_operator.py
[2024-04-26T04:27:41.077+0000] {processor.py:840} INFO - DAG(s) 'example_short_circuit_operator' retrieved from /home/airflow/.local/lib/python3.8/site-packages/airflow/example_dags/example_short_circuit_operator.py
[2024-04-26T04:27:41.096+0000] {logging_mixin.py:188} INFO - [2024-04-26T04:27:41.096+0000] {dag.py:3036} INFO - Sync 1 DAGs
[2024-04-26T04:27:41.115+0000] {logging_mixin.py:188} INFO - [2024-04-26T04:27:41.114+0000] {dag.py:3823} INFO - Setting next_dagrun for example_short_circuit_operator to 2024-04-25 00:00:00+00:00, run_after=2024-04-26 00:00:00+00:00
[2024-04-26T04:27:41.129+0000] {processor.py:183} INFO - Processing /home/airflow/.local/lib/python3.8/site-packages/airflow/example_dags/example_short_circuit_operator.py took 0.065 seconds
[2024-04-26T04:28:11.590+0000] {processor.py:161} INFO - Started process (PID=419) to work on /home/airflow/.local/lib/python3.8/site-packages/airflow/example_dags/example_short_circuit_operator.py
[2024-04-26T04:28:11.591+0000] {processor.py:830} INFO - Processing file /home/airflow/.local/lib/python3.8/site-packages/airflow/example_dags/example_short_circuit_operator.py for tasks to queue
[2024-04-26T04:28:11.593+0000] {logging_mixin.py:188} INFO - [2024-04-26T04:28:11.593+0000] {dagbag.py:538} INFO - Filling up the DagBag from /home/airflow/.local/lib/python3.8/site-packages/airflow/example_dags/example_short_circuit_operator.py
[2024-04-26T04:28:11.601+0000] {processor.py:840} INFO - DAG(s) 'example_short_circuit_operator' retrieved from /home/airflow/.local/lib/python3.8/site-packages/airflow/example_dags/example_short_circuit_operator.py
[2024-04-26T04:28:11.622+0000] {logging_mixin.py:188} INFO - [2024-04-26T04:28:11.622+0000] {dag.py:3036} INFO - Sync 1 DAGs
[2024-04-26T04:28:11.641+0000] {logging_mixin.py:188} INFO - [2024-04-26T04:28:11.641+0000] {dag.py:3823} INFO - Setting next_dagrun for example_short_circuit_operator to 2024-04-25 00:00:00+00:00, run_after=2024-04-26 00:00:00+00:00
[2024-04-26T04:28:11.659+0000] {processor.py:183} INFO - Processing /home/airflow/.local/lib/python3.8/site-packages/airflow/example_dags/example_short_circuit_operator.py took 0.072 seconds
[2024-04-26T04:28:42.270+0000] {processor.py:161} INFO - Started process (PID=495) to work on /home/airflow/.local/lib/python3.8/site-packages/airflow/example_dags/example_short_circuit_operator.py
[2024-04-26T04:28:42.272+0000] {processor.py:830} INFO - Processing file /home/airflow/.local/lib/python3.8/site-packages/airflow/example_dags/example_short_circuit_operator.py for tasks to queue
[2024-04-26T04:28:42.274+0000] {logging_mixin.py:188} INFO - [2024-04-26T04:28:42.273+0000] {dagbag.py:538} INFO - Filling up the DagBag from /home/airflow/.local/lib/python3.8/site-packages/airflow/example_dags/example_short_circuit_operator.py
[2024-04-26T04:28:42.282+0000] {processor.py:840} INFO - DAG(s) 'example_short_circuit_operator' retrieved from /home/airflow/.local/lib/python3.8/site-packages/airflow/example_dags/example_short_circuit_operator.py
[2024-04-26T04:28:42.307+0000] {logging_mixin.py:188} INFO - [2024-04-26T04:28:42.307+0000] {dag.py:3036} INFO - Sync 1 DAGs
[2024-04-26T04:28:42.327+0000] {logging_mixin.py:188} INFO - [2024-04-26T04:28:42.327+0000] {dag.py:3823} INFO - Setting next_dagrun for example_short_circuit_operator to 2024-04-25 00:00:00+00:00, run_after=2024-04-26 00:00:00+00:00
[2024-04-26T04:28:42.344+0000] {processor.py:183} INFO - Processing /home/airflow/.local/lib/python3.8/site-packages/airflow/example_dags/example_short_circuit_operator.py took 0.078 seconds
[2024-04-26T04:29:13.246+0000] {processor.py:161} INFO - Started process (PID=572) to work on /home/airflow/.local/lib/python3.8/site-packages/airflow/example_dags/example_short_circuit_operator.py
[2024-04-26T04:29:13.247+0000] {processor.py:830} INFO - Processing file /home/airflow/.local/lib/python3.8/site-packages/airflow/example_dags/example_short_circuit_operator.py for tasks to queue
[2024-04-26T04:29:13.249+0000] {logging_mixin.py:188} INFO - [2024-04-26T04:29:13.249+0000] {dagbag.py:538} INFO - Filling up the DagBag from /home/airflow/.local/lib/python3.8/site-packages/airflow/example_dags/example_short_circuit_operator.py
[2024-04-26T04:29:13.254+0000] {processor.py:840} INFO - DAG(s) 'example_short_circuit_operator' retrieved from /home/airflow/.local/lib/python3.8/site-packages/airflow/example_dags/example_short_circuit_operator.py
[2024-04-26T04:29:13.270+0000] {logging_mixin.py:188} INFO - [2024-04-26T04:29:13.270+0000] {dag.py:3036} INFO - Sync 1 DAGs
[2024-04-26T04:29:13.284+0000] {logging_mixin.py:188} INFO - [2024-04-26T04:29:13.284+0000] {dag.py:3823} INFO - Setting next_dagrun for example_short_circuit_operator to 2024-04-25 00:00:00+00:00, run_after=2024-04-26 00:00:00+00:00
[2024-04-26T04:29:13.300+0000] {processor.py:183} INFO - Processing /home/airflow/.local/lib/python3.8/site-packages/airflow/example_dags/example_short_circuit_operator.py took 0.056 seconds
[2024-04-26T04:29:44.000+0000] {processor.py:161} INFO - Started process (PID=648) to work on /home/airflow/.local/lib/python3.8/site-packages/airflow/example_dags/example_short_circuit_operator.py
[2024-04-26T04:29:44.002+0000] {processor.py:830} INFO - Processing file /home/airflow/.local/lib/python3.8/site-packages/airflow/example_dags/example_short_circuit_operator.py for tasks to queue
[2024-04-26T04:29:44.005+0000] {logging_mixin.py:188} INFO - [2024-04-26T04:29:44.004+0000] {dagbag.py:538} INFO - Filling up the DagBag from /home/airflow/.local/lib/python3.8/site-packages/airflow/example_dags/example_short_circuit_operator.py
[2024-04-26T04:29:44.011+0000] {processor.py:840} INFO - DAG(s) 'example_short_circuit_operator' retrieved from /home/airflow/.local/lib/python3.8/site-packages/airflow/example_dags/example_short_circuit_operator.py
[2024-04-26T04:29:44.044+0000] {logging_mixin.py:188} INFO - [2024-04-26T04:29:44.044+0000] {dag.py:3036} INFO - Sync 1 DAGs
[2024-04-26T04:29:44.061+0000] {logging_mixin.py:188} INFO - [2024-04-26T04:29:44.061+0000] {dag.py:3823} INFO - Setting next_dagrun for example_short_circuit_operator to 2024-04-25 00:00:00+00:00, run_after=2024-04-26 00:00:00+00:00
[2024-04-26T04:29:44.091+0000] {processor.py:183} INFO - Processing /home/airflow/.local/lib/python3.8/site-packages/airflow/example_dags/example_short_circuit_operator.py took 0.093 seconds
[2024-04-26T04:30:14.502+0000] {processor.py:161} INFO - Started process (PID=724) to work on /home/airflow/.local/lib/python3.8/site-packages/airflow/example_dags/example_short_circuit_operator.py
[2024-04-26T04:30:14.503+0000] {processor.py:830} INFO - Processing file /home/airflow/.local/lib/python3.8/site-packages/airflow/example_dags/example_short_circuit_operator.py for tasks to queue
[2024-04-26T04:30:14.505+0000] {logging_mixin.py:188} INFO - [2024-04-26T04:30:14.505+0000] {dagbag.py:538} INFO - Filling up the DagBag from /home/airflow/.local/lib/python3.8/site-packages/airflow/example_dags/example_short_circuit_operator.py
[2024-04-26T04:30:14.511+0000] {processor.py:840} INFO - DAG(s) 'example_short_circuit_operator' retrieved from /home/airflow/.local/lib/python3.8/site-packages/airflow/example_dags/example_short_circuit_operator.py
[2024-04-26T04:30:14.529+0000] {logging_mixin.py:188} INFO - [2024-04-26T04:30:14.528+0000] {dag.py:3036} INFO - Sync 1 DAGs
[2024-04-26T04:30:14.544+0000] {logging_mixin.py:188} INFO - [2024-04-26T04:30:14.544+0000] {dag.py:3823} INFO - Setting next_dagrun for example_short_circuit_operator to 2024-04-25 00:00:00+00:00, run_after=2024-04-26 00:00:00+00:00
[2024-04-26T04:30:14.562+0000] {processor.py:183} INFO - Processing /home/airflow/.local/lib/python3.8/site-packages/airflow/example_dags/example_short_circuit_operator.py took 0.063 seconds
[2024-04-26T04:30:45.044+0000] {processor.py:161} INFO - Started process (PID=800) to work on /home/airflow/.local/lib/python3.8/site-packages/airflow/example_dags/example_short_circuit_operator.py
[2024-04-26T04:30:45.045+0000] {processor.py:830} INFO - Processing file /home/airflow/.local/lib/python3.8/site-packages/airflow/example_dags/example_short_circuit_operator.py for tasks to queue
[2024-04-26T04:30:45.046+0000] {logging_mixin.py:188} INFO - [2024-04-26T04:30:45.046+0000] {dagbag.py:538} INFO - Filling up the DagBag from /home/airflow/.local/lib/python3.8/site-packages/airflow/example_dags/example_short_circuit_operator.py
[2024-04-26T04:30:45.051+0000] {processor.py:840} INFO - DAG(s) 'example_short_circuit_operator' retrieved from /home/airflow/.local/lib/python3.8/site-packages/airflow/example_dags/example_short_circuit_operator.py
[2024-04-26T04:30:45.068+0000] {logging_mixin.py:188} INFO - [2024-04-26T04:30:45.068+0000] {dag.py:3036} INFO - Sync 1 DAGs
[2024-04-26T04:30:45.082+0000] {logging_mixin.py:188} INFO - [2024-04-26T04:30:45.082+0000] {dag.py:3823} INFO - Setting next_dagrun for example_short_circuit_operator to 2024-04-25 00:00:00+00:00, run_after=2024-04-26 00:00:00+00:00
[2024-04-26T04:30:45.100+0000] {processor.py:183} INFO - Processing /home/airflow/.local/lib/python3.8/site-packages/airflow/example_dags/example_short_circuit_operator.py took 0.058 seconds
[2024-04-26T04:31:15.493+0000] {processor.py:161} INFO - Started process (PID=876) to work on /home/airflow/.local/lib/python3.8/site-packages/airflow/example_dags/example_short_circuit_operator.py
[2024-04-26T04:31:15.494+0000] {processor.py:830} INFO - Processing file /home/airflow/.local/lib/python3.8/site-packages/airflow/example_dags/example_short_circuit_operator.py for tasks to queue
[2024-04-26T04:31:15.496+0000] {logging_mixin.py:188} INFO - [2024-04-26T04:31:15.495+0000] {dagbag.py:538} INFO - Filling up the DagBag from /home/airflow/.local/lib/python3.8/site-packages/airflow/example_dags/example_short_circuit_operator.py
[2024-04-26T04:31:15.501+0000] {processor.py:840} INFO - DAG(s) 'example_short_circuit_operator' retrieved from /home/airflow/.local/lib/python3.8/site-packages/airflow/example_dags/example_short_circuit_operator.py
[2024-04-26T04:31:15.517+0000] {logging_mixin.py:188} INFO - [2024-04-26T04:31:15.517+0000] {dag.py:3036} INFO - Sync 1 DAGs
[2024-04-26T04:31:15.533+0000] {logging_mixin.py:188} INFO - [2024-04-26T04:31:15.533+0000] {dag.py:3823} INFO - Setting next_dagrun for example_short_circuit_operator to 2024-04-25 00:00:00+00:00, run_after=2024-04-26 00:00:00+00:00
[2024-04-26T04:31:15.548+0000] {processor.py:183} INFO - Processing /home/airflow/.local/lib/python3.8/site-packages/airflow/example_dags/example_short_circuit_operator.py took 0.058 seconds
[2024-04-26T04:31:45.885+0000] {processor.py:161} INFO - Started process (PID=952) to work on /home/airflow/.local/lib/python3.8/site-packages/airflow/example_dags/example_short_circuit_operator.py
[2024-04-26T04:31:45.888+0000] {processor.py:830} INFO - Processing file /home/airflow/.local/lib/python3.8/site-packages/airflow/example_dags/example_short_circuit_operator.py for tasks to queue
[2024-04-26T04:31:45.890+0000] {logging_mixin.py:188} INFO - [2024-04-26T04:31:45.890+0000] {dagbag.py:538} INFO - Filling up the DagBag from /home/airflow/.local/lib/python3.8/site-packages/airflow/example_dags/example_short_circuit_operator.py
[2024-04-26T04:31:45.895+0000] {processor.py:840} INFO - DAG(s) 'example_short_circuit_operator' retrieved from /home/airflow/.local/lib/python3.8/site-packages/airflow/example_dags/example_short_circuit_operator.py
[2024-04-26T04:31:45.913+0000] {logging_mixin.py:188} INFO - [2024-04-26T04:31:45.913+0000] {dag.py:3036} INFO - Sync 1 DAGs
[2024-04-26T04:31:45.928+0000] {logging_mixin.py:188} INFO - [2024-04-26T04:31:45.928+0000] {dag.py:3823} INFO - Setting next_dagrun for example_short_circuit_operator to 2024-04-25 00:00:00+00:00, run_after=2024-04-26 00:00:00+00:00
[2024-04-26T04:31:45.944+0000] {processor.py:183} INFO - Processing /home/airflow/.local/lib/python3.8/site-packages/airflow/example_dags/example_short_circuit_operator.py took 0.061 seconds
[2024-04-26T04:32:16.426+0000] {processor.py:161} INFO - Started process (PID=1028) to work on /home/airflow/.local/lib/python3.8/site-packages/airflow/example_dags/example_short_circuit_operator.py
[2024-04-26T04:32:16.428+0000] {processor.py:830} INFO - Processing file /home/airflow/.local/lib/python3.8/site-packages/airflow/example_dags/example_short_circuit_operator.py for tasks to queue
[2024-04-26T04:32:16.430+0000] {logging_mixin.py:188} INFO - [2024-04-26T04:32:16.430+0000] {dagbag.py:538} INFO - Filling up the DagBag from /home/airflow/.local/lib/python3.8/site-packages/airflow/example_dags/example_short_circuit_operator.py
[2024-04-26T04:32:16.438+0000] {processor.py:840} INFO - DAG(s) 'example_short_circuit_operator' retrieved from /home/airflow/.local/lib/python3.8/site-packages/airflow/example_dags/example_short_circuit_operator.py
[2024-04-26T04:32:16.458+0000] {logging_mixin.py:188} INFO - [2024-04-26T04:32:16.458+0000] {dag.py:3036} INFO - Sync 1 DAGs
[2024-04-26T04:32:16.475+0000] {logging_mixin.py:188} INFO - [2024-04-26T04:32:16.475+0000] {dag.py:3823} INFO - Setting next_dagrun for example_short_circuit_operator to 2024-04-25 00:00:00+00:00, run_after=2024-04-26 00:00:00+00:00
[2024-04-26T04:32:16.495+0000] {processor.py:183} INFO - Processing /home/airflow/.local/lib/python3.8/site-packages/airflow/example_dags/example_short_circuit_operator.py took 0.073 seconds
[2024-04-26T04:32:46.643+0000] {processor.py:161} INFO - Started process (PID=1104) to work on /home/airflow/.local/lib/python3.8/site-packages/airflow/example_dags/example_short_circuit_operator.py
[2024-04-26T04:32:46.645+0000] {processor.py:830} INFO - Processing file /home/airflow/.local/lib/python3.8/site-packages/airflow/example_dags/example_short_circuit_operator.py for tasks to queue
[2024-04-26T04:32:46.647+0000] {logging_mixin.py:188} INFO - [2024-04-26T04:32:46.647+0000] {dagbag.py:538} INFO - Filling up the DagBag from /home/airflow/.local/lib/python3.8/site-packages/airflow/example_dags/example_short_circuit_operator.py
[2024-04-26T04:32:46.653+0000] {processor.py:840} INFO - DAG(s) 'example_short_circuit_operator' retrieved from /home/airflow/.local/lib/python3.8/site-packages/airflow/example_dags/example_short_circuit_operator.py
[2024-04-26T04:32:46.675+0000] {logging_mixin.py:188} INFO - [2024-04-26T04:32:46.674+0000] {dag.py:3036} INFO - Sync 1 DAGs
[2024-04-26T04:32:46.694+0000] {logging_mixin.py:188} INFO - [2024-04-26T04:32:46.694+0000] {dag.py:3823} INFO - Setting next_dagrun for example_short_circuit_operator to 2024-04-25 00:00:00+00:00, run_after=2024-04-26 00:00:00+00:00
[2024-04-26T04:32:46.714+0000] {processor.py:183} INFO - Processing /home/airflow/.local/lib/python3.8/site-packages/airflow/example_dags/example_short_circuit_operator.py took 0.074 seconds
[2024-04-26T04:33:17.434+0000] {processor.py:161} INFO - Started process (PID=1180) to work on /home/airflow/.local/lib/python3.8/site-packages/airflow/example_dags/example_short_circuit_operator.py
[2024-04-26T04:33:17.435+0000] {processor.py:830} INFO - Processing file /home/airflow/.local/lib/python3.8/site-packages/airflow/example_dags/example_short_circuit_operator.py for tasks to queue
[2024-04-26T04:33:17.437+0000] {logging_mixin.py:188} INFO - [2024-04-26T04:33:17.437+0000] {dagbag.py:538} INFO - Filling up the DagBag from /home/airflow/.local/lib/python3.8/site-packages/airflow/example_dags/example_short_circuit_operator.py
[2024-04-26T04:33:17.445+0000] {processor.py:840} INFO - DAG(s) 'example_short_circuit_operator' retrieved from /home/airflow/.local/lib/python3.8/site-packages/airflow/example_dags/example_short_circuit_operator.py
[2024-04-26T04:33:17.468+0000] {logging_mixin.py:188} INFO - [2024-04-26T04:33:17.468+0000] {dag.py:3036} INFO - Sync 1 DAGs
[2024-04-26T04:33:17.487+0000] {logging_mixin.py:188} INFO - [2024-04-26T04:33:17.487+0000] {dag.py:3823} INFO - Setting next_dagrun for example_short_circuit_operator to 2024-04-25 00:00:00+00:00, run_after=2024-04-26 00:00:00+00:00
[2024-04-26T04:33:17.509+0000] {processor.py:183} INFO - Processing /home/airflow/.local/lib/python3.8/site-packages/airflow/example_dags/example_short_circuit_operator.py took 0.078 seconds
[2024-04-26T04:33:47.663+0000] {processor.py:161} INFO - Started process (PID=1256) to work on /home/airflow/.local/lib/python3.8/site-packages/airflow/example_dags/example_short_circuit_operator.py
[2024-04-26T04:33:47.664+0000] {processor.py:830} INFO - Processing file /home/airflow/.local/lib/python3.8/site-packages/airflow/example_dags/example_short_circuit_operator.py for tasks to queue
[2024-04-26T04:33:47.666+0000] {logging_mixin.py:188} INFO - [2024-04-26T04:33:47.666+0000] {dagbag.py:538} INFO - Filling up the DagBag from /home/airflow/.local/lib/python3.8/site-packages/airflow/example_dags/example_short_circuit_operator.py
[2024-04-26T04:33:47.671+0000] {processor.py:840} INFO - DAG(s) 'example_short_circuit_operator' retrieved from /home/airflow/.local/lib/python3.8/site-packages/airflow/example_dags/example_short_circuit_operator.py
[2024-04-26T04:33:47.687+0000] {logging_mixin.py:188} INFO - [2024-04-26T04:33:47.687+0000] {dag.py:3036} INFO - Sync 1 DAGs
[2024-04-26T04:33:47.704+0000] {logging_mixin.py:188} INFO - [2024-04-26T04:33:47.703+0000] {dag.py:3823} INFO - Setting next_dagrun for example_short_circuit_operator to 2024-04-25 00:00:00+00:00, run_after=2024-04-26 00:00:00+00:00
[2024-04-26T04:33:47.717+0000] {processor.py:183} INFO - Processing /home/airflow/.local/lib/python3.8/site-packages/airflow/example_dags/example_short_circuit_operator.py took 0.056 seconds
[2024-04-26T04:34:18.265+0000] {processor.py:161} INFO - Started process (PID=1332) to work on /home/airflow/.local/lib/python3.8/site-packages/airflow/example_dags/example_short_circuit_operator.py
[2024-04-26T04:34:18.266+0000] {processor.py:830} INFO - Processing file /home/airflow/.local/lib/python3.8/site-packages/airflow/example_dags/example_short_circuit_operator.py for tasks to queue
[2024-04-26T04:34:18.268+0000] {logging_mixin.py:188} INFO - [2024-04-26T04:34:18.267+0000] {dagbag.py:538} INFO - Filling up the DagBag from /home/airflow/.local/lib/python3.8/site-packages/airflow/example_dags/example_short_circuit_operator.py
[2024-04-26T04:34:18.275+0000] {processor.py:840} INFO - DAG(s) 'example_short_circuit_operator' retrieved from /home/airflow/.local/lib/python3.8/site-packages/airflow/example_dags/example_short_circuit_operator.py
[2024-04-26T04:34:18.296+0000] {logging_mixin.py:188} INFO - [2024-04-26T04:34:18.295+0000] {dag.py:3036} INFO - Sync 1 DAGs
[2024-04-26T04:34:18.315+0000] {logging_mixin.py:188} INFO - [2024-04-26T04:34:18.315+0000] {dag.py:3823} INFO - Setting next_dagrun for example_short_circuit_operator to 2024-04-25 00:00:00+00:00, run_after=2024-04-26 00:00:00+00:00
[2024-04-26T04:34:18.333+0000] {processor.py:183} INFO - Processing /home/airflow/.local/lib/python3.8/site-packages/airflow/example_dags/example_short_circuit_operator.py took 0.071 seconds
[2024-04-26T04:34:49.142+0000] {processor.py:161} INFO - Started process (PID=1408) to work on /home/airflow/.local/lib/python3.8/site-packages/airflow/example_dags/example_short_circuit_operator.py
[2024-04-26T04:34:49.143+0000] {processor.py:830} INFO - Processing file /home/airflow/.local/lib/python3.8/site-packages/airflow/example_dags/example_short_circuit_operator.py for tasks to queue
[2024-04-26T04:34:49.145+0000] {logging_mixin.py:188} INFO - [2024-04-26T04:34:49.145+0000] {dagbag.py:538} INFO - Filling up the DagBag from /home/airflow/.local/lib/python3.8/site-packages/airflow/example_dags/example_short_circuit_operator.py
[2024-04-26T04:34:49.150+0000] {processor.py:840} INFO - DAG(s) 'example_short_circuit_operator' retrieved from /home/airflow/.local/lib/python3.8/site-packages/airflow/example_dags/example_short_circuit_operator.py
[2024-04-26T04:34:49.167+0000] {logging_mixin.py:188} INFO - [2024-04-26T04:34:49.167+0000] {dag.py:3036} INFO - Sync 1 DAGs
[2024-04-26T04:34:49.182+0000] {logging_mixin.py:188} INFO - [2024-04-26T04:34:49.182+0000] {dag.py:3823} INFO - Setting next_dagrun for example_short_circuit_operator to 2024-04-25 00:00:00+00:00, run_after=2024-04-26 00:00:00+00:00
[2024-04-26T04:34:49.198+0000] {processor.py:183} INFO - Processing /home/airflow/.local/lib/python3.8/site-packages/airflow/example_dags/example_short_circuit_operator.py took 0.058 seconds
[2024-04-26T04:35:19.621+0000] {processor.py:161} INFO - Started process (PID=1484) to work on /home/airflow/.local/lib/python3.8/site-packages/airflow/example_dags/example_short_circuit_operator.py
[2024-04-26T04:35:19.622+0000] {processor.py:830} INFO - Processing file /home/airflow/.local/lib/python3.8/site-packages/airflow/example_dags/example_short_circuit_operator.py for tasks to queue
[2024-04-26T04:35:19.624+0000] {logging_mixin.py:188} INFO - [2024-04-26T04:35:19.624+0000] {dagbag.py:538} INFO - Filling up the DagBag from /home/airflow/.local/lib/python3.8/site-packages/airflow/example_dags/example_short_circuit_operator.py
[2024-04-26T04:35:19.629+0000] {processor.py:840} INFO - DAG(s) 'example_short_circuit_operator' retrieved from /home/airflow/.local/lib/python3.8/site-packages/airflow/example_dags/example_short_circuit_operator.py
[2024-04-26T04:35:19.646+0000] {logging_mixin.py:188} INFO - [2024-04-26T04:35:19.645+0000] {dag.py:3036} INFO - Sync 1 DAGs
[2024-04-26T04:35:19.661+0000] {logging_mixin.py:188} INFO - [2024-04-26T04:35:19.660+0000] {dag.py:3823} INFO - Setting next_dagrun for example_short_circuit_operator to 2024-04-25 00:00:00+00:00, run_after=2024-04-26 00:00:00+00:00
[2024-04-26T04:35:19.679+0000] {processor.py:183} INFO - Processing /home/airflow/.local/lib/python3.8/site-packages/airflow/example_dags/example_short_circuit_operator.py took 0.060 seconds
[2024-04-26T04:35:49.906+0000] {processor.py:161} INFO - Started process (PID=1560) to work on /home/airflow/.local/lib/python3.8/site-packages/airflow/example_dags/example_short_circuit_operator.py
[2024-04-26T04:35:49.907+0000] {processor.py:830} INFO - Processing file /home/airflow/.local/lib/python3.8/site-packages/airflow/example_dags/example_short_circuit_operator.py for tasks to queue
[2024-04-26T04:35:49.908+0000] {logging_mixin.py:188} INFO - [2024-04-26T04:35:49.908+0000] {dagbag.py:538} INFO - Filling up the DagBag from /home/airflow/.local/lib/python3.8/site-packages/airflow/example_dags/example_short_circuit_operator.py
[2024-04-26T04:35:49.913+0000] {processor.py:840} INFO - DAG(s) 'example_short_circuit_operator' retrieved from /home/airflow/.local/lib/python3.8/site-packages/airflow/example_dags/example_short_circuit_operator.py
[2024-04-26T04:35:49.929+0000] {logging_mixin.py:188} INFO - [2024-04-26T04:35:49.929+0000] {dag.py:3036} INFO - Sync 1 DAGs
[2024-04-26T04:35:49.942+0000] {logging_mixin.py:188} INFO - [2024-04-26T04:35:49.942+0000] {dag.py:3823} INFO - Setting next_dagrun for example_short_circuit_operator to 2024-04-25 00:00:00+00:00, run_after=2024-04-26 00:00:00+00:00
[2024-04-26T04:35:49.956+0000] {processor.py:183} INFO - Processing /home/airflow/.local/lib/python3.8/site-packages/airflow/example_dags/example_short_circuit_operator.py took 0.052 seconds
[2024-04-26T04:36:20.083+0000] {processor.py:161} INFO - Started process (PID=1636) to work on /home/airflow/.local/lib/python3.8/site-packages/airflow/example_dags/example_short_circuit_operator.py
[2024-04-26T04:36:20.084+0000] {processor.py:830} INFO - Processing file /home/airflow/.local/lib/python3.8/site-packages/airflow/example_dags/example_short_circuit_operator.py for tasks to queue
[2024-04-26T04:36:20.086+0000] {logging_mixin.py:188} INFO - [2024-04-26T04:36:20.086+0000] {dagbag.py:538} INFO - Filling up the DagBag from /home/airflow/.local/lib/python3.8/site-packages/airflow/example_dags/example_short_circuit_operator.py
[2024-04-26T04:36:20.091+0000] {processor.py:840} INFO - DAG(s) 'example_short_circuit_operator' retrieved from /home/airflow/.local/lib/python3.8/site-packages/airflow/example_dags/example_short_circuit_operator.py
[2024-04-26T04:36:20.109+0000] {logging_mixin.py:188} INFO - [2024-04-26T04:36:20.109+0000] {dag.py:3036} INFO - Sync 1 DAGs
[2024-04-26T04:36:20.126+0000] {logging_mixin.py:188} INFO - [2024-04-26T04:36:20.126+0000] {dag.py:3823} INFO - Setting next_dagrun for example_short_circuit_operator to 2024-04-25 00:00:00+00:00, run_after=2024-04-26 00:00:00+00:00
[2024-04-26T04:36:20.141+0000] {processor.py:183} INFO - Processing /home/airflow/.local/lib/python3.8/site-packages/airflow/example_dags/example_short_circuit_operator.py took 0.061 seconds
[2024-04-26T04:36:50.182+0000] {processor.py:161} INFO - Started process (PID=1712) to work on /home/airflow/.local/lib/python3.8/site-packages/airflow/example_dags/example_short_circuit_operator.py
[2024-04-26T04:36:50.183+0000] {processor.py:830} INFO - Processing file /home/airflow/.local/lib/python3.8/site-packages/airflow/example_dags/example_short_circuit_operator.py for tasks to queue
[2024-04-26T04:36:50.184+0000] {logging_mixin.py:188} INFO - [2024-04-26T04:36:50.184+0000] {dagbag.py:538} INFO - Filling up the DagBag from /home/airflow/.local/lib/python3.8/site-packages/airflow/example_dags/example_short_circuit_operator.py
[2024-04-26T04:36:50.189+0000] {processor.py:840} INFO - DAG(s) 'example_short_circuit_operator' retrieved from /home/airflow/.local/lib/python3.8/site-packages/airflow/example_dags/example_short_circuit_operator.py
[2024-04-26T04:36:50.204+0000] {logging_mixin.py:188} INFO - [2024-04-26T04:36:50.204+0000] {dag.py:3036} INFO - Sync 1 DAGs
[2024-04-26T04:36:50.218+0000] {logging_mixin.py:188} INFO - [2024-04-26T04:36:50.218+0000] {dag.py:3823} INFO - Setting next_dagrun for example_short_circuit_operator to 2024-04-25 00:00:00+00:00, run_after=2024-04-26 00:00:00+00:00
[2024-04-26T04:36:50.234+0000] {processor.py:183} INFO - Processing /home/airflow/.local/lib/python3.8/site-packages/airflow/example_dags/example_short_circuit_operator.py took 0.055 seconds
