[2024-04-26T04:26:08.748+0000] {processor.py:161} INFO - Started process (PID=92) to work on /home/airflow/.local/lib/python3.8/site-packages/airflow/example_dags/example_latest_only.py
[2024-04-26T04:26:08.750+0000] {processor.py:830} INFO - Processing file /home/airflow/.local/lib/python3.8/site-packages/airflow/example_dags/example_latest_only.py for tasks to queue
[2024-04-26T04:26:08.752+0000] {logging_mixin.py:188} INFO - [2024-04-26T04:26:08.752+0000] {dagbag.py:538} INFO - Filling up the DagBag from /home/airflow/.local/lib/python3.8/site-packages/airflow/example_dags/example_latest_only.py
[2024-04-26T04:26:08.759+0000] {processor.py:840} INFO - DAG(s) 'latest_only' retrieved from /home/airflow/.local/lib/python3.8/site-packages/airflow/example_dags/example_latest_only.py
[2024-04-26T04:26:08.778+0000] {logging_mixin.py:188} INFO - [2024-04-26T04:26:08.777+0000] {dag.py:3036} INFO - Sync 1 DAGs
[2024-04-26T04:26:08.798+0000] {logging_mixin.py:188} INFO - [2024-04-26T04:26:08.798+0000] {dag.py:3823} INFO - Setting next_dagrun for latest_only to 2024-04-26 00:00:00+00:00, run_after=2024-04-26 04:00:00+00:00
[2024-04-26T04:26:08.816+0000] {processor.py:183} INFO - Processing /home/airflow/.local/lib/python3.8/site-packages/airflow/example_dags/example_latest_only.py took 0.071 seconds
[2024-04-26T04:26:39.404+0000] {processor.py:161} INFO - Started process (PID=168) to work on /home/airflow/.local/lib/python3.8/site-packages/airflow/example_dags/example_latest_only.py
[2024-04-26T04:26:39.405+0000] {processor.py:830} INFO - Processing file /home/airflow/.local/lib/python3.8/site-packages/airflow/example_dags/example_latest_only.py for tasks to queue
[2024-04-26T04:26:39.408+0000] {logging_mixin.py:188} INFO - [2024-04-26T04:26:39.408+0000] {dagbag.py:538} INFO - Filling up the DagBag from /home/airflow/.local/lib/python3.8/site-packages/airflow/example_dags/example_latest_only.py
[2024-04-26T04:26:39.414+0000] {processor.py:840} INFO - DAG(s) 'latest_only' retrieved from /home/airflow/.local/lib/python3.8/site-packages/airflow/example_dags/example_latest_only.py
[2024-04-26T04:26:39.436+0000] {logging_mixin.py:188} INFO - [2024-04-26T04:26:39.436+0000] {dag.py:3036} INFO - Sync 1 DAGs
[2024-04-26T04:26:39.458+0000] {logging_mixin.py:188} INFO - [2024-04-26T04:26:39.458+0000] {dag.py:3823} INFO - Setting next_dagrun for latest_only to 2024-04-26 00:00:00+00:00, run_after=2024-04-26 04:00:00+00:00
[2024-04-26T04:26:39.480+0000] {processor.py:183} INFO - Processing /home/airflow/.local/lib/python3.8/site-packages/airflow/example_dags/example_latest_only.py took 0.080 seconds
[2024-04-26T04:27:09.843+0000] {processor.py:161} INFO - Started process (PID=265) to work on /home/airflow/.local/lib/python3.8/site-packages/airflow/example_dags/example_latest_only.py
[2024-04-26T04:27:09.844+0000] {processor.py:830} INFO - Processing file /home/airflow/.local/lib/python3.8/site-packages/airflow/example_dags/example_latest_only.py for tasks to queue
[2024-04-26T04:27:09.846+0000] {logging_mixin.py:188} INFO - [2024-04-26T04:27:09.846+0000] {dagbag.py:538} INFO - Filling up the DagBag from /home/airflow/.local/lib/python3.8/site-packages/airflow/example_dags/example_latest_only.py
[2024-04-26T04:27:09.850+0000] {processor.py:840} INFO - DAG(s) 'latest_only' retrieved from /home/airflow/.local/lib/python3.8/site-packages/airflow/example_dags/example_latest_only.py
[2024-04-26T04:27:09.866+0000] {logging_mixin.py:188} INFO - [2024-04-26T04:27:09.866+0000] {dag.py:3036} INFO - Sync 1 DAGs
[2024-04-26T04:27:09.891+0000] {logging_mixin.py:188} INFO - [2024-04-26T04:27:09.891+0000] {dag.py:3823} INFO - Setting next_dagrun for latest_only to 2024-04-26 00:00:00+00:00, run_after=2024-04-26 04:00:00+00:00
[2024-04-26T04:27:09.908+0000] {processor.py:183} INFO - Processing /home/airflow/.local/lib/python3.8/site-packages/airflow/example_dags/example_latest_only.py took 0.068 seconds
[2024-04-26T04:27:39.944+0000] {processor.py:161} INFO - Started process (PID=341) to work on /home/airflow/.local/lib/python3.8/site-packages/airflow/example_dags/example_latest_only.py
[2024-04-26T04:27:39.945+0000] {processor.py:830} INFO - Processing file /home/airflow/.local/lib/python3.8/site-packages/airflow/example_dags/example_latest_only.py for tasks to queue
[2024-04-26T04:27:39.947+0000] {logging_mixin.py:188} INFO - [2024-04-26T04:27:39.947+0000] {dagbag.py:538} INFO - Filling up the DagBag from /home/airflow/.local/lib/python3.8/site-packages/airflow/example_dags/example_latest_only.py
[2024-04-26T04:27:39.951+0000] {processor.py:840} INFO - DAG(s) 'latest_only' retrieved from /home/airflow/.local/lib/python3.8/site-packages/airflow/example_dags/example_latest_only.py
[2024-04-26T04:27:39.968+0000] {logging_mixin.py:188} INFO - [2024-04-26T04:27:39.968+0000] {dag.py:3036} INFO - Sync 1 DAGs
[2024-04-26T04:27:39.985+0000] {logging_mixin.py:188} INFO - [2024-04-26T04:27:39.984+0000] {dag.py:3823} INFO - Setting next_dagrun for latest_only to 2024-04-26 00:00:00+00:00, run_after=2024-04-26 04:00:00+00:00
[2024-04-26T04:27:40.000+0000] {processor.py:183} INFO - Processing /home/airflow/.local/lib/python3.8/site-packages/airflow/example_dags/example_latest_only.py took 0.059 seconds
[2024-04-26T04:28:10.492+0000] {processor.py:161} INFO - Started process (PID=417) to work on /home/airflow/.local/lib/python3.8/site-packages/airflow/example_dags/example_latest_only.py
[2024-04-26T04:28:10.493+0000] {processor.py:830} INFO - Processing file /home/airflow/.local/lib/python3.8/site-packages/airflow/example_dags/example_latest_only.py for tasks to queue
[2024-04-26T04:28:10.495+0000] {logging_mixin.py:188} INFO - [2024-04-26T04:28:10.495+0000] {dagbag.py:538} INFO - Filling up the DagBag from /home/airflow/.local/lib/python3.8/site-packages/airflow/example_dags/example_latest_only.py
[2024-04-26T04:28:10.499+0000] {processor.py:840} INFO - DAG(s) 'latest_only' retrieved from /home/airflow/.local/lib/python3.8/site-packages/airflow/example_dags/example_latest_only.py
[2024-04-26T04:28:10.515+0000] {logging_mixin.py:188} INFO - [2024-04-26T04:28:10.515+0000] {dag.py:3036} INFO - Sync 1 DAGs
[2024-04-26T04:28:10.534+0000] {logging_mixin.py:188} INFO - [2024-04-26T04:28:10.534+0000] {dag.py:3823} INFO - Setting next_dagrun for latest_only to 2024-04-26 00:00:00+00:00, run_after=2024-04-26 04:00:00+00:00
[2024-04-26T04:28:10.555+0000] {processor.py:183} INFO - Processing /home/airflow/.local/lib/python3.8/site-packages/airflow/example_dags/example_latest_only.py took 0.065 seconds
[2024-04-26T04:28:41.151+0000] {processor.py:161} INFO - Started process (PID=493) to work on /home/airflow/.local/lib/python3.8/site-packages/airflow/example_dags/example_latest_only.py
[2024-04-26T04:28:41.152+0000] {processor.py:830} INFO - Processing file /home/airflow/.local/lib/python3.8/site-packages/airflow/example_dags/example_latest_only.py for tasks to queue
[2024-04-26T04:28:41.154+0000] {logging_mixin.py:188} INFO - [2024-04-26T04:28:41.154+0000] {dagbag.py:538} INFO - Filling up the DagBag from /home/airflow/.local/lib/python3.8/site-packages/airflow/example_dags/example_latest_only.py
[2024-04-26T04:28:41.159+0000] {processor.py:840} INFO - DAG(s) 'latest_only' retrieved from /home/airflow/.local/lib/python3.8/site-packages/airflow/example_dags/example_latest_only.py
[2024-04-26T04:28:41.179+0000] {logging_mixin.py:188} INFO - [2024-04-26T04:28:41.179+0000] {dag.py:3036} INFO - Sync 1 DAGs
[2024-04-26T04:28:41.203+0000] {logging_mixin.py:188} INFO - [2024-04-26T04:28:41.203+0000] {dag.py:3823} INFO - Setting next_dagrun for latest_only to 2024-04-26 00:00:00+00:00, run_after=2024-04-26 04:00:00+00:00
[2024-04-26T04:28:41.226+0000] {processor.py:183} INFO - Processing /home/airflow/.local/lib/python3.8/site-packages/airflow/example_dags/example_latest_only.py took 0.078 seconds
[2024-04-26T04:29:12.149+0000] {processor.py:161} INFO - Started process (PID=570) to work on /home/airflow/.local/lib/python3.8/site-packages/airflow/example_dags/example_latest_only.py
[2024-04-26T04:29:12.151+0000] {processor.py:830} INFO - Processing file /home/airflow/.local/lib/python3.8/site-packages/airflow/example_dags/example_latest_only.py for tasks to queue
[2024-04-26T04:29:12.153+0000] {logging_mixin.py:188} INFO - [2024-04-26T04:29:12.153+0000] {dagbag.py:538} INFO - Filling up the DagBag from /home/airflow/.local/lib/python3.8/site-packages/airflow/example_dags/example_latest_only.py
[2024-04-26T04:29:12.158+0000] {processor.py:840} INFO - DAG(s) 'latest_only' retrieved from /home/airflow/.local/lib/python3.8/site-packages/airflow/example_dags/example_latest_only.py
[2024-04-26T04:29:12.175+0000] {logging_mixin.py:188} INFO - [2024-04-26T04:29:12.174+0000] {dag.py:3036} INFO - Sync 1 DAGs
[2024-04-26T04:29:12.192+0000] {logging_mixin.py:188} INFO - [2024-04-26T04:29:12.192+0000] {dag.py:3823} INFO - Setting next_dagrun for latest_only to 2024-04-26 00:00:00+00:00, run_after=2024-04-26 04:00:00+00:00
[2024-04-26T04:29:12.211+0000] {processor.py:183} INFO - Processing /home/airflow/.local/lib/python3.8/site-packages/airflow/example_dags/example_latest_only.py took 0.066 seconds
[2024-04-26T04:29:42.788+0000] {processor.py:161} INFO - Started process (PID=646) to work on /home/airflow/.local/lib/python3.8/site-packages/airflow/example_dags/example_latest_only.py
[2024-04-26T04:29:42.789+0000] {processor.py:830} INFO - Processing file /home/airflow/.local/lib/python3.8/site-packages/airflow/example_dags/example_latest_only.py for tasks to queue
[2024-04-26T04:29:42.790+0000] {logging_mixin.py:188} INFO - [2024-04-26T04:29:42.790+0000] {dagbag.py:538} INFO - Filling up the DagBag from /home/airflow/.local/lib/python3.8/site-packages/airflow/example_dags/example_latest_only.py
[2024-04-26T04:29:42.795+0000] {processor.py:840} INFO - DAG(s) 'latest_only' retrieved from /home/airflow/.local/lib/python3.8/site-packages/airflow/example_dags/example_latest_only.py
[2024-04-26T04:29:42.812+0000] {logging_mixin.py:188} INFO - [2024-04-26T04:29:42.812+0000] {dag.py:3036} INFO - Sync 1 DAGs
[2024-04-26T04:29:42.829+0000] {logging_mixin.py:188} INFO - [2024-04-26T04:29:42.829+0000] {dag.py:3823} INFO - Setting next_dagrun for latest_only to 2024-04-26 00:00:00+00:00, run_after=2024-04-26 04:00:00+00:00
[2024-04-26T04:29:42.847+0000] {processor.py:183} INFO - Processing /home/airflow/.local/lib/python3.8/site-packages/airflow/example_dags/example_latest_only.py took 0.062 seconds
[2024-04-26T04:30:13.398+0000] {processor.py:161} INFO - Started process (PID=722) to work on /home/airflow/.local/lib/python3.8/site-packages/airflow/example_dags/example_latest_only.py
[2024-04-26T04:30:13.399+0000] {processor.py:830} INFO - Processing file /home/airflow/.local/lib/python3.8/site-packages/airflow/example_dags/example_latest_only.py for tasks to queue
[2024-04-26T04:30:13.400+0000] {logging_mixin.py:188} INFO - [2024-04-26T04:30:13.400+0000] {dagbag.py:538} INFO - Filling up the DagBag from /home/airflow/.local/lib/python3.8/site-packages/airflow/example_dags/example_latest_only.py
[2024-04-26T04:30:13.404+0000] {processor.py:840} INFO - DAG(s) 'latest_only' retrieved from /home/airflow/.local/lib/python3.8/site-packages/airflow/example_dags/example_latest_only.py
[2024-04-26T04:30:13.422+0000] {logging_mixin.py:188} INFO - [2024-04-26T04:30:13.421+0000] {dag.py:3036} INFO - Sync 1 DAGs
[2024-04-26T04:30:13.438+0000] {logging_mixin.py:188} INFO - [2024-04-26T04:30:13.438+0000] {dag.py:3823} INFO - Setting next_dagrun for latest_only to 2024-04-26 00:00:00+00:00, run_after=2024-04-26 04:00:00+00:00
[2024-04-26T04:30:13.456+0000] {processor.py:183} INFO - Processing /home/airflow/.local/lib/python3.8/site-packages/airflow/example_dags/example_latest_only.py took 0.061 seconds
[2024-04-26T04:30:43.947+0000] {processor.py:161} INFO - Started process (PID=798) to work on /home/airflow/.local/lib/python3.8/site-packages/airflow/example_dags/example_latest_only.py
[2024-04-26T04:30:43.948+0000] {processor.py:830} INFO - Processing file /home/airflow/.local/lib/python3.8/site-packages/airflow/example_dags/example_latest_only.py for tasks to queue
[2024-04-26T04:30:43.949+0000] {logging_mixin.py:188} INFO - [2024-04-26T04:30:43.949+0000] {dagbag.py:538} INFO - Filling up the DagBag from /home/airflow/.local/lib/python3.8/site-packages/airflow/example_dags/example_latest_only.py
[2024-04-26T04:30:43.954+0000] {processor.py:840} INFO - DAG(s) 'latest_only' retrieved from /home/airflow/.local/lib/python3.8/site-packages/airflow/example_dags/example_latest_only.py
[2024-04-26T04:30:43.969+0000] {logging_mixin.py:188} INFO - [2024-04-26T04:30:43.969+0000] {dag.py:3036} INFO - Sync 1 DAGs
[2024-04-26T04:30:43.988+0000] {logging_mixin.py:188} INFO - [2024-04-26T04:30:43.988+0000] {dag.py:3823} INFO - Setting next_dagrun for latest_only to 2024-04-26 00:00:00+00:00, run_after=2024-04-26 04:00:00+00:00
[2024-04-26T04:30:44.005+0000] {processor.py:183} INFO - Processing /home/airflow/.local/lib/python3.8/site-packages/airflow/example_dags/example_latest_only.py took 0.061 seconds
[2024-04-26T04:31:14.380+0000] {processor.py:161} INFO - Started process (PID=874) to work on /home/airflow/.local/lib/python3.8/site-packages/airflow/example_dags/example_latest_only.py
[2024-04-26T04:31:14.382+0000] {processor.py:830} INFO - Processing file /home/airflow/.local/lib/python3.8/site-packages/airflow/example_dags/example_latest_only.py for tasks to queue
[2024-04-26T04:31:14.384+0000] {logging_mixin.py:188} INFO - [2024-04-26T04:31:14.384+0000] {dagbag.py:538} INFO - Filling up the DagBag from /home/airflow/.local/lib/python3.8/site-packages/airflow/example_dags/example_latest_only.py
[2024-04-26T04:31:14.390+0000] {processor.py:840} INFO - DAG(s) 'latest_only' retrieved from /home/airflow/.local/lib/python3.8/site-packages/airflow/example_dags/example_latest_only.py
[2024-04-26T04:31:14.409+0000] {logging_mixin.py:188} INFO - [2024-04-26T04:31:14.408+0000] {dag.py:3036} INFO - Sync 1 DAGs
[2024-04-26T04:31:14.428+0000] {logging_mixin.py:188} INFO - [2024-04-26T04:31:14.428+0000] {dag.py:3823} INFO - Setting next_dagrun for latest_only to 2024-04-26 00:00:00+00:00, run_after=2024-04-26 04:00:00+00:00
[2024-04-26T04:31:14.447+0000] {processor.py:183} INFO - Processing /home/airflow/.local/lib/python3.8/site-packages/airflow/example_dags/example_latest_only.py took 0.070 seconds
[2024-04-26T04:31:44.791+0000] {processor.py:161} INFO - Started process (PID=950) to work on /home/airflow/.local/lib/python3.8/site-packages/airflow/example_dags/example_latest_only.py
[2024-04-26T04:31:44.792+0000] {processor.py:830} INFO - Processing file /home/airflow/.local/lib/python3.8/site-packages/airflow/example_dags/example_latest_only.py for tasks to queue
[2024-04-26T04:31:44.794+0000] {logging_mixin.py:188} INFO - [2024-04-26T04:31:44.793+0000] {dagbag.py:538} INFO - Filling up the DagBag from /home/airflow/.local/lib/python3.8/site-packages/airflow/example_dags/example_latest_only.py
[2024-04-26T04:31:44.798+0000] {processor.py:840} INFO - DAG(s) 'latest_only' retrieved from /home/airflow/.local/lib/python3.8/site-packages/airflow/example_dags/example_latest_only.py
[2024-04-26T04:31:44.814+0000] {logging_mixin.py:188} INFO - [2024-04-26T04:31:44.813+0000] {dag.py:3036} INFO - Sync 1 DAGs
[2024-04-26T04:31:44.830+0000] {logging_mixin.py:188} INFO - [2024-04-26T04:31:44.830+0000] {dag.py:3823} INFO - Setting next_dagrun for latest_only to 2024-04-26 00:00:00+00:00, run_after=2024-04-26 04:00:00+00:00
[2024-04-26T04:31:44.845+0000] {processor.py:183} INFO - Processing /home/airflow/.local/lib/python3.8/site-packages/airflow/example_dags/example_latest_only.py took 0.057 seconds
[2024-04-26T04:32:15.307+0000] {processor.py:161} INFO - Started process (PID=1026) to work on /home/airflow/.local/lib/python3.8/site-packages/airflow/example_dags/example_latest_only.py
[2024-04-26T04:32:15.308+0000] {processor.py:830} INFO - Processing file /home/airflow/.local/lib/python3.8/site-packages/airflow/example_dags/example_latest_only.py for tasks to queue
[2024-04-26T04:32:15.310+0000] {logging_mixin.py:188} INFO - [2024-04-26T04:32:15.310+0000] {dagbag.py:538} INFO - Filling up the DagBag from /home/airflow/.local/lib/python3.8/site-packages/airflow/example_dags/example_latest_only.py
[2024-04-26T04:32:15.315+0000] {processor.py:840} INFO - DAG(s) 'latest_only' retrieved from /home/airflow/.local/lib/python3.8/site-packages/airflow/example_dags/example_latest_only.py
[2024-04-26T04:32:15.333+0000] {logging_mixin.py:188} INFO - [2024-04-26T04:32:15.333+0000] {dag.py:3036} INFO - Sync 1 DAGs
[2024-04-26T04:32:15.352+0000] {logging_mixin.py:188} INFO - [2024-04-26T04:32:15.352+0000] {dag.py:3823} INFO - Setting next_dagrun for latest_only to 2024-04-26 00:00:00+00:00, run_after=2024-04-26 04:00:00+00:00
[2024-04-26T04:32:15.374+0000] {processor.py:183} INFO - Processing /home/airflow/.local/lib/python3.8/site-packages/airflow/example_dags/example_latest_only.py took 0.070 seconds
[2024-04-26T04:32:46.427+0000] {processor.py:161} INFO - Started process (PID=1102) to work on /home/airflow/.local/lib/python3.8/site-packages/airflow/example_dags/example_latest_only.py
[2024-04-26T04:32:46.431+0000] {processor.py:830} INFO - Processing file /home/airflow/.local/lib/python3.8/site-packages/airflow/example_dags/example_latest_only.py for tasks to queue
[2024-04-26T04:32:46.436+0000] {logging_mixin.py:188} INFO - [2024-04-26T04:32:46.435+0000] {dagbag.py:538} INFO - Filling up the DagBag from /home/airflow/.local/lib/python3.8/site-packages/airflow/example_dags/example_latest_only.py
[2024-04-26T04:32:46.444+0000] {processor.py:840} INFO - DAG(s) 'latest_only' retrieved from /home/airflow/.local/lib/python3.8/site-packages/airflow/example_dags/example_latest_only.py
[2024-04-26T04:32:46.474+0000] {logging_mixin.py:188} INFO - [2024-04-26T04:32:46.474+0000] {dag.py:3036} INFO - Sync 1 DAGs
[2024-04-26T04:32:46.495+0000] {logging_mixin.py:188} INFO - [2024-04-26T04:32:46.495+0000] {dag.py:3823} INFO - Setting next_dagrun for latest_only to 2024-04-26 00:00:00+00:00, run_after=2024-04-26 04:00:00+00:00
[2024-04-26T04:32:46.514+0000] {processor.py:183} INFO - Processing /home/airflow/.local/lib/python3.8/site-packages/airflow/example_dags/example_latest_only.py took 0.095 seconds
[2024-04-26T04:33:17.327+0000] {processor.py:161} INFO - Started process (PID=1178) to work on /home/airflow/.local/lib/python3.8/site-packages/airflow/example_dags/example_latest_only.py
[2024-04-26T04:33:17.328+0000] {processor.py:830} INFO - Processing file /home/airflow/.local/lib/python3.8/site-packages/airflow/example_dags/example_latest_only.py for tasks to queue
[2024-04-26T04:33:17.330+0000] {logging_mixin.py:188} INFO - [2024-04-26T04:33:17.330+0000] {dagbag.py:538} INFO - Filling up the DagBag from /home/airflow/.local/lib/python3.8/site-packages/airflow/example_dags/example_latest_only.py
[2024-04-26T04:33:17.335+0000] {processor.py:840} INFO - DAG(s) 'latest_only' retrieved from /home/airflow/.local/lib/python3.8/site-packages/airflow/example_dags/example_latest_only.py
[2024-04-26T04:33:17.358+0000] {logging_mixin.py:188} INFO - [2024-04-26T04:33:17.358+0000] {dag.py:3036} INFO - Sync 1 DAGs
[2024-04-26T04:33:17.377+0000] {logging_mixin.py:188} INFO - [2024-04-26T04:33:17.377+0000] {dag.py:3823} INFO - Setting next_dagrun for latest_only to 2024-04-26 00:00:00+00:00, run_after=2024-04-26 04:00:00+00:00
[2024-04-26T04:33:17.397+0000] {processor.py:183} INFO - Processing /home/airflow/.local/lib/python3.8/site-packages/airflow/example_dags/example_latest_only.py took 0.073 seconds
[2024-04-26T04:33:47.492+0000] {processor.py:161} INFO - Started process (PID=1254) to work on /home/airflow/.local/lib/python3.8/site-packages/airflow/example_dags/example_latest_only.py
[2024-04-26T04:33:47.493+0000] {processor.py:830} INFO - Processing file /home/airflow/.local/lib/python3.8/site-packages/airflow/example_dags/example_latest_only.py for tasks to queue
[2024-04-26T04:33:47.495+0000] {logging_mixin.py:188} INFO - [2024-04-26T04:33:47.494+0000] {dagbag.py:538} INFO - Filling up the DagBag from /home/airflow/.local/lib/python3.8/site-packages/airflow/example_dags/example_latest_only.py
[2024-04-26T04:33:47.498+0000] {processor.py:840} INFO - DAG(s) 'latest_only' retrieved from /home/airflow/.local/lib/python3.8/site-packages/airflow/example_dags/example_latest_only.py
[2024-04-26T04:33:47.512+0000] {logging_mixin.py:188} INFO - [2024-04-26T04:33:47.512+0000] {dag.py:3036} INFO - Sync 1 DAGs
[2024-04-26T04:33:47.527+0000] {logging_mixin.py:188} INFO - [2024-04-26T04:33:47.527+0000] {dag.py:3823} INFO - Setting next_dagrun for latest_only to 2024-04-26 00:00:00+00:00, run_after=2024-04-26 04:00:00+00:00
[2024-04-26T04:33:47.542+0000] {processor.py:183} INFO - Processing /home/airflow/.local/lib/python3.8/site-packages/airflow/example_dags/example_latest_only.py took 0.052 seconds
[2024-04-26T04:34:18.055+0000] {processor.py:161} INFO - Started process (PID=1330) to work on /home/airflow/.local/lib/python3.8/site-packages/airflow/example_dags/example_latest_only.py
[2024-04-26T04:34:18.056+0000] {processor.py:830} INFO - Processing file /home/airflow/.local/lib/python3.8/site-packages/airflow/example_dags/example_latest_only.py for tasks to queue
[2024-04-26T04:34:18.057+0000] {logging_mixin.py:188} INFO - [2024-04-26T04:34:18.057+0000] {dagbag.py:538} INFO - Filling up the DagBag from /home/airflow/.local/lib/python3.8/site-packages/airflow/example_dags/example_latest_only.py
[2024-04-26T04:34:18.061+0000] {processor.py:840} INFO - DAG(s) 'latest_only' retrieved from /home/airflow/.local/lib/python3.8/site-packages/airflow/example_dags/example_latest_only.py
[2024-04-26T04:34:18.079+0000] {logging_mixin.py:188} INFO - [2024-04-26T04:34:18.079+0000] {dag.py:3036} INFO - Sync 1 DAGs
[2024-04-26T04:34:18.098+0000] {logging_mixin.py:188} INFO - [2024-04-26T04:34:18.097+0000] {dag.py:3823} INFO - Setting next_dagrun for latest_only to 2024-04-26 00:00:00+00:00, run_after=2024-04-26 04:00:00+00:00
[2024-04-26T04:34:18.118+0000] {processor.py:183} INFO - Processing /home/airflow/.local/lib/python3.8/site-packages/airflow/example_dags/example_latest_only.py took 0.066 seconds
[2024-04-26T04:34:48.976+0000] {processor.py:161} INFO - Started process (PID=1406) to work on /home/airflow/.local/lib/python3.8/site-packages/airflow/example_dags/example_latest_only.py
[2024-04-26T04:34:48.977+0000] {processor.py:830} INFO - Processing file /home/airflow/.local/lib/python3.8/site-packages/airflow/example_dags/example_latest_only.py for tasks to queue
[2024-04-26T04:34:48.979+0000] {logging_mixin.py:188} INFO - [2024-04-26T04:34:48.979+0000] {dagbag.py:538} INFO - Filling up the DagBag from /home/airflow/.local/lib/python3.8/site-packages/airflow/example_dags/example_latest_only.py
[2024-04-26T04:34:48.983+0000] {processor.py:840} INFO - DAG(s) 'latest_only' retrieved from /home/airflow/.local/lib/python3.8/site-packages/airflow/example_dags/example_latest_only.py
[2024-04-26T04:34:48.997+0000] {logging_mixin.py:188} INFO - [2024-04-26T04:34:48.997+0000] {dag.py:3036} INFO - Sync 1 DAGs
[2024-04-26T04:34:49.012+0000] {logging_mixin.py:188} INFO - [2024-04-26T04:34:49.012+0000] {dag.py:3823} INFO - Setting next_dagrun for latest_only to 2024-04-26 00:00:00+00:00, run_after=2024-04-26 04:00:00+00:00
[2024-04-26T04:34:49.026+0000] {processor.py:183} INFO - Processing /home/airflow/.local/lib/python3.8/site-packages/airflow/example_dags/example_latest_only.py took 0.053 seconds
[2024-04-26T04:35:19.452+0000] {processor.py:161} INFO - Started process (PID=1482) to work on /home/airflow/.local/lib/python3.8/site-packages/airflow/example_dags/example_latest_only.py
[2024-04-26T04:35:19.453+0000] {processor.py:830} INFO - Processing file /home/airflow/.local/lib/python3.8/site-packages/airflow/example_dags/example_latest_only.py for tasks to queue
[2024-04-26T04:35:19.454+0000] {logging_mixin.py:188} INFO - [2024-04-26T04:35:19.454+0000] {dagbag.py:538} INFO - Filling up the DagBag from /home/airflow/.local/lib/python3.8/site-packages/airflow/example_dags/example_latest_only.py
[2024-04-26T04:35:19.459+0000] {processor.py:840} INFO - DAG(s) 'latest_only' retrieved from /home/airflow/.local/lib/python3.8/site-packages/airflow/example_dags/example_latest_only.py
[2024-04-26T04:35:19.474+0000] {logging_mixin.py:188} INFO - [2024-04-26T04:35:19.474+0000] {dag.py:3036} INFO - Sync 1 DAGs
[2024-04-26T04:35:19.489+0000] {logging_mixin.py:188} INFO - [2024-04-26T04:35:19.489+0000] {dag.py:3823} INFO - Setting next_dagrun for latest_only to 2024-04-26 00:00:00+00:00, run_after=2024-04-26 04:00:00+00:00
[2024-04-26T04:35:19.506+0000] {processor.py:183} INFO - Processing /home/airflow/.local/lib/python3.8/site-packages/airflow/example_dags/example_latest_only.py took 0.056 seconds
[2024-04-26T04:35:49.739+0000] {processor.py:161} INFO - Started process (PID=1558) to work on /home/airflow/.local/lib/python3.8/site-packages/airflow/example_dags/example_latest_only.py
[2024-04-26T04:35:49.741+0000] {processor.py:830} INFO - Processing file /home/airflow/.local/lib/python3.8/site-packages/airflow/example_dags/example_latest_only.py for tasks to queue
[2024-04-26T04:35:49.743+0000] {logging_mixin.py:188} INFO - [2024-04-26T04:35:49.743+0000] {dagbag.py:538} INFO - Filling up the DagBag from /home/airflow/.local/lib/python3.8/site-packages/airflow/example_dags/example_latest_only.py
[2024-04-26T04:35:49.747+0000] {processor.py:840} INFO - DAG(s) 'latest_only' retrieved from /home/airflow/.local/lib/python3.8/site-packages/airflow/example_dags/example_latest_only.py
[2024-04-26T04:35:49.761+0000] {logging_mixin.py:188} INFO - [2024-04-26T04:35:49.761+0000] {dag.py:3036} INFO - Sync 1 DAGs
[2024-04-26T04:35:49.776+0000] {logging_mixin.py:188} INFO - [2024-04-26T04:35:49.775+0000] {dag.py:3823} INFO - Setting next_dagrun for latest_only to 2024-04-26 00:00:00+00:00, run_after=2024-04-26 04:00:00+00:00
[2024-04-26T04:35:49.789+0000] {processor.py:183} INFO - Processing /home/airflow/.local/lib/python3.8/site-packages/airflow/example_dags/example_latest_only.py took 0.052 seconds
[2024-04-26T04:36:19.893+0000] {processor.py:161} INFO - Started process (PID=1634) to work on /home/airflow/.local/lib/python3.8/site-packages/airflow/example_dags/example_latest_only.py
[2024-04-26T04:36:19.894+0000] {processor.py:830} INFO - Processing file /home/airflow/.local/lib/python3.8/site-packages/airflow/example_dags/example_latest_only.py for tasks to queue
[2024-04-26T04:36:19.896+0000] {logging_mixin.py:188} INFO - [2024-04-26T04:36:19.895+0000] {dagbag.py:538} INFO - Filling up the DagBag from /home/airflow/.local/lib/python3.8/site-packages/airflow/example_dags/example_latest_only.py
[2024-04-26T04:36:19.900+0000] {processor.py:840} INFO - DAG(s) 'latest_only' retrieved from /home/airflow/.local/lib/python3.8/site-packages/airflow/example_dags/example_latest_only.py
[2024-04-26T04:36:19.916+0000] {logging_mixin.py:188} INFO - [2024-04-26T04:36:19.916+0000] {dag.py:3036} INFO - Sync 1 DAGs
[2024-04-26T04:36:19.933+0000] {logging_mixin.py:188} INFO - [2024-04-26T04:36:19.933+0000] {dag.py:3823} INFO - Setting next_dagrun for latest_only to 2024-04-26 00:00:00+00:00, run_after=2024-04-26 04:00:00+00:00
[2024-04-26T04:36:19.950+0000] {processor.py:183} INFO - Processing /home/airflow/.local/lib/python3.8/site-packages/airflow/example_dags/example_latest_only.py took 0.062 seconds
[2024-04-26T04:36:49.984+0000] {processor.py:161} INFO - Started process (PID=1710) to work on /home/airflow/.local/lib/python3.8/site-packages/airflow/example_dags/example_latest_only.py
[2024-04-26T04:36:49.986+0000] {processor.py:830} INFO - Processing file /home/airflow/.local/lib/python3.8/site-packages/airflow/example_dags/example_latest_only.py for tasks to queue
[2024-04-26T04:36:49.987+0000] {logging_mixin.py:188} INFO - [2024-04-26T04:36:49.987+0000] {dagbag.py:538} INFO - Filling up the DagBag from /home/airflow/.local/lib/python3.8/site-packages/airflow/example_dags/example_latest_only.py
[2024-04-26T04:36:49.991+0000] {processor.py:840} INFO - DAG(s) 'latest_only' retrieved from /home/airflow/.local/lib/python3.8/site-packages/airflow/example_dags/example_latest_only.py
[2024-04-26T04:36:50.004+0000] {logging_mixin.py:188} INFO - [2024-04-26T04:36:50.004+0000] {dag.py:3036} INFO - Sync 1 DAGs
[2024-04-26T04:36:50.019+0000] {logging_mixin.py:188} INFO - [2024-04-26T04:36:50.018+0000] {dag.py:3823} INFO - Setting next_dagrun for latest_only to 2024-04-26 00:00:00+00:00, run_after=2024-04-26 04:00:00+00:00
[2024-04-26T04:36:50.033+0000] {processor.py:183} INFO - Processing /home/airflow/.local/lib/python3.8/site-packages/airflow/example_dags/example_latest_only.py took 0.051 seconds
