[2024-04-26T04:26:09.970+0000] {processor.py:161} INFO - Started process (PID=109) to work on /home/airflow/.local/lib/python3.8/site-packages/airflow/example_dags/example_datasets.py
[2024-04-26T04:26:09.971+0000] {processor.py:830} INFO - Processing file /home/airflow/.local/lib/python3.8/site-packages/airflow/example_dags/example_datasets.py for tasks to queue
[2024-04-26T04:26:09.973+0000] {logging_mixin.py:188} INFO - [2024-04-26T04:26:09.973+0000] {dagbag.py:538} INFO - Filling up the DagBag from /home/airflow/.local/lib/python3.8/site-packages/airflow/example_dags/example_datasets.py
[2024-04-26T04:26:09.985+0000] {processor.py:840} INFO - DAG(s) 'dataset_consumes_unknown_never_scheduled', 'dataset_produces_2', 'dataset_consumes_1_never_scheduled', 'dataset_consumes_1_and_2', 'dataset_produces_1', 'dataset_consumes_1' retrieved from /home/airflow/.local/lib/python3.8/site-packages/airflow/example_dags/example_datasets.py
[2024-04-26T04:26:10.019+0000] {logging_mixin.py:188} INFO - [2024-04-26T04:26:10.019+0000] {dag.py:3036} INFO - Sync 6 DAGs
[2024-04-26T04:26:10.041+0000] {logging_mixin.py:188} INFO - [2024-04-26T04:26:10.041+0000] {dag.py:3823} INFO - Setting next_dagrun for dataset_consumes_1 to None, run_after=None
[2024-04-26T04:26:10.045+0000] {logging_mixin.py:188} INFO - [2024-04-26T04:26:10.045+0000] {dag.py:3823} INFO - Setting next_dagrun for dataset_consumes_1_and_2 to None, run_after=None
[2024-04-26T04:26:10.047+0000] {logging_mixin.py:188} INFO - [2024-04-26T04:26:10.046+0000] {dag.py:3823} INFO - Setting next_dagrun for dataset_consumes_1_never_scheduled to None, run_after=None
[2024-04-26T04:26:10.049+0000] {logging_mixin.py:188} INFO - [2024-04-26T04:26:10.048+0000] {dag.py:3823} INFO - Setting next_dagrun for dataset_consumes_unknown_never_scheduled to None, run_after=None
[2024-04-26T04:26:10.052+0000] {logging_mixin.py:188} INFO - [2024-04-26T04:26:10.052+0000] {dag.py:3823} INFO - Setting next_dagrun for dataset_produces_1 to 2024-04-25 00:00:00+00:00, run_after=2024-04-26 00:00:00+00:00
[2024-04-26T04:26:10.054+0000] {logging_mixin.py:188} INFO - [2024-04-26T04:26:10.054+0000] {dag.py:3823} INFO - Setting next_dagrun for dataset_produces_2 to None, run_after=None
[2024-04-26T04:26:10.090+0000] {processor.py:183} INFO - Processing /home/airflow/.local/lib/python3.8/site-packages/airflow/example_dags/example_datasets.py took 0.123 seconds
[2024-04-26T04:26:40.296+0000] {processor.py:161} INFO - Started process (PID=185) to work on /home/airflow/.local/lib/python3.8/site-packages/airflow/example_dags/example_datasets.py
[2024-04-26T04:26:40.306+0000] {processor.py:830} INFO - Processing file /home/airflow/.local/lib/python3.8/site-packages/airflow/example_dags/example_datasets.py for tasks to queue
[2024-04-26T04:26:40.308+0000] {logging_mixin.py:188} INFO - [2024-04-26T04:26:40.308+0000] {dagbag.py:538} INFO - Filling up the DagBag from /home/airflow/.local/lib/python3.8/site-packages/airflow/example_dags/example_datasets.py
[2024-04-26T04:26:40.318+0000] {processor.py:840} INFO - DAG(s) 'dataset_consumes_1_and_2', 'dataset_consumes_1', 'dataset_consumes_unknown_never_scheduled', 'dataset_consumes_1_never_scheduled', 'dataset_produces_1', 'dataset_produces_2' retrieved from /home/airflow/.local/lib/python3.8/site-packages/airflow/example_dags/example_datasets.py
[2024-04-26T04:26:40.358+0000] {logging_mixin.py:188} INFO - [2024-04-26T04:26:40.357+0000] {dag.py:3036} INFO - Sync 6 DAGs
[2024-04-26T04:26:40.376+0000] {logging_mixin.py:188} INFO - [2024-04-26T04:26:40.376+0000] {dag.py:3823} INFO - Setting next_dagrun for dataset_consumes_1 to None, run_after=None
[2024-04-26T04:26:40.380+0000] {logging_mixin.py:188} INFO - [2024-04-26T04:26:40.380+0000] {dag.py:3823} INFO - Setting next_dagrun for dataset_consumes_1_and_2 to None, run_after=None
[2024-04-26T04:26:40.381+0000] {logging_mixin.py:188} INFO - [2024-04-26T04:26:40.381+0000] {dag.py:3823} INFO - Setting next_dagrun for dataset_consumes_1_never_scheduled to None, run_after=None
[2024-04-26T04:26:40.383+0000] {logging_mixin.py:188} INFO - [2024-04-26T04:26:40.383+0000] {dag.py:3823} INFO - Setting next_dagrun for dataset_consumes_unknown_never_scheduled to None, run_after=None
[2024-04-26T04:26:40.387+0000] {logging_mixin.py:188} INFO - [2024-04-26T04:26:40.387+0000] {dag.py:3823} INFO - Setting next_dagrun for dataset_produces_1 to 2024-04-25 00:00:00+00:00, run_after=2024-04-26 00:00:00+00:00
[2024-04-26T04:26:40.388+0000] {logging_mixin.py:188} INFO - [2024-04-26T04:26:40.388+0000] {dag.py:3823} INFO - Setting next_dagrun for dataset_produces_2 to None, run_after=None
[2024-04-26T04:26:40.416+0000] {processor.py:183} INFO - Processing /home/airflow/.local/lib/python3.8/site-packages/airflow/example_dags/example_datasets.py took 0.123 seconds
[2024-04-26T04:27:10.795+0000] {processor.py:161} INFO - Started process (PID=282) to work on /home/airflow/.local/lib/python3.8/site-packages/airflow/example_dags/example_datasets.py
[2024-04-26T04:27:10.796+0000] {processor.py:830} INFO - Processing file /home/airflow/.local/lib/python3.8/site-packages/airflow/example_dags/example_datasets.py for tasks to queue
[2024-04-26T04:27:10.798+0000] {logging_mixin.py:188} INFO - [2024-04-26T04:27:10.797+0000] {dagbag.py:538} INFO - Filling up the DagBag from /home/airflow/.local/lib/python3.8/site-packages/airflow/example_dags/example_datasets.py
[2024-04-26T04:27:10.805+0000] {processor.py:840} INFO - DAG(s) 'dataset_consumes_1_and_2', 'dataset_produces_1', 'dataset_consumes_1', 'dataset_consumes_unknown_never_scheduled', 'dataset_consumes_1_never_scheduled', 'dataset_produces_2' retrieved from /home/airflow/.local/lib/python3.8/site-packages/airflow/example_dags/example_datasets.py
[2024-04-26T04:27:10.834+0000] {logging_mixin.py:188} INFO - [2024-04-26T04:27:10.834+0000] {dag.py:3036} INFO - Sync 6 DAGs
[2024-04-26T04:27:10.853+0000] {logging_mixin.py:188} INFO - [2024-04-26T04:27:10.853+0000] {dag.py:3823} INFO - Setting next_dagrun for dataset_consumes_1 to None, run_after=None
[2024-04-26T04:27:10.857+0000] {logging_mixin.py:188} INFO - [2024-04-26T04:27:10.857+0000] {dag.py:3823} INFO - Setting next_dagrun for dataset_consumes_1_and_2 to None, run_after=None
[2024-04-26T04:27:10.860+0000] {logging_mixin.py:188} INFO - [2024-04-26T04:27:10.860+0000] {dag.py:3823} INFO - Setting next_dagrun for dataset_consumes_1_never_scheduled to None, run_after=None
[2024-04-26T04:27:10.862+0000] {logging_mixin.py:188} INFO - [2024-04-26T04:27:10.862+0000] {dag.py:3823} INFO - Setting next_dagrun for dataset_consumes_unknown_never_scheduled to None, run_after=None
[2024-04-26T04:27:10.864+0000] {logging_mixin.py:188} INFO - [2024-04-26T04:27:10.864+0000] {dag.py:3823} INFO - Setting next_dagrun for dataset_produces_1 to 2024-04-25 00:00:00+00:00, run_after=2024-04-26 00:00:00+00:00
[2024-04-26T04:27:10.865+0000] {logging_mixin.py:188} INFO - [2024-04-26T04:27:10.865+0000] {dag.py:3823} INFO - Setting next_dagrun for dataset_produces_2 to None, run_after=None
[2024-04-26T04:27:10.887+0000] {processor.py:183} INFO - Processing /home/airflow/.local/lib/python3.8/site-packages/airflow/example_dags/example_datasets.py took 0.095 seconds
[2024-04-26T04:27:41.759+0000] {processor.py:161} INFO - Started process (PID=358) to work on /home/airflow/.local/lib/python3.8/site-packages/airflow/example_dags/example_datasets.py
[2024-04-26T04:27:41.760+0000] {processor.py:830} INFO - Processing file /home/airflow/.local/lib/python3.8/site-packages/airflow/example_dags/example_datasets.py for tasks to queue
[2024-04-26T04:27:41.762+0000] {logging_mixin.py:188} INFO - [2024-04-26T04:27:41.761+0000] {dagbag.py:538} INFO - Filling up the DagBag from /home/airflow/.local/lib/python3.8/site-packages/airflow/example_dags/example_datasets.py
[2024-04-26T04:27:41.769+0000] {processor.py:840} INFO - DAG(s) 'dataset_produces_2', 'dataset_consumes_1', 'dataset_produces_1', 'dataset_consumes_unknown_never_scheduled', 'dataset_consumes_1_never_scheduled', 'dataset_consumes_1_and_2' retrieved from /home/airflow/.local/lib/python3.8/site-packages/airflow/example_dags/example_datasets.py
[2024-04-26T04:27:41.792+0000] {logging_mixin.py:188} INFO - [2024-04-26T04:27:41.792+0000] {dag.py:3036} INFO - Sync 6 DAGs
[2024-04-26T04:27:41.807+0000] {logging_mixin.py:188} INFO - [2024-04-26T04:27:41.807+0000] {dag.py:3823} INFO - Setting next_dagrun for dataset_consumes_1 to None, run_after=None
[2024-04-26T04:27:41.810+0000] {logging_mixin.py:188} INFO - [2024-04-26T04:27:41.810+0000] {dag.py:3823} INFO - Setting next_dagrun for dataset_consumes_1_and_2 to None, run_after=None
[2024-04-26T04:27:41.812+0000] {logging_mixin.py:188} INFO - [2024-04-26T04:27:41.812+0000] {dag.py:3823} INFO - Setting next_dagrun for dataset_consumes_1_never_scheduled to None, run_after=None
[2024-04-26T04:27:41.814+0000] {logging_mixin.py:188} INFO - [2024-04-26T04:27:41.814+0000] {dag.py:3823} INFO - Setting next_dagrun for dataset_consumes_unknown_never_scheduled to None, run_after=None
[2024-04-26T04:27:41.816+0000] {logging_mixin.py:188} INFO - [2024-04-26T04:27:41.816+0000] {dag.py:3823} INFO - Setting next_dagrun for dataset_produces_1 to 2024-04-25 00:00:00+00:00, run_after=2024-04-26 00:00:00+00:00
[2024-04-26T04:27:41.818+0000] {logging_mixin.py:188} INFO - [2024-04-26T04:27:41.818+0000] {dag.py:3823} INFO - Setting next_dagrun for dataset_produces_2 to None, run_after=None
[2024-04-26T04:27:41.842+0000] {processor.py:183} INFO - Processing /home/airflow/.local/lib/python3.8/site-packages/airflow/example_dags/example_datasets.py took 0.086 seconds
[2024-04-26T04:28:12.370+0000] {processor.py:161} INFO - Started process (PID=434) to work on /home/airflow/.local/lib/python3.8/site-packages/airflow/example_dags/example_datasets.py
[2024-04-26T04:28:12.371+0000] {processor.py:830} INFO - Processing file /home/airflow/.local/lib/python3.8/site-packages/airflow/example_dags/example_datasets.py for tasks to queue
[2024-04-26T04:28:12.373+0000] {logging_mixin.py:188} INFO - [2024-04-26T04:28:12.373+0000] {dagbag.py:538} INFO - Filling up the DagBag from /home/airflow/.local/lib/python3.8/site-packages/airflow/example_dags/example_datasets.py
[2024-04-26T04:28:12.380+0000] {processor.py:840} INFO - DAG(s) 'dataset_produces_1', 'dataset_consumes_unknown_never_scheduled', 'dataset_consumes_1', 'dataset_produces_2', 'dataset_consumes_1_and_2', 'dataset_consumes_1_never_scheduled' retrieved from /home/airflow/.local/lib/python3.8/site-packages/airflow/example_dags/example_datasets.py
[2024-04-26T04:28:12.415+0000] {logging_mixin.py:188} INFO - [2024-04-26T04:28:12.415+0000] {dag.py:3036} INFO - Sync 6 DAGs
[2024-04-26T04:28:12.433+0000] {logging_mixin.py:188} INFO - [2024-04-26T04:28:12.433+0000] {dag.py:3823} INFO - Setting next_dagrun for dataset_consumes_1 to None, run_after=None
[2024-04-26T04:28:12.436+0000] {logging_mixin.py:188} INFO - [2024-04-26T04:28:12.435+0000] {dag.py:3823} INFO - Setting next_dagrun for dataset_consumes_1_and_2 to None, run_after=None
[2024-04-26T04:28:12.437+0000] {logging_mixin.py:188} INFO - [2024-04-26T04:28:12.437+0000] {dag.py:3823} INFO - Setting next_dagrun for dataset_consumes_1_never_scheduled to None, run_after=None
[2024-04-26T04:28:12.439+0000] {logging_mixin.py:188} INFO - [2024-04-26T04:28:12.439+0000] {dag.py:3823} INFO - Setting next_dagrun for dataset_consumes_unknown_never_scheduled to None, run_after=None
[2024-04-26T04:28:12.441+0000] {logging_mixin.py:188} INFO - [2024-04-26T04:28:12.441+0000] {dag.py:3823} INFO - Setting next_dagrun for dataset_produces_1 to 2024-04-25 00:00:00+00:00, run_after=2024-04-26 00:00:00+00:00
[2024-04-26T04:28:12.443+0000] {logging_mixin.py:188} INFO - [2024-04-26T04:28:12.443+0000] {dag.py:3823} INFO - Setting next_dagrun for dataset_produces_2 to None, run_after=None
[2024-04-26T04:28:12.473+0000] {processor.py:183} INFO - Processing /home/airflow/.local/lib/python3.8/site-packages/airflow/example_dags/example_datasets.py took 0.107 seconds
[2024-04-26T04:28:43.053+0000] {processor.py:161} INFO - Started process (PID=510) to work on /home/airflow/.local/lib/python3.8/site-packages/airflow/example_dags/example_datasets.py
[2024-04-26T04:28:43.054+0000] {processor.py:830} INFO - Processing file /home/airflow/.local/lib/python3.8/site-packages/airflow/example_dags/example_datasets.py for tasks to queue
[2024-04-26T04:28:43.055+0000] {logging_mixin.py:188} INFO - [2024-04-26T04:28:43.055+0000] {dagbag.py:538} INFO - Filling up the DagBag from /home/airflow/.local/lib/python3.8/site-packages/airflow/example_dags/example_datasets.py
[2024-04-26T04:28:43.063+0000] {processor.py:840} INFO - DAG(s) 'dataset_consumes_unknown_never_scheduled', 'dataset_produces_2', 'dataset_consumes_1_never_scheduled', 'dataset_consumes_1', 'dataset_produces_1', 'dataset_consumes_1_and_2' retrieved from /home/airflow/.local/lib/python3.8/site-packages/airflow/example_dags/example_datasets.py
[2024-04-26T04:28:43.102+0000] {logging_mixin.py:188} INFO - [2024-04-26T04:28:43.101+0000] {dag.py:3036} INFO - Sync 6 DAGs
[2024-04-26T04:28:43.125+0000] {logging_mixin.py:188} INFO - [2024-04-26T04:28:43.125+0000] {dag.py:3823} INFO - Setting next_dagrun for dataset_consumes_1 to None, run_after=None
[2024-04-26T04:28:43.128+0000] {logging_mixin.py:188} INFO - [2024-04-26T04:28:43.128+0000] {dag.py:3823} INFO - Setting next_dagrun for dataset_consumes_1_and_2 to None, run_after=None
[2024-04-26T04:28:43.133+0000] {logging_mixin.py:188} INFO - [2024-04-26T04:28:43.133+0000] {dag.py:3823} INFO - Setting next_dagrun for dataset_consumes_1_never_scheduled to None, run_after=None
[2024-04-26T04:28:43.136+0000] {logging_mixin.py:188} INFO - [2024-04-26T04:28:43.136+0000] {dag.py:3823} INFO - Setting next_dagrun for dataset_consumes_unknown_never_scheduled to None, run_after=None
[2024-04-26T04:28:43.140+0000] {logging_mixin.py:188} INFO - [2024-04-26T04:28:43.140+0000] {dag.py:3823} INFO - Setting next_dagrun for dataset_produces_1 to 2024-04-25 00:00:00+00:00, run_after=2024-04-26 00:00:00+00:00
[2024-04-26T04:28:43.143+0000] {logging_mixin.py:188} INFO - [2024-04-26T04:28:43.143+0000] {dag.py:3823} INFO - Setting next_dagrun for dataset_produces_2 to None, run_after=None
[2024-04-26T04:28:43.173+0000] {processor.py:183} INFO - Processing /home/airflow/.local/lib/python3.8/site-packages/airflow/example_dags/example_datasets.py took 0.123 seconds
[2024-04-26T04:29:13.994+0000] {processor.py:161} INFO - Started process (PID=587) to work on /home/airflow/.local/lib/python3.8/site-packages/airflow/example_dags/example_datasets.py
[2024-04-26T04:29:13.995+0000] {processor.py:830} INFO - Processing file /home/airflow/.local/lib/python3.8/site-packages/airflow/example_dags/example_datasets.py for tasks to queue
[2024-04-26T04:29:13.997+0000] {logging_mixin.py:188} INFO - [2024-04-26T04:29:13.997+0000] {dagbag.py:538} INFO - Filling up the DagBag from /home/airflow/.local/lib/python3.8/site-packages/airflow/example_dags/example_datasets.py
[2024-04-26T04:29:14.005+0000] {processor.py:840} INFO - DAG(s) 'dataset_consumes_1_and_2', 'dataset_consumes_unknown_never_scheduled', 'dataset_produces_1', 'dataset_consumes_1_never_scheduled', 'dataset_produces_2', 'dataset_consumes_1' retrieved from /home/airflow/.local/lib/python3.8/site-packages/airflow/example_dags/example_datasets.py
[2024-04-26T04:29:14.036+0000] {logging_mixin.py:188} INFO - [2024-04-26T04:29:14.035+0000] {dag.py:3036} INFO - Sync 6 DAGs
[2024-04-26T04:29:14.072+0000] {logging_mixin.py:188} INFO - [2024-04-26T04:29:14.072+0000] {dag.py:3823} INFO - Setting next_dagrun for dataset_consumes_1 to None, run_after=None
[2024-04-26T04:29:14.076+0000] {logging_mixin.py:188} INFO - [2024-04-26T04:29:14.076+0000] {dag.py:3823} INFO - Setting next_dagrun for dataset_consumes_1_and_2 to None, run_after=None
[2024-04-26T04:29:14.077+0000] {logging_mixin.py:188} INFO - [2024-04-26T04:29:14.077+0000] {dag.py:3823} INFO - Setting next_dagrun for dataset_consumes_1_never_scheduled to None, run_after=None
[2024-04-26T04:29:14.079+0000] {logging_mixin.py:188} INFO - [2024-04-26T04:29:14.079+0000] {dag.py:3823} INFO - Setting next_dagrun for dataset_consumes_unknown_never_scheduled to None, run_after=None
[2024-04-26T04:29:14.082+0000] {logging_mixin.py:188} INFO - [2024-04-26T04:29:14.082+0000] {dag.py:3823} INFO - Setting next_dagrun for dataset_produces_1 to 2024-04-25 00:00:00+00:00, run_after=2024-04-26 00:00:00+00:00
[2024-04-26T04:29:14.085+0000] {logging_mixin.py:188} INFO - [2024-04-26T04:29:14.084+0000] {dag.py:3823} INFO - Setting next_dagrun for dataset_produces_2 to None, run_after=None
[2024-04-26T04:29:14.117+0000] {processor.py:183} INFO - Processing /home/airflow/.local/lib/python3.8/site-packages/airflow/example_dags/example_datasets.py took 0.125 seconds
[2024-04-26T04:29:44.712+0000] {processor.py:161} INFO - Started process (PID=663) to work on /home/airflow/.local/lib/python3.8/site-packages/airflow/example_dags/example_datasets.py
[2024-04-26T04:29:44.713+0000] {processor.py:830} INFO - Processing file /home/airflow/.local/lib/python3.8/site-packages/airflow/example_dags/example_datasets.py for tasks to queue
[2024-04-26T04:29:44.714+0000] {logging_mixin.py:188} INFO - [2024-04-26T04:29:44.714+0000] {dagbag.py:538} INFO - Filling up the DagBag from /home/airflow/.local/lib/python3.8/site-packages/airflow/example_dags/example_datasets.py
[2024-04-26T04:29:44.722+0000] {processor.py:840} INFO - DAG(s) 'dataset_produces_2', 'dataset_consumes_1_and_2', 'dataset_produces_1', 'dataset_consumes_unknown_never_scheduled', 'dataset_consumes_1_never_scheduled', 'dataset_consumes_1' retrieved from /home/airflow/.local/lib/python3.8/site-packages/airflow/example_dags/example_datasets.py
[2024-04-26T04:29:44.748+0000] {logging_mixin.py:188} INFO - [2024-04-26T04:29:44.748+0000] {dag.py:3036} INFO - Sync 6 DAGs
[2024-04-26T04:29:44.764+0000] {logging_mixin.py:188} INFO - [2024-04-26T04:29:44.764+0000] {dag.py:3823} INFO - Setting next_dagrun for dataset_consumes_1 to None, run_after=None
[2024-04-26T04:29:44.767+0000] {logging_mixin.py:188} INFO - [2024-04-26T04:29:44.767+0000] {dag.py:3823} INFO - Setting next_dagrun for dataset_consumes_1_and_2 to None, run_after=None
[2024-04-26T04:29:44.768+0000] {logging_mixin.py:188} INFO - [2024-04-26T04:29:44.768+0000] {dag.py:3823} INFO - Setting next_dagrun for dataset_consumes_1_never_scheduled to None, run_after=None
[2024-04-26T04:29:44.770+0000] {logging_mixin.py:188} INFO - [2024-04-26T04:29:44.770+0000] {dag.py:3823} INFO - Setting next_dagrun for dataset_consumes_unknown_never_scheduled to None, run_after=None
[2024-04-26T04:29:44.772+0000] {logging_mixin.py:188} INFO - [2024-04-26T04:29:44.772+0000] {dag.py:3823} INFO - Setting next_dagrun for dataset_produces_1 to 2024-04-25 00:00:00+00:00, run_after=2024-04-26 00:00:00+00:00
[2024-04-26T04:29:44.774+0000] {logging_mixin.py:188} INFO - [2024-04-26T04:29:44.774+0000] {dag.py:3823} INFO - Setting next_dagrun for dataset_produces_2 to None, run_after=None
[2024-04-26T04:29:44.801+0000] {processor.py:183} INFO - Processing /home/airflow/.local/lib/python3.8/site-packages/airflow/example_dags/example_datasets.py took 0.091 seconds
[2024-04-26T04:30:15.084+0000] {processor.py:161} INFO - Started process (PID=739) to work on /home/airflow/.local/lib/python3.8/site-packages/airflow/example_dags/example_datasets.py
[2024-04-26T04:30:15.085+0000] {processor.py:830} INFO - Processing file /home/airflow/.local/lib/python3.8/site-packages/airflow/example_dags/example_datasets.py for tasks to queue
[2024-04-26T04:30:15.086+0000] {logging_mixin.py:188} INFO - [2024-04-26T04:30:15.086+0000] {dagbag.py:538} INFO - Filling up the DagBag from /home/airflow/.local/lib/python3.8/site-packages/airflow/example_dags/example_datasets.py
[2024-04-26T04:30:15.094+0000] {processor.py:840} INFO - DAG(s) 'dataset_consumes_1_never_scheduled', 'dataset_produces_1', 'dataset_consumes_1_and_2', 'dataset_consumes_1', 'dataset_consumes_unknown_never_scheduled', 'dataset_produces_2' retrieved from /home/airflow/.local/lib/python3.8/site-packages/airflow/example_dags/example_datasets.py
[2024-04-26T04:30:15.121+0000] {logging_mixin.py:188} INFO - [2024-04-26T04:30:15.121+0000] {dag.py:3036} INFO - Sync 6 DAGs
[2024-04-26T04:30:15.137+0000] {logging_mixin.py:188} INFO - [2024-04-26T04:30:15.137+0000] {dag.py:3823} INFO - Setting next_dagrun for dataset_consumes_1 to None, run_after=None
[2024-04-26T04:30:15.140+0000] {logging_mixin.py:188} INFO - [2024-04-26T04:30:15.140+0000] {dag.py:3823} INFO - Setting next_dagrun for dataset_consumes_1_and_2 to None, run_after=None
[2024-04-26T04:30:15.142+0000] {logging_mixin.py:188} INFO - [2024-04-26T04:30:15.142+0000] {dag.py:3823} INFO - Setting next_dagrun for dataset_consumes_1_never_scheduled to None, run_after=None
[2024-04-26T04:30:15.143+0000] {logging_mixin.py:188} INFO - [2024-04-26T04:30:15.143+0000] {dag.py:3823} INFO - Setting next_dagrun for dataset_consumes_unknown_never_scheduled to None, run_after=None
[2024-04-26T04:30:15.146+0000] {logging_mixin.py:188} INFO - [2024-04-26T04:30:15.146+0000] {dag.py:3823} INFO - Setting next_dagrun for dataset_produces_1 to 2024-04-25 00:00:00+00:00, run_after=2024-04-26 00:00:00+00:00
[2024-04-26T04:30:15.147+0000] {logging_mixin.py:188} INFO - [2024-04-26T04:30:15.147+0000] {dag.py:3823} INFO - Setting next_dagrun for dataset_produces_2 to None, run_after=None
[2024-04-26T04:30:15.172+0000] {processor.py:183} INFO - Processing /home/airflow/.local/lib/python3.8/site-packages/airflow/example_dags/example_datasets.py took 0.091 seconds
[2024-04-26T04:30:45.606+0000] {processor.py:161} INFO - Started process (PID=815) to work on /home/airflow/.local/lib/python3.8/site-packages/airflow/example_dags/example_datasets.py
[2024-04-26T04:30:45.607+0000] {processor.py:830} INFO - Processing file /home/airflow/.local/lib/python3.8/site-packages/airflow/example_dags/example_datasets.py for tasks to queue
[2024-04-26T04:30:45.609+0000] {logging_mixin.py:188} INFO - [2024-04-26T04:30:45.609+0000] {dagbag.py:538} INFO - Filling up the DagBag from /home/airflow/.local/lib/python3.8/site-packages/airflow/example_dags/example_datasets.py
[2024-04-26T04:30:45.615+0000] {processor.py:840} INFO - DAG(s) 'dataset_consumes_1_and_2', 'dataset_produces_1', 'dataset_consumes_1', 'dataset_produces_2', 'dataset_consumes_1_never_scheduled', 'dataset_consumes_unknown_never_scheduled' retrieved from /home/airflow/.local/lib/python3.8/site-packages/airflow/example_dags/example_datasets.py
[2024-04-26T04:30:45.639+0000] {logging_mixin.py:188} INFO - [2024-04-26T04:30:45.639+0000] {dag.py:3036} INFO - Sync 6 DAGs
[2024-04-26T04:30:45.654+0000] {logging_mixin.py:188} INFO - [2024-04-26T04:30:45.654+0000] {dag.py:3823} INFO - Setting next_dagrun for dataset_consumes_1 to None, run_after=None
[2024-04-26T04:30:45.657+0000] {logging_mixin.py:188} INFO - [2024-04-26T04:30:45.657+0000] {dag.py:3823} INFO - Setting next_dagrun for dataset_consumes_1_and_2 to None, run_after=None
[2024-04-26T04:30:45.659+0000] {logging_mixin.py:188} INFO - [2024-04-26T04:30:45.658+0000] {dag.py:3823} INFO - Setting next_dagrun for dataset_consumes_1_never_scheduled to None, run_after=None
[2024-04-26T04:30:45.660+0000] {logging_mixin.py:188} INFO - [2024-04-26T04:30:45.660+0000] {dag.py:3823} INFO - Setting next_dagrun for dataset_consumes_unknown_never_scheduled to None, run_after=None
[2024-04-26T04:30:45.662+0000] {logging_mixin.py:188} INFO - [2024-04-26T04:30:45.662+0000] {dag.py:3823} INFO - Setting next_dagrun for dataset_produces_1 to 2024-04-25 00:00:00+00:00, run_after=2024-04-26 00:00:00+00:00
[2024-04-26T04:30:45.663+0000] {logging_mixin.py:188} INFO - [2024-04-26T04:30:45.663+0000] {dag.py:3823} INFO - Setting next_dagrun for dataset_produces_2 to None, run_after=None
[2024-04-26T04:30:45.690+0000] {processor.py:183} INFO - Processing /home/airflow/.local/lib/python3.8/site-packages/airflow/example_dags/example_datasets.py took 0.086 seconds
[2024-04-26T04:31:16.088+0000] {processor.py:161} INFO - Started process (PID=891) to work on /home/airflow/.local/lib/python3.8/site-packages/airflow/example_dags/example_datasets.py
[2024-04-26T04:31:16.090+0000] {processor.py:830} INFO - Processing file /home/airflow/.local/lib/python3.8/site-packages/airflow/example_dags/example_datasets.py for tasks to queue
[2024-04-26T04:31:16.091+0000] {logging_mixin.py:188} INFO - [2024-04-26T04:31:16.091+0000] {dagbag.py:538} INFO - Filling up the DagBag from /home/airflow/.local/lib/python3.8/site-packages/airflow/example_dags/example_datasets.py
[2024-04-26T04:31:16.098+0000] {processor.py:840} INFO - DAG(s) 'dataset_consumes_1_never_scheduled', 'dataset_consumes_1_and_2', 'dataset_produces_2', 'dataset_consumes_1', 'dataset_consumes_unknown_never_scheduled', 'dataset_produces_1' retrieved from /home/airflow/.local/lib/python3.8/site-packages/airflow/example_dags/example_datasets.py
[2024-04-26T04:31:16.124+0000] {logging_mixin.py:188} INFO - [2024-04-26T04:31:16.124+0000] {dag.py:3036} INFO - Sync 6 DAGs
[2024-04-26T04:31:16.139+0000] {logging_mixin.py:188} INFO - [2024-04-26T04:31:16.139+0000] {dag.py:3823} INFO - Setting next_dagrun for dataset_consumes_1 to None, run_after=None
[2024-04-26T04:31:16.142+0000] {logging_mixin.py:188} INFO - [2024-04-26T04:31:16.142+0000] {dag.py:3823} INFO - Setting next_dagrun for dataset_consumes_1_and_2 to None, run_after=None
[2024-04-26T04:31:16.143+0000] {logging_mixin.py:188} INFO - [2024-04-26T04:31:16.143+0000] {dag.py:3823} INFO - Setting next_dagrun for dataset_consumes_1_never_scheduled to None, run_after=None
[2024-04-26T04:31:16.145+0000] {logging_mixin.py:188} INFO - [2024-04-26T04:31:16.145+0000] {dag.py:3823} INFO - Setting next_dagrun for dataset_consumes_unknown_never_scheduled to None, run_after=None
[2024-04-26T04:31:16.147+0000] {logging_mixin.py:188} INFO - [2024-04-26T04:31:16.147+0000] {dag.py:3823} INFO - Setting next_dagrun for dataset_produces_1 to 2024-04-25 00:00:00+00:00, run_after=2024-04-26 00:00:00+00:00
[2024-04-26T04:31:16.148+0000] {logging_mixin.py:188} INFO - [2024-04-26T04:31:16.148+0000] {dag.py:3823} INFO - Setting next_dagrun for dataset_produces_2 to None, run_after=None
[2024-04-26T04:31:16.171+0000] {processor.py:183} INFO - Processing /home/airflow/.local/lib/python3.8/site-packages/airflow/example_dags/example_datasets.py took 0.086 seconds
[2024-04-26T04:31:46.545+0000] {processor.py:161} INFO - Started process (PID=967) to work on /home/airflow/.local/lib/python3.8/site-packages/airflow/example_dags/example_datasets.py
[2024-04-26T04:31:46.546+0000] {processor.py:830} INFO - Processing file /home/airflow/.local/lib/python3.8/site-packages/airflow/example_dags/example_datasets.py for tasks to queue
[2024-04-26T04:31:46.548+0000] {logging_mixin.py:188} INFO - [2024-04-26T04:31:46.548+0000] {dagbag.py:538} INFO - Filling up the DagBag from /home/airflow/.local/lib/python3.8/site-packages/airflow/example_dags/example_datasets.py
[2024-04-26T04:31:46.555+0000] {processor.py:840} INFO - DAG(s) 'dataset_consumes_1_and_2', 'dataset_produces_1', 'dataset_produces_2', 'dataset_consumes_1', 'dataset_consumes_unknown_never_scheduled', 'dataset_consumes_1_never_scheduled' retrieved from /home/airflow/.local/lib/python3.8/site-packages/airflow/example_dags/example_datasets.py
[2024-04-26T04:31:46.586+0000] {logging_mixin.py:188} INFO - [2024-04-26T04:31:46.586+0000] {dag.py:3036} INFO - Sync 6 DAGs
[2024-04-26T04:31:46.605+0000] {logging_mixin.py:188} INFO - [2024-04-26T04:31:46.605+0000] {dag.py:3823} INFO - Setting next_dagrun for dataset_consumes_1 to None, run_after=None
[2024-04-26T04:31:46.609+0000] {logging_mixin.py:188} INFO - [2024-04-26T04:31:46.609+0000] {dag.py:3823} INFO - Setting next_dagrun for dataset_consumes_1_and_2 to None, run_after=None
[2024-04-26T04:31:46.611+0000] {logging_mixin.py:188} INFO - [2024-04-26T04:31:46.611+0000] {dag.py:3823} INFO - Setting next_dagrun for dataset_consumes_1_never_scheduled to None, run_after=None
[2024-04-26T04:31:46.612+0000] {logging_mixin.py:188} INFO - [2024-04-26T04:31:46.612+0000] {dag.py:3823} INFO - Setting next_dagrun for dataset_consumes_unknown_never_scheduled to None, run_after=None
[2024-04-26T04:31:46.614+0000] {logging_mixin.py:188} INFO - [2024-04-26T04:31:46.614+0000] {dag.py:3823} INFO - Setting next_dagrun for dataset_produces_1 to 2024-04-25 00:00:00+00:00, run_after=2024-04-26 00:00:00+00:00
[2024-04-26T04:31:46.616+0000] {logging_mixin.py:188} INFO - [2024-04-26T04:31:46.616+0000] {dag.py:3823} INFO - Setting next_dagrun for dataset_produces_2 to None, run_after=None
[2024-04-26T04:31:46.647+0000] {processor.py:183} INFO - Processing /home/airflow/.local/lib/python3.8/site-packages/airflow/example_dags/example_datasets.py took 0.105 seconds
[2024-04-26T04:32:17.204+0000] {processor.py:161} INFO - Started process (PID=1043) to work on /home/airflow/.local/lib/python3.8/site-packages/airflow/example_dags/example_datasets.py
[2024-04-26T04:32:17.206+0000] {processor.py:830} INFO - Processing file /home/airflow/.local/lib/python3.8/site-packages/airflow/example_dags/example_datasets.py for tasks to queue
[2024-04-26T04:32:17.208+0000] {logging_mixin.py:188} INFO - [2024-04-26T04:32:17.208+0000] {dagbag.py:538} INFO - Filling up the DagBag from /home/airflow/.local/lib/python3.8/site-packages/airflow/example_dags/example_datasets.py
[2024-04-26T04:32:17.215+0000] {processor.py:840} INFO - DAG(s) 'dataset_consumes_1', 'dataset_consumes_unknown_never_scheduled', 'dataset_produces_2', 'dataset_consumes_1_and_2', 'dataset_produces_1', 'dataset_consumes_1_never_scheduled' retrieved from /home/airflow/.local/lib/python3.8/site-packages/airflow/example_dags/example_datasets.py
[2024-04-26T04:32:17.243+0000] {logging_mixin.py:188} INFO - [2024-04-26T04:32:17.243+0000] {dag.py:3036} INFO - Sync 6 DAGs
[2024-04-26T04:32:17.266+0000] {logging_mixin.py:188} INFO - [2024-04-26T04:32:17.266+0000] {dag.py:3823} INFO - Setting next_dagrun for dataset_consumes_1 to None, run_after=None
[2024-04-26T04:32:17.270+0000] {logging_mixin.py:188} INFO - [2024-04-26T04:32:17.270+0000] {dag.py:3823} INFO - Setting next_dagrun for dataset_consumes_1_and_2 to None, run_after=None
[2024-04-26T04:32:17.273+0000] {logging_mixin.py:188} INFO - [2024-04-26T04:32:17.273+0000] {dag.py:3823} INFO - Setting next_dagrun for dataset_consumes_1_never_scheduled to None, run_after=None
[2024-04-26T04:32:17.275+0000] {logging_mixin.py:188} INFO - [2024-04-26T04:32:17.275+0000] {dag.py:3823} INFO - Setting next_dagrun for dataset_consumes_unknown_never_scheduled to None, run_after=None
[2024-04-26T04:32:17.278+0000] {logging_mixin.py:188} INFO - [2024-04-26T04:32:17.277+0000] {dag.py:3823} INFO - Setting next_dagrun for dataset_produces_1 to 2024-04-25 00:00:00+00:00, run_after=2024-04-26 00:00:00+00:00
[2024-04-26T04:32:17.280+0000] {logging_mixin.py:188} INFO - [2024-04-26T04:32:17.280+0000] {dag.py:3823} INFO - Setting next_dagrun for dataset_produces_2 to None, run_after=None
[2024-04-26T04:32:17.308+0000] {processor.py:183} INFO - Processing /home/airflow/.local/lib/python3.8/site-packages/airflow/example_dags/example_datasets.py took 0.107 seconds
[2024-04-26T04:32:47.434+0000] {processor.py:161} INFO - Started process (PID=1119) to work on /home/airflow/.local/lib/python3.8/site-packages/airflow/example_dags/example_datasets.py
[2024-04-26T04:32:47.435+0000] {processor.py:830} INFO - Processing file /home/airflow/.local/lib/python3.8/site-packages/airflow/example_dags/example_datasets.py for tasks to queue
[2024-04-26T04:32:47.437+0000] {logging_mixin.py:188} INFO - [2024-04-26T04:32:47.437+0000] {dagbag.py:538} INFO - Filling up the DagBag from /home/airflow/.local/lib/python3.8/site-packages/airflow/example_dags/example_datasets.py
[2024-04-26T04:32:47.444+0000] {processor.py:840} INFO - DAG(s) 'dataset_consumes_1', 'dataset_consumes_unknown_never_scheduled', 'dataset_produces_1', 'dataset_produces_2', 'dataset_consumes_1_and_2', 'dataset_consumes_1_never_scheduled' retrieved from /home/airflow/.local/lib/python3.8/site-packages/airflow/example_dags/example_datasets.py
[2024-04-26T04:32:47.467+0000] {logging_mixin.py:188} INFO - [2024-04-26T04:32:47.467+0000] {dag.py:3036} INFO - Sync 6 DAGs
[2024-04-26T04:32:47.482+0000] {logging_mixin.py:188} INFO - [2024-04-26T04:32:47.482+0000] {dag.py:3823} INFO - Setting next_dagrun for dataset_consumes_1 to None, run_after=None
[2024-04-26T04:32:47.485+0000] {logging_mixin.py:188} INFO - [2024-04-26T04:32:47.485+0000] {dag.py:3823} INFO - Setting next_dagrun for dataset_consumes_1_and_2 to None, run_after=None
[2024-04-26T04:32:47.486+0000] {logging_mixin.py:188} INFO - [2024-04-26T04:32:47.486+0000] {dag.py:3823} INFO - Setting next_dagrun for dataset_consumes_1_never_scheduled to None, run_after=None
[2024-04-26T04:32:47.488+0000] {logging_mixin.py:188} INFO - [2024-04-26T04:32:47.488+0000] {dag.py:3823} INFO - Setting next_dagrun for dataset_consumes_unknown_never_scheduled to None, run_after=None
[2024-04-26T04:32:47.490+0000] {logging_mixin.py:188} INFO - [2024-04-26T04:32:47.490+0000] {dag.py:3823} INFO - Setting next_dagrun for dataset_produces_1 to 2024-04-25 00:00:00+00:00, run_after=2024-04-26 00:00:00+00:00
[2024-04-26T04:32:47.492+0000] {logging_mixin.py:188} INFO - [2024-04-26T04:32:47.491+0000] {dag.py:3823} INFO - Setting next_dagrun for dataset_produces_2 to None, run_after=None
[2024-04-26T04:32:47.516+0000] {processor.py:183} INFO - Processing /home/airflow/.local/lib/python3.8/site-packages/airflow/example_dags/example_datasets.py took 0.084 seconds
[2024-04-26T04:33:18.446+0000] {processor.py:161} INFO - Started process (PID=1195) to work on /home/airflow/.local/lib/python3.8/site-packages/airflow/example_dags/example_datasets.py
[2024-04-26T04:33:18.447+0000] {processor.py:830} INFO - Processing file /home/airflow/.local/lib/python3.8/site-packages/airflow/example_dags/example_datasets.py for tasks to queue
[2024-04-26T04:33:18.448+0000] {logging_mixin.py:188} INFO - [2024-04-26T04:33:18.448+0000] {dagbag.py:538} INFO - Filling up the DagBag from /home/airflow/.local/lib/python3.8/site-packages/airflow/example_dags/example_datasets.py
[2024-04-26T04:33:18.454+0000] {processor.py:840} INFO - DAG(s) 'dataset_consumes_1_never_scheduled', 'dataset_consumes_1', 'dataset_produces_1', 'dataset_produces_2', 'dataset_consumes_unknown_never_scheduled', 'dataset_consumes_1_and_2' retrieved from /home/airflow/.local/lib/python3.8/site-packages/airflow/example_dags/example_datasets.py
[2024-04-26T04:33:18.475+0000] {logging_mixin.py:188} INFO - [2024-04-26T04:33:18.475+0000] {dag.py:3036} INFO - Sync 6 DAGs
[2024-04-26T04:33:18.491+0000] {logging_mixin.py:188} INFO - [2024-04-26T04:33:18.491+0000] {dag.py:3823} INFO - Setting next_dagrun for dataset_consumes_1 to None, run_after=None
[2024-04-26T04:33:18.493+0000] {logging_mixin.py:188} INFO - [2024-04-26T04:33:18.493+0000] {dag.py:3823} INFO - Setting next_dagrun for dataset_consumes_1_and_2 to None, run_after=None
[2024-04-26T04:33:18.495+0000] {logging_mixin.py:188} INFO - [2024-04-26T04:33:18.495+0000] {dag.py:3823} INFO - Setting next_dagrun for dataset_consumes_1_never_scheduled to None, run_after=None
[2024-04-26T04:33:18.496+0000] {logging_mixin.py:188} INFO - [2024-04-26T04:33:18.496+0000] {dag.py:3823} INFO - Setting next_dagrun for dataset_consumes_unknown_never_scheduled to None, run_after=None
[2024-04-26T04:33:18.498+0000] {logging_mixin.py:188} INFO - [2024-04-26T04:33:18.498+0000] {dag.py:3823} INFO - Setting next_dagrun for dataset_produces_1 to 2024-04-25 00:00:00+00:00, run_after=2024-04-26 00:00:00+00:00
[2024-04-26T04:33:18.499+0000] {logging_mixin.py:188} INFO - [2024-04-26T04:33:18.499+0000] {dag.py:3823} INFO - Setting next_dagrun for dataset_produces_2 to None, run_after=None
[2024-04-26T04:33:18.522+0000] {processor.py:183} INFO - Processing /home/airflow/.local/lib/python3.8/site-packages/airflow/example_dags/example_datasets.py took 0.078 seconds
[2024-04-26T04:33:48.607+0000] {processor.py:161} INFO - Started process (PID=1271) to work on /home/airflow/.local/lib/python3.8/site-packages/airflow/example_dags/example_datasets.py
[2024-04-26T04:33:48.608+0000] {processor.py:830} INFO - Processing file /home/airflow/.local/lib/python3.8/site-packages/airflow/example_dags/example_datasets.py for tasks to queue
[2024-04-26T04:33:48.610+0000] {logging_mixin.py:188} INFO - [2024-04-26T04:33:48.610+0000] {dagbag.py:538} INFO - Filling up the DagBag from /home/airflow/.local/lib/python3.8/site-packages/airflow/example_dags/example_datasets.py
[2024-04-26T04:33:48.617+0000] {processor.py:840} INFO - DAG(s) 'dataset_produces_2', 'dataset_consumes_1', 'dataset_consumes_1_and_2', 'dataset_produces_1', 'dataset_consumes_unknown_never_scheduled', 'dataset_consumes_1_never_scheduled' retrieved from /home/airflow/.local/lib/python3.8/site-packages/airflow/example_dags/example_datasets.py
[2024-04-26T04:33:48.647+0000] {logging_mixin.py:188} INFO - [2024-04-26T04:33:48.647+0000] {dag.py:3036} INFO - Sync 6 DAGs
[2024-04-26T04:33:48.663+0000] {logging_mixin.py:188} INFO - [2024-04-26T04:33:48.663+0000] {dag.py:3823} INFO - Setting next_dagrun for dataset_consumes_1 to None, run_after=None
[2024-04-26T04:33:48.666+0000] {logging_mixin.py:188} INFO - [2024-04-26T04:33:48.666+0000] {dag.py:3823} INFO - Setting next_dagrun for dataset_consumes_1_and_2 to None, run_after=None
[2024-04-26T04:33:48.667+0000] {logging_mixin.py:188} INFO - [2024-04-26T04:33:48.667+0000] {dag.py:3823} INFO - Setting next_dagrun for dataset_consumes_1_never_scheduled to None, run_after=None
[2024-04-26T04:33:48.668+0000] {logging_mixin.py:188} INFO - [2024-04-26T04:33:48.668+0000] {dag.py:3823} INFO - Setting next_dagrun for dataset_consumes_unknown_never_scheduled to None, run_after=None
[2024-04-26T04:33:48.670+0000] {logging_mixin.py:188} INFO - [2024-04-26T04:33:48.670+0000] {dag.py:3823} INFO - Setting next_dagrun for dataset_produces_1 to 2024-04-25 00:00:00+00:00, run_after=2024-04-26 00:00:00+00:00
[2024-04-26T04:33:48.672+0000] {logging_mixin.py:188} INFO - [2024-04-26T04:33:48.672+0000] {dag.py:3823} INFO - Setting next_dagrun for dataset_produces_2 to None, run_after=None
[2024-04-26T04:33:48.699+0000] {processor.py:183} INFO - Processing /home/airflow/.local/lib/python3.8/site-packages/airflow/example_dags/example_datasets.py took 0.095 seconds
[2024-04-26T04:34:19.082+0000] {processor.py:161} INFO - Started process (PID=1347) to work on /home/airflow/.local/lib/python3.8/site-packages/airflow/example_dags/example_datasets.py
[2024-04-26T04:34:19.083+0000] {processor.py:830} INFO - Processing file /home/airflow/.local/lib/python3.8/site-packages/airflow/example_dags/example_datasets.py for tasks to queue
[2024-04-26T04:34:19.085+0000] {logging_mixin.py:188} INFO - [2024-04-26T04:34:19.085+0000] {dagbag.py:538} INFO - Filling up the DagBag from /home/airflow/.local/lib/python3.8/site-packages/airflow/example_dags/example_datasets.py
[2024-04-26T04:34:19.092+0000] {processor.py:840} INFO - DAG(s) 'dataset_produces_1', 'dataset_produces_2', 'dataset_consumes_unknown_never_scheduled', 'dataset_consumes_1', 'dataset_consumes_1_and_2', 'dataset_consumes_1_never_scheduled' retrieved from /home/airflow/.local/lib/python3.8/site-packages/airflow/example_dags/example_datasets.py
[2024-04-26T04:34:19.118+0000] {logging_mixin.py:188} INFO - [2024-04-26T04:34:19.118+0000] {dag.py:3036} INFO - Sync 6 DAGs
[2024-04-26T04:34:19.135+0000] {logging_mixin.py:188} INFO - [2024-04-26T04:34:19.135+0000] {dag.py:3823} INFO - Setting next_dagrun for dataset_consumes_1 to None, run_after=None
[2024-04-26T04:34:19.138+0000] {logging_mixin.py:188} INFO - [2024-04-26T04:34:19.138+0000] {dag.py:3823} INFO - Setting next_dagrun for dataset_consumes_1_and_2 to None, run_after=None
[2024-04-26T04:34:19.140+0000] {logging_mixin.py:188} INFO - [2024-04-26T04:34:19.140+0000] {dag.py:3823} INFO - Setting next_dagrun for dataset_consumes_1_never_scheduled to None, run_after=None
[2024-04-26T04:34:19.141+0000] {logging_mixin.py:188} INFO - [2024-04-26T04:34:19.141+0000] {dag.py:3823} INFO - Setting next_dagrun for dataset_consumes_unknown_never_scheduled to None, run_after=None
[2024-04-26T04:34:19.143+0000] {logging_mixin.py:188} INFO - [2024-04-26T04:34:19.143+0000] {dag.py:3823} INFO - Setting next_dagrun for dataset_produces_1 to 2024-04-25 00:00:00+00:00, run_after=2024-04-26 00:00:00+00:00
[2024-04-26T04:34:19.144+0000] {logging_mixin.py:188} INFO - [2024-04-26T04:34:19.144+0000] {dag.py:3823} INFO - Setting next_dagrun for dataset_produces_2 to None, run_after=None
[2024-04-26T04:34:19.174+0000] {processor.py:183} INFO - Processing /home/airflow/.local/lib/python3.8/site-packages/airflow/example_dags/example_datasets.py took 0.095 seconds
[2024-04-26T04:34:49.927+0000] {processor.py:161} INFO - Started process (PID=1423) to work on /home/airflow/.local/lib/python3.8/site-packages/airflow/example_dags/example_datasets.py
[2024-04-26T04:34:49.928+0000] {processor.py:830} INFO - Processing file /home/airflow/.local/lib/python3.8/site-packages/airflow/example_dags/example_datasets.py for tasks to queue
[2024-04-26T04:34:49.930+0000] {logging_mixin.py:188} INFO - [2024-04-26T04:34:49.930+0000] {dagbag.py:538} INFO - Filling up the DagBag from /home/airflow/.local/lib/python3.8/site-packages/airflow/example_dags/example_datasets.py
[2024-04-26T04:34:49.936+0000] {processor.py:840} INFO - DAG(s) 'dataset_consumes_1_and_2', 'dataset_consumes_unknown_never_scheduled', 'dataset_consumes_1', 'dataset_produces_2', 'dataset_produces_1', 'dataset_consumes_1_never_scheduled' retrieved from /home/airflow/.local/lib/python3.8/site-packages/airflow/example_dags/example_datasets.py
[2024-04-26T04:34:49.957+0000] {logging_mixin.py:188} INFO - [2024-04-26T04:34:49.957+0000] {dag.py:3036} INFO - Sync 6 DAGs
[2024-04-26T04:34:49.971+0000] {logging_mixin.py:188} INFO - [2024-04-26T04:34:49.971+0000] {dag.py:3823} INFO - Setting next_dagrun for dataset_consumes_1 to None, run_after=None
[2024-04-26T04:34:49.974+0000] {logging_mixin.py:188} INFO - [2024-04-26T04:34:49.973+0000] {dag.py:3823} INFO - Setting next_dagrun for dataset_consumes_1_and_2 to None, run_after=None
[2024-04-26T04:34:49.975+0000] {logging_mixin.py:188} INFO - [2024-04-26T04:34:49.975+0000] {dag.py:3823} INFO - Setting next_dagrun for dataset_consumes_1_never_scheduled to None, run_after=None
[2024-04-26T04:34:49.976+0000] {logging_mixin.py:188} INFO - [2024-04-26T04:34:49.976+0000] {dag.py:3823} INFO - Setting next_dagrun for dataset_consumes_unknown_never_scheduled to None, run_after=None
[2024-04-26T04:34:49.977+0000] {logging_mixin.py:188} INFO - [2024-04-26T04:34:49.977+0000] {dag.py:3823} INFO - Setting next_dagrun for dataset_produces_1 to 2024-04-25 00:00:00+00:00, run_after=2024-04-26 00:00:00+00:00
[2024-04-26T04:34:49.978+0000] {logging_mixin.py:188} INFO - [2024-04-26T04:34:49.978+0000] {dag.py:3823} INFO - Setting next_dagrun for dataset_produces_2 to None, run_after=None
[2024-04-26T04:34:50.001+0000] {processor.py:183} INFO - Processing /home/airflow/.local/lib/python3.8/site-packages/airflow/example_dags/example_datasets.py took 0.075 seconds
[2024-04-26T04:35:20.486+0000] {processor.py:161} INFO - Started process (PID=1499) to work on /home/airflow/.local/lib/python3.8/site-packages/airflow/example_dags/example_datasets.py
[2024-04-26T04:35:20.487+0000] {processor.py:830} INFO - Processing file /home/airflow/.local/lib/python3.8/site-packages/airflow/example_dags/example_datasets.py for tasks to queue
[2024-04-26T04:35:20.489+0000] {logging_mixin.py:188} INFO - [2024-04-26T04:35:20.489+0000] {dagbag.py:538} INFO - Filling up the DagBag from /home/airflow/.local/lib/python3.8/site-packages/airflow/example_dags/example_datasets.py
[2024-04-26T04:35:20.496+0000] {processor.py:840} INFO - DAG(s) 'dataset_consumes_1_and_2', 'dataset_produces_2', 'dataset_consumes_1', 'dataset_produces_1', 'dataset_consumes_unknown_never_scheduled', 'dataset_consumes_1_never_scheduled' retrieved from /home/airflow/.local/lib/python3.8/site-packages/airflow/example_dags/example_datasets.py
[2024-04-26T04:35:20.521+0000] {logging_mixin.py:188} INFO - [2024-04-26T04:35:20.521+0000] {dag.py:3036} INFO - Sync 6 DAGs
[2024-04-26T04:35:20.536+0000] {logging_mixin.py:188} INFO - [2024-04-26T04:35:20.536+0000] {dag.py:3823} INFO - Setting next_dagrun for dataset_consumes_1 to None, run_after=None
[2024-04-26T04:35:20.539+0000] {logging_mixin.py:188} INFO - [2024-04-26T04:35:20.538+0000] {dag.py:3823} INFO - Setting next_dagrun for dataset_consumes_1_and_2 to None, run_after=None
[2024-04-26T04:35:20.541+0000] {logging_mixin.py:188} INFO - [2024-04-26T04:35:20.541+0000] {dag.py:3823} INFO - Setting next_dagrun for dataset_consumes_1_never_scheduled to None, run_after=None
[2024-04-26T04:35:20.542+0000] {logging_mixin.py:188} INFO - [2024-04-26T04:35:20.542+0000] {dag.py:3823} INFO - Setting next_dagrun for dataset_consumes_unknown_never_scheduled to None, run_after=None
[2024-04-26T04:35:20.544+0000] {logging_mixin.py:188} INFO - [2024-04-26T04:35:20.544+0000] {dag.py:3823} INFO - Setting next_dagrun for dataset_produces_1 to 2024-04-25 00:00:00+00:00, run_after=2024-04-26 00:00:00+00:00
[2024-04-26T04:35:20.545+0000] {logging_mixin.py:188} INFO - [2024-04-26T04:35:20.545+0000] {dag.py:3823} INFO - Setting next_dagrun for dataset_produces_2 to None, run_after=None
[2024-04-26T04:35:20.567+0000] {processor.py:183} INFO - Processing /home/airflow/.local/lib/python3.8/site-packages/airflow/example_dags/example_datasets.py took 0.083 seconds
[2024-04-26T04:35:50.630+0000] {processor.py:161} INFO - Started process (PID=1576) to work on /home/airflow/.local/lib/python3.8/site-packages/airflow/example_dags/example_datasets.py
[2024-04-26T04:35:50.631+0000] {processor.py:830} INFO - Processing file /home/airflow/.local/lib/python3.8/site-packages/airflow/example_dags/example_datasets.py for tasks to queue
[2024-04-26T04:35:50.632+0000] {logging_mixin.py:188} INFO - [2024-04-26T04:35:50.632+0000] {dagbag.py:538} INFO - Filling up the DagBag from /home/airflow/.local/lib/python3.8/site-packages/airflow/example_dags/example_datasets.py
[2024-04-26T04:35:50.638+0000] {processor.py:840} INFO - DAG(s) 'dataset_produces_2', 'dataset_consumes_unknown_never_scheduled', 'dataset_consumes_1_and_2', 'dataset_consumes_1', 'dataset_produces_1', 'dataset_consumes_1_never_scheduled' retrieved from /home/airflow/.local/lib/python3.8/site-packages/airflow/example_dags/example_datasets.py
[2024-04-26T04:35:50.660+0000] {logging_mixin.py:188} INFO - [2024-04-26T04:35:50.660+0000] {dag.py:3036} INFO - Sync 6 DAGs
[2024-04-26T04:35:50.674+0000] {logging_mixin.py:188} INFO - [2024-04-26T04:35:50.674+0000] {dag.py:3823} INFO - Setting next_dagrun for dataset_consumes_1 to None, run_after=None
[2024-04-26T04:35:50.676+0000] {logging_mixin.py:188} INFO - [2024-04-26T04:35:50.676+0000] {dag.py:3823} INFO - Setting next_dagrun for dataset_consumes_1_and_2 to None, run_after=None
[2024-04-26T04:35:50.678+0000] {logging_mixin.py:188} INFO - [2024-04-26T04:35:50.678+0000] {dag.py:3823} INFO - Setting next_dagrun for dataset_consumes_1_never_scheduled to None, run_after=None
[2024-04-26T04:35:50.679+0000] {logging_mixin.py:188} INFO - [2024-04-26T04:35:50.679+0000] {dag.py:3823} INFO - Setting next_dagrun for dataset_consumes_unknown_never_scheduled to None, run_after=None
[2024-04-26T04:35:50.681+0000] {logging_mixin.py:188} INFO - [2024-04-26T04:35:50.681+0000] {dag.py:3823} INFO - Setting next_dagrun for dataset_produces_1 to 2024-04-25 00:00:00+00:00, run_after=2024-04-26 00:00:00+00:00
[2024-04-26T04:35:50.682+0000] {logging_mixin.py:188} INFO - [2024-04-26T04:35:50.682+0000] {dag.py:3823} INFO - Setting next_dagrun for dataset_produces_2 to None, run_after=None
[2024-04-26T04:35:50.707+0000] {processor.py:183} INFO - Processing /home/airflow/.local/lib/python3.8/site-packages/airflow/example_dags/example_datasets.py took 0.079 seconds
[2024-04-26T04:36:20.959+0000] {processor.py:161} INFO - Started process (PID=1652) to work on /home/airflow/.local/lib/python3.8/site-packages/airflow/example_dags/example_datasets.py
[2024-04-26T04:36:20.961+0000] {processor.py:830} INFO - Processing file /home/airflow/.local/lib/python3.8/site-packages/airflow/example_dags/example_datasets.py for tasks to queue
[2024-04-26T04:36:20.963+0000] {logging_mixin.py:188} INFO - [2024-04-26T04:36:20.962+0000] {dagbag.py:538} INFO - Filling up the DagBag from /home/airflow/.local/lib/python3.8/site-packages/airflow/example_dags/example_datasets.py
[2024-04-26T04:36:20.970+0000] {processor.py:840} INFO - DAG(s) 'dataset_produces_2', 'dataset_consumes_1', 'dataset_produces_1', 'dataset_consumes_1_and_2', 'dataset_consumes_unknown_never_scheduled', 'dataset_consumes_1_never_scheduled' retrieved from /home/airflow/.local/lib/python3.8/site-packages/airflow/example_dags/example_datasets.py
[2024-04-26T04:36:20.996+0000] {logging_mixin.py:188} INFO - [2024-04-26T04:36:20.996+0000] {dag.py:3036} INFO - Sync 6 DAGs
[2024-04-26T04:36:21.011+0000] {logging_mixin.py:188} INFO - [2024-04-26T04:36:21.011+0000] {dag.py:3823} INFO - Setting next_dagrun for dataset_consumes_1 to None, run_after=None
[2024-04-26T04:36:21.014+0000] {logging_mixin.py:188} INFO - [2024-04-26T04:36:21.014+0000] {dag.py:3823} INFO - Setting next_dagrun for dataset_consumes_1_and_2 to None, run_after=None
[2024-04-26T04:36:21.016+0000] {logging_mixin.py:188} INFO - [2024-04-26T04:36:21.016+0000] {dag.py:3823} INFO - Setting next_dagrun for dataset_consumes_1_never_scheduled to None, run_after=None
[2024-04-26T04:36:21.017+0000] {logging_mixin.py:188} INFO - [2024-04-26T04:36:21.017+0000] {dag.py:3823} INFO - Setting next_dagrun for dataset_consumes_unknown_never_scheduled to None, run_after=None
[2024-04-26T04:36:21.019+0000] {logging_mixin.py:188} INFO - [2024-04-26T04:36:21.019+0000] {dag.py:3823} INFO - Setting next_dagrun for dataset_produces_1 to 2024-04-25 00:00:00+00:00, run_after=2024-04-26 00:00:00+00:00
[2024-04-26T04:36:21.020+0000] {logging_mixin.py:188} INFO - [2024-04-26T04:36:21.020+0000] {dag.py:3823} INFO - Setting next_dagrun for dataset_produces_2 to None, run_after=None
[2024-04-26T04:36:21.045+0000] {processor.py:183} INFO - Processing /home/airflow/.local/lib/python3.8/site-packages/airflow/example_dags/example_datasets.py took 0.089 seconds
[2024-04-26T04:36:51.084+0000] {processor.py:161} INFO - Started process (PID=1730) to work on /home/airflow/.local/lib/python3.8/site-packages/airflow/example_dags/example_datasets.py
[2024-04-26T04:36:51.086+0000] {processor.py:830} INFO - Processing file /home/airflow/.local/lib/python3.8/site-packages/airflow/example_dags/example_datasets.py for tasks to queue
[2024-04-26T04:36:51.088+0000] {logging_mixin.py:188} INFO - [2024-04-26T04:36:51.088+0000] {dagbag.py:538} INFO - Filling up the DagBag from /home/airflow/.local/lib/python3.8/site-packages/airflow/example_dags/example_datasets.py
[2024-04-26T04:36:51.096+0000] {processor.py:840} INFO - DAG(s) 'dataset_consumes_1_and_2', 'dataset_consumes_unknown_never_scheduled', 'dataset_consumes_1_never_scheduled', 'dataset_consumes_1', 'dataset_produces_2', 'dataset_produces_1' retrieved from /home/airflow/.local/lib/python3.8/site-packages/airflow/example_dags/example_datasets.py
[2024-04-26T04:36:51.119+0000] {logging_mixin.py:188} INFO - [2024-04-26T04:36:51.118+0000] {dag.py:3036} INFO - Sync 6 DAGs
[2024-04-26T04:36:51.133+0000] {logging_mixin.py:188} INFO - [2024-04-26T04:36:51.132+0000] {dag.py:3823} INFO - Setting next_dagrun for dataset_consumes_1 to None, run_after=None
[2024-04-26T04:36:51.135+0000] {logging_mixin.py:188} INFO - [2024-04-26T04:36:51.135+0000] {dag.py:3823} INFO - Setting next_dagrun for dataset_consumes_1_and_2 to None, run_after=None
[2024-04-26T04:36:51.136+0000] {logging_mixin.py:188} INFO - [2024-04-26T04:36:51.136+0000] {dag.py:3823} INFO - Setting next_dagrun for dataset_consumes_1_never_scheduled to None, run_after=None
[2024-04-26T04:36:51.138+0000] {logging_mixin.py:188} INFO - [2024-04-26T04:36:51.138+0000] {dag.py:3823} INFO - Setting next_dagrun for dataset_consumes_unknown_never_scheduled to None, run_after=None
[2024-04-26T04:36:51.140+0000] {logging_mixin.py:188} INFO - [2024-04-26T04:36:51.140+0000] {dag.py:3823} INFO - Setting next_dagrun for dataset_produces_1 to 2024-04-25 00:00:00+00:00, run_after=2024-04-26 00:00:00+00:00
[2024-04-26T04:36:51.141+0000] {logging_mixin.py:188} INFO - [2024-04-26T04:36:51.141+0000] {dag.py:3823} INFO - Setting next_dagrun for dataset_produces_2 to None, run_after=None
[2024-04-26T04:36:51.164+0000] {processor.py:183} INFO - Processing /home/airflow/.local/lib/python3.8/site-packages/airflow/example_dags/example_datasets.py took 0.082 seconds
