[2024-04-26T04:26:08.486+0000] {processor.py:161} INFO - Started process (PID=88) to work on /home/airflow/.local/lib/python3.8/site-packages/airflow/example_dags/example_bash_operator.py
[2024-04-26T04:26:08.487+0000] {processor.py:830} INFO - Processing file /home/airflow/.local/lib/python3.8/site-packages/airflow/example_dags/example_bash_operator.py for tasks to queue
[2024-04-26T04:26:08.489+0000] {logging_mixin.py:188} INFO - [2024-04-26T04:26:08.489+0000] {dagbag.py:538} INFO - Filling up the DagBag from /home/airflow/.local/lib/python3.8/site-packages/airflow/example_dags/example_bash_operator.py
[2024-04-26T04:26:08.504+0000] {processor.py:840} INFO - DAG(s) 'example_bash_operator' retrieved from /home/airflow/.local/lib/python3.8/site-packages/airflow/example_dags/example_bash_operator.py
[2024-04-26T04:26:08.533+0000] {logging_mixin.py:188} INFO - [2024-04-26T04:26:08.532+0000] {dag.py:3036} INFO - Sync 1 DAGs
[2024-04-26T04:26:08.554+0000] {logging_mixin.py:188} INFO - [2024-04-26T04:26:08.553+0000] {dag.py:3823} INFO - Setting next_dagrun for example_bash_operator to 2024-04-25 00:00:00+00:00, run_after=2024-04-26 00:00:00+00:00
[2024-04-26T04:26:08.570+0000] {processor.py:183} INFO - Processing /home/airflow/.local/lib/python3.8/site-packages/airflow/example_dags/example_bash_operator.py took 0.089 seconds
[2024-04-26T04:26:39.137+0000] {processor.py:161} INFO - Started process (PID=164) to work on /home/airflow/.local/lib/python3.8/site-packages/airflow/example_dags/example_bash_operator.py
[2024-04-26T04:26:39.139+0000] {processor.py:830} INFO - Processing file /home/airflow/.local/lib/python3.8/site-packages/airflow/example_dags/example_bash_operator.py for tasks to queue
[2024-04-26T04:26:39.141+0000] {logging_mixin.py:188} INFO - [2024-04-26T04:26:39.141+0000] {dagbag.py:538} INFO - Filling up the DagBag from /home/airflow/.local/lib/python3.8/site-packages/airflow/example_dags/example_bash_operator.py
[2024-04-26T04:26:39.153+0000] {processor.py:840} INFO - DAG(s) 'example_bash_operator' retrieved from /home/airflow/.local/lib/python3.8/site-packages/airflow/example_dags/example_bash_operator.py
[2024-04-26T04:26:39.191+0000] {logging_mixin.py:188} INFO - [2024-04-26T04:26:39.191+0000] {dag.py:3036} INFO - Sync 1 DAGs
[2024-04-26T04:26:39.217+0000] {logging_mixin.py:188} INFO - [2024-04-26T04:26:39.217+0000] {dag.py:3823} INFO - Setting next_dagrun for example_bash_operator to 2024-04-25 00:00:00+00:00, run_after=2024-04-26 00:00:00+00:00
[2024-04-26T04:26:39.247+0000] {processor.py:183} INFO - Processing /home/airflow/.local/lib/python3.8/site-packages/airflow/example_dags/example_bash_operator.py took 0.114 seconds
[2024-04-26T04:27:09.465+0000] {processor.py:161} INFO - Started process (PID=261) to work on /home/airflow/.local/lib/python3.8/site-packages/airflow/example_dags/example_bash_operator.py
[2024-04-26T04:27:09.466+0000] {processor.py:830} INFO - Processing file /home/airflow/.local/lib/python3.8/site-packages/airflow/example_dags/example_bash_operator.py for tasks to queue
[2024-04-26T04:27:09.468+0000] {logging_mixin.py:188} INFO - [2024-04-26T04:27:09.468+0000] {dagbag.py:538} INFO - Filling up the DagBag from /home/airflow/.local/lib/python3.8/site-packages/airflow/example_dags/example_bash_operator.py
[2024-04-26T04:27:09.481+0000] {processor.py:840} INFO - DAG(s) 'example_bash_operator' retrieved from /home/airflow/.local/lib/python3.8/site-packages/airflow/example_dags/example_bash_operator.py
[2024-04-26T04:27:09.513+0000] {logging_mixin.py:188} INFO - [2024-04-26T04:27:09.513+0000] {dag.py:3036} INFO - Sync 1 DAGs
[2024-04-26T04:27:09.538+0000] {logging_mixin.py:188} INFO - [2024-04-26T04:27:09.538+0000] {dag.py:3823} INFO - Setting next_dagrun for example_bash_operator to 2024-04-25 00:00:00+00:00, run_after=2024-04-26 00:00:00+00:00
[2024-04-26T04:27:09.559+0000] {processor.py:183} INFO - Processing /home/airflow/.local/lib/python3.8/site-packages/airflow/example_dags/example_bash_operator.py took 0.097 seconds
[2024-04-26T04:27:39.703+0000] {processor.py:161} INFO - Started process (PID=337) to work on /home/airflow/.local/lib/python3.8/site-packages/airflow/example_dags/example_bash_operator.py
[2024-04-26T04:27:39.705+0000] {processor.py:830} INFO - Processing file /home/airflow/.local/lib/python3.8/site-packages/airflow/example_dags/example_bash_operator.py for tasks to queue
[2024-04-26T04:27:39.706+0000] {logging_mixin.py:188} INFO - [2024-04-26T04:27:39.706+0000] {dagbag.py:538} INFO - Filling up the DagBag from /home/airflow/.local/lib/python3.8/site-packages/airflow/example_dags/example_bash_operator.py
[2024-04-26T04:27:39.717+0000] {processor.py:840} INFO - DAG(s) 'example_bash_operator' retrieved from /home/airflow/.local/lib/python3.8/site-packages/airflow/example_dags/example_bash_operator.py
[2024-04-26T04:27:39.742+0000] {logging_mixin.py:188} INFO - [2024-04-26T04:27:39.742+0000] {dag.py:3036} INFO - Sync 1 DAGs
[2024-04-26T04:27:39.760+0000] {logging_mixin.py:188} INFO - [2024-04-26T04:27:39.759+0000] {dag.py:3823} INFO - Setting next_dagrun for example_bash_operator to 2024-04-25 00:00:00+00:00, run_after=2024-04-26 00:00:00+00:00
[2024-04-26T04:27:39.776+0000] {processor.py:183} INFO - Processing /home/airflow/.local/lib/python3.8/site-packages/airflow/example_dags/example_bash_operator.py took 0.076 seconds
[2024-04-26T04:28:10.277+0000] {processor.py:161} INFO - Started process (PID=413) to work on /home/airflow/.local/lib/python3.8/site-packages/airflow/example_dags/example_bash_operator.py
[2024-04-26T04:28:10.284+0000] {processor.py:830} INFO - Processing file /home/airflow/.local/lib/python3.8/site-packages/airflow/example_dags/example_bash_operator.py for tasks to queue
[2024-04-26T04:28:10.293+0000] {logging_mixin.py:188} INFO - [2024-04-26T04:28:10.292+0000] {dagbag.py:538} INFO - Filling up the DagBag from /home/airflow/.local/lib/python3.8/site-packages/airflow/example_dags/example_bash_operator.py
[2024-04-26T04:28:10.307+0000] {processor.py:840} INFO - DAG(s) 'example_bash_operator' retrieved from /home/airflow/.local/lib/python3.8/site-packages/airflow/example_dags/example_bash_operator.py
[2024-04-26T04:28:10.331+0000] {logging_mixin.py:188} INFO - [2024-04-26T04:28:10.331+0000] {dag.py:3036} INFO - Sync 1 DAGs
[2024-04-26T04:28:10.350+0000] {logging_mixin.py:188} INFO - [2024-04-26T04:28:10.350+0000] {dag.py:3823} INFO - Setting next_dagrun for example_bash_operator to 2024-04-25 00:00:00+00:00, run_after=2024-04-26 00:00:00+00:00
[2024-04-26T04:28:10.369+0000] {processor.py:183} INFO - Processing /home/airflow/.local/lib/python3.8/site-packages/airflow/example_dags/example_bash_operator.py took 0.096 seconds
[2024-04-26T04:28:40.950+0000] {processor.py:161} INFO - Started process (PID=489) to work on /home/airflow/.local/lib/python3.8/site-packages/airflow/example_dags/example_bash_operator.py
[2024-04-26T04:28:40.951+0000] {processor.py:830} INFO - Processing file /home/airflow/.local/lib/python3.8/site-packages/airflow/example_dags/example_bash_operator.py for tasks to queue
[2024-04-26T04:28:40.954+0000] {logging_mixin.py:188} INFO - [2024-04-26T04:28:40.953+0000] {dagbag.py:538} INFO - Filling up the DagBag from /home/airflow/.local/lib/python3.8/site-packages/airflow/example_dags/example_bash_operator.py
[2024-04-26T04:28:40.965+0000] {processor.py:840} INFO - DAG(s) 'example_bash_operator' retrieved from /home/airflow/.local/lib/python3.8/site-packages/airflow/example_dags/example_bash_operator.py
[2024-04-26T04:28:40.991+0000] {logging_mixin.py:188} INFO - [2024-04-26T04:28:40.991+0000] {dag.py:3036} INFO - Sync 1 DAGs
[2024-04-26T04:28:41.009+0000] {logging_mixin.py:188} INFO - [2024-04-26T04:28:41.009+0000] {dag.py:3823} INFO - Setting next_dagrun for example_bash_operator to 2024-04-25 00:00:00+00:00, run_after=2024-04-26 00:00:00+00:00
[2024-04-26T04:28:41.028+0000] {processor.py:183} INFO - Processing /home/airflow/.local/lib/python3.8/site-packages/airflow/example_dags/example_bash_operator.py took 0.081 seconds
[2024-04-26T04:29:11.933+0000] {processor.py:161} INFO - Started process (PID=566) to work on /home/airflow/.local/lib/python3.8/site-packages/airflow/example_dags/example_bash_operator.py
[2024-04-26T04:29:11.934+0000] {processor.py:830} INFO - Processing file /home/airflow/.local/lib/python3.8/site-packages/airflow/example_dags/example_bash_operator.py for tasks to queue
[2024-04-26T04:29:11.936+0000] {logging_mixin.py:188} INFO - [2024-04-26T04:29:11.936+0000] {dagbag.py:538} INFO - Filling up the DagBag from /home/airflow/.local/lib/python3.8/site-packages/airflow/example_dags/example_bash_operator.py
[2024-04-26T04:29:11.944+0000] {processor.py:840} INFO - DAG(s) 'example_bash_operator' retrieved from /home/airflow/.local/lib/python3.8/site-packages/airflow/example_dags/example_bash_operator.py
[2024-04-26T04:29:11.964+0000] {logging_mixin.py:188} INFO - [2024-04-26T04:29:11.964+0000] {dag.py:3036} INFO - Sync 1 DAGs
[2024-04-26T04:29:11.979+0000] {logging_mixin.py:188} INFO - [2024-04-26T04:29:11.979+0000] {dag.py:3823} INFO - Setting next_dagrun for example_bash_operator to 2024-04-25 00:00:00+00:00, run_after=2024-04-26 00:00:00+00:00
[2024-04-26T04:29:11.994+0000] {processor.py:183} INFO - Processing /home/airflow/.local/lib/python3.8/site-packages/airflow/example_dags/example_bash_operator.py took 0.063 seconds
[2024-04-26T04:29:42.598+0000] {processor.py:161} INFO - Started process (PID=642) to work on /home/airflow/.local/lib/python3.8/site-packages/airflow/example_dags/example_bash_operator.py
[2024-04-26T04:29:42.599+0000] {processor.py:830} INFO - Processing file /home/airflow/.local/lib/python3.8/site-packages/airflow/example_dags/example_bash_operator.py for tasks to queue
[2024-04-26T04:29:42.601+0000] {logging_mixin.py:188} INFO - [2024-04-26T04:29:42.601+0000] {dagbag.py:538} INFO - Filling up the DagBag from /home/airflow/.local/lib/python3.8/site-packages/airflow/example_dags/example_bash_operator.py
[2024-04-26T04:29:42.610+0000] {processor.py:840} INFO - DAG(s) 'example_bash_operator' retrieved from /home/airflow/.local/lib/python3.8/site-packages/airflow/example_dags/example_bash_operator.py
[2024-04-26T04:29:42.634+0000] {logging_mixin.py:188} INFO - [2024-04-26T04:29:42.634+0000] {dag.py:3036} INFO - Sync 1 DAGs
[2024-04-26T04:29:42.656+0000] {logging_mixin.py:188} INFO - [2024-04-26T04:29:42.656+0000] {dag.py:3823} INFO - Setting next_dagrun for example_bash_operator to 2024-04-25 00:00:00+00:00, run_after=2024-04-26 00:00:00+00:00
[2024-04-26T04:29:42.674+0000] {processor.py:183} INFO - Processing /home/airflow/.local/lib/python3.8/site-packages/airflow/example_dags/example_bash_operator.py took 0.079 seconds
[2024-04-26T04:30:13.233+0000] {processor.py:161} INFO - Started process (PID=718) to work on /home/airflow/.local/lib/python3.8/site-packages/airflow/example_dags/example_bash_operator.py
[2024-04-26T04:30:13.234+0000] {processor.py:830} INFO - Processing file /home/airflow/.local/lib/python3.8/site-packages/airflow/example_dags/example_bash_operator.py for tasks to queue
[2024-04-26T04:30:13.236+0000] {logging_mixin.py:188} INFO - [2024-04-26T04:30:13.235+0000] {dagbag.py:538} INFO - Filling up the DagBag from /home/airflow/.local/lib/python3.8/site-packages/airflow/example_dags/example_bash_operator.py
[2024-04-26T04:30:13.245+0000] {processor.py:840} INFO - DAG(s) 'example_bash_operator' retrieved from /home/airflow/.local/lib/python3.8/site-packages/airflow/example_dags/example_bash_operator.py
[2024-04-26T04:30:13.270+0000] {logging_mixin.py:188} INFO - [2024-04-26T04:30:13.270+0000] {dag.py:3036} INFO - Sync 1 DAGs
[2024-04-26T04:30:13.287+0000] {logging_mixin.py:188} INFO - [2024-04-26T04:30:13.287+0000] {dag.py:3823} INFO - Setting next_dagrun for example_bash_operator to 2024-04-25 00:00:00+00:00, run_after=2024-04-26 00:00:00+00:00
[2024-04-26T04:30:13.303+0000] {processor.py:183} INFO - Processing /home/airflow/.local/lib/python3.8/site-packages/airflow/example_dags/example_bash_operator.py took 0.072 seconds
[2024-04-26T04:30:43.752+0000] {processor.py:161} INFO - Started process (PID=794) to work on /home/airflow/.local/lib/python3.8/site-packages/airflow/example_dags/example_bash_operator.py
[2024-04-26T04:30:43.753+0000] {processor.py:830} INFO - Processing file /home/airflow/.local/lib/python3.8/site-packages/airflow/example_dags/example_bash_operator.py for tasks to queue
[2024-04-26T04:30:43.756+0000] {logging_mixin.py:188} INFO - [2024-04-26T04:30:43.755+0000] {dagbag.py:538} INFO - Filling up the DagBag from /home/airflow/.local/lib/python3.8/site-packages/airflow/example_dags/example_bash_operator.py
[2024-04-26T04:30:43.767+0000] {processor.py:840} INFO - DAG(s) 'example_bash_operator' retrieved from /home/airflow/.local/lib/python3.8/site-packages/airflow/example_dags/example_bash_operator.py
[2024-04-26T04:30:43.798+0000] {logging_mixin.py:188} INFO - [2024-04-26T04:30:43.798+0000] {dag.py:3036} INFO - Sync 1 DAGs
[2024-04-26T04:30:43.817+0000] {logging_mixin.py:188} INFO - [2024-04-26T04:30:43.817+0000] {dag.py:3823} INFO - Setting next_dagrun for example_bash_operator to 2024-04-25 00:00:00+00:00, run_after=2024-04-26 00:00:00+00:00
[2024-04-26T04:30:43.834+0000] {processor.py:183} INFO - Processing /home/airflow/.local/lib/python3.8/site-packages/airflow/example_dags/example_bash_operator.py took 0.086 seconds
[2024-04-26T04:31:14.134+0000] {processor.py:161} INFO - Started process (PID=870) to work on /home/airflow/.local/lib/python3.8/site-packages/airflow/example_dags/example_bash_operator.py
[2024-04-26T04:31:14.136+0000] {processor.py:830} INFO - Processing file /home/airflow/.local/lib/python3.8/site-packages/airflow/example_dags/example_bash_operator.py for tasks to queue
[2024-04-26T04:31:14.139+0000] {logging_mixin.py:188} INFO - [2024-04-26T04:31:14.138+0000] {dagbag.py:538} INFO - Filling up the DagBag from /home/airflow/.local/lib/python3.8/site-packages/airflow/example_dags/example_bash_operator.py
[2024-04-26T04:31:14.152+0000] {processor.py:840} INFO - DAG(s) 'example_bash_operator' retrieved from /home/airflow/.local/lib/python3.8/site-packages/airflow/example_dags/example_bash_operator.py
[2024-04-26T04:31:14.185+0000] {logging_mixin.py:188} INFO - [2024-04-26T04:31:14.184+0000] {dag.py:3036} INFO - Sync 1 DAGs
[2024-04-26T04:31:14.207+0000] {logging_mixin.py:188} INFO - [2024-04-26T04:31:14.207+0000] {dag.py:3823} INFO - Setting next_dagrun for example_bash_operator to 2024-04-25 00:00:00+00:00, run_after=2024-04-26 00:00:00+00:00
[2024-04-26T04:31:14.232+0000] {processor.py:183} INFO - Processing /home/airflow/.local/lib/python3.8/site-packages/airflow/example_dags/example_bash_operator.py took 0.101 seconds
[2024-04-26T04:31:44.450+0000] {processor.py:161} INFO - Started process (PID=946) to work on /home/airflow/.local/lib/python3.8/site-packages/airflow/example_dags/example_bash_operator.py
[2024-04-26T04:31:44.452+0000] {processor.py:830} INFO - Processing file /home/airflow/.local/lib/python3.8/site-packages/airflow/example_dags/example_bash_operator.py for tasks to queue
[2024-04-26T04:31:44.454+0000] {logging_mixin.py:188} INFO - [2024-04-26T04:31:44.454+0000] {dagbag.py:538} INFO - Filling up the DagBag from /home/airflow/.local/lib/python3.8/site-packages/airflow/example_dags/example_bash_operator.py
[2024-04-26T04:31:44.463+0000] {processor.py:840} INFO - DAG(s) 'example_bash_operator' retrieved from /home/airflow/.local/lib/python3.8/site-packages/airflow/example_dags/example_bash_operator.py
[2024-04-26T04:31:44.489+0000] {logging_mixin.py:188} INFO - [2024-04-26T04:31:44.489+0000] {dag.py:3036} INFO - Sync 1 DAGs
[2024-04-26T04:31:44.507+0000] {logging_mixin.py:188} INFO - [2024-04-26T04:31:44.507+0000] {dag.py:3823} INFO - Setting next_dagrun for example_bash_operator to 2024-04-25 00:00:00+00:00, run_after=2024-04-26 00:00:00+00:00
[2024-04-26T04:31:44.524+0000] {processor.py:183} INFO - Processing /home/airflow/.local/lib/python3.8/site-packages/airflow/example_dags/example_bash_operator.py took 0.076 seconds
[2024-04-26T04:32:15.098+0000] {processor.py:161} INFO - Started process (PID=1022) to work on /home/airflow/.local/lib/python3.8/site-packages/airflow/example_dags/example_bash_operator.py
[2024-04-26T04:32:15.100+0000] {processor.py:830} INFO - Processing file /home/airflow/.local/lib/python3.8/site-packages/airflow/example_dags/example_bash_operator.py for tasks to queue
[2024-04-26T04:32:15.102+0000] {logging_mixin.py:188} INFO - [2024-04-26T04:32:15.102+0000] {dagbag.py:538} INFO - Filling up the DagBag from /home/airflow/.local/lib/python3.8/site-packages/airflow/example_dags/example_bash_operator.py
[2024-04-26T04:32:15.113+0000] {processor.py:840} INFO - DAG(s) 'example_bash_operator' retrieved from /home/airflow/.local/lib/python3.8/site-packages/airflow/example_dags/example_bash_operator.py
[2024-04-26T04:32:15.138+0000] {logging_mixin.py:188} INFO - [2024-04-26T04:32:15.138+0000] {dag.py:3036} INFO - Sync 1 DAGs
[2024-04-26T04:32:15.157+0000] {logging_mixin.py:188} INFO - [2024-04-26T04:32:15.157+0000] {dag.py:3823} INFO - Setting next_dagrun for example_bash_operator to 2024-04-25 00:00:00+00:00, run_after=2024-04-26 00:00:00+00:00
[2024-04-26T04:32:15.175+0000] {processor.py:183} INFO - Processing /home/airflow/.local/lib/python3.8/site-packages/airflow/example_dags/example_bash_operator.py took 0.080 seconds
[2024-04-26T04:32:46.019+0000] {processor.py:161} INFO - Started process (PID=1098) to work on /home/airflow/.local/lib/python3.8/site-packages/airflow/example_dags/example_bash_operator.py
[2024-04-26T04:32:46.027+0000] {processor.py:830} INFO - Processing file /home/airflow/.local/lib/python3.8/site-packages/airflow/example_dags/example_bash_operator.py for tasks to queue
[2024-04-26T04:32:46.029+0000] {logging_mixin.py:188} INFO - [2024-04-26T04:32:46.028+0000] {dagbag.py:538} INFO - Filling up the DagBag from /home/airflow/.local/lib/python3.8/site-packages/airflow/example_dags/example_bash_operator.py
[2024-04-26T04:32:46.039+0000] {processor.py:840} INFO - DAG(s) 'example_bash_operator' retrieved from /home/airflow/.local/lib/python3.8/site-packages/airflow/example_dags/example_bash_operator.py
[2024-04-26T04:32:46.062+0000] {logging_mixin.py:188} INFO - [2024-04-26T04:32:46.062+0000] {dag.py:3036} INFO - Sync 1 DAGs
[2024-04-26T04:32:46.080+0000] {logging_mixin.py:188} INFO - [2024-04-26T04:32:46.080+0000] {dag.py:3823} INFO - Setting next_dagrun for example_bash_operator to 2024-04-25 00:00:00+00:00, run_after=2024-04-26 00:00:00+00:00
[2024-04-26T04:32:46.100+0000] {processor.py:183} INFO - Processing /home/airflow/.local/lib/python3.8/site-packages/airflow/example_dags/example_bash_operator.py took 0.084 seconds
[2024-04-26T04:33:16.155+0000] {processor.py:161} INFO - Started process (PID=1174) to work on /home/airflow/.local/lib/python3.8/site-packages/airflow/example_dags/example_bash_operator.py
[2024-04-26T04:33:16.157+0000] {processor.py:830} INFO - Processing file /home/airflow/.local/lib/python3.8/site-packages/airflow/example_dags/example_bash_operator.py for tasks to queue
[2024-04-26T04:33:16.158+0000] {logging_mixin.py:188} INFO - [2024-04-26T04:33:16.158+0000] {dagbag.py:538} INFO - Filling up the DagBag from /home/airflow/.local/lib/python3.8/site-packages/airflow/example_dags/example_bash_operator.py
[2024-04-26T04:33:16.168+0000] {processor.py:840} INFO - DAG(s) 'example_bash_operator' retrieved from /home/airflow/.local/lib/python3.8/site-packages/airflow/example_dags/example_bash_operator.py
[2024-04-26T04:33:16.193+0000] {logging_mixin.py:188} INFO - [2024-04-26T04:33:16.193+0000] {dag.py:3036} INFO - Sync 1 DAGs
[2024-04-26T04:33:16.212+0000] {logging_mixin.py:188} INFO - [2024-04-26T04:33:16.212+0000] {dag.py:3823} INFO - Setting next_dagrun for example_bash_operator to 2024-04-25 00:00:00+00:00, run_after=2024-04-26 00:00:00+00:00
[2024-04-26T04:33:16.228+0000] {processor.py:183} INFO - Processing /home/airflow/.local/lib/python3.8/site-packages/airflow/example_dags/example_bash_operator.py took 0.076 seconds
[2024-04-26T04:33:46.302+0000] {processor.py:161} INFO - Started process (PID=1250) to work on /home/airflow/.local/lib/python3.8/site-packages/airflow/example_dags/example_bash_operator.py
[2024-04-26T04:33:46.304+0000] {processor.py:830} INFO - Processing file /home/airflow/.local/lib/python3.8/site-packages/airflow/example_dags/example_bash_operator.py for tasks to queue
[2024-04-26T04:33:46.305+0000] {logging_mixin.py:188} INFO - [2024-04-26T04:33:46.305+0000] {dagbag.py:538} INFO - Filling up the DagBag from /home/airflow/.local/lib/python3.8/site-packages/airflow/example_dags/example_bash_operator.py
[2024-04-26T04:33:46.314+0000] {processor.py:840} INFO - DAG(s) 'example_bash_operator' retrieved from /home/airflow/.local/lib/python3.8/site-packages/airflow/example_dags/example_bash_operator.py
[2024-04-26T04:33:46.344+0000] {logging_mixin.py:188} INFO - [2024-04-26T04:33:46.344+0000] {dag.py:3036} INFO - Sync 1 DAGs
[2024-04-26T04:33:46.361+0000] {logging_mixin.py:188} INFO - [2024-04-26T04:33:46.360+0000] {dag.py:3823} INFO - Setting next_dagrun for example_bash_operator to 2024-04-25 00:00:00+00:00, run_after=2024-04-26 00:00:00+00:00
[2024-04-26T04:33:46.383+0000] {processor.py:183} INFO - Processing /home/airflow/.local/lib/python3.8/site-packages/airflow/example_dags/example_bash_operator.py took 0.083 seconds
[2024-04-26T04:34:16.840+0000] {processor.py:161} INFO - Started process (PID=1326) to work on /home/airflow/.local/lib/python3.8/site-packages/airflow/example_dags/example_bash_operator.py
[2024-04-26T04:34:16.841+0000] {processor.py:830} INFO - Processing file /home/airflow/.local/lib/python3.8/site-packages/airflow/example_dags/example_bash_operator.py for tasks to queue
[2024-04-26T04:34:16.842+0000] {logging_mixin.py:188} INFO - [2024-04-26T04:34:16.842+0000] {dagbag.py:538} INFO - Filling up the DagBag from /home/airflow/.local/lib/python3.8/site-packages/airflow/example_dags/example_bash_operator.py
[2024-04-26T04:34:16.850+0000] {processor.py:840} INFO - DAG(s) 'example_bash_operator' retrieved from /home/airflow/.local/lib/python3.8/site-packages/airflow/example_dags/example_bash_operator.py
[2024-04-26T04:34:16.871+0000] {logging_mixin.py:188} INFO - [2024-04-26T04:34:16.871+0000] {dag.py:3036} INFO - Sync 1 DAGs
[2024-04-26T04:34:16.889+0000] {logging_mixin.py:188} INFO - [2024-04-26T04:34:16.889+0000] {dag.py:3823} INFO - Setting next_dagrun for example_bash_operator to 2024-04-25 00:00:00+00:00, run_after=2024-04-26 00:00:00+00:00
[2024-04-26T04:34:16.906+0000] {processor.py:183} INFO - Processing /home/airflow/.local/lib/python3.8/site-packages/airflow/example_dags/example_bash_operator.py took 0.069 seconds
[2024-04-26T04:34:47.877+0000] {processor.py:161} INFO - Started process (PID=1402) to work on /home/airflow/.local/lib/python3.8/site-packages/airflow/example_dags/example_bash_operator.py
[2024-04-26T04:34:47.878+0000] {processor.py:830} INFO - Processing file /home/airflow/.local/lib/python3.8/site-packages/airflow/example_dags/example_bash_operator.py for tasks to queue
[2024-04-26T04:34:47.880+0000] {logging_mixin.py:188} INFO - [2024-04-26T04:34:47.879+0000] {dagbag.py:538} INFO - Filling up the DagBag from /home/airflow/.local/lib/python3.8/site-packages/airflow/example_dags/example_bash_operator.py
[2024-04-26T04:34:47.888+0000] {processor.py:840} INFO - DAG(s) 'example_bash_operator' retrieved from /home/airflow/.local/lib/python3.8/site-packages/airflow/example_dags/example_bash_operator.py
[2024-04-26T04:34:47.912+0000] {logging_mixin.py:188} INFO - [2024-04-26T04:34:47.912+0000] {dag.py:3036} INFO - Sync 1 DAGs
[2024-04-26T04:34:47.927+0000] {logging_mixin.py:188} INFO - [2024-04-26T04:34:47.927+0000] {dag.py:3823} INFO - Setting next_dagrun for example_bash_operator to 2024-04-25 00:00:00+00:00, run_after=2024-04-26 00:00:00+00:00
[2024-04-26T04:34:47.942+0000] {processor.py:183} INFO - Processing /home/airflow/.local/lib/python3.8/site-packages/airflow/example_dags/example_bash_operator.py took 0.068 seconds
[2024-04-26T04:35:18.252+0000] {processor.py:161} INFO - Started process (PID=1478) to work on /home/airflow/.local/lib/python3.8/site-packages/airflow/example_dags/example_bash_operator.py
[2024-04-26T04:35:18.253+0000] {processor.py:830} INFO - Processing file /home/airflow/.local/lib/python3.8/site-packages/airflow/example_dags/example_bash_operator.py for tasks to queue
[2024-04-26T04:35:18.255+0000] {logging_mixin.py:188} INFO - [2024-04-26T04:35:18.255+0000] {dagbag.py:538} INFO - Filling up the DagBag from /home/airflow/.local/lib/python3.8/site-packages/airflow/example_dags/example_bash_operator.py
[2024-04-26T04:35:18.263+0000] {processor.py:840} INFO - DAG(s) 'example_bash_operator' retrieved from /home/airflow/.local/lib/python3.8/site-packages/airflow/example_dags/example_bash_operator.py
[2024-04-26T04:35:18.283+0000] {logging_mixin.py:188} INFO - [2024-04-26T04:35:18.283+0000] {dag.py:3036} INFO - Sync 1 DAGs
[2024-04-26T04:35:18.298+0000] {logging_mixin.py:188} INFO - [2024-04-26T04:35:18.298+0000] {dag.py:3823} INFO - Setting next_dagrun for example_bash_operator to 2024-04-25 00:00:00+00:00, run_after=2024-04-26 00:00:00+00:00
[2024-04-26T04:35:18.315+0000] {processor.py:183} INFO - Processing /home/airflow/.local/lib/python3.8/site-packages/airflow/example_dags/example_bash_operator.py took 0.065 seconds
[2024-04-26T04:35:48.635+0000] {processor.py:161} INFO - Started process (PID=1554) to work on /home/airflow/.local/lib/python3.8/site-packages/airflow/example_dags/example_bash_operator.py
[2024-04-26T04:35:48.636+0000] {processor.py:830} INFO - Processing file /home/airflow/.local/lib/python3.8/site-packages/airflow/example_dags/example_bash_operator.py for tasks to queue
[2024-04-26T04:35:48.637+0000] {logging_mixin.py:188} INFO - [2024-04-26T04:35:48.637+0000] {dagbag.py:538} INFO - Filling up the DagBag from /home/airflow/.local/lib/python3.8/site-packages/airflow/example_dags/example_bash_operator.py
[2024-04-26T04:35:48.646+0000] {processor.py:840} INFO - DAG(s) 'example_bash_operator' retrieved from /home/airflow/.local/lib/python3.8/site-packages/airflow/example_dags/example_bash_operator.py
[2024-04-26T04:35:48.666+0000] {logging_mixin.py:188} INFO - [2024-04-26T04:35:48.666+0000] {dag.py:3036} INFO - Sync 1 DAGs
[2024-04-26T04:35:48.681+0000] {logging_mixin.py:188} INFO - [2024-04-26T04:35:48.681+0000] {dag.py:3823} INFO - Setting next_dagrun for example_bash_operator to 2024-04-25 00:00:00+00:00, run_after=2024-04-26 00:00:00+00:00
[2024-04-26T04:35:48.696+0000] {processor.py:183} INFO - Processing /home/airflow/.local/lib/python3.8/site-packages/airflow/example_dags/example_bash_operator.py took 0.064 seconds
[2024-04-26T04:36:18.772+0000] {processor.py:161} INFO - Started process (PID=1630) to work on /home/airflow/.local/lib/python3.8/site-packages/airflow/example_dags/example_bash_operator.py
[2024-04-26T04:36:18.773+0000] {processor.py:830} INFO - Processing file /home/airflow/.local/lib/python3.8/site-packages/airflow/example_dags/example_bash_operator.py for tasks to queue
[2024-04-26T04:36:18.775+0000] {logging_mixin.py:188} INFO - [2024-04-26T04:36:18.775+0000] {dagbag.py:538} INFO - Filling up the DagBag from /home/airflow/.local/lib/python3.8/site-packages/airflow/example_dags/example_bash_operator.py
[2024-04-26T04:36:18.783+0000] {processor.py:840} INFO - DAG(s) 'example_bash_operator' retrieved from /home/airflow/.local/lib/python3.8/site-packages/airflow/example_dags/example_bash_operator.py
[2024-04-26T04:36:18.806+0000] {logging_mixin.py:188} INFO - [2024-04-26T04:36:18.806+0000] {dag.py:3036} INFO - Sync 1 DAGs
[2024-04-26T04:36:18.823+0000] {logging_mixin.py:188} INFO - [2024-04-26T04:36:18.823+0000] {dag.py:3823} INFO - Setting next_dagrun for example_bash_operator to 2024-04-25 00:00:00+00:00, run_after=2024-04-26 00:00:00+00:00
[2024-04-26T04:36:18.840+0000] {processor.py:183} INFO - Processing /home/airflow/.local/lib/python3.8/site-packages/airflow/example_dags/example_bash_operator.py took 0.070 seconds
[2024-04-26T04:36:49.808+0000] {processor.py:161} INFO - Started process (PID=1706) to work on /home/airflow/.local/lib/python3.8/site-packages/airflow/example_dags/example_bash_operator.py
[2024-04-26T04:36:49.809+0000] {processor.py:830} INFO - Processing file /home/airflow/.local/lib/python3.8/site-packages/airflow/example_dags/example_bash_operator.py for tasks to queue
[2024-04-26T04:36:49.810+0000] {logging_mixin.py:188} INFO - [2024-04-26T04:36:49.810+0000] {dagbag.py:538} INFO - Filling up the DagBag from /home/airflow/.local/lib/python3.8/site-packages/airflow/example_dags/example_bash_operator.py
[2024-04-26T04:36:49.819+0000] {processor.py:840} INFO - DAG(s) 'example_bash_operator' retrieved from /home/airflow/.local/lib/python3.8/site-packages/airflow/example_dags/example_bash_operator.py
[2024-04-26T04:36:49.839+0000] {logging_mixin.py:188} INFO - [2024-04-26T04:36:49.839+0000] {dag.py:3036} INFO - Sync 1 DAGs
[2024-04-26T04:36:49.855+0000] {logging_mixin.py:188} INFO - [2024-04-26T04:36:49.855+0000] {dag.py:3823} INFO - Setting next_dagrun for example_bash_operator to 2024-04-25 00:00:00+00:00, run_after=2024-04-26 00:00:00+00:00
[2024-04-26T04:36:49.869+0000] {processor.py:183} INFO - Processing /home/airflow/.local/lib/python3.8/site-packages/airflow/example_dags/example_bash_operator.py took 0.064 seconds
