[2024-04-26T04:26:08.962+0000] {processor.py:161} INFO - Started process (PID=96) to work on /home/airflow/.local/lib/python3.8/site-packages/airflow/example_dags/example_xcomargs.py
[2024-04-26T04:26:08.963+0000] {processor.py:830} INFO - Processing file /home/airflow/.local/lib/python3.8/site-packages/airflow/example_dags/example_xcomargs.py for tasks to queue
[2024-04-26T04:26:08.965+0000] {logging_mixin.py:188} INFO - [2024-04-26T04:26:08.965+0000] {dagbag.py:538} INFO - Filling up the DagBag from /home/airflow/.local/lib/python3.8/site-packages/airflow/example_dags/example_xcomargs.py
[2024-04-26T04:26:08.977+0000] {processor.py:840} INFO - DAG(s) 'example_xcom_args', 'example_xcom_args_with_operators' retrieved from /home/airflow/.local/lib/python3.8/site-packages/airflow/example_dags/example_xcomargs.py
[2024-04-26T04:26:09.005+0000] {logging_mixin.py:188} INFO - [2024-04-26T04:26:09.004+0000] {dag.py:3036} INFO - Sync 2 DAGs
[2024-04-26T04:26:09.018+0000] {logging_mixin.py:188} INFO - [2024-04-26T04:26:09.017+0000] {dag.py:3823} INFO - Setting next_dagrun for example_xcom_args to None, run_after=None
[2024-04-26T04:26:09.022+0000] {logging_mixin.py:188} INFO - [2024-04-26T04:26:09.021+0000] {dag.py:3823} INFO - Setting next_dagrun for example_xcom_args_with_operators to None, run_after=None
[2024-04-26T04:26:09.041+0000] {processor.py:183} INFO - Processing /home/airflow/.local/lib/python3.8/site-packages/airflow/example_dags/example_xcomargs.py took 0.083 seconds
[2024-04-26T04:26:39.610+0000] {processor.py:161} INFO - Started process (PID=172) to work on /home/airflow/.local/lib/python3.8/site-packages/airflow/example_dags/example_xcomargs.py
[2024-04-26T04:26:39.612+0000] {processor.py:830} INFO - Processing file /home/airflow/.local/lib/python3.8/site-packages/airflow/example_dags/example_xcomargs.py for tasks to queue
[2024-04-26T04:26:39.614+0000] {logging_mixin.py:188} INFO - [2024-04-26T04:26:39.613+0000] {dagbag.py:538} INFO - Filling up the DagBag from /home/airflow/.local/lib/python3.8/site-packages/airflow/example_dags/example_xcomargs.py
[2024-04-26T04:26:39.622+0000] {processor.py:840} INFO - DAG(s) 'example_xcom_args_with_operators', 'example_xcom_args' retrieved from /home/airflow/.local/lib/python3.8/site-packages/airflow/example_dags/example_xcomargs.py
[2024-04-26T04:26:39.645+0000] {logging_mixin.py:188} INFO - [2024-04-26T04:26:39.645+0000] {dag.py:3036} INFO - Sync 2 DAGs
[2024-04-26T04:26:39.657+0000] {logging_mixin.py:188} INFO - [2024-04-26T04:26:39.656+0000] {dag.py:3823} INFO - Setting next_dagrun for example_xcom_args to None, run_after=None
[2024-04-26T04:26:39.661+0000] {logging_mixin.py:188} INFO - [2024-04-26T04:26:39.660+0000] {dag.py:3823} INFO - Setting next_dagrun for example_xcom_args_with_operators to None, run_after=None
[2024-04-26T04:26:39.680+0000] {processor.py:183} INFO - Processing /home/airflow/.local/lib/python3.8/site-packages/airflow/example_dags/example_xcomargs.py took 0.074 seconds
[2024-04-26T04:27:10.143+0000] {processor.py:161} INFO - Started process (PID=269) to work on /home/airflow/.local/lib/python3.8/site-packages/airflow/example_dags/example_xcomargs.py
[2024-04-26T04:27:10.144+0000] {processor.py:830} INFO - Processing file /home/airflow/.local/lib/python3.8/site-packages/airflow/example_dags/example_xcomargs.py for tasks to queue
[2024-04-26T04:27:10.147+0000] {logging_mixin.py:188} INFO - [2024-04-26T04:27:10.147+0000] {dagbag.py:538} INFO - Filling up the DagBag from /home/airflow/.local/lib/python3.8/site-packages/airflow/example_dags/example_xcomargs.py
[2024-04-26T04:27:10.158+0000] {processor.py:840} INFO - DAG(s) 'example_xcom_args', 'example_xcom_args_with_operators' retrieved from /home/airflow/.local/lib/python3.8/site-packages/airflow/example_dags/example_xcomargs.py
[2024-04-26T04:27:10.180+0000] {logging_mixin.py:188} INFO - [2024-04-26T04:27:10.180+0000] {dag.py:3036} INFO - Sync 2 DAGs
[2024-04-26T04:27:10.193+0000] {logging_mixin.py:188} INFO - [2024-04-26T04:27:10.193+0000] {dag.py:3823} INFO - Setting next_dagrun for example_xcom_args to None, run_after=None
[2024-04-26T04:27:10.197+0000] {logging_mixin.py:188} INFO - [2024-04-26T04:27:10.197+0000] {dag.py:3823} INFO - Setting next_dagrun for example_xcom_args_with_operators to None, run_after=None
[2024-04-26T04:27:10.216+0000] {processor.py:183} INFO - Processing /home/airflow/.local/lib/python3.8/site-packages/airflow/example_dags/example_xcomargs.py took 0.077 seconds
[2024-04-26T04:27:41.154+0000] {processor.py:161} INFO - Started process (PID=345) to work on /home/airflow/.local/lib/python3.8/site-packages/airflow/example_dags/example_xcomargs.py
[2024-04-26T04:27:41.155+0000] {processor.py:830} INFO - Processing file /home/airflow/.local/lib/python3.8/site-packages/airflow/example_dags/example_xcomargs.py for tasks to queue
[2024-04-26T04:27:41.156+0000] {logging_mixin.py:188} INFO - [2024-04-26T04:27:41.156+0000] {dagbag.py:538} INFO - Filling up the DagBag from /home/airflow/.local/lib/python3.8/site-packages/airflow/example_dags/example_xcomargs.py
[2024-04-26T04:27:41.162+0000] {processor.py:840} INFO - DAG(s) 'example_xcom_args_with_operators', 'example_xcom_args' retrieved from /home/airflow/.local/lib/python3.8/site-packages/airflow/example_dags/example_xcomargs.py
[2024-04-26T04:27:41.180+0000] {logging_mixin.py:188} INFO - [2024-04-26T04:27:41.180+0000] {dag.py:3036} INFO - Sync 2 DAGs
[2024-04-26T04:27:41.189+0000] {logging_mixin.py:188} INFO - [2024-04-26T04:27:41.189+0000] {dag.py:3823} INFO - Setting next_dagrun for example_xcom_args to None, run_after=None
[2024-04-26T04:27:41.192+0000] {logging_mixin.py:188} INFO - [2024-04-26T04:27:41.192+0000] {dag.py:3823} INFO - Setting next_dagrun for example_xcom_args_with_operators to None, run_after=None
[2024-04-26T04:27:41.205+0000] {processor.py:183} INFO - Processing /home/airflow/.local/lib/python3.8/site-packages/airflow/example_dags/example_xcomargs.py took 0.054 seconds
[2024-04-26T04:28:11.688+0000] {processor.py:161} INFO - Started process (PID=421) to work on /home/airflow/.local/lib/python3.8/site-packages/airflow/example_dags/example_xcomargs.py
[2024-04-26T04:28:11.689+0000] {processor.py:830} INFO - Processing file /home/airflow/.local/lib/python3.8/site-packages/airflow/example_dags/example_xcomargs.py for tasks to queue
[2024-04-26T04:28:11.692+0000] {logging_mixin.py:188} INFO - [2024-04-26T04:28:11.691+0000] {dagbag.py:538} INFO - Filling up the DagBag from /home/airflow/.local/lib/python3.8/site-packages/airflow/example_dags/example_xcomargs.py
[2024-04-26T04:28:11.699+0000] {processor.py:840} INFO - DAG(s) 'example_xcom_args', 'example_xcom_args_with_operators' retrieved from /home/airflow/.local/lib/python3.8/site-packages/airflow/example_dags/example_xcomargs.py
[2024-04-26T04:28:11.721+0000] {logging_mixin.py:188} INFO - [2024-04-26T04:28:11.721+0000] {dag.py:3036} INFO - Sync 2 DAGs
[2024-04-26T04:28:11.733+0000] {logging_mixin.py:188} INFO - [2024-04-26T04:28:11.732+0000] {dag.py:3823} INFO - Setting next_dagrun for example_xcom_args to None, run_after=None
[2024-04-26T04:28:11.736+0000] {logging_mixin.py:188} INFO - [2024-04-26T04:28:11.736+0000] {dag.py:3823} INFO - Setting next_dagrun for example_xcom_args_with_operators to None, run_after=None
[2024-04-26T04:28:11.752+0000] {processor.py:183} INFO - Processing /home/airflow/.local/lib/python3.8/site-packages/airflow/example_dags/example_xcomargs.py took 0.067 seconds
[2024-04-26T04:28:42.373+0000] {processor.py:161} INFO - Started process (PID=497) to work on /home/airflow/.local/lib/python3.8/site-packages/airflow/example_dags/example_xcomargs.py
[2024-04-26T04:28:42.375+0000] {processor.py:830} INFO - Processing file /home/airflow/.local/lib/python3.8/site-packages/airflow/example_dags/example_xcomargs.py for tasks to queue
[2024-04-26T04:28:42.377+0000] {logging_mixin.py:188} INFO - [2024-04-26T04:28:42.377+0000] {dagbag.py:538} INFO - Filling up the DagBag from /home/airflow/.local/lib/python3.8/site-packages/airflow/example_dags/example_xcomargs.py
[2024-04-26T04:28:42.384+0000] {processor.py:840} INFO - DAG(s) 'example_xcom_args_with_operators', 'example_xcom_args' retrieved from /home/airflow/.local/lib/python3.8/site-packages/airflow/example_dags/example_xcomargs.py
[2024-04-26T04:28:42.402+0000] {logging_mixin.py:188} INFO - [2024-04-26T04:28:42.402+0000] {dag.py:3036} INFO - Sync 2 DAGs
[2024-04-26T04:28:42.413+0000] {logging_mixin.py:188} INFO - [2024-04-26T04:28:42.412+0000] {dag.py:3823} INFO - Setting next_dagrun for example_xcom_args to None, run_after=None
[2024-04-26T04:28:42.417+0000] {logging_mixin.py:188} INFO - [2024-04-26T04:28:42.416+0000] {dag.py:3823} INFO - Setting next_dagrun for example_xcom_args_with_operators to None, run_after=None
[2024-04-26T04:28:42.433+0000] {processor.py:183} INFO - Processing /home/airflow/.local/lib/python3.8/site-packages/airflow/example_dags/example_xcomargs.py took 0.063 seconds
[2024-04-26T04:29:13.320+0000] {processor.py:161} INFO - Started process (PID=574) to work on /home/airflow/.local/lib/python3.8/site-packages/airflow/example_dags/example_xcomargs.py
[2024-04-26T04:29:13.322+0000] {processor.py:830} INFO - Processing file /home/airflow/.local/lib/python3.8/site-packages/airflow/example_dags/example_xcomargs.py for tasks to queue
[2024-04-26T04:29:13.324+0000] {logging_mixin.py:188} INFO - [2024-04-26T04:29:13.323+0000] {dagbag.py:538} INFO - Filling up the DagBag from /home/airflow/.local/lib/python3.8/site-packages/airflow/example_dags/example_xcomargs.py
[2024-04-26T04:29:13.329+0000] {processor.py:840} INFO - DAG(s) 'example_xcom_args', 'example_xcom_args_with_operators' retrieved from /home/airflow/.local/lib/python3.8/site-packages/airflow/example_dags/example_xcomargs.py
[2024-04-26T04:29:13.345+0000] {logging_mixin.py:188} INFO - [2024-04-26T04:29:13.345+0000] {dag.py:3036} INFO - Sync 2 DAGs
[2024-04-26T04:29:13.356+0000] {logging_mixin.py:188} INFO - [2024-04-26T04:29:13.355+0000] {dag.py:3823} INFO - Setting next_dagrun for example_xcom_args to None, run_after=None
[2024-04-26T04:29:13.359+0000] {logging_mixin.py:188} INFO - [2024-04-26T04:29:13.359+0000] {dag.py:3823} INFO - Setting next_dagrun for example_xcom_args_with_operators to None, run_after=None
[2024-04-26T04:29:13.373+0000] {processor.py:183} INFO - Processing /home/airflow/.local/lib/python3.8/site-packages/airflow/example_dags/example_xcomargs.py took 0.056 seconds
[2024-04-26T04:29:44.124+0000] {processor.py:161} INFO - Started process (PID=650) to work on /home/airflow/.local/lib/python3.8/site-packages/airflow/example_dags/example_xcomargs.py
[2024-04-26T04:29:44.126+0000] {processor.py:830} INFO - Processing file /home/airflow/.local/lib/python3.8/site-packages/airflow/example_dags/example_xcomargs.py for tasks to queue
[2024-04-26T04:29:44.128+0000] {logging_mixin.py:188} INFO - [2024-04-26T04:29:44.128+0000] {dagbag.py:538} INFO - Filling up the DagBag from /home/airflow/.local/lib/python3.8/site-packages/airflow/example_dags/example_xcomargs.py
[2024-04-26T04:29:44.136+0000] {processor.py:840} INFO - DAG(s) 'example_xcom_args_with_operators', 'example_xcom_args' retrieved from /home/airflow/.local/lib/python3.8/site-packages/airflow/example_dags/example_xcomargs.py
[2024-04-26T04:29:44.161+0000] {logging_mixin.py:188} INFO - [2024-04-26T04:29:44.161+0000] {dag.py:3036} INFO - Sync 2 DAGs
[2024-04-26T04:29:44.173+0000] {logging_mixin.py:188} INFO - [2024-04-26T04:29:44.173+0000] {dag.py:3823} INFO - Setting next_dagrun for example_xcom_args to None, run_after=None
[2024-04-26T04:29:44.177+0000] {logging_mixin.py:188} INFO - [2024-04-26T04:29:44.177+0000] {dag.py:3823} INFO - Setting next_dagrun for example_xcom_args_with_operators to None, run_after=None
[2024-04-26T04:29:44.195+0000] {processor.py:183} INFO - Processing /home/airflow/.local/lib/python3.8/site-packages/airflow/example_dags/example_xcomargs.py took 0.073 seconds
[2024-04-26T04:30:14.597+0000] {processor.py:161} INFO - Started process (PID=726) to work on /home/airflow/.local/lib/python3.8/site-packages/airflow/example_dags/example_xcomargs.py
[2024-04-26T04:30:14.598+0000] {processor.py:830} INFO - Processing file /home/airflow/.local/lib/python3.8/site-packages/airflow/example_dags/example_xcomargs.py for tasks to queue
[2024-04-26T04:30:14.600+0000] {logging_mixin.py:188} INFO - [2024-04-26T04:30:14.600+0000] {dagbag.py:538} INFO - Filling up the DagBag from /home/airflow/.local/lib/python3.8/site-packages/airflow/example_dags/example_xcomargs.py
[2024-04-26T04:30:14.606+0000] {processor.py:840} INFO - DAG(s) 'example_xcom_args_with_operators', 'example_xcom_args' retrieved from /home/airflow/.local/lib/python3.8/site-packages/airflow/example_dags/example_xcomargs.py
[2024-04-26T04:30:14.622+0000] {logging_mixin.py:188} INFO - [2024-04-26T04:30:14.622+0000] {dag.py:3036} INFO - Sync 2 DAGs
[2024-04-26T04:30:14.630+0000] {logging_mixin.py:188} INFO - [2024-04-26T04:30:14.630+0000] {dag.py:3823} INFO - Setting next_dagrun for example_xcom_args to None, run_after=None
[2024-04-26T04:30:14.633+0000] {logging_mixin.py:188} INFO - [2024-04-26T04:30:14.633+0000] {dag.py:3823} INFO - Setting next_dagrun for example_xcom_args_with_operators to None, run_after=None
[2024-04-26T04:30:14.647+0000] {processor.py:183} INFO - Processing /home/airflow/.local/lib/python3.8/site-packages/airflow/example_dags/example_xcomargs.py took 0.053 seconds
[2024-04-26T04:30:45.123+0000] {processor.py:161} INFO - Started process (PID=802) to work on /home/airflow/.local/lib/python3.8/site-packages/airflow/example_dags/example_xcomargs.py
[2024-04-26T04:30:45.126+0000] {processor.py:830} INFO - Processing file /home/airflow/.local/lib/python3.8/site-packages/airflow/example_dags/example_xcomargs.py for tasks to queue
[2024-04-26T04:30:45.128+0000] {logging_mixin.py:188} INFO - [2024-04-26T04:30:45.128+0000] {dagbag.py:538} INFO - Filling up the DagBag from /home/airflow/.local/lib/python3.8/site-packages/airflow/example_dags/example_xcomargs.py
[2024-04-26T04:30:45.133+0000] {processor.py:840} INFO - DAG(s) 'example_xcom_args', 'example_xcom_args_with_operators' retrieved from /home/airflow/.local/lib/python3.8/site-packages/airflow/example_dags/example_xcomargs.py
[2024-04-26T04:30:45.149+0000] {logging_mixin.py:188} INFO - [2024-04-26T04:30:45.149+0000] {dag.py:3036} INFO - Sync 2 DAGs
[2024-04-26T04:30:45.157+0000] {logging_mixin.py:188} INFO - [2024-04-26T04:30:45.157+0000] {dag.py:3823} INFO - Setting next_dagrun for example_xcom_args to None, run_after=None
[2024-04-26T04:30:45.160+0000] {logging_mixin.py:188} INFO - [2024-04-26T04:30:45.160+0000] {dag.py:3823} INFO - Setting next_dagrun for example_xcom_args_with_operators to None, run_after=None
[2024-04-26T04:30:45.174+0000] {processor.py:183} INFO - Processing /home/airflow/.local/lib/python3.8/site-packages/airflow/example_dags/example_xcomargs.py took 0.053 seconds
[2024-04-26T04:31:15.578+0000] {processor.py:161} INFO - Started process (PID=878) to work on /home/airflow/.local/lib/python3.8/site-packages/airflow/example_dags/example_xcomargs.py
[2024-04-26T04:31:15.579+0000] {processor.py:830} INFO - Processing file /home/airflow/.local/lib/python3.8/site-packages/airflow/example_dags/example_xcomargs.py for tasks to queue
[2024-04-26T04:31:15.580+0000] {logging_mixin.py:188} INFO - [2024-04-26T04:31:15.580+0000] {dagbag.py:538} INFO - Filling up the DagBag from /home/airflow/.local/lib/python3.8/site-packages/airflow/example_dags/example_xcomargs.py
[2024-04-26T04:31:15.587+0000] {processor.py:840} INFO - DAG(s) 'example_xcom_args_with_operators', 'example_xcom_args' retrieved from /home/airflow/.local/lib/python3.8/site-packages/airflow/example_dags/example_xcomargs.py
[2024-04-26T04:31:15.605+0000] {logging_mixin.py:188} INFO - [2024-04-26T04:31:15.605+0000] {dag.py:3036} INFO - Sync 2 DAGs
[2024-04-26T04:31:15.614+0000] {logging_mixin.py:188} INFO - [2024-04-26T04:31:15.613+0000] {dag.py:3823} INFO - Setting next_dagrun for example_xcom_args to None, run_after=None
[2024-04-26T04:31:15.616+0000] {logging_mixin.py:188} INFO - [2024-04-26T04:31:15.616+0000] {dag.py:3823} INFO - Setting next_dagrun for example_xcom_args_with_operators to None, run_after=None
[2024-04-26T04:31:15.630+0000] {processor.py:183} INFO - Processing /home/airflow/.local/lib/python3.8/site-packages/airflow/example_dags/example_xcomargs.py took 0.054 seconds
[2024-04-26T04:31:45.967+0000] {processor.py:161} INFO - Started process (PID=954) to work on /home/airflow/.local/lib/python3.8/site-packages/airflow/example_dags/example_xcomargs.py
[2024-04-26T04:31:45.968+0000] {processor.py:830} INFO - Processing file /home/airflow/.local/lib/python3.8/site-packages/airflow/example_dags/example_xcomargs.py for tasks to queue
[2024-04-26T04:31:45.970+0000] {logging_mixin.py:188} INFO - [2024-04-26T04:31:45.970+0000] {dagbag.py:538} INFO - Filling up the DagBag from /home/airflow/.local/lib/python3.8/site-packages/airflow/example_dags/example_xcomargs.py
[2024-04-26T04:31:45.975+0000] {processor.py:840} INFO - DAG(s) 'example_xcom_args', 'example_xcom_args_with_operators' retrieved from /home/airflow/.local/lib/python3.8/site-packages/airflow/example_dags/example_xcomargs.py
[2024-04-26T04:31:45.993+0000] {logging_mixin.py:188} INFO - [2024-04-26T04:31:45.993+0000] {dag.py:3036} INFO - Sync 2 DAGs
[2024-04-26T04:31:46.002+0000] {logging_mixin.py:188} INFO - [2024-04-26T04:31:46.001+0000] {dag.py:3823} INFO - Setting next_dagrun for example_xcom_args to None, run_after=None
[2024-04-26T04:31:46.004+0000] {logging_mixin.py:188} INFO - [2024-04-26T04:31:46.004+0000] {dag.py:3823} INFO - Setting next_dagrun for example_xcom_args_with_operators to None, run_after=None
[2024-04-26T04:31:46.015+0000] {processor.py:183} INFO - Processing /home/airflow/.local/lib/python3.8/site-packages/airflow/example_dags/example_xcomargs.py took 0.050 seconds
[2024-04-26T04:32:16.533+0000] {processor.py:161} INFO - Started process (PID=1030) to work on /home/airflow/.local/lib/python3.8/site-packages/airflow/example_dags/example_xcomargs.py
[2024-04-26T04:32:16.534+0000] {processor.py:830} INFO - Processing file /home/airflow/.local/lib/python3.8/site-packages/airflow/example_dags/example_xcomargs.py for tasks to queue
[2024-04-26T04:32:16.537+0000] {logging_mixin.py:188} INFO - [2024-04-26T04:32:16.536+0000] {dagbag.py:538} INFO - Filling up the DagBag from /home/airflow/.local/lib/python3.8/site-packages/airflow/example_dags/example_xcomargs.py
[2024-04-26T04:32:16.544+0000] {processor.py:840} INFO - DAG(s) 'example_xcom_args', 'example_xcom_args_with_operators' retrieved from /home/airflow/.local/lib/python3.8/site-packages/airflow/example_dags/example_xcomargs.py
[2024-04-26T04:32:16.563+0000] {logging_mixin.py:188} INFO - [2024-04-26T04:32:16.562+0000] {dag.py:3036} INFO - Sync 2 DAGs
[2024-04-26T04:32:16.573+0000] {logging_mixin.py:188} INFO - [2024-04-26T04:32:16.573+0000] {dag.py:3823} INFO - Setting next_dagrun for example_xcom_args to None, run_after=None
[2024-04-26T04:32:16.577+0000] {logging_mixin.py:188} INFO - [2024-04-26T04:32:16.577+0000] {dag.py:3823} INFO - Setting next_dagrun for example_xcom_args_with_operators to None, run_after=None
[2024-04-26T04:32:16.599+0000] {processor.py:183} INFO - Processing /home/airflow/.local/lib/python3.8/site-packages/airflow/example_dags/example_xcomargs.py took 0.068 seconds
[2024-04-26T04:32:46.746+0000] {processor.py:161} INFO - Started process (PID=1106) to work on /home/airflow/.local/lib/python3.8/site-packages/airflow/example_dags/example_xcomargs.py
[2024-04-26T04:32:46.747+0000] {processor.py:830} INFO - Processing file /home/airflow/.local/lib/python3.8/site-packages/airflow/example_dags/example_xcomargs.py for tasks to queue
[2024-04-26T04:32:46.750+0000] {logging_mixin.py:188} INFO - [2024-04-26T04:32:46.749+0000] {dagbag.py:538} INFO - Filling up the DagBag from /home/airflow/.local/lib/python3.8/site-packages/airflow/example_dags/example_xcomargs.py
[2024-04-26T04:32:46.758+0000] {processor.py:840} INFO - DAG(s) 'example_xcom_args_with_operators', 'example_xcom_args' retrieved from /home/airflow/.local/lib/python3.8/site-packages/airflow/example_dags/example_xcomargs.py
[2024-04-26T04:32:46.778+0000] {logging_mixin.py:188} INFO - [2024-04-26T04:32:46.778+0000] {dag.py:3036} INFO - Sync 2 DAGs
[2024-04-26T04:32:46.788+0000] {logging_mixin.py:188} INFO - [2024-04-26T04:32:46.788+0000] {dag.py:3823} INFO - Setting next_dagrun for example_xcom_args to None, run_after=None
[2024-04-26T04:32:46.792+0000] {logging_mixin.py:188} INFO - [2024-04-26T04:32:46.791+0000] {dag.py:3823} INFO - Setting next_dagrun for example_xcom_args_with_operators to None, run_after=None
[2024-04-26T04:32:46.807+0000] {processor.py:183} INFO - Processing /home/airflow/.local/lib/python3.8/site-packages/airflow/example_dags/example_xcomargs.py took 0.064 seconds
[2024-04-26T04:33:17.544+0000] {processor.py:161} INFO - Started process (PID=1182) to work on /home/airflow/.local/lib/python3.8/site-packages/airflow/example_dags/example_xcomargs.py
[2024-04-26T04:33:17.545+0000] {processor.py:830} INFO - Processing file /home/airflow/.local/lib/python3.8/site-packages/airflow/example_dags/example_xcomargs.py for tasks to queue
[2024-04-26T04:33:17.547+0000] {logging_mixin.py:188} INFO - [2024-04-26T04:33:17.547+0000] {dagbag.py:538} INFO - Filling up the DagBag from /home/airflow/.local/lib/python3.8/site-packages/airflow/example_dags/example_xcomargs.py
[2024-04-26T04:33:17.555+0000] {processor.py:840} INFO - DAG(s) 'example_xcom_args_with_operators', 'example_xcom_args' retrieved from /home/airflow/.local/lib/python3.8/site-packages/airflow/example_dags/example_xcomargs.py
[2024-04-26T04:33:17.582+0000] {logging_mixin.py:188} INFO - [2024-04-26T04:33:17.582+0000] {dag.py:3036} INFO - Sync 2 DAGs
[2024-04-26T04:33:17.593+0000] {logging_mixin.py:188} INFO - [2024-04-26T04:33:17.593+0000] {dag.py:3823} INFO - Setting next_dagrun for example_xcom_args to None, run_after=None
[2024-04-26T04:33:17.598+0000] {logging_mixin.py:188} INFO - [2024-04-26T04:33:17.598+0000] {dag.py:3823} INFO - Setting next_dagrun for example_xcom_args_with_operators to None, run_after=None
[2024-04-26T04:33:17.616+0000] {processor.py:183} INFO - Processing /home/airflow/.local/lib/python3.8/site-packages/airflow/example_dags/example_xcomargs.py took 0.076 seconds
[2024-04-26T04:33:47.746+0000] {processor.py:161} INFO - Started process (PID=1258) to work on /home/airflow/.local/lib/python3.8/site-packages/airflow/example_dags/example_xcomargs.py
[2024-04-26T04:33:47.747+0000] {processor.py:830} INFO - Processing file /home/airflow/.local/lib/python3.8/site-packages/airflow/example_dags/example_xcomargs.py for tasks to queue
[2024-04-26T04:33:47.748+0000] {logging_mixin.py:188} INFO - [2024-04-26T04:33:47.748+0000] {dagbag.py:538} INFO - Filling up the DagBag from /home/airflow/.local/lib/python3.8/site-packages/airflow/example_dags/example_xcomargs.py
[2024-04-26T04:33:47.754+0000] {processor.py:840} INFO - DAG(s) 'example_xcom_args_with_operators', 'example_xcom_args' retrieved from /home/airflow/.local/lib/python3.8/site-packages/airflow/example_dags/example_xcomargs.py
[2024-04-26T04:33:47.769+0000] {logging_mixin.py:188} INFO - [2024-04-26T04:33:47.769+0000] {dag.py:3036} INFO - Sync 2 DAGs
[2024-04-26T04:33:47.778+0000] {logging_mixin.py:188} INFO - [2024-04-26T04:33:47.777+0000] {dag.py:3823} INFO - Setting next_dagrun for example_xcom_args to None, run_after=None
[2024-04-26T04:33:47.780+0000] {logging_mixin.py:188} INFO - [2024-04-26T04:33:47.780+0000] {dag.py:3823} INFO - Setting next_dagrun for example_xcom_args_with_operators to None, run_after=None
[2024-04-26T04:33:47.794+0000] {processor.py:183} INFO - Processing /home/airflow/.local/lib/python3.8/site-packages/airflow/example_dags/example_xcomargs.py took 0.050 seconds
[2024-04-26T04:34:18.361+0000] {processor.py:161} INFO - Started process (PID=1334) to work on /home/airflow/.local/lib/python3.8/site-packages/airflow/example_dags/example_xcomargs.py
[2024-04-26T04:34:18.362+0000] {processor.py:830} INFO - Processing file /home/airflow/.local/lib/python3.8/site-packages/airflow/example_dags/example_xcomargs.py for tasks to queue
[2024-04-26T04:34:18.364+0000] {logging_mixin.py:188} INFO - [2024-04-26T04:34:18.363+0000] {dagbag.py:538} INFO - Filling up the DagBag from /home/airflow/.local/lib/python3.8/site-packages/airflow/example_dags/example_xcomargs.py
[2024-04-26T04:34:18.375+0000] {processor.py:840} INFO - DAG(s) 'example_xcom_args_with_operators', 'example_xcom_args' retrieved from /home/airflow/.local/lib/python3.8/site-packages/airflow/example_dags/example_xcomargs.py
[2024-04-26T04:34:18.394+0000] {logging_mixin.py:188} INFO - [2024-04-26T04:34:18.394+0000] {dag.py:3036} INFO - Sync 2 DAGs
[2024-04-26T04:34:18.404+0000] {logging_mixin.py:188} INFO - [2024-04-26T04:34:18.404+0000] {dag.py:3823} INFO - Setting next_dagrun for example_xcom_args to None, run_after=None
[2024-04-26T04:34:18.407+0000] {logging_mixin.py:188} INFO - [2024-04-26T04:34:18.407+0000] {dag.py:3823} INFO - Setting next_dagrun for example_xcom_args_with_operators to None, run_after=None
[2024-04-26T04:34:18.422+0000] {processor.py:183} INFO - Processing /home/airflow/.local/lib/python3.8/site-packages/airflow/example_dags/example_xcomargs.py took 0.064 seconds
[2024-04-26T04:34:49.247+0000] {processor.py:161} INFO - Started process (PID=1410) to work on /home/airflow/.local/lib/python3.8/site-packages/airflow/example_dags/example_xcomargs.py
[2024-04-26T04:34:49.248+0000] {processor.py:830} INFO - Processing file /home/airflow/.local/lib/python3.8/site-packages/airflow/example_dags/example_xcomargs.py for tasks to queue
[2024-04-26T04:34:49.249+0000] {logging_mixin.py:188} INFO - [2024-04-26T04:34:49.249+0000] {dagbag.py:538} INFO - Filling up the DagBag from /home/airflow/.local/lib/python3.8/site-packages/airflow/example_dags/example_xcomargs.py
[2024-04-26T04:34:49.256+0000] {processor.py:840} INFO - DAG(s) 'example_xcom_args', 'example_xcom_args_with_operators' retrieved from /home/airflow/.local/lib/python3.8/site-packages/airflow/example_dags/example_xcomargs.py
[2024-04-26T04:34:49.273+0000] {logging_mixin.py:188} INFO - [2024-04-26T04:34:49.273+0000] {dag.py:3036} INFO - Sync 2 DAGs
[2024-04-26T04:34:49.283+0000] {logging_mixin.py:188} INFO - [2024-04-26T04:34:49.282+0000] {dag.py:3823} INFO - Setting next_dagrun for example_xcom_args to None, run_after=None
[2024-04-26T04:34:49.285+0000] {logging_mixin.py:188} INFO - [2024-04-26T04:34:49.285+0000] {dag.py:3823} INFO - Setting next_dagrun for example_xcom_args_with_operators to None, run_after=None
[2024-04-26T04:34:49.299+0000] {processor.py:183} INFO - Processing /home/airflow/.local/lib/python3.8/site-packages/airflow/example_dags/example_xcomargs.py took 0.055 seconds
[2024-04-26T04:35:19.717+0000] {processor.py:161} INFO - Started process (PID=1486) to work on /home/airflow/.local/lib/python3.8/site-packages/airflow/example_dags/example_xcomargs.py
[2024-04-26T04:35:19.718+0000] {processor.py:830} INFO - Processing file /home/airflow/.local/lib/python3.8/site-packages/airflow/example_dags/example_xcomargs.py for tasks to queue
[2024-04-26T04:35:19.720+0000] {logging_mixin.py:188} INFO - [2024-04-26T04:35:19.719+0000] {dagbag.py:538} INFO - Filling up the DagBag from /home/airflow/.local/lib/python3.8/site-packages/airflow/example_dags/example_xcomargs.py
[2024-04-26T04:35:19.726+0000] {processor.py:840} INFO - DAG(s) 'example_xcom_args', 'example_xcom_args_with_operators' retrieved from /home/airflow/.local/lib/python3.8/site-packages/airflow/example_dags/example_xcomargs.py
[2024-04-26T04:35:19.744+0000] {logging_mixin.py:188} INFO - [2024-04-26T04:35:19.744+0000] {dag.py:3036} INFO - Sync 2 DAGs
[2024-04-26T04:35:19.753+0000] {logging_mixin.py:188} INFO - [2024-04-26T04:35:19.753+0000] {dag.py:3823} INFO - Setting next_dagrun for example_xcom_args to None, run_after=None
[2024-04-26T04:35:19.756+0000] {logging_mixin.py:188} INFO - [2024-04-26T04:35:19.756+0000] {dag.py:3823} INFO - Setting next_dagrun for example_xcom_args_with_operators to None, run_after=None
[2024-04-26T04:35:19.773+0000] {processor.py:183} INFO - Processing /home/airflow/.local/lib/python3.8/site-packages/airflow/example_dags/example_xcomargs.py took 0.058 seconds
[2024-04-26T04:35:49.978+0000] {processor.py:161} INFO - Started process (PID=1562) to work on /home/airflow/.local/lib/python3.8/site-packages/airflow/example_dags/example_xcomargs.py
[2024-04-26T04:35:49.979+0000] {processor.py:830} INFO - Processing file /home/airflow/.local/lib/python3.8/site-packages/airflow/example_dags/example_xcomargs.py for tasks to queue
[2024-04-26T04:35:49.981+0000] {logging_mixin.py:188} INFO - [2024-04-26T04:35:49.981+0000] {dagbag.py:538} INFO - Filling up the DagBag from /home/airflow/.local/lib/python3.8/site-packages/airflow/example_dags/example_xcomargs.py
[2024-04-26T04:35:49.986+0000] {processor.py:840} INFO - DAG(s) 'example_xcom_args', 'example_xcom_args_with_operators' retrieved from /home/airflow/.local/lib/python3.8/site-packages/airflow/example_dags/example_xcomargs.py
[2024-04-26T04:35:50.001+0000] {logging_mixin.py:188} INFO - [2024-04-26T04:35:50.001+0000] {dag.py:3036} INFO - Sync 2 DAGs
[2024-04-26T04:35:50.009+0000] {logging_mixin.py:188} INFO - [2024-04-26T04:35:50.009+0000] {dag.py:3823} INFO - Setting next_dagrun for example_xcom_args to None, run_after=None
[2024-04-26T04:35:50.012+0000] {logging_mixin.py:188} INFO - [2024-04-26T04:35:50.012+0000] {dag.py:3823} INFO - Setting next_dagrun for example_xcom_args_with_operators to None, run_after=None
[2024-04-26T04:35:50.024+0000] {processor.py:183} INFO - Processing /home/airflow/.local/lib/python3.8/site-packages/airflow/example_dags/example_xcomargs.py took 0.048 seconds
[2024-04-26T04:36:20.176+0000] {processor.py:161} INFO - Started process (PID=1638) to work on /home/airflow/.local/lib/python3.8/site-packages/airflow/example_dags/example_xcomargs.py
[2024-04-26T04:36:20.184+0000] {processor.py:830} INFO - Processing file /home/airflow/.local/lib/python3.8/site-packages/airflow/example_dags/example_xcomargs.py for tasks to queue
[2024-04-26T04:36:20.185+0000] {logging_mixin.py:188} INFO - [2024-04-26T04:36:20.185+0000] {dagbag.py:538} INFO - Filling up the DagBag from /home/airflow/.local/lib/python3.8/site-packages/airflow/example_dags/example_xcomargs.py
[2024-04-26T04:36:20.195+0000] {processor.py:840} INFO - DAG(s) 'example_xcom_args_with_operators', 'example_xcom_args' retrieved from /home/airflow/.local/lib/python3.8/site-packages/airflow/example_dags/example_xcomargs.py
[2024-04-26T04:36:20.214+0000] {logging_mixin.py:188} INFO - [2024-04-26T04:36:20.214+0000] {dag.py:3036} INFO - Sync 2 DAGs
[2024-04-26T04:36:20.222+0000] {logging_mixin.py:188} INFO - [2024-04-26T04:36:20.222+0000] {dag.py:3823} INFO - Setting next_dagrun for example_xcom_args to None, run_after=None
[2024-04-26T04:36:20.225+0000] {logging_mixin.py:188} INFO - [2024-04-26T04:36:20.225+0000] {dag.py:3823} INFO - Setting next_dagrun for example_xcom_args_with_operators to None, run_after=None
[2024-04-26T04:36:20.239+0000] {processor.py:183} INFO - Processing /home/airflow/.local/lib/python3.8/site-packages/airflow/example_dags/example_xcomargs.py took 0.065 seconds
[2024-04-26T04:36:50.260+0000] {processor.py:161} INFO - Started process (PID=1714) to work on /home/airflow/.local/lib/python3.8/site-packages/airflow/example_dags/example_xcomargs.py
[2024-04-26T04:36:50.261+0000] {processor.py:830} INFO - Processing file /home/airflow/.local/lib/python3.8/site-packages/airflow/example_dags/example_xcomargs.py for tasks to queue
[2024-04-26T04:36:50.262+0000] {logging_mixin.py:188} INFO - [2024-04-26T04:36:50.262+0000] {dagbag.py:538} INFO - Filling up the DagBag from /home/airflow/.local/lib/python3.8/site-packages/airflow/example_dags/example_xcomargs.py
[2024-04-26T04:36:50.269+0000] {processor.py:840} INFO - DAG(s) 'example_xcom_args_with_operators', 'example_xcom_args' retrieved from /home/airflow/.local/lib/python3.8/site-packages/airflow/example_dags/example_xcomargs.py
[2024-04-26T04:36:50.287+0000] {logging_mixin.py:188} INFO - [2024-04-26T04:36:50.286+0000] {dag.py:3036} INFO - Sync 2 DAGs
[2024-04-26T04:36:50.296+0000] {logging_mixin.py:188} INFO - [2024-04-26T04:36:50.296+0000] {dag.py:3823} INFO - Setting next_dagrun for example_xcom_args to None, run_after=None
[2024-04-26T04:36:50.299+0000] {logging_mixin.py:188} INFO - [2024-04-26T04:36:50.299+0000] {dag.py:3823} INFO - Setting next_dagrun for example_xcom_args_with_operators to None, run_after=None
[2024-04-26T04:36:50.312+0000] {processor.py:183} INFO - Processing /home/airflow/.local/lib/python3.8/site-packages/airflow/example_dags/example_xcomargs.py took 0.054 seconds
