[2024-04-26T04:26:07.767+0000] {processor.py:161} INFO - Started process (PID=79) to work on /home/airflow/.local/lib/python3.8/site-packages/airflow/example_dags/example_complex.py
[2024-04-26T04:26:07.769+0000] {processor.py:830} INFO - Processing file /home/airflow/.local/lib/python3.8/site-packages/airflow/example_dags/example_complex.py for tasks to queue
[2024-04-26T04:26:07.772+0000] {logging_mixin.py:188} INFO - [2024-04-26T04:26:07.771+0000] {dagbag.py:538} INFO - Filling up the DagBag from /home/airflow/.local/lib/python3.8/site-packages/airflow/example_dags/example_complex.py
[2024-04-26T04:26:07.791+0000] {processor.py:840} INFO - DAG(s) 'example_complex' retrieved from /home/airflow/.local/lib/python3.8/site-packages/airflow/example_dags/example_complex.py
[2024-04-26T04:26:07.824+0000] {logging_mixin.py:188} INFO - [2024-04-26T04:26:07.824+0000] {dag.py:3036} INFO - Sync 1 DAGs
[2024-04-26T04:26:07.838+0000] {logging_mixin.py:188} INFO - [2024-04-26T04:26:07.837+0000] {dag.py:3823} INFO - Setting next_dagrun for example_complex to None, run_after=None
[2024-04-26T04:26:07.864+0000] {processor.py:183} INFO - Processing /home/airflow/.local/lib/python3.8/site-packages/airflow/example_dags/example_complex.py took 0.102 seconds
[2024-04-26T04:26:38.643+0000] {processor.py:161} INFO - Started process (PID=155) to work on /home/airflow/.local/lib/python3.8/site-packages/airflow/example_dags/example_complex.py
[2024-04-26T04:26:38.644+0000] {processor.py:830} INFO - Processing file /home/airflow/.local/lib/python3.8/site-packages/airflow/example_dags/example_complex.py for tasks to queue
[2024-04-26T04:26:38.646+0000] {logging_mixin.py:188} INFO - [2024-04-26T04:26:38.645+0000] {dagbag.py:538} INFO - Filling up the DagBag from /home/airflow/.local/lib/python3.8/site-packages/airflow/example_dags/example_complex.py
[2024-04-26T04:26:38.653+0000] {processor.py:840} INFO - DAG(s) 'example_complex' retrieved from /home/airflow/.local/lib/python3.8/site-packages/airflow/example_dags/example_complex.py
[2024-04-26T04:26:38.675+0000] {logging_mixin.py:188} INFO - [2024-04-26T04:26:38.675+0000] {dag.py:3036} INFO - Sync 1 DAGs
[2024-04-26T04:26:38.685+0000] {logging_mixin.py:188} INFO - [2024-04-26T04:26:38.684+0000] {dag.py:3823} INFO - Setting next_dagrun for example_complex to None, run_after=None
[2024-04-26T04:26:38.703+0000] {processor.py:183} INFO - Processing /home/airflow/.local/lib/python3.8/site-packages/airflow/example_dags/example_complex.py took 0.063 seconds
[2024-04-26T04:27:08.760+0000] {processor.py:161} INFO - Started process (PID=252) to work on /home/airflow/.local/lib/python3.8/site-packages/airflow/example_dags/example_complex.py
[2024-04-26T04:27:08.761+0000] {processor.py:830} INFO - Processing file /home/airflow/.local/lib/python3.8/site-packages/airflow/example_dags/example_complex.py for tasks to queue
[2024-04-26T04:27:08.763+0000] {logging_mixin.py:188} INFO - [2024-04-26T04:27:08.763+0000] {dagbag.py:538} INFO - Filling up the DagBag from /home/airflow/.local/lib/python3.8/site-packages/airflow/example_dags/example_complex.py
[2024-04-26T04:27:08.771+0000] {processor.py:840} INFO - DAG(s) 'example_complex' retrieved from /home/airflow/.local/lib/python3.8/site-packages/airflow/example_dags/example_complex.py
[2024-04-26T04:27:08.797+0000] {logging_mixin.py:188} INFO - [2024-04-26T04:27:08.797+0000] {dag.py:3036} INFO - Sync 1 DAGs
[2024-04-26T04:27:08.807+0000] {logging_mixin.py:188} INFO - [2024-04-26T04:27:08.807+0000] {dag.py:3823} INFO - Setting next_dagrun for example_complex to None, run_after=None
[2024-04-26T04:27:08.830+0000] {processor.py:183} INFO - Processing /home/airflow/.local/lib/python3.8/site-packages/airflow/example_dags/example_complex.py took 0.072 seconds
[2024-04-26T04:27:39.261+0000] {processor.py:161} INFO - Started process (PID=328) to work on /home/airflow/.local/lib/python3.8/site-packages/airflow/example_dags/example_complex.py
[2024-04-26T04:27:39.262+0000] {processor.py:830} INFO - Processing file /home/airflow/.local/lib/python3.8/site-packages/airflow/example_dags/example_complex.py for tasks to queue
[2024-04-26T04:27:39.265+0000] {logging_mixin.py:188} INFO - [2024-04-26T04:27:39.265+0000] {dagbag.py:538} INFO - Filling up the DagBag from /home/airflow/.local/lib/python3.8/site-packages/airflow/example_dags/example_complex.py
[2024-04-26T04:27:39.274+0000] {processor.py:840} INFO - DAG(s) 'example_complex' retrieved from /home/airflow/.local/lib/python3.8/site-packages/airflow/example_dags/example_complex.py
[2024-04-26T04:27:39.299+0000] {logging_mixin.py:188} INFO - [2024-04-26T04:27:39.299+0000] {dag.py:3036} INFO - Sync 1 DAGs
[2024-04-26T04:27:39.310+0000] {logging_mixin.py:188} INFO - [2024-04-26T04:27:39.309+0000] {dag.py:3823} INFO - Setting next_dagrun for example_complex to None, run_after=None
[2024-04-26T04:27:39.329+0000] {processor.py:183} INFO - Processing /home/airflow/.local/lib/python3.8/site-packages/airflow/example_dags/example_complex.py took 0.071 seconds
[2024-04-26T04:28:09.682+0000] {processor.py:161} INFO - Started process (PID=404) to work on /home/airflow/.local/lib/python3.8/site-packages/airflow/example_dags/example_complex.py
[2024-04-26T04:28:09.683+0000] {processor.py:830} INFO - Processing file /home/airflow/.local/lib/python3.8/site-packages/airflow/example_dags/example_complex.py for tasks to queue
[2024-04-26T04:28:09.685+0000] {logging_mixin.py:188} INFO - [2024-04-26T04:28:09.685+0000] {dagbag.py:538} INFO - Filling up the DagBag from /home/airflow/.local/lib/python3.8/site-packages/airflow/example_dags/example_complex.py
[2024-04-26T04:28:09.694+0000] {processor.py:840} INFO - DAG(s) 'example_complex' retrieved from /home/airflow/.local/lib/python3.8/site-packages/airflow/example_dags/example_complex.py
[2024-04-26T04:28:09.732+0000] {logging_mixin.py:188} INFO - [2024-04-26T04:28:09.732+0000] {dag.py:3036} INFO - Sync 1 DAGs
[2024-04-26T04:28:09.743+0000] {logging_mixin.py:188} INFO - [2024-04-26T04:28:09.742+0000] {dag.py:3823} INFO - Setting next_dagrun for example_complex to None, run_after=None
[2024-04-26T04:28:09.760+0000] {processor.py:183} INFO - Processing /home/airflow/.local/lib/python3.8/site-packages/airflow/example_dags/example_complex.py took 0.081 seconds
[2024-04-26T04:28:40.414+0000] {processor.py:161} INFO - Started process (PID=480) to work on /home/airflow/.local/lib/python3.8/site-packages/airflow/example_dags/example_complex.py
[2024-04-26T04:28:40.416+0000] {processor.py:830} INFO - Processing file /home/airflow/.local/lib/python3.8/site-packages/airflow/example_dags/example_complex.py for tasks to queue
[2024-04-26T04:28:40.418+0000] {logging_mixin.py:188} INFO - [2024-04-26T04:28:40.418+0000] {dagbag.py:538} INFO - Filling up the DagBag from /home/airflow/.local/lib/python3.8/site-packages/airflow/example_dags/example_complex.py
[2024-04-26T04:28:40.430+0000] {processor.py:840} INFO - DAG(s) 'example_complex' retrieved from /home/airflow/.local/lib/python3.8/site-packages/airflow/example_dags/example_complex.py
[2024-04-26T04:28:40.465+0000] {logging_mixin.py:188} INFO - [2024-04-26T04:28:40.465+0000] {dag.py:3036} INFO - Sync 1 DAGs
[2024-04-26T04:28:40.479+0000] {logging_mixin.py:188} INFO - [2024-04-26T04:28:40.478+0000] {dag.py:3823} INFO - Setting next_dagrun for example_complex to None, run_after=None
[2024-04-26T04:28:40.503+0000] {processor.py:183} INFO - Processing /home/airflow/.local/lib/python3.8/site-packages/airflow/example_dags/example_complex.py took 0.092 seconds
[2024-04-26T04:29:11.141+0000] {processor.py:161} INFO - Started process (PID=557) to work on /home/airflow/.local/lib/python3.8/site-packages/airflow/example_dags/example_complex.py
[2024-04-26T04:29:11.143+0000] {processor.py:830} INFO - Processing file /home/airflow/.local/lib/python3.8/site-packages/airflow/example_dags/example_complex.py for tasks to queue
[2024-04-26T04:29:11.145+0000] {logging_mixin.py:188} INFO - [2024-04-26T04:29:11.144+0000] {dagbag.py:538} INFO - Filling up the DagBag from /home/airflow/.local/lib/python3.8/site-packages/airflow/example_dags/example_complex.py
[2024-04-26T04:29:11.153+0000] {processor.py:840} INFO - DAG(s) 'example_complex' retrieved from /home/airflow/.local/lib/python3.8/site-packages/airflow/example_dags/example_complex.py
[2024-04-26T04:29:11.178+0000] {logging_mixin.py:188} INFO - [2024-04-26T04:29:11.178+0000] {dag.py:3036} INFO - Sync 1 DAGs
[2024-04-26T04:29:11.188+0000] {logging_mixin.py:188} INFO - [2024-04-26T04:29:11.188+0000] {dag.py:3823} INFO - Setting next_dagrun for example_complex to None, run_after=None
[2024-04-26T04:29:11.203+0000] {processor.py:183} INFO - Processing /home/airflow/.local/lib/python3.8/site-packages/airflow/example_dags/example_complex.py took 0.064 seconds
[2024-04-26T04:29:42.162+0000] {processor.py:161} INFO - Started process (PID=633) to work on /home/airflow/.local/lib/python3.8/site-packages/airflow/example_dags/example_complex.py
[2024-04-26T04:29:42.163+0000] {processor.py:830} INFO - Processing file /home/airflow/.local/lib/python3.8/site-packages/airflow/example_dags/example_complex.py for tasks to queue
[2024-04-26T04:29:42.165+0000] {logging_mixin.py:188} INFO - [2024-04-26T04:29:42.165+0000] {dagbag.py:538} INFO - Filling up the DagBag from /home/airflow/.local/lib/python3.8/site-packages/airflow/example_dags/example_complex.py
[2024-04-26T04:29:42.174+0000] {processor.py:840} INFO - DAG(s) 'example_complex' retrieved from /home/airflow/.local/lib/python3.8/site-packages/airflow/example_dags/example_complex.py
[2024-04-26T04:29:42.201+0000] {logging_mixin.py:188} INFO - [2024-04-26T04:29:42.201+0000] {dag.py:3036} INFO - Sync 1 DAGs
[2024-04-26T04:29:42.215+0000] {logging_mixin.py:188} INFO - [2024-04-26T04:29:42.215+0000] {dag.py:3823} INFO - Setting next_dagrun for example_complex to None, run_after=None
[2024-04-26T04:29:42.233+0000] {processor.py:183} INFO - Processing /home/airflow/.local/lib/python3.8/site-packages/airflow/example_dags/example_complex.py took 0.074 seconds
[2024-04-26T04:30:12.820+0000] {processor.py:161} INFO - Started process (PID=709) to work on /home/airflow/.local/lib/python3.8/site-packages/airflow/example_dags/example_complex.py
[2024-04-26T04:30:12.821+0000] {processor.py:830} INFO - Processing file /home/airflow/.local/lib/python3.8/site-packages/airflow/example_dags/example_complex.py for tasks to queue
[2024-04-26T04:30:12.824+0000] {logging_mixin.py:188} INFO - [2024-04-26T04:30:12.823+0000] {dagbag.py:538} INFO - Filling up the DagBag from /home/airflow/.local/lib/python3.8/site-packages/airflow/example_dags/example_complex.py
[2024-04-26T04:30:12.833+0000] {processor.py:840} INFO - DAG(s) 'example_complex' retrieved from /home/airflow/.local/lib/python3.8/site-packages/airflow/example_dags/example_complex.py
[2024-04-26T04:30:12.858+0000] {logging_mixin.py:188} INFO - [2024-04-26T04:30:12.858+0000] {dag.py:3036} INFO - Sync 1 DAGs
[2024-04-26T04:30:12.868+0000] {logging_mixin.py:188} INFO - [2024-04-26T04:30:12.867+0000] {dag.py:3823} INFO - Setting next_dagrun for example_complex to None, run_after=None
[2024-04-26T04:30:12.885+0000] {processor.py:183} INFO - Processing /home/airflow/.local/lib/python3.8/site-packages/airflow/example_dags/example_complex.py took 0.068 seconds
[2024-04-26T04:30:43.392+0000] {processor.py:161} INFO - Started process (PID=785) to work on /home/airflow/.local/lib/python3.8/site-packages/airflow/example_dags/example_complex.py
[2024-04-26T04:30:43.393+0000] {processor.py:830} INFO - Processing file /home/airflow/.local/lib/python3.8/site-packages/airflow/example_dags/example_complex.py for tasks to queue
[2024-04-26T04:30:43.395+0000] {logging_mixin.py:188} INFO - [2024-04-26T04:30:43.394+0000] {dagbag.py:538} INFO - Filling up the DagBag from /home/airflow/.local/lib/python3.8/site-packages/airflow/example_dags/example_complex.py
[2024-04-26T04:30:43.403+0000] {processor.py:840} INFO - DAG(s) 'example_complex' retrieved from /home/airflow/.local/lib/python3.8/site-packages/airflow/example_dags/example_complex.py
[2024-04-26T04:30:43.427+0000] {logging_mixin.py:188} INFO - [2024-04-26T04:30:43.427+0000] {dag.py:3036} INFO - Sync 1 DAGs
[2024-04-26T04:30:43.436+0000] {logging_mixin.py:188} INFO - [2024-04-26T04:30:43.436+0000] {dag.py:3823} INFO - Setting next_dagrun for example_complex to None, run_after=None
[2024-04-26T04:30:43.452+0000] {processor.py:183} INFO - Processing /home/airflow/.local/lib/python3.8/site-packages/airflow/example_dags/example_complex.py took 0.062 seconds
[2024-04-26T04:31:13.687+0000] {processor.py:161} INFO - Started process (PID=861) to work on /home/airflow/.local/lib/python3.8/site-packages/airflow/example_dags/example_complex.py
[2024-04-26T04:31:13.688+0000] {processor.py:830} INFO - Processing file /home/airflow/.local/lib/python3.8/site-packages/airflow/example_dags/example_complex.py for tasks to queue
[2024-04-26T04:31:13.691+0000] {logging_mixin.py:188} INFO - [2024-04-26T04:31:13.691+0000] {dagbag.py:538} INFO - Filling up the DagBag from /home/airflow/.local/lib/python3.8/site-packages/airflow/example_dags/example_complex.py
[2024-04-26T04:31:13.700+0000] {processor.py:840} INFO - DAG(s) 'example_complex' retrieved from /home/airflow/.local/lib/python3.8/site-packages/airflow/example_dags/example_complex.py
[2024-04-26T04:31:13.725+0000] {logging_mixin.py:188} INFO - [2024-04-26T04:31:13.725+0000] {dag.py:3036} INFO - Sync 1 DAGs
[2024-04-26T04:31:13.740+0000] {logging_mixin.py:188} INFO - [2024-04-26T04:31:13.740+0000] {dag.py:3823} INFO - Setting next_dagrun for example_complex to None, run_after=None
[2024-04-26T04:31:13.759+0000] {processor.py:183} INFO - Processing /home/airflow/.local/lib/python3.8/site-packages/airflow/example_dags/example_complex.py took 0.075 seconds
[2024-04-26T04:31:43.844+0000] {processor.py:161} INFO - Started process (PID=937) to work on /home/airflow/.local/lib/python3.8/site-packages/airflow/example_dags/example_complex.py
[2024-04-26T04:31:43.845+0000] {processor.py:830} INFO - Processing file /home/airflow/.local/lib/python3.8/site-packages/airflow/example_dags/example_complex.py for tasks to queue
[2024-04-26T04:31:43.847+0000] {logging_mixin.py:188} INFO - [2024-04-26T04:31:43.847+0000] {dagbag.py:538} INFO - Filling up the DagBag from /home/airflow/.local/lib/python3.8/site-packages/airflow/example_dags/example_complex.py
[2024-04-26T04:31:43.855+0000] {processor.py:840} INFO - DAG(s) 'example_complex' retrieved from /home/airflow/.local/lib/python3.8/site-packages/airflow/example_dags/example_complex.py
[2024-04-26T04:31:43.882+0000] {logging_mixin.py:188} INFO - [2024-04-26T04:31:43.882+0000] {dag.py:3036} INFO - Sync 1 DAGs
[2024-04-26T04:31:43.897+0000] {logging_mixin.py:188} INFO - [2024-04-26T04:31:43.897+0000] {dag.py:3823} INFO - Setting next_dagrun for example_complex to None, run_after=None
[2024-04-26T04:31:43.914+0000] {processor.py:183} INFO - Processing /home/airflow/.local/lib/python3.8/site-packages/airflow/example_dags/example_complex.py took 0.073 seconds
[2024-04-26T04:32:14.671+0000] {processor.py:161} INFO - Started process (PID=1013) to work on /home/airflow/.local/lib/python3.8/site-packages/airflow/example_dags/example_complex.py
[2024-04-26T04:32:14.673+0000] {processor.py:830} INFO - Processing file /home/airflow/.local/lib/python3.8/site-packages/airflow/example_dags/example_complex.py for tasks to queue
[2024-04-26T04:32:14.675+0000] {logging_mixin.py:188} INFO - [2024-04-26T04:32:14.675+0000] {dagbag.py:538} INFO - Filling up the DagBag from /home/airflow/.local/lib/python3.8/site-packages/airflow/example_dags/example_complex.py
[2024-04-26T04:32:14.685+0000] {processor.py:840} INFO - DAG(s) 'example_complex' retrieved from /home/airflow/.local/lib/python3.8/site-packages/airflow/example_dags/example_complex.py
[2024-04-26T04:32:14.712+0000] {logging_mixin.py:188} INFO - [2024-04-26T04:32:14.711+0000] {dag.py:3036} INFO - Sync 1 DAGs
[2024-04-26T04:32:14.722+0000] {logging_mixin.py:188} INFO - [2024-04-26T04:32:14.722+0000] {dag.py:3823} INFO - Setting next_dagrun for example_complex to None, run_after=None
[2024-04-26T04:32:14.739+0000] {processor.py:183} INFO - Processing /home/airflow/.local/lib/python3.8/site-packages/airflow/example_dags/example_complex.py took 0.071 seconds
[2024-04-26T04:32:45.378+0000] {processor.py:161} INFO - Started process (PID=1089) to work on /home/airflow/.local/lib/python3.8/site-packages/airflow/example_dags/example_complex.py
[2024-04-26T04:32:45.379+0000] {processor.py:830} INFO - Processing file /home/airflow/.local/lib/python3.8/site-packages/airflow/example_dags/example_complex.py for tasks to queue
[2024-04-26T04:32:45.382+0000] {logging_mixin.py:188} INFO - [2024-04-26T04:32:45.381+0000] {dagbag.py:538} INFO - Filling up the DagBag from /home/airflow/.local/lib/python3.8/site-packages/airflow/example_dags/example_complex.py
[2024-04-26T04:32:45.394+0000] {processor.py:840} INFO - DAG(s) 'example_complex' retrieved from /home/airflow/.local/lib/python3.8/site-packages/airflow/example_dags/example_complex.py
[2024-04-26T04:32:45.424+0000] {logging_mixin.py:188} INFO - [2024-04-26T04:32:45.424+0000] {dag.py:3036} INFO - Sync 1 DAGs
[2024-04-26T04:32:45.437+0000] {logging_mixin.py:188} INFO - [2024-04-26T04:32:45.437+0000] {dag.py:3823} INFO - Setting next_dagrun for example_complex to None, run_after=None
[2024-04-26T04:32:45.457+0000] {processor.py:183} INFO - Processing /home/airflow/.local/lib/python3.8/site-packages/airflow/example_dags/example_complex.py took 0.082 seconds
[2024-04-26T04:33:15.692+0000] {processor.py:161} INFO - Started process (PID=1165) to work on /home/airflow/.local/lib/python3.8/site-packages/airflow/example_dags/example_complex.py
[2024-04-26T04:33:15.693+0000] {processor.py:830} INFO - Processing file /home/airflow/.local/lib/python3.8/site-packages/airflow/example_dags/example_complex.py for tasks to queue
[2024-04-26T04:33:15.695+0000] {logging_mixin.py:188} INFO - [2024-04-26T04:33:15.694+0000] {dagbag.py:538} INFO - Filling up the DagBag from /home/airflow/.local/lib/python3.8/site-packages/airflow/example_dags/example_complex.py
[2024-04-26T04:33:15.702+0000] {processor.py:840} INFO - DAG(s) 'example_complex' retrieved from /home/airflow/.local/lib/python3.8/site-packages/airflow/example_dags/example_complex.py
[2024-04-26T04:33:15.726+0000] {logging_mixin.py:188} INFO - [2024-04-26T04:33:15.726+0000] {dag.py:3036} INFO - Sync 1 DAGs
[2024-04-26T04:33:15.736+0000] {logging_mixin.py:188} INFO - [2024-04-26T04:33:15.736+0000] {dag.py:3823} INFO - Setting next_dagrun for example_complex to None, run_after=None
[2024-04-26T04:33:15.752+0000] {processor.py:183} INFO - Processing /home/airflow/.local/lib/python3.8/site-packages/airflow/example_dags/example_complex.py took 0.063 seconds
[2024-04-26T04:33:45.957+0000] {processor.py:161} INFO - Started process (PID=1241) to work on /home/airflow/.local/lib/python3.8/site-packages/airflow/example_dags/example_complex.py
[2024-04-26T04:33:45.962+0000] {processor.py:830} INFO - Processing file /home/airflow/.local/lib/python3.8/site-packages/airflow/example_dags/example_complex.py for tasks to queue
[2024-04-26T04:33:45.964+0000] {logging_mixin.py:188} INFO - [2024-04-26T04:33:45.964+0000] {dagbag.py:538} INFO - Filling up the DagBag from /home/airflow/.local/lib/python3.8/site-packages/airflow/example_dags/example_complex.py
[2024-04-26T04:33:45.971+0000] {processor.py:840} INFO - DAG(s) 'example_complex' retrieved from /home/airflow/.local/lib/python3.8/site-packages/airflow/example_dags/example_complex.py
[2024-04-26T04:33:45.993+0000] {logging_mixin.py:188} INFO - [2024-04-26T04:33:45.993+0000] {dag.py:3036} INFO - Sync 1 DAGs
[2024-04-26T04:33:46.002+0000] {logging_mixin.py:188} INFO - [2024-04-26T04:33:46.002+0000] {dag.py:3823} INFO - Setting next_dagrun for example_complex to None, run_after=None
[2024-04-26T04:33:46.020+0000] {processor.py:183} INFO - Processing /home/airflow/.local/lib/python3.8/site-packages/airflow/example_dags/example_complex.py took 0.066 seconds
[2024-04-26T04:34:16.289+0000] {processor.py:161} INFO - Started process (PID=1317) to work on /home/airflow/.local/lib/python3.8/site-packages/airflow/example_dags/example_complex.py
[2024-04-26T04:34:16.291+0000] {processor.py:830} INFO - Processing file /home/airflow/.local/lib/python3.8/site-packages/airflow/example_dags/example_complex.py for tasks to queue
[2024-04-26T04:34:16.293+0000] {logging_mixin.py:188} INFO - [2024-04-26T04:34:16.293+0000] {dagbag.py:538} INFO - Filling up the DagBag from /home/airflow/.local/lib/python3.8/site-packages/airflow/example_dags/example_complex.py
[2024-04-26T04:34:16.300+0000] {processor.py:840} INFO - DAG(s) 'example_complex' retrieved from /home/airflow/.local/lib/python3.8/site-packages/airflow/example_dags/example_complex.py
[2024-04-26T04:34:16.321+0000] {logging_mixin.py:188} INFO - [2024-04-26T04:34:16.321+0000] {dag.py:3036} INFO - Sync 1 DAGs
[2024-04-26T04:34:16.330+0000] {logging_mixin.py:188} INFO - [2024-04-26T04:34:16.330+0000] {dag.py:3823} INFO - Setting next_dagrun for example_complex to None, run_after=None
[2024-04-26T04:34:16.343+0000] {processor.py:183} INFO - Processing /home/airflow/.local/lib/python3.8/site-packages/airflow/example_dags/example_complex.py took 0.056 seconds
[2024-04-26T04:34:46.488+0000] {processor.py:161} INFO - Started process (PID=1393) to work on /home/airflow/.local/lib/python3.8/site-packages/airflow/example_dags/example_complex.py
[2024-04-26T04:34:46.490+0000] {processor.py:830} INFO - Processing file /home/airflow/.local/lib/python3.8/site-packages/airflow/example_dags/example_complex.py for tasks to queue
[2024-04-26T04:34:46.492+0000] {logging_mixin.py:188} INFO - [2024-04-26T04:34:46.491+0000] {dagbag.py:538} INFO - Filling up the DagBag from /home/airflow/.local/lib/python3.8/site-packages/airflow/example_dags/example_complex.py
[2024-04-26T04:34:46.499+0000] {processor.py:840} INFO - DAG(s) 'example_complex' retrieved from /home/airflow/.local/lib/python3.8/site-packages/airflow/example_dags/example_complex.py
[2024-04-26T04:34:46.522+0000] {logging_mixin.py:188} INFO - [2024-04-26T04:34:46.521+0000] {dag.py:3036} INFO - Sync 1 DAGs
[2024-04-26T04:34:46.530+0000] {logging_mixin.py:188} INFO - [2024-04-26T04:34:46.529+0000] {dag.py:3823} INFO - Setting next_dagrun for example_complex to None, run_after=None
[2024-04-26T04:34:46.543+0000] {processor.py:183} INFO - Processing /home/airflow/.local/lib/python3.8/site-packages/airflow/example_dags/example_complex.py took 0.057 seconds
[2024-04-26T04:35:16.640+0000] {processor.py:161} INFO - Started process (PID=1468) to work on /home/airflow/.local/lib/python3.8/site-packages/airflow/example_dags/example_complex.py
[2024-04-26T04:35:16.641+0000] {processor.py:830} INFO - Processing file /home/airflow/.local/lib/python3.8/site-packages/airflow/example_dags/example_complex.py for tasks to queue
[2024-04-26T04:35:16.643+0000] {logging_mixin.py:188} INFO - [2024-04-26T04:35:16.642+0000] {dagbag.py:538} INFO - Filling up the DagBag from /home/airflow/.local/lib/python3.8/site-packages/airflow/example_dags/example_complex.py
[2024-04-26T04:35:16.650+0000] {processor.py:840} INFO - DAG(s) 'example_complex' retrieved from /home/airflow/.local/lib/python3.8/site-packages/airflow/example_dags/example_complex.py
[2024-04-26T04:35:16.671+0000] {logging_mixin.py:188} INFO - [2024-04-26T04:35:16.671+0000] {dag.py:3036} INFO - Sync 1 DAGs
[2024-04-26T04:35:16.681+0000] {logging_mixin.py:188} INFO - [2024-04-26T04:35:16.681+0000] {dag.py:3823} INFO - Setting next_dagrun for example_complex to None, run_after=None
[2024-04-26T04:35:16.697+0000] {processor.py:183} INFO - Processing /home/airflow/.local/lib/python3.8/site-packages/airflow/example_dags/example_complex.py took 0.060 seconds
[2024-04-26T04:35:46.975+0000] {processor.py:161} INFO - Started process (PID=1544) to work on /home/airflow/.local/lib/python3.8/site-packages/airflow/example_dags/example_complex.py
[2024-04-26T04:35:46.976+0000] {processor.py:830} INFO - Processing file /home/airflow/.local/lib/python3.8/site-packages/airflow/example_dags/example_complex.py for tasks to queue
[2024-04-26T04:35:46.978+0000] {logging_mixin.py:188} INFO - [2024-04-26T04:35:46.978+0000] {dagbag.py:538} INFO - Filling up the DagBag from /home/airflow/.local/lib/python3.8/site-packages/airflow/example_dags/example_complex.py
[2024-04-26T04:35:46.987+0000] {processor.py:840} INFO - DAG(s) 'example_complex' retrieved from /home/airflow/.local/lib/python3.8/site-packages/airflow/example_dags/example_complex.py
[2024-04-26T04:35:47.011+0000] {logging_mixin.py:188} INFO - [2024-04-26T04:35:47.010+0000] {dag.py:3036} INFO - Sync 1 DAGs
[2024-04-26T04:35:47.020+0000] {logging_mixin.py:188} INFO - [2024-04-26T04:35:47.019+0000] {dag.py:3823} INFO - Setting next_dagrun for example_complex to None, run_after=None
[2024-04-26T04:35:47.035+0000] {processor.py:183} INFO - Processing /home/airflow/.local/lib/python3.8/site-packages/airflow/example_dags/example_complex.py took 0.062 seconds
[2024-04-26T04:36:17.109+0000] {processor.py:161} INFO - Started process (PID=1620) to work on /home/airflow/.local/lib/python3.8/site-packages/airflow/example_dags/example_complex.py
[2024-04-26T04:36:17.111+0000] {processor.py:830} INFO - Processing file /home/airflow/.local/lib/python3.8/site-packages/airflow/example_dags/example_complex.py for tasks to queue
[2024-04-26T04:36:17.113+0000] {logging_mixin.py:188} INFO - [2024-04-26T04:36:17.112+0000] {dagbag.py:538} INFO - Filling up the DagBag from /home/airflow/.local/lib/python3.8/site-packages/airflow/example_dags/example_complex.py
[2024-04-26T04:36:17.120+0000] {processor.py:840} INFO - DAG(s) 'example_complex' retrieved from /home/airflow/.local/lib/python3.8/site-packages/airflow/example_dags/example_complex.py
[2024-04-26T04:36:17.140+0000] {logging_mixin.py:188} INFO - [2024-04-26T04:36:17.140+0000] {dag.py:3036} INFO - Sync 1 DAGs
[2024-04-26T04:36:17.149+0000] {logging_mixin.py:188} INFO - [2024-04-26T04:36:17.149+0000] {dag.py:3823} INFO - Setting next_dagrun for example_complex to None, run_after=None
[2024-04-26T04:36:17.166+0000] {processor.py:183} INFO - Processing /home/airflow/.local/lib/python3.8/site-packages/airflow/example_dags/example_complex.py took 0.059 seconds
[2024-04-26T04:36:47.231+0000] {processor.py:161} INFO - Started process (PID=1696) to work on /home/airflow/.local/lib/python3.8/site-packages/airflow/example_dags/example_complex.py
[2024-04-26T04:36:47.233+0000] {processor.py:830} INFO - Processing file /home/airflow/.local/lib/python3.8/site-packages/airflow/example_dags/example_complex.py for tasks to queue
[2024-04-26T04:36:47.234+0000] {logging_mixin.py:188} INFO - [2024-04-26T04:36:47.234+0000] {dagbag.py:538} INFO - Filling up the DagBag from /home/airflow/.local/lib/python3.8/site-packages/airflow/example_dags/example_complex.py
[2024-04-26T04:36:47.242+0000] {processor.py:840} INFO - DAG(s) 'example_complex' retrieved from /home/airflow/.local/lib/python3.8/site-packages/airflow/example_dags/example_complex.py
[2024-04-26T04:36:47.269+0000] {logging_mixin.py:188} INFO - [2024-04-26T04:36:47.269+0000] {dag.py:3036} INFO - Sync 1 DAGs
[2024-04-26T04:36:47.277+0000] {logging_mixin.py:188} INFO - [2024-04-26T04:36:47.277+0000] {dag.py:3823} INFO - Setting next_dagrun for example_complex to None, run_after=None
[2024-04-26T04:36:47.290+0000] {processor.py:183} INFO - Processing /home/airflow/.local/lib/python3.8/site-packages/airflow/example_dags/example_complex.py took 0.061 seconds
