[2024-04-26T04:26:07.712+0000] {processor.py:161} INFO - Started process (PID=78) to work on /home/airflow/.local/lib/python3.8/site-packages/airflow/example_dags/example_sensors.py
[2024-04-26T04:26:07.714+0000] {processor.py:830} INFO - Processing file /home/airflow/.local/lib/python3.8/site-packages/airflow/example_dags/example_sensors.py for tasks to queue
[2024-04-26T04:26:07.717+0000] {logging_mixin.py:188} INFO - [2024-04-26T04:26:07.716+0000] {dagbag.py:538} INFO - Filling up the DagBag from /home/airflow/.local/lib/python3.8/site-packages/airflow/example_dags/example_sensors.py
[2024-04-26T04:26:07.740+0000] {processor.py:840} INFO - DAG(s) 'example_sensors' retrieved from /home/airflow/.local/lib/python3.8/site-packages/airflow/example_dags/example_sensors.py
[2024-04-26T04:26:07.778+0000] {logging_mixin.py:188} INFO - [2024-04-26T04:26:07.778+0000] {dag.py:3036} INFO - Sync 1 DAGs
[2024-04-26T04:26:07.793+0000] {logging_mixin.py:188} INFO - [2024-04-26T04:26:07.793+0000] {dag.py:3823} INFO - Setting next_dagrun for example_sensors to None, run_after=None
[2024-04-26T04:26:07.820+0000] {processor.py:183} INFO - Processing /home/airflow/.local/lib/python3.8/site-packages/airflow/example_dags/example_sensors.py took 0.112 seconds
[2024-04-26T04:26:38.543+0000] {processor.py:161} INFO - Started process (PID=154) to work on /home/airflow/.local/lib/python3.8/site-packages/airflow/example_dags/example_sensors.py
[2024-04-26T04:26:38.545+0000] {processor.py:830} INFO - Processing file /home/airflow/.local/lib/python3.8/site-packages/airflow/example_dags/example_sensors.py for tasks to queue
[2024-04-26T04:26:38.548+0000] {logging_mixin.py:188} INFO - [2024-04-26T04:26:38.548+0000] {dagbag.py:538} INFO - Filling up the DagBag from /home/airflow/.local/lib/python3.8/site-packages/airflow/example_dags/example_sensors.py
[2024-04-26T04:26:38.561+0000] {processor.py:840} INFO - DAG(s) 'example_sensors' retrieved from /home/airflow/.local/lib/python3.8/site-packages/airflow/example_dags/example_sensors.py
[2024-04-26T04:26:38.592+0000] {logging_mixin.py:188} INFO - [2024-04-26T04:26:38.592+0000] {dag.py:3036} INFO - Sync 1 DAGs
[2024-04-26T04:26:38.603+0000] {logging_mixin.py:188} INFO - [2024-04-26T04:26:38.603+0000] {dag.py:3823} INFO - Setting next_dagrun for example_sensors to None, run_after=None
[2024-04-26T04:26:38.620+0000] {processor.py:183} INFO - Processing /home/airflow/.local/lib/python3.8/site-packages/airflow/example_dags/example_sensors.py took 0.081 seconds
[2024-04-26T04:27:08.760+0000] {processor.py:161} INFO - Started process (PID=251) to work on /home/airflow/.local/lib/python3.8/site-packages/airflow/example_dags/example_sensors.py
[2024-04-26T04:27:08.761+0000] {processor.py:830} INFO - Processing file /home/airflow/.local/lib/python3.8/site-packages/airflow/example_dags/example_sensors.py for tasks to queue
[2024-04-26T04:27:08.763+0000] {logging_mixin.py:188} INFO - [2024-04-26T04:27:08.762+0000] {dagbag.py:538} INFO - Filling up the DagBag from /home/airflow/.local/lib/python3.8/site-packages/airflow/example_dags/example_sensors.py
[2024-04-26T04:27:08.769+0000] {processor.py:840} INFO - DAG(s) 'example_sensors' retrieved from /home/airflow/.local/lib/python3.8/site-packages/airflow/example_dags/example_sensors.py
[2024-04-26T04:27:08.790+0000] {logging_mixin.py:188} INFO - [2024-04-26T04:27:08.790+0000] {dag.py:3036} INFO - Sync 1 DAGs
[2024-04-26T04:27:08.800+0000] {logging_mixin.py:188} INFO - [2024-04-26T04:27:08.800+0000] {dag.py:3823} INFO - Setting next_dagrun for example_sensors to None, run_after=None
[2024-04-26T04:27:08.820+0000] {processor.py:183} INFO - Processing /home/airflow/.local/lib/python3.8/site-packages/airflow/example_dags/example_sensors.py took 0.062 seconds
[2024-04-26T04:27:39.237+0000] {processor.py:161} INFO - Started process (PID=327) to work on /home/airflow/.local/lib/python3.8/site-packages/airflow/example_dags/example_sensors.py
[2024-04-26T04:27:39.239+0000] {processor.py:830} INFO - Processing file /home/airflow/.local/lib/python3.8/site-packages/airflow/example_dags/example_sensors.py for tasks to queue
[2024-04-26T04:27:39.240+0000] {logging_mixin.py:188} INFO - [2024-04-26T04:27:39.240+0000] {dagbag.py:538} INFO - Filling up the DagBag from /home/airflow/.local/lib/python3.8/site-packages/airflow/example_dags/example_sensors.py
[2024-04-26T04:27:39.248+0000] {processor.py:840} INFO - DAG(s) 'example_sensors' retrieved from /home/airflow/.local/lib/python3.8/site-packages/airflow/example_dags/example_sensors.py
[2024-04-26T04:27:39.269+0000] {logging_mixin.py:188} INFO - [2024-04-26T04:27:39.269+0000] {dag.py:3036} INFO - Sync 1 DAGs
[2024-04-26T04:27:39.279+0000] {logging_mixin.py:188} INFO - [2024-04-26T04:27:39.279+0000] {dag.py:3823} INFO - Setting next_dagrun for example_sensors to None, run_after=None
[2024-04-26T04:27:39.295+0000] {processor.py:183} INFO - Processing /home/airflow/.local/lib/python3.8/site-packages/airflow/example_dags/example_sensors.py took 0.060 seconds
[2024-04-26T04:28:09.658+0000] {processor.py:161} INFO - Started process (PID=403) to work on /home/airflow/.local/lib/python3.8/site-packages/airflow/example_dags/example_sensors.py
[2024-04-26T04:28:09.660+0000] {processor.py:830} INFO - Processing file /home/airflow/.local/lib/python3.8/site-packages/airflow/example_dags/example_sensors.py for tasks to queue
[2024-04-26T04:28:09.663+0000] {logging_mixin.py:188} INFO - [2024-04-26T04:28:09.662+0000] {dagbag.py:538} INFO - Filling up the DagBag from /home/airflow/.local/lib/python3.8/site-packages/airflow/example_dags/example_sensors.py
[2024-04-26T04:28:09.670+0000] {processor.py:840} INFO - DAG(s) 'example_sensors' retrieved from /home/airflow/.local/lib/python3.8/site-packages/airflow/example_dags/example_sensors.py
[2024-04-26T04:28:09.690+0000] {logging_mixin.py:188} INFO - [2024-04-26T04:28:09.689+0000] {dag.py:3036} INFO - Sync 1 DAGs
[2024-04-26T04:28:09.699+0000] {logging_mixin.py:188} INFO - [2024-04-26T04:28:09.699+0000] {dag.py:3823} INFO - Setting next_dagrun for example_sensors to None, run_after=None
[2024-04-26T04:28:09.728+0000] {processor.py:183} INFO - Processing /home/airflow/.local/lib/python3.8/site-packages/airflow/example_dags/example_sensors.py took 0.072 seconds
[2024-04-26T04:28:40.388+0000] {processor.py:161} INFO - Started process (PID=479) to work on /home/airflow/.local/lib/python3.8/site-packages/airflow/example_dags/example_sensors.py
[2024-04-26T04:28:40.390+0000] {processor.py:830} INFO - Processing file /home/airflow/.local/lib/python3.8/site-packages/airflow/example_dags/example_sensors.py for tasks to queue
[2024-04-26T04:28:40.393+0000] {logging_mixin.py:188} INFO - [2024-04-26T04:28:40.392+0000] {dagbag.py:538} INFO - Filling up the DagBag from /home/airflow/.local/lib/python3.8/site-packages/airflow/example_dags/example_sensors.py
[2024-04-26T04:28:40.401+0000] {processor.py:840} INFO - DAG(s) 'example_sensors' retrieved from /home/airflow/.local/lib/python3.8/site-packages/airflow/example_dags/example_sensors.py
[2024-04-26T04:28:40.425+0000] {logging_mixin.py:188} INFO - [2024-04-26T04:28:40.425+0000] {dag.py:3036} INFO - Sync 1 DAGs
[2024-04-26T04:28:40.439+0000] {logging_mixin.py:188} INFO - [2024-04-26T04:28:40.439+0000] {dag.py:3823} INFO - Setting next_dagrun for example_sensors to None, run_after=None
[2024-04-26T04:28:40.463+0000] {processor.py:183} INFO - Processing /home/airflow/.local/lib/python3.8/site-packages/airflow/example_dags/example_sensors.py took 0.078 seconds
[2024-04-26T04:29:11.115+0000] {processor.py:161} INFO - Started process (PID=556) to work on /home/airflow/.local/lib/python3.8/site-packages/airflow/example_dags/example_sensors.py
[2024-04-26T04:29:11.116+0000] {processor.py:830} INFO - Processing file /home/airflow/.local/lib/python3.8/site-packages/airflow/example_dags/example_sensors.py for tasks to queue
[2024-04-26T04:29:11.118+0000] {logging_mixin.py:188} INFO - [2024-04-26T04:29:11.117+0000] {dagbag.py:538} INFO - Filling up the DagBag from /home/airflow/.local/lib/python3.8/site-packages/airflow/example_dags/example_sensors.py
[2024-04-26T04:29:11.125+0000] {processor.py:840} INFO - DAG(s) 'example_sensors' retrieved from /home/airflow/.local/lib/python3.8/site-packages/airflow/example_dags/example_sensors.py
[2024-04-26T04:29:11.145+0000] {logging_mixin.py:188} INFO - [2024-04-26T04:29:11.145+0000] {dag.py:3036} INFO - Sync 1 DAGs
[2024-04-26T04:29:11.157+0000] {logging_mixin.py:188} INFO - [2024-04-26T04:29:11.157+0000] {dag.py:3823} INFO - Setting next_dagrun for example_sensors to None, run_after=None
[2024-04-26T04:29:11.173+0000] {processor.py:183} INFO - Processing /home/airflow/.local/lib/python3.8/site-packages/airflow/example_dags/example_sensors.py took 0.061 seconds
[2024-04-26T04:29:42.135+0000] {processor.py:161} INFO - Started process (PID=632) to work on /home/airflow/.local/lib/python3.8/site-packages/airflow/example_dags/example_sensors.py
[2024-04-26T04:29:42.136+0000] {processor.py:830} INFO - Processing file /home/airflow/.local/lib/python3.8/site-packages/airflow/example_dags/example_sensors.py for tasks to queue
[2024-04-26T04:29:42.140+0000] {logging_mixin.py:188} INFO - [2024-04-26T04:29:42.140+0000] {dagbag.py:538} INFO - Filling up the DagBag from /home/airflow/.local/lib/python3.8/site-packages/airflow/example_dags/example_sensors.py
[2024-04-26T04:29:42.148+0000] {processor.py:840} INFO - DAG(s) 'example_sensors' retrieved from /home/airflow/.local/lib/python3.8/site-packages/airflow/example_dags/example_sensors.py
[2024-04-26T04:29:42.168+0000] {logging_mixin.py:188} INFO - [2024-04-26T04:29:42.168+0000] {dag.py:3036} INFO - Sync 1 DAGs
[2024-04-26T04:29:42.177+0000] {logging_mixin.py:188} INFO - [2024-04-26T04:29:42.177+0000] {dag.py:3823} INFO - Setting next_dagrun for example_sensors to None, run_after=None
[2024-04-26T04:29:42.194+0000] {processor.py:183} INFO - Processing /home/airflow/.local/lib/python3.8/site-packages/airflow/example_dags/example_sensors.py took 0.062 seconds
[2024-04-26T04:30:12.798+0000] {processor.py:161} INFO - Started process (PID=708) to work on /home/airflow/.local/lib/python3.8/site-packages/airflow/example_dags/example_sensors.py
[2024-04-26T04:30:12.800+0000] {processor.py:830} INFO - Processing file /home/airflow/.local/lib/python3.8/site-packages/airflow/example_dags/example_sensors.py for tasks to queue
[2024-04-26T04:30:12.802+0000] {logging_mixin.py:188} INFO - [2024-04-26T04:30:12.802+0000] {dagbag.py:538} INFO - Filling up the DagBag from /home/airflow/.local/lib/python3.8/site-packages/airflow/example_dags/example_sensors.py
[2024-04-26T04:30:12.810+0000] {processor.py:840} INFO - DAG(s) 'example_sensors' retrieved from /home/airflow/.local/lib/python3.8/site-packages/airflow/example_dags/example_sensors.py
[2024-04-26T04:30:12.829+0000] {logging_mixin.py:188} INFO - [2024-04-26T04:30:12.829+0000] {dag.py:3036} INFO - Sync 1 DAGs
[2024-04-26T04:30:12.839+0000] {logging_mixin.py:188} INFO - [2024-04-26T04:30:12.839+0000] {dag.py:3823} INFO - Setting next_dagrun for example_sensors to None, run_after=None
[2024-04-26T04:30:12.856+0000] {processor.py:183} INFO - Processing /home/airflow/.local/lib/python3.8/site-packages/airflow/example_dags/example_sensors.py took 0.060 seconds
[2024-04-26T04:30:43.359+0000] {processor.py:161} INFO - Started process (PID=784) to work on /home/airflow/.local/lib/python3.8/site-packages/airflow/example_dags/example_sensors.py
[2024-04-26T04:30:43.360+0000] {processor.py:830} INFO - Processing file /home/airflow/.local/lib/python3.8/site-packages/airflow/example_dags/example_sensors.py for tasks to queue
[2024-04-26T04:30:43.362+0000] {logging_mixin.py:188} INFO - [2024-04-26T04:30:43.362+0000] {dagbag.py:538} INFO - Filling up the DagBag from /home/airflow/.local/lib/python3.8/site-packages/airflow/example_dags/example_sensors.py
[2024-04-26T04:30:43.370+0000] {processor.py:840} INFO - DAG(s) 'example_sensors' retrieved from /home/airflow/.local/lib/python3.8/site-packages/airflow/example_dags/example_sensors.py
[2024-04-26T04:30:43.391+0000] {logging_mixin.py:188} INFO - [2024-04-26T04:30:43.391+0000] {dag.py:3036} INFO - Sync 1 DAGs
[2024-04-26T04:30:43.400+0000] {logging_mixin.py:188} INFO - [2024-04-26T04:30:43.400+0000] {dag.py:3823} INFO - Setting next_dagrun for example_sensors to None, run_after=None
[2024-04-26T04:30:43.416+0000] {processor.py:183} INFO - Processing /home/airflow/.local/lib/python3.8/site-packages/airflow/example_dags/example_sensors.py took 0.059 seconds
[2024-04-26T04:31:13.668+0000] {processor.py:161} INFO - Started process (PID=860) to work on /home/airflow/.local/lib/python3.8/site-packages/airflow/example_dags/example_sensors.py
[2024-04-26T04:31:13.669+0000] {processor.py:830} INFO - Processing file /home/airflow/.local/lib/python3.8/site-packages/airflow/example_dags/example_sensors.py for tasks to queue
[2024-04-26T04:31:13.671+0000] {logging_mixin.py:188} INFO - [2024-04-26T04:31:13.671+0000] {dagbag.py:538} INFO - Filling up the DagBag from /home/airflow/.local/lib/python3.8/site-packages/airflow/example_dags/example_sensors.py
[2024-04-26T04:31:13.679+0000] {processor.py:840} INFO - DAG(s) 'example_sensors' retrieved from /home/airflow/.local/lib/python3.8/site-packages/airflow/example_dags/example_sensors.py
[2024-04-26T04:31:13.698+0000] {logging_mixin.py:188} INFO - [2024-04-26T04:31:13.698+0000] {dag.py:3036} INFO - Sync 1 DAGs
[2024-04-26T04:31:13.708+0000] {logging_mixin.py:188} INFO - [2024-04-26T04:31:13.708+0000] {dag.py:3823} INFO - Setting next_dagrun for example_sensors to None, run_after=None
[2024-04-26T04:31:13.728+0000] {processor.py:183} INFO - Processing /home/airflow/.local/lib/python3.8/site-packages/airflow/example_dags/example_sensors.py took 0.062 seconds
[2024-04-26T04:31:43.828+0000] {processor.py:161} INFO - Started process (PID=936) to work on /home/airflow/.local/lib/python3.8/site-packages/airflow/example_dags/example_sensors.py
[2024-04-26T04:31:43.829+0000] {processor.py:830} INFO - Processing file /home/airflow/.local/lib/python3.8/site-packages/airflow/example_dags/example_sensors.py for tasks to queue
[2024-04-26T04:31:43.831+0000] {logging_mixin.py:188} INFO - [2024-04-26T04:31:43.831+0000] {dagbag.py:538} INFO - Filling up the DagBag from /home/airflow/.local/lib/python3.8/site-packages/airflow/example_dags/example_sensors.py
[2024-04-26T04:31:43.839+0000] {processor.py:840} INFO - DAG(s) 'example_sensors' retrieved from /home/airflow/.local/lib/python3.8/site-packages/airflow/example_dags/example_sensors.py
[2024-04-26T04:31:43.858+0000] {logging_mixin.py:188} INFO - [2024-04-26T04:31:43.858+0000] {dag.py:3036} INFO - Sync 1 DAGs
[2024-04-26T04:31:43.870+0000] {logging_mixin.py:188} INFO - [2024-04-26T04:31:43.870+0000] {dag.py:3823} INFO - Setting next_dagrun for example_sensors to None, run_after=None
[2024-04-26T04:31:43.893+0000] {processor.py:183} INFO - Processing /home/airflow/.local/lib/python3.8/site-packages/airflow/example_dags/example_sensors.py took 0.067 seconds
[2024-04-26T04:32:14.645+0000] {processor.py:161} INFO - Started process (PID=1012) to work on /home/airflow/.local/lib/python3.8/site-packages/airflow/example_dags/example_sensors.py
[2024-04-26T04:32:14.647+0000] {processor.py:830} INFO - Processing file /home/airflow/.local/lib/python3.8/site-packages/airflow/example_dags/example_sensors.py for tasks to queue
[2024-04-26T04:32:14.649+0000] {logging_mixin.py:188} INFO - [2024-04-26T04:32:14.648+0000] {dagbag.py:538} INFO - Filling up the DagBag from /home/airflow/.local/lib/python3.8/site-packages/airflow/example_dags/example_sensors.py
[2024-04-26T04:32:14.656+0000] {processor.py:840} INFO - DAG(s) 'example_sensors' retrieved from /home/airflow/.local/lib/python3.8/site-packages/airflow/example_dags/example_sensors.py
[2024-04-26T04:32:14.678+0000] {logging_mixin.py:188} INFO - [2024-04-26T04:32:14.678+0000] {dag.py:3036} INFO - Sync 1 DAGs
[2024-04-26T04:32:14.689+0000] {logging_mixin.py:188} INFO - [2024-04-26T04:32:14.689+0000] {dag.py:3823} INFO - Setting next_dagrun for example_sensors to None, run_after=None
[2024-04-26T04:32:14.706+0000] {processor.py:183} INFO - Processing /home/airflow/.local/lib/python3.8/site-packages/airflow/example_dags/example_sensors.py took 0.064 seconds
[2024-04-26T04:32:45.352+0000] {processor.py:161} INFO - Started process (PID=1088) to work on /home/airflow/.local/lib/python3.8/site-packages/airflow/example_dags/example_sensors.py
[2024-04-26T04:32:45.354+0000] {processor.py:830} INFO - Processing file /home/airflow/.local/lib/python3.8/site-packages/airflow/example_dags/example_sensors.py for tasks to queue
[2024-04-26T04:32:45.356+0000] {logging_mixin.py:188} INFO - [2024-04-26T04:32:45.355+0000] {dagbag.py:538} INFO - Filling up the DagBag from /home/airflow/.local/lib/python3.8/site-packages/airflow/example_dags/example_sensors.py
[2024-04-26T04:32:45.364+0000] {processor.py:840} INFO - DAG(s) 'example_sensors' retrieved from /home/airflow/.local/lib/python3.8/site-packages/airflow/example_dags/example_sensors.py
[2024-04-26T04:32:45.390+0000] {logging_mixin.py:188} INFO - [2024-04-26T04:32:45.390+0000] {dag.py:3036} INFO - Sync 1 DAGs
[2024-04-26T04:32:45.406+0000] {logging_mixin.py:188} INFO - [2024-04-26T04:32:45.405+0000] {dag.py:3823} INFO - Setting next_dagrun for example_sensors to None, run_after=None
[2024-04-26T04:32:45.429+0000] {processor.py:183} INFO - Processing /home/airflow/.local/lib/python3.8/site-packages/airflow/example_dags/example_sensors.py took 0.080 seconds
[2024-04-26T04:33:15.674+0000] {processor.py:161} INFO - Started process (PID=1164) to work on /home/airflow/.local/lib/python3.8/site-packages/airflow/example_dags/example_sensors.py
[2024-04-26T04:33:15.675+0000] {processor.py:830} INFO - Processing file /home/airflow/.local/lib/python3.8/site-packages/airflow/example_dags/example_sensors.py for tasks to queue
[2024-04-26T04:33:15.676+0000] {logging_mixin.py:188} INFO - [2024-04-26T04:33:15.676+0000] {dagbag.py:538} INFO - Filling up the DagBag from /home/airflow/.local/lib/python3.8/site-packages/airflow/example_dags/example_sensors.py
[2024-04-26T04:33:15.682+0000] {processor.py:840} INFO - DAG(s) 'example_sensors' retrieved from /home/airflow/.local/lib/python3.8/site-packages/airflow/example_dags/example_sensors.py
[2024-04-26T04:33:15.699+0000] {logging_mixin.py:188} INFO - [2024-04-26T04:33:15.699+0000] {dag.py:3036} INFO - Sync 1 DAGs
[2024-04-26T04:33:15.709+0000] {logging_mixin.py:188} INFO - [2024-04-26T04:33:15.709+0000] {dag.py:3823} INFO - Setting next_dagrun for example_sensors to None, run_after=None
[2024-04-26T04:33:15.725+0000] {processor.py:183} INFO - Processing /home/airflow/.local/lib/python3.8/site-packages/airflow/example_dags/example_sensors.py took 0.053 seconds
[2024-04-26T04:33:45.900+0000] {processor.py:161} INFO - Started process (PID=1240) to work on /home/airflow/.local/lib/python3.8/site-packages/airflow/example_dags/example_sensors.py
[2024-04-26T04:33:45.901+0000] {processor.py:830} INFO - Processing file /home/airflow/.local/lib/python3.8/site-packages/airflow/example_dags/example_sensors.py for tasks to queue
[2024-04-26T04:33:45.903+0000] {logging_mixin.py:188} INFO - [2024-04-26T04:33:45.902+0000] {dagbag.py:538} INFO - Filling up the DagBag from /home/airflow/.local/lib/python3.8/site-packages/airflow/example_dags/example_sensors.py
[2024-04-26T04:33:45.910+0000] {processor.py:840} INFO - DAG(s) 'example_sensors' retrieved from /home/airflow/.local/lib/python3.8/site-packages/airflow/example_dags/example_sensors.py
[2024-04-26T04:33:45.928+0000] {logging_mixin.py:188} INFO - [2024-04-26T04:33:45.928+0000] {dag.py:3036} INFO - Sync 1 DAGs
[2024-04-26T04:33:45.937+0000] {logging_mixin.py:188} INFO - [2024-04-26T04:33:45.937+0000] {dag.py:3823} INFO - Setting next_dagrun for example_sensors to None, run_after=None
[2024-04-26T04:33:45.951+0000] {processor.py:183} INFO - Processing /home/airflow/.local/lib/python3.8/site-packages/airflow/example_dags/example_sensors.py took 0.053 seconds
[2024-04-26T04:34:16.219+0000] {processor.py:161} INFO - Started process (PID=1316) to work on /home/airflow/.local/lib/python3.8/site-packages/airflow/example_dags/example_sensors.py
[2024-04-26T04:34:16.220+0000] {processor.py:830} INFO - Processing file /home/airflow/.local/lib/python3.8/site-packages/airflow/example_dags/example_sensors.py for tasks to queue
[2024-04-26T04:34:16.222+0000] {logging_mixin.py:188} INFO - [2024-04-26T04:34:16.222+0000] {dagbag.py:538} INFO - Filling up the DagBag from /home/airflow/.local/lib/python3.8/site-packages/airflow/example_dags/example_sensors.py
[2024-04-26T04:34:16.228+0000] {processor.py:840} INFO - DAG(s) 'example_sensors' retrieved from /home/airflow/.local/lib/python3.8/site-packages/airflow/example_dags/example_sensors.py
[2024-04-26T04:34:16.246+0000] {logging_mixin.py:188} INFO - [2024-04-26T04:34:16.246+0000] {dag.py:3036} INFO - Sync 1 DAGs
[2024-04-26T04:34:16.255+0000] {logging_mixin.py:188} INFO - [2024-04-26T04:34:16.254+0000] {dag.py:3823} INFO - Setting next_dagrun for example_sensors to None, run_after=None
[2024-04-26T04:34:16.270+0000] {processor.py:183} INFO - Processing /home/airflow/.local/lib/python3.8/site-packages/airflow/example_dags/example_sensors.py took 0.053 seconds
[2024-04-26T04:34:46.401+0000] {processor.py:161} INFO - Started process (PID=1392) to work on /home/airflow/.local/lib/python3.8/site-packages/airflow/example_dags/example_sensors.py
[2024-04-26T04:34:46.402+0000] {processor.py:830} INFO - Processing file /home/airflow/.local/lib/python3.8/site-packages/airflow/example_dags/example_sensors.py for tasks to queue
[2024-04-26T04:34:46.404+0000] {logging_mixin.py:188} INFO - [2024-04-26T04:34:46.404+0000] {dagbag.py:538} INFO - Filling up the DagBag from /home/airflow/.local/lib/python3.8/site-packages/airflow/example_dags/example_sensors.py
[2024-04-26T04:34:46.415+0000] {processor.py:840} INFO - DAG(s) 'example_sensors' retrieved from /home/airflow/.local/lib/python3.8/site-packages/airflow/example_dags/example_sensors.py
[2024-04-26T04:34:46.433+0000] {logging_mixin.py:188} INFO - [2024-04-26T04:34:46.433+0000] {dag.py:3036} INFO - Sync 1 DAGs
[2024-04-26T04:34:46.442+0000] {logging_mixin.py:188} INFO - [2024-04-26T04:34:46.442+0000] {dag.py:3823} INFO - Setting next_dagrun for example_sensors to None, run_after=None
[2024-04-26T04:34:46.457+0000] {processor.py:183} INFO - Processing /home/airflow/.local/lib/python3.8/site-packages/airflow/example_dags/example_sensors.py took 0.059 seconds
[2024-04-26T04:35:16.562+0000] {processor.py:161} INFO - Started process (PID=1467) to work on /home/airflow/.local/lib/python3.8/site-packages/airflow/example_dags/example_sensors.py
[2024-04-26T04:35:16.563+0000] {processor.py:830} INFO - Processing file /home/airflow/.local/lib/python3.8/site-packages/airflow/example_dags/example_sensors.py for tasks to queue
[2024-04-26T04:35:16.565+0000] {logging_mixin.py:188} INFO - [2024-04-26T04:35:16.564+0000] {dagbag.py:538} INFO - Filling up the DagBag from /home/airflow/.local/lib/python3.8/site-packages/airflow/example_dags/example_sensors.py
[2024-04-26T04:35:16.570+0000] {processor.py:840} INFO - DAG(s) 'example_sensors' retrieved from /home/airflow/.local/lib/python3.8/site-packages/airflow/example_dags/example_sensors.py
[2024-04-26T04:35:16.587+0000] {logging_mixin.py:188} INFO - [2024-04-26T04:35:16.587+0000] {dag.py:3036} INFO - Sync 1 DAGs
[2024-04-26T04:35:16.597+0000] {logging_mixin.py:188} INFO - [2024-04-26T04:35:16.597+0000] {dag.py:3823} INFO - Setting next_dagrun for example_sensors to None, run_after=None
[2024-04-26T04:35:16.613+0000] {processor.py:183} INFO - Processing /home/airflow/.local/lib/python3.8/site-packages/airflow/example_dags/example_sensors.py took 0.053 seconds
[2024-04-26T04:35:46.892+0000] {processor.py:161} INFO - Started process (PID=1543) to work on /home/airflow/.local/lib/python3.8/site-packages/airflow/example_dags/example_sensors.py
[2024-04-26T04:35:46.893+0000] {processor.py:830} INFO - Processing file /home/airflow/.local/lib/python3.8/site-packages/airflow/example_dags/example_sensors.py for tasks to queue
[2024-04-26T04:35:46.895+0000] {logging_mixin.py:188} INFO - [2024-04-26T04:35:46.895+0000] {dagbag.py:538} INFO - Filling up the DagBag from /home/airflow/.local/lib/python3.8/site-packages/airflow/example_dags/example_sensors.py
[2024-04-26T04:35:46.901+0000] {processor.py:840} INFO - DAG(s) 'example_sensors' retrieved from /home/airflow/.local/lib/python3.8/site-packages/airflow/example_dags/example_sensors.py
[2024-04-26T04:35:46.917+0000] {logging_mixin.py:188} INFO - [2024-04-26T04:35:46.917+0000] {dag.py:3036} INFO - Sync 1 DAGs
[2024-04-26T04:35:46.925+0000] {logging_mixin.py:188} INFO - [2024-04-26T04:35:46.925+0000] {dag.py:3823} INFO - Setting next_dagrun for example_sensors to None, run_after=None
[2024-04-26T04:35:46.939+0000] {processor.py:183} INFO - Processing /home/airflow/.local/lib/python3.8/site-packages/airflow/example_dags/example_sensors.py took 0.048 seconds
[2024-04-26T04:36:17.038+0000] {processor.py:161} INFO - Started process (PID=1619) to work on /home/airflow/.local/lib/python3.8/site-packages/airflow/example_dags/example_sensors.py
[2024-04-26T04:36:17.040+0000] {processor.py:830} INFO - Processing file /home/airflow/.local/lib/python3.8/site-packages/airflow/example_dags/example_sensors.py for tasks to queue
[2024-04-26T04:36:17.041+0000] {logging_mixin.py:188} INFO - [2024-04-26T04:36:17.041+0000] {dagbag.py:538} INFO - Filling up the DagBag from /home/airflow/.local/lib/python3.8/site-packages/airflow/example_dags/example_sensors.py
[2024-04-26T04:36:17.047+0000] {processor.py:840} INFO - DAG(s) 'example_sensors' retrieved from /home/airflow/.local/lib/python3.8/site-packages/airflow/example_dags/example_sensors.py
[2024-04-26T04:36:17.065+0000] {logging_mixin.py:188} INFO - [2024-04-26T04:36:17.065+0000] {dag.py:3036} INFO - Sync 1 DAGs
[2024-04-26T04:36:17.073+0000] {logging_mixin.py:188} INFO - [2024-04-26T04:36:17.073+0000] {dag.py:3823} INFO - Setting next_dagrun for example_sensors to None, run_after=None
[2024-04-26T04:36:17.087+0000] {processor.py:183} INFO - Processing /home/airflow/.local/lib/python3.8/site-packages/airflow/example_dags/example_sensors.py took 0.051 seconds
[2024-04-26T04:36:47.190+0000] {processor.py:161} INFO - Started process (PID=1695) to work on /home/airflow/.local/lib/python3.8/site-packages/airflow/example_dags/example_sensors.py
[2024-04-26T04:36:47.191+0000] {processor.py:830} INFO - Processing file /home/airflow/.local/lib/python3.8/site-packages/airflow/example_dags/example_sensors.py for tasks to queue
[2024-04-26T04:36:47.193+0000] {logging_mixin.py:188} INFO - [2024-04-26T04:36:47.192+0000] {dagbag.py:538} INFO - Filling up the DagBag from /home/airflow/.local/lib/python3.8/site-packages/airflow/example_dags/example_sensors.py
[2024-04-26T04:36:47.199+0000] {processor.py:840} INFO - DAG(s) 'example_sensors' retrieved from /home/airflow/.local/lib/python3.8/site-packages/airflow/example_dags/example_sensors.py
[2024-04-26T04:36:47.215+0000] {logging_mixin.py:188} INFO - [2024-04-26T04:36:47.215+0000] {dag.py:3036} INFO - Sync 1 DAGs
[2024-04-26T04:36:47.223+0000] {logging_mixin.py:188} INFO - [2024-04-26T04:36:47.223+0000] {dag.py:3823} INFO - Setting next_dagrun for example_sensors to None, run_after=None
[2024-04-26T04:36:47.237+0000] {processor.py:183} INFO - Processing /home/airflow/.local/lib/python3.8/site-packages/airflow/example_dags/example_sensors.py took 0.050 seconds
