[2024-04-26T04:26:09.084+0000] {processor.py:161} INFO - Started process (PID=97) to work on /home/airflow/.local/lib/python3.8/site-packages/airflow/example_dags/example_sla_dag.py
[2024-04-26T04:26:09.086+0000] {processor.py:830} INFO - Processing file /home/airflow/.local/lib/python3.8/site-packages/airflow/example_dags/example_sla_dag.py for tasks to queue
[2024-04-26T04:26:09.089+0000] {logging_mixin.py:188} INFO - [2024-04-26T04:26:09.088+0000] {dagbag.py:538} INFO - Filling up the DagBag from /home/airflow/.local/lib/python3.8/site-packages/airflow/example_dags/example_sla_dag.py
[2024-04-26T04:26:09.100+0000] {processor.py:840} INFO - DAG(s) 'example_sla_dag' retrieved from /home/airflow/.local/lib/python3.8/site-packages/airflow/example_dags/example_sla_dag.py
[2024-04-26T04:26:09.135+0000] {logging_mixin.py:188} INFO - [2024-04-26T04:26:09.134+0000] {dag.py:3036} INFO - Sync 1 DAGs
[2024-04-26T04:26:09.165+0000] {logging_mixin.py:188} INFO - [2024-04-26T04:26:09.165+0000] {dag.py:3823} INFO - Setting next_dagrun for example_sla_dag to 2024-04-26 04:24:00+00:00, run_after=2024-04-26 04:26:00+00:00
[2024-04-26T04:26:09.186+0000] {processor.py:183} INFO - Processing /home/airflow/.local/lib/python3.8/site-packages/airflow/example_dags/example_sla_dag.py took 0.105 seconds
[2024-04-26T04:26:39.673+0000] {processor.py:161} INFO - Started process (PID=173) to work on /home/airflow/.local/lib/python3.8/site-packages/airflow/example_dags/example_sla_dag.py
[2024-04-26T04:26:39.675+0000] {processor.py:830} INFO - Processing file /home/airflow/.local/lib/python3.8/site-packages/airflow/example_dags/example_sla_dag.py for tasks to queue
[2024-04-26T04:26:39.677+0000] {logging_mixin.py:188} INFO - [2024-04-26T04:26:39.677+0000] {dagbag.py:538} INFO - Filling up the DagBag from /home/airflow/.local/lib/python3.8/site-packages/airflow/example_dags/example_sla_dag.py
[2024-04-26T04:26:39.686+0000] {processor.py:840} INFO - DAG(s) 'example_sla_dag' retrieved from /home/airflow/.local/lib/python3.8/site-packages/airflow/example_dags/example_sla_dag.py
[2024-04-26T04:26:39.704+0000] {logging_mixin.py:188} INFO - [2024-04-26T04:26:39.704+0000] {dag.py:3036} INFO - Sync 1 DAGs
[2024-04-26T04:26:39.728+0000] {logging_mixin.py:188} INFO - [2024-04-26T04:26:39.728+0000] {dag.py:3823} INFO - Setting next_dagrun for example_sla_dag to 2024-04-26 04:24:00+00:00, run_after=2024-04-26 04:26:00+00:00
[2024-04-26T04:26:39.749+0000] {processor.py:183} INFO - Processing /home/airflow/.local/lib/python3.8/site-packages/airflow/example_dags/example_sla_dag.py took 0.079 seconds
[2024-04-26T04:27:10.168+0000] {processor.py:161} INFO - Started process (PID=270) to work on /home/airflow/.local/lib/python3.8/site-packages/airflow/example_dags/example_sla_dag.py
[2024-04-26T04:27:10.170+0000] {processor.py:830} INFO - Processing file /home/airflow/.local/lib/python3.8/site-packages/airflow/example_dags/example_sla_dag.py for tasks to queue
[2024-04-26T04:27:10.172+0000] {logging_mixin.py:188} INFO - [2024-04-26T04:27:10.172+0000] {dagbag.py:538} INFO - Filling up the DagBag from /home/airflow/.local/lib/python3.8/site-packages/airflow/example_dags/example_sla_dag.py
[2024-04-26T04:27:10.181+0000] {processor.py:840} INFO - DAG(s) 'example_sla_dag' retrieved from /home/airflow/.local/lib/python3.8/site-packages/airflow/example_dags/example_sla_dag.py
[2024-04-26T04:27:10.203+0000] {logging_mixin.py:188} INFO - [2024-04-26T04:27:10.203+0000] {dag.py:3036} INFO - Sync 1 DAGs
[2024-04-26T04:27:10.229+0000] {logging_mixin.py:188} INFO - [2024-04-26T04:27:10.229+0000] {dag.py:3823} INFO - Setting next_dagrun for example_sla_dag to 2024-04-26 04:24:00+00:00, run_after=2024-04-26 04:26:00+00:00
[2024-04-26T04:27:10.250+0000] {processor.py:183} INFO - Processing /home/airflow/.local/lib/python3.8/site-packages/airflow/example_dags/example_sla_dag.py took 0.085 seconds
[2024-04-26T04:27:41.167+0000] {processor.py:161} INFO - Started process (PID=346) to work on /home/airflow/.local/lib/python3.8/site-packages/airflow/example_dags/example_sla_dag.py
[2024-04-26T04:27:41.168+0000] {processor.py:830} INFO - Processing file /home/airflow/.local/lib/python3.8/site-packages/airflow/example_dags/example_sla_dag.py for tasks to queue
[2024-04-26T04:27:41.170+0000] {logging_mixin.py:188} INFO - [2024-04-26T04:27:41.170+0000] {dagbag.py:538} INFO - Filling up the DagBag from /home/airflow/.local/lib/python3.8/site-packages/airflow/example_dags/example_sla_dag.py
[2024-04-26T04:27:41.176+0000] {processor.py:840} INFO - DAG(s) 'example_sla_dag' retrieved from /home/airflow/.local/lib/python3.8/site-packages/airflow/example_dags/example_sla_dag.py
[2024-04-26T04:27:41.192+0000] {logging_mixin.py:188} INFO - [2024-04-26T04:27:41.192+0000] {dag.py:3036} INFO - Sync 1 DAGs
[2024-04-26T04:27:41.209+0000] {logging_mixin.py:188} INFO - [2024-04-26T04:27:41.209+0000] {dag.py:3823} INFO - Setting next_dagrun for example_sla_dag to 2024-04-26 04:24:00+00:00, run_after=2024-04-26 04:26:00+00:00
[2024-04-26T04:27:41.225+0000] {processor.py:183} INFO - Processing /home/airflow/.local/lib/python3.8/site-packages/airflow/example_dags/example_sla_dag.py took 0.060 seconds
[2024-04-26T04:28:11.725+0000] {processor.py:161} INFO - Started process (PID=422) to work on /home/airflow/.local/lib/python3.8/site-packages/airflow/example_dags/example_sla_dag.py
[2024-04-26T04:28:11.726+0000] {processor.py:830} INFO - Processing file /home/airflow/.local/lib/python3.8/site-packages/airflow/example_dags/example_sla_dag.py for tasks to queue
[2024-04-26T04:28:11.728+0000] {logging_mixin.py:188} INFO - [2024-04-26T04:28:11.727+0000] {dagbag.py:538} INFO - Filling up the DagBag from /home/airflow/.local/lib/python3.8/site-packages/airflow/example_dags/example_sla_dag.py
[2024-04-26T04:28:11.736+0000] {processor.py:840} INFO - DAG(s) 'example_sla_dag' retrieved from /home/airflow/.local/lib/python3.8/site-packages/airflow/example_dags/example_sla_dag.py
[2024-04-26T04:28:11.753+0000] {logging_mixin.py:188} INFO - [2024-04-26T04:28:11.753+0000] {dag.py:3036} INFO - Sync 1 DAGs
[2024-04-26T04:28:11.777+0000] {logging_mixin.py:188} INFO - [2024-04-26T04:28:11.777+0000] {dag.py:3823} INFO - Setting next_dagrun for example_sla_dag to 2024-04-26 04:26:00+00:00, run_after=2024-04-26 04:28:00+00:00
[2024-04-26T04:28:11.795+0000] {processor.py:183} INFO - Processing /home/airflow/.local/lib/python3.8/site-packages/airflow/example_dags/example_sla_dag.py took 0.074 seconds
[2024-04-26T04:28:42.398+0000] {processor.py:161} INFO - Started process (PID=498) to work on /home/airflow/.local/lib/python3.8/site-packages/airflow/example_dags/example_sla_dag.py
[2024-04-26T04:28:42.400+0000] {processor.py:830} INFO - Processing file /home/airflow/.local/lib/python3.8/site-packages/airflow/example_dags/example_sla_dag.py for tasks to queue
[2024-04-26T04:28:42.402+0000] {logging_mixin.py:188} INFO - [2024-04-26T04:28:42.401+0000] {dagbag.py:538} INFO - Filling up the DagBag from /home/airflow/.local/lib/python3.8/site-packages/airflow/example_dags/example_sla_dag.py
[2024-04-26T04:28:42.409+0000] {processor.py:840} INFO - DAG(s) 'example_sla_dag' retrieved from /home/airflow/.local/lib/python3.8/site-packages/airflow/example_dags/example_sla_dag.py
[2024-04-26T04:28:42.426+0000] {logging_mixin.py:188} INFO - [2024-04-26T04:28:42.426+0000] {dag.py:3036} INFO - Sync 1 DAGs
[2024-04-26T04:28:42.445+0000] {logging_mixin.py:188} INFO - [2024-04-26T04:28:42.445+0000] {dag.py:3823} INFO - Setting next_dagrun for example_sla_dag to 2024-04-26 04:26:00+00:00, run_after=2024-04-26 04:28:00+00:00
[2024-04-26T04:28:42.461+0000] {processor.py:183} INFO - Processing /home/airflow/.local/lib/python3.8/site-packages/airflow/example_dags/example_sla_dag.py took 0.066 seconds
[2024-04-26T04:29:13.341+0000] {processor.py:161} INFO - Started process (PID=575) to work on /home/airflow/.local/lib/python3.8/site-packages/airflow/example_dags/example_sla_dag.py
[2024-04-26T04:29:13.342+0000] {processor.py:830} INFO - Processing file /home/airflow/.local/lib/python3.8/site-packages/airflow/example_dags/example_sla_dag.py for tasks to queue
[2024-04-26T04:29:13.344+0000] {logging_mixin.py:188} INFO - [2024-04-26T04:29:13.343+0000] {dagbag.py:538} INFO - Filling up the DagBag from /home/airflow/.local/lib/python3.8/site-packages/airflow/example_dags/example_sla_dag.py
[2024-04-26T04:29:13.350+0000] {processor.py:840} INFO - DAG(s) 'example_sla_dag' retrieved from /home/airflow/.local/lib/python3.8/site-packages/airflow/example_dags/example_sla_dag.py
[2024-04-26T04:29:13.372+0000] {logging_mixin.py:188} INFO - [2024-04-26T04:29:13.372+0000] {dag.py:3036} INFO - Sync 1 DAGs
[2024-04-26T04:29:13.391+0000] {logging_mixin.py:188} INFO - [2024-04-26T04:29:13.390+0000] {dag.py:3823} INFO - Setting next_dagrun for example_sla_dag to 2024-04-26 04:26:00+00:00, run_after=2024-04-26 04:28:00+00:00
[2024-04-26T04:29:13.414+0000] {processor.py:183} INFO - Processing /home/airflow/.local/lib/python3.8/site-packages/airflow/example_dags/example_sla_dag.py took 0.075 seconds
[2024-04-26T04:29:44.141+0000] {processor.py:161} INFO - Started process (PID=651) to work on /home/airflow/.local/lib/python3.8/site-packages/airflow/example_dags/example_sla_dag.py
[2024-04-26T04:29:44.143+0000] {processor.py:830} INFO - Processing file /home/airflow/.local/lib/python3.8/site-packages/airflow/example_dags/example_sla_dag.py for tasks to queue
[2024-04-26T04:29:44.145+0000] {logging_mixin.py:188} INFO - [2024-04-26T04:29:44.144+0000] {dagbag.py:538} INFO - Filling up the DagBag from /home/airflow/.local/lib/python3.8/site-packages/airflow/example_dags/example_sla_dag.py
[2024-04-26T04:29:44.153+0000] {processor.py:840} INFO - DAG(s) 'example_sla_dag' retrieved from /home/airflow/.local/lib/python3.8/site-packages/airflow/example_dags/example_sla_dag.py
[2024-04-26T04:29:44.171+0000] {logging_mixin.py:188} INFO - [2024-04-26T04:29:44.171+0000] {dag.py:3036} INFO - Sync 1 DAGs
[2024-04-26T04:29:44.193+0000] {logging_mixin.py:188} INFO - [2024-04-26T04:29:44.193+0000] {dag.py:3823} INFO - Setting next_dagrun for example_sla_dag to 2024-04-26 04:26:00+00:00, run_after=2024-04-26 04:28:00+00:00
[2024-04-26T04:29:44.212+0000] {processor.py:183} INFO - Processing /home/airflow/.local/lib/python3.8/site-packages/airflow/example_dags/example_sla_dag.py took 0.073 seconds
[2024-04-26T04:30:14.616+0000] {processor.py:161} INFO - Started process (PID=727) to work on /home/airflow/.local/lib/python3.8/site-packages/airflow/example_dags/example_sla_dag.py
[2024-04-26T04:30:14.618+0000] {processor.py:830} INFO - Processing file /home/airflow/.local/lib/python3.8/site-packages/airflow/example_dags/example_sla_dag.py for tasks to queue
[2024-04-26T04:30:14.620+0000] {logging_mixin.py:188} INFO - [2024-04-26T04:30:14.619+0000] {dagbag.py:538} INFO - Filling up the DagBag from /home/airflow/.local/lib/python3.8/site-packages/airflow/example_dags/example_sla_dag.py
[2024-04-26T04:30:14.625+0000] {processor.py:840} INFO - DAG(s) 'example_sla_dag' retrieved from /home/airflow/.local/lib/python3.8/site-packages/airflow/example_dags/example_sla_dag.py
[2024-04-26T04:30:14.639+0000] {logging_mixin.py:188} INFO - [2024-04-26T04:30:14.639+0000] {dag.py:3036} INFO - Sync 1 DAGs
[2024-04-26T04:30:14.655+0000] {logging_mixin.py:188} INFO - [2024-04-26T04:30:14.655+0000] {dag.py:3823} INFO - Setting next_dagrun for example_sla_dag to 2024-04-26 04:28:00+00:00, run_after=2024-04-26 04:30:00+00:00
[2024-04-26T04:30:14.672+0000] {processor.py:183} INFO - Processing /home/airflow/.local/lib/python3.8/site-packages/airflow/example_dags/example_sla_dag.py took 0.057 seconds
[2024-04-26T04:30:45.143+0000] {processor.py:161} INFO - Started process (PID=803) to work on /home/airflow/.local/lib/python3.8/site-packages/airflow/example_dags/example_sla_dag.py
[2024-04-26T04:30:45.144+0000] {processor.py:830} INFO - Processing file /home/airflow/.local/lib/python3.8/site-packages/airflow/example_dags/example_sla_dag.py for tasks to queue
[2024-04-26T04:30:45.145+0000] {logging_mixin.py:188} INFO - [2024-04-26T04:30:45.145+0000] {dagbag.py:538} INFO - Filling up the DagBag from /home/airflow/.local/lib/python3.8/site-packages/airflow/example_dags/example_sla_dag.py
[2024-04-26T04:30:45.151+0000] {processor.py:840} INFO - DAG(s) 'example_sla_dag' retrieved from /home/airflow/.local/lib/python3.8/site-packages/airflow/example_dags/example_sla_dag.py
[2024-04-26T04:30:45.165+0000] {logging_mixin.py:188} INFO - [2024-04-26T04:30:45.165+0000] {dag.py:3036} INFO - Sync 1 DAGs
[2024-04-26T04:30:45.180+0000] {logging_mixin.py:188} INFO - [2024-04-26T04:30:45.180+0000] {dag.py:3823} INFO - Setting next_dagrun for example_sla_dag to 2024-04-26 04:28:00+00:00, run_after=2024-04-26 04:30:00+00:00
[2024-04-26T04:30:45.194+0000] {processor.py:183} INFO - Processing /home/airflow/.local/lib/python3.8/site-packages/airflow/example_dags/example_sla_dag.py took 0.054 seconds
[2024-04-26T04:31:15.594+0000] {processor.py:161} INFO - Started process (PID=879) to work on /home/airflow/.local/lib/python3.8/site-packages/airflow/example_dags/example_sla_dag.py
[2024-04-26T04:31:15.595+0000] {processor.py:830} INFO - Processing file /home/airflow/.local/lib/python3.8/site-packages/airflow/example_dags/example_sla_dag.py for tasks to queue
[2024-04-26T04:31:15.596+0000] {logging_mixin.py:188} INFO - [2024-04-26T04:31:15.596+0000] {dagbag.py:538} INFO - Filling up the DagBag from /home/airflow/.local/lib/python3.8/site-packages/airflow/example_dags/example_sla_dag.py
[2024-04-26T04:31:15.602+0000] {processor.py:840} INFO - DAG(s) 'example_sla_dag' retrieved from /home/airflow/.local/lib/python3.8/site-packages/airflow/example_dags/example_sla_dag.py
[2024-04-26T04:31:15.616+0000] {logging_mixin.py:188} INFO - [2024-04-26T04:31:15.616+0000] {dag.py:3036} INFO - Sync 1 DAGs
[2024-04-26T04:31:15.631+0000] {logging_mixin.py:188} INFO - [2024-04-26T04:31:15.631+0000] {dag.py:3823} INFO - Setting next_dagrun for example_sla_dag to 2024-04-26 04:28:00+00:00, run_after=2024-04-26 04:30:00+00:00
[2024-04-26T04:31:15.647+0000] {processor.py:183} INFO - Processing /home/airflow/.local/lib/python3.8/site-packages/airflow/example_dags/example_sla_dag.py took 0.056 seconds
[2024-04-26T04:31:45.988+0000] {processor.py:161} INFO - Started process (PID=955) to work on /home/airflow/.local/lib/python3.8/site-packages/airflow/example_dags/example_sla_dag.py
[2024-04-26T04:31:45.990+0000] {processor.py:830} INFO - Processing file /home/airflow/.local/lib/python3.8/site-packages/airflow/example_dags/example_sla_dag.py for tasks to queue
[2024-04-26T04:31:45.991+0000] {logging_mixin.py:188} INFO - [2024-04-26T04:31:45.991+0000] {dagbag.py:538} INFO - Filling up the DagBag from /home/airflow/.local/lib/python3.8/site-packages/airflow/example_dags/example_sla_dag.py
[2024-04-26T04:31:45.997+0000] {processor.py:840} INFO - DAG(s) 'example_sla_dag' retrieved from /home/airflow/.local/lib/python3.8/site-packages/airflow/example_dags/example_sla_dag.py
[2024-04-26T04:31:46.010+0000] {logging_mixin.py:188} INFO - [2024-04-26T04:31:46.010+0000] {dag.py:3036} INFO - Sync 1 DAGs
[2024-04-26T04:31:46.025+0000] {logging_mixin.py:188} INFO - [2024-04-26T04:31:46.025+0000] {dag.py:3823} INFO - Setting next_dagrun for example_sla_dag to 2024-04-26 04:28:00+00:00, run_after=2024-04-26 04:30:00+00:00
[2024-04-26T04:31:46.041+0000] {processor.py:183} INFO - Processing /home/airflow/.local/lib/python3.8/site-packages/airflow/example_dags/example_sla_dag.py took 0.056 seconds
[2024-04-26T04:32:16.554+0000] {processor.py:161} INFO - Started process (PID=1031) to work on /home/airflow/.local/lib/python3.8/site-packages/airflow/example_dags/example_sla_dag.py
[2024-04-26T04:32:16.555+0000] {processor.py:830} INFO - Processing file /home/airflow/.local/lib/python3.8/site-packages/airflow/example_dags/example_sla_dag.py for tasks to queue
[2024-04-26T04:32:16.558+0000] {logging_mixin.py:188} INFO - [2024-04-26T04:32:16.557+0000] {dagbag.py:538} INFO - Filling up the DagBag from /home/airflow/.local/lib/python3.8/site-packages/airflow/example_dags/example_sla_dag.py
[2024-04-26T04:32:16.565+0000] {processor.py:840} INFO - DAG(s) 'example_sla_dag' retrieved from /home/airflow/.local/lib/python3.8/site-packages/airflow/example_dags/example_sla_dag.py
[2024-04-26T04:32:16.584+0000] {logging_mixin.py:188} INFO - [2024-04-26T04:32:16.584+0000] {dag.py:3036} INFO - Sync 1 DAGs
[2024-04-26T04:32:16.606+0000] {logging_mixin.py:188} INFO - [2024-04-26T04:32:16.606+0000] {dag.py:3823} INFO - Setting next_dagrun for example_sla_dag to 2024-04-26 04:30:00+00:00, run_after=2024-04-26 04:32:00+00:00
[2024-04-26T04:32:16.627+0000] {processor.py:183} INFO - Processing /home/airflow/.local/lib/python3.8/site-packages/airflow/example_dags/example_sla_dag.py took 0.076 seconds
[2024-04-26T04:32:46.781+0000] {processor.py:161} INFO - Started process (PID=1107) to work on /home/airflow/.local/lib/python3.8/site-packages/airflow/example_dags/example_sla_dag.py
[2024-04-26T04:32:46.783+0000] {processor.py:830} INFO - Processing file /home/airflow/.local/lib/python3.8/site-packages/airflow/example_dags/example_sla_dag.py for tasks to queue
[2024-04-26T04:32:46.785+0000] {logging_mixin.py:188} INFO - [2024-04-26T04:32:46.784+0000] {dagbag.py:538} INFO - Filling up the DagBag from /home/airflow/.local/lib/python3.8/site-packages/airflow/example_dags/example_sla_dag.py
[2024-04-26T04:32:46.792+0000] {processor.py:840} INFO - DAG(s) 'example_sla_dag' retrieved from /home/airflow/.local/lib/python3.8/site-packages/airflow/example_dags/example_sla_dag.py
[2024-04-26T04:32:46.809+0000] {logging_mixin.py:188} INFO - [2024-04-26T04:32:46.808+0000] {dag.py:3036} INFO - Sync 1 DAGs
[2024-04-26T04:32:46.828+0000] {logging_mixin.py:188} INFO - [2024-04-26T04:32:46.828+0000] {dag.py:3823} INFO - Setting next_dagrun for example_sla_dag to 2024-04-26 04:30:00+00:00, run_after=2024-04-26 04:32:00+00:00
[2024-04-26T04:32:46.845+0000] {processor.py:183} INFO - Processing /home/airflow/.local/lib/python3.8/site-packages/airflow/example_dags/example_sla_dag.py took 0.067 seconds
[2024-04-26T04:33:17.651+0000] {processor.py:161} INFO - Started process (PID=1183) to work on /home/airflow/.local/lib/python3.8/site-packages/airflow/example_dags/example_sla_dag.py
[2024-04-26T04:33:17.652+0000] {processor.py:830} INFO - Processing file /home/airflow/.local/lib/python3.8/site-packages/airflow/example_dags/example_sla_dag.py for tasks to queue
[2024-04-26T04:33:17.654+0000] {logging_mixin.py:188} INFO - [2024-04-26T04:33:17.654+0000] {dagbag.py:538} INFO - Filling up the DagBag from /home/airflow/.local/lib/python3.8/site-packages/airflow/example_dags/example_sla_dag.py
[2024-04-26T04:33:17.663+0000] {processor.py:840} INFO - DAG(s) 'example_sla_dag' retrieved from /home/airflow/.local/lib/python3.8/site-packages/airflow/example_dags/example_sla_dag.py
[2024-04-26T04:33:17.681+0000] {logging_mixin.py:188} INFO - [2024-04-26T04:33:17.681+0000] {dag.py:3036} INFO - Sync 1 DAGs
[2024-04-26T04:33:17.702+0000] {logging_mixin.py:188} INFO - [2024-04-26T04:33:17.702+0000] {dag.py:3823} INFO - Setting next_dagrun for example_sla_dag to 2024-04-26 04:30:00+00:00, run_after=2024-04-26 04:32:00+00:00
[2024-04-26T04:33:17.720+0000] {processor.py:183} INFO - Processing /home/airflow/.local/lib/python3.8/site-packages/airflow/example_dags/example_sla_dag.py took 0.073 seconds
[2024-04-26T04:33:47.815+0000] {processor.py:161} INFO - Started process (PID=1259) to work on /home/airflow/.local/lib/python3.8/site-packages/airflow/example_dags/example_sla_dag.py
[2024-04-26T04:33:47.816+0000] {processor.py:830} INFO - Processing file /home/airflow/.local/lib/python3.8/site-packages/airflow/example_dags/example_sla_dag.py for tasks to queue
[2024-04-26T04:33:47.817+0000] {logging_mixin.py:188} INFO - [2024-04-26T04:33:47.817+0000] {dagbag.py:538} INFO - Filling up the DagBag from /home/airflow/.local/lib/python3.8/site-packages/airflow/example_dags/example_sla_dag.py
[2024-04-26T04:33:47.824+0000] {processor.py:840} INFO - DAG(s) 'example_sla_dag' retrieved from /home/airflow/.local/lib/python3.8/site-packages/airflow/example_dags/example_sla_dag.py
[2024-04-26T04:33:47.836+0000] {logging_mixin.py:188} INFO - [2024-04-26T04:33:47.836+0000] {dag.py:3036} INFO - Sync 1 DAGs
[2024-04-26T04:33:47.851+0000] {logging_mixin.py:188} INFO - [2024-04-26T04:33:47.851+0000] {dag.py:3823} INFO - Setting next_dagrun for example_sla_dag to 2024-04-26 04:30:00+00:00, run_after=2024-04-26 04:32:00+00:00
[2024-04-26T04:33:47.864+0000] {processor.py:183} INFO - Processing /home/airflow/.local/lib/python3.8/site-packages/airflow/example_dags/example_sla_dag.py took 0.052 seconds
[2024-04-26T04:34:18.379+0000] {processor.py:161} INFO - Started process (PID=1335) to work on /home/airflow/.local/lib/python3.8/site-packages/airflow/example_dags/example_sla_dag.py
[2024-04-26T04:34:18.380+0000] {processor.py:830} INFO - Processing file /home/airflow/.local/lib/python3.8/site-packages/airflow/example_dags/example_sla_dag.py for tasks to queue
[2024-04-26T04:34:18.382+0000] {logging_mixin.py:188} INFO - [2024-04-26T04:34:18.382+0000] {dagbag.py:538} INFO - Filling up the DagBag from /home/airflow/.local/lib/python3.8/site-packages/airflow/example_dags/example_sla_dag.py
[2024-04-26T04:34:18.389+0000] {processor.py:840} INFO - DAG(s) 'example_sla_dag' retrieved from /home/airflow/.local/lib/python3.8/site-packages/airflow/example_dags/example_sla_dag.py
[2024-04-26T04:34:18.406+0000] {logging_mixin.py:188} INFO - [2024-04-26T04:34:18.406+0000] {dag.py:3036} INFO - Sync 1 DAGs
[2024-04-26T04:34:18.423+0000] {logging_mixin.py:188} INFO - [2024-04-26T04:34:18.423+0000] {dag.py:3823} INFO - Setting next_dagrun for example_sla_dag to 2024-04-26 04:32:00+00:00, run_after=2024-04-26 04:34:00+00:00
[2024-04-26T04:34:18.439+0000] {processor.py:183} INFO - Processing /home/airflow/.local/lib/python3.8/site-packages/airflow/example_dags/example_sla_dag.py took 0.063 seconds
[2024-04-26T04:34:49.246+0000] {processor.py:161} INFO - Started process (PID=1411) to work on /home/airflow/.local/lib/python3.8/site-packages/airflow/example_dags/example_sla_dag.py
[2024-04-26T04:34:49.247+0000] {processor.py:830} INFO - Processing file /home/airflow/.local/lib/python3.8/site-packages/airflow/example_dags/example_sla_dag.py for tasks to queue
[2024-04-26T04:34:49.249+0000] {logging_mixin.py:188} INFO - [2024-04-26T04:34:49.249+0000] {dagbag.py:538} INFO - Filling up the DagBag from /home/airflow/.local/lib/python3.8/site-packages/airflow/example_dags/example_sla_dag.py
[2024-04-26T04:34:49.257+0000] {processor.py:840} INFO - DAG(s) 'example_sla_dag' retrieved from /home/airflow/.local/lib/python3.8/site-packages/airflow/example_dags/example_sla_dag.py
[2024-04-26T04:34:49.270+0000] {logging_mixin.py:188} INFO - [2024-04-26T04:34:49.270+0000] {dag.py:3036} INFO - Sync 1 DAGs
[2024-04-26T04:34:49.289+0000] {logging_mixin.py:188} INFO - [2024-04-26T04:34:49.289+0000] {dag.py:3823} INFO - Setting next_dagrun for example_sla_dag to 2024-04-26 04:32:00+00:00, run_after=2024-04-26 04:34:00+00:00
[2024-04-26T04:34:49.305+0000] {processor.py:183} INFO - Processing /home/airflow/.local/lib/python3.8/site-packages/airflow/example_dags/example_sla_dag.py took 0.061 seconds
[2024-04-26T04:35:19.733+0000] {processor.py:161} INFO - Started process (PID=1487) to work on /home/airflow/.local/lib/python3.8/site-packages/airflow/example_dags/example_sla_dag.py
[2024-04-26T04:35:19.734+0000] {processor.py:830} INFO - Processing file /home/airflow/.local/lib/python3.8/site-packages/airflow/example_dags/example_sla_dag.py for tasks to queue
[2024-04-26T04:35:19.736+0000] {logging_mixin.py:188} INFO - [2024-04-26T04:35:19.736+0000] {dagbag.py:538} INFO - Filling up the DagBag from /home/airflow/.local/lib/python3.8/site-packages/airflow/example_dags/example_sla_dag.py
[2024-04-26T04:35:19.742+0000] {processor.py:840} INFO - DAG(s) 'example_sla_dag' retrieved from /home/airflow/.local/lib/python3.8/site-packages/airflow/example_dags/example_sla_dag.py
[2024-04-26T04:35:19.757+0000] {logging_mixin.py:188} INFO - [2024-04-26T04:35:19.757+0000] {dag.py:3036} INFO - Sync 1 DAGs
[2024-04-26T04:35:19.773+0000] {logging_mixin.py:188} INFO - [2024-04-26T04:35:19.773+0000] {dag.py:3823} INFO - Setting next_dagrun for example_sla_dag to 2024-04-26 04:32:00+00:00, run_after=2024-04-26 04:34:00+00:00
[2024-04-26T04:35:19.788+0000] {processor.py:183} INFO - Processing /home/airflow/.local/lib/python3.8/site-packages/airflow/example_dags/example_sla_dag.py took 0.057 seconds
[2024-04-26T04:35:49.993+0000] {processor.py:161} INFO - Started process (PID=1563) to work on /home/airflow/.local/lib/python3.8/site-packages/airflow/example_dags/example_sla_dag.py
[2024-04-26T04:35:49.994+0000] {processor.py:830} INFO - Processing file /home/airflow/.local/lib/python3.8/site-packages/airflow/example_dags/example_sla_dag.py for tasks to queue
[2024-04-26T04:35:49.995+0000] {logging_mixin.py:188} INFO - [2024-04-26T04:35:49.995+0000] {dagbag.py:538} INFO - Filling up the DagBag from /home/airflow/.local/lib/python3.8/site-packages/airflow/example_dags/example_sla_dag.py
[2024-04-26T04:35:50.001+0000] {processor.py:840} INFO - DAG(s) 'example_sla_dag' retrieved from /home/airflow/.local/lib/python3.8/site-packages/airflow/example_dags/example_sla_dag.py
[2024-04-26T04:35:50.013+0000] {logging_mixin.py:188} INFO - [2024-04-26T04:35:50.013+0000] {dag.py:3036} INFO - Sync 1 DAGs
[2024-04-26T04:35:50.029+0000] {logging_mixin.py:188} INFO - [2024-04-26T04:35:50.029+0000] {dag.py:3823} INFO - Setting next_dagrun for example_sla_dag to 2024-04-26 04:32:00+00:00, run_after=2024-04-26 04:34:00+00:00
[2024-04-26T04:35:50.142+0000] {processor.py:183} INFO - Processing /home/airflow/.local/lib/python3.8/site-packages/airflow/example_dags/example_sla_dag.py took 0.152 seconds
[2024-04-26T04:36:20.204+0000] {processor.py:161} INFO - Started process (PID=1639) to work on /home/airflow/.local/lib/python3.8/site-packages/airflow/example_dags/example_sla_dag.py
[2024-04-26T04:36:20.205+0000] {processor.py:830} INFO - Processing file /home/airflow/.local/lib/python3.8/site-packages/airflow/example_dags/example_sla_dag.py for tasks to queue
[2024-04-26T04:36:20.207+0000] {logging_mixin.py:188} INFO - [2024-04-26T04:36:20.206+0000] {dagbag.py:538} INFO - Filling up the DagBag from /home/airflow/.local/lib/python3.8/site-packages/airflow/example_dags/example_sla_dag.py
[2024-04-26T04:36:20.213+0000] {processor.py:840} INFO - DAG(s) 'example_sla_dag' retrieved from /home/airflow/.local/lib/python3.8/site-packages/airflow/example_dags/example_sla_dag.py
[2024-04-26T04:36:20.226+0000] {logging_mixin.py:188} INFO - [2024-04-26T04:36:20.226+0000] {dag.py:3036} INFO - Sync 1 DAGs
[2024-04-26T04:36:20.241+0000] {logging_mixin.py:188} INFO - [2024-04-26T04:36:20.241+0000] {dag.py:3823} INFO - Setting next_dagrun for example_sla_dag to 2024-04-26 04:34:00+00:00, run_after=2024-04-26 04:36:00+00:00
[2024-04-26T04:36:20.255+0000] {processor.py:183} INFO - Processing /home/airflow/.local/lib/python3.8/site-packages/airflow/example_dags/example_sla_dag.py took 0.054 seconds
[2024-04-26T04:36:50.340+0000] {processor.py:161} INFO - Started process (PID=1715) to work on /home/airflow/.local/lib/python3.8/site-packages/airflow/example_dags/example_sla_dag.py
[2024-04-26T04:36:50.341+0000] {processor.py:830} INFO - Processing file /home/airflow/.local/lib/python3.8/site-packages/airflow/example_dags/example_sla_dag.py for tasks to queue
[2024-04-26T04:36:50.342+0000] {logging_mixin.py:188} INFO - [2024-04-26T04:36:50.342+0000] {dagbag.py:538} INFO - Filling up the DagBag from /home/airflow/.local/lib/python3.8/site-packages/airflow/example_dags/example_sla_dag.py
[2024-04-26T04:36:50.348+0000] {processor.py:840} INFO - DAG(s) 'example_sla_dag' retrieved from /home/airflow/.local/lib/python3.8/site-packages/airflow/example_dags/example_sla_dag.py
[2024-04-26T04:36:50.361+0000] {logging_mixin.py:188} INFO - [2024-04-26T04:36:50.361+0000] {dag.py:3036} INFO - Sync 1 DAGs
[2024-04-26T04:36:50.376+0000] {logging_mixin.py:188} INFO - [2024-04-26T04:36:50.376+0000] {dag.py:3823} INFO - Setting next_dagrun for example_sla_dag to 2024-04-26 04:34:00+00:00, run_after=2024-04-26 04:36:00+00:00
[2024-04-26T04:36:50.390+0000] {processor.py:183} INFO - Processing /home/airflow/.local/lib/python3.8/site-packages/airflow/example_dags/example_sla_dag.py took 0.053 seconds
