[2024-04-26T04:26:09.561+0000] {processor.py:161} INFO - Started process (PID=104) to work on /home/airflow/.local/lib/python3.8/site-packages/airflow/example_dags/example_task_group.py
[2024-04-26T04:26:09.562+0000] {processor.py:830} INFO - Processing file /home/airflow/.local/lib/python3.8/site-packages/airflow/example_dags/example_task_group.py for tasks to queue
[2024-04-26T04:26:09.565+0000] {logging_mixin.py:188} INFO - [2024-04-26T04:26:09.564+0000] {dagbag.py:538} INFO - Filling up the DagBag from /home/airflow/.local/lib/python3.8/site-packages/airflow/example_dags/example_task_group.py
[2024-04-26T04:26:09.575+0000] {processor.py:840} INFO - DAG(s) 'example_task_group' retrieved from /home/airflow/.local/lib/python3.8/site-packages/airflow/example_dags/example_task_group.py
[2024-04-26T04:26:09.594+0000] {logging_mixin.py:188} INFO - [2024-04-26T04:26:09.594+0000] {dag.py:3036} INFO - Sync 1 DAGs
[2024-04-26T04:26:09.616+0000] {logging_mixin.py:188} INFO - [2024-04-26T04:26:09.616+0000] {dag.py:3823} INFO - Setting next_dagrun for example_task_group to 2024-04-25 00:00:00+00:00, run_after=2024-04-26 00:00:00+00:00
[2024-04-26T04:26:09.637+0000] {processor.py:183} INFO - Processing /home/airflow/.local/lib/python3.8/site-packages/airflow/example_dags/example_task_group.py took 0.079 seconds
[2024-04-26T04:26:40.032+0000] {processor.py:161} INFO - Started process (PID=180) to work on /home/airflow/.local/lib/python3.8/site-packages/airflow/example_dags/example_task_group.py
[2024-04-26T04:26:40.034+0000] {processor.py:830} INFO - Processing file /home/airflow/.local/lib/python3.8/site-packages/airflow/example_dags/example_task_group.py for tasks to queue
[2024-04-26T04:26:40.036+0000] {logging_mixin.py:188} INFO - [2024-04-26T04:26:40.036+0000] {dagbag.py:538} INFO - Filling up the DagBag from /home/airflow/.local/lib/python3.8/site-packages/airflow/example_dags/example_task_group.py
[2024-04-26T04:26:40.043+0000] {processor.py:840} INFO - DAG(s) 'example_task_group' retrieved from /home/airflow/.local/lib/python3.8/site-packages/airflow/example_dags/example_task_group.py
[2024-04-26T04:26:40.063+0000] {logging_mixin.py:188} INFO - [2024-04-26T04:26:40.063+0000] {dag.py:3036} INFO - Sync 1 DAGs
[2024-04-26T04:26:40.083+0000] {logging_mixin.py:188} INFO - [2024-04-26T04:26:40.083+0000] {dag.py:3823} INFO - Setting next_dagrun for example_task_group to 2024-04-25 00:00:00+00:00, run_after=2024-04-26 00:00:00+00:00
[2024-04-26T04:26:40.102+0000] {processor.py:183} INFO - Processing /home/airflow/.local/lib/python3.8/site-packages/airflow/example_dags/example_task_group.py took 0.073 seconds
[2024-04-26T04:27:10.568+0000] {processor.py:161} INFO - Started process (PID=277) to work on /home/airflow/.local/lib/python3.8/site-packages/airflow/example_dags/example_task_group.py
[2024-04-26T04:27:10.575+0000] {processor.py:830} INFO - Processing file /home/airflow/.local/lib/python3.8/site-packages/airflow/example_dags/example_task_group.py for tasks to queue
[2024-04-26T04:27:10.577+0000] {logging_mixin.py:188} INFO - [2024-04-26T04:27:10.577+0000] {dagbag.py:538} INFO - Filling up the DagBag from /home/airflow/.local/lib/python3.8/site-packages/airflow/example_dags/example_task_group.py
[2024-04-26T04:27:10.583+0000] {processor.py:840} INFO - DAG(s) 'example_task_group' retrieved from /home/airflow/.local/lib/python3.8/site-packages/airflow/example_dags/example_task_group.py
[2024-04-26T04:27:10.600+0000] {logging_mixin.py:188} INFO - [2024-04-26T04:27:10.600+0000] {dag.py:3036} INFO - Sync 1 DAGs
[2024-04-26T04:27:10.617+0000] {logging_mixin.py:188} INFO - [2024-04-26T04:27:10.617+0000] {dag.py:3823} INFO - Setting next_dagrun for example_task_group to 2024-04-25 00:00:00+00:00, run_after=2024-04-26 00:00:00+00:00
[2024-04-26T04:27:10.635+0000] {processor.py:183} INFO - Processing /home/airflow/.local/lib/python3.8/site-packages/airflow/example_dags/example_task_group.py took 0.070 seconds
[2024-04-26T04:27:41.490+0000] {processor.py:161} INFO - Started process (PID=353) to work on /home/airflow/.local/lib/python3.8/site-packages/airflow/example_dags/example_task_group.py
[2024-04-26T04:27:41.491+0000] {processor.py:830} INFO - Processing file /home/airflow/.local/lib/python3.8/site-packages/airflow/example_dags/example_task_group.py for tasks to queue
[2024-04-26T04:27:41.494+0000] {logging_mixin.py:188} INFO - [2024-04-26T04:27:41.493+0000] {dagbag.py:538} INFO - Filling up the DagBag from /home/airflow/.local/lib/python3.8/site-packages/airflow/example_dags/example_task_group.py
[2024-04-26T04:27:41.498+0000] {processor.py:840} INFO - DAG(s) 'example_task_group' retrieved from /home/airflow/.local/lib/python3.8/site-packages/airflow/example_dags/example_task_group.py
[2024-04-26T04:27:41.514+0000] {logging_mixin.py:188} INFO - [2024-04-26T04:27:41.514+0000] {dag.py:3036} INFO - Sync 1 DAGs
[2024-04-26T04:27:41.528+0000] {logging_mixin.py:188} INFO - [2024-04-26T04:27:41.528+0000] {dag.py:3823} INFO - Setting next_dagrun for example_task_group to 2024-04-25 00:00:00+00:00, run_after=2024-04-26 00:00:00+00:00
[2024-04-26T04:27:41.545+0000] {processor.py:183} INFO - Processing /home/airflow/.local/lib/python3.8/site-packages/airflow/example_dags/example_task_group.py took 0.058 seconds
[2024-04-26T04:28:12.096+0000] {processor.py:161} INFO - Started process (PID=429) to work on /home/airflow/.local/lib/python3.8/site-packages/airflow/example_dags/example_task_group.py
[2024-04-26T04:28:12.098+0000] {processor.py:830} INFO - Processing file /home/airflow/.local/lib/python3.8/site-packages/airflow/example_dags/example_task_group.py for tasks to queue
[2024-04-26T04:28:12.100+0000] {logging_mixin.py:188} INFO - [2024-04-26T04:28:12.099+0000] {dagbag.py:538} INFO - Filling up the DagBag from /home/airflow/.local/lib/python3.8/site-packages/airflow/example_dags/example_task_group.py
[2024-04-26T04:28:12.105+0000] {processor.py:840} INFO - DAG(s) 'example_task_group' retrieved from /home/airflow/.local/lib/python3.8/site-packages/airflow/example_dags/example_task_group.py
[2024-04-26T04:28:12.124+0000] {logging_mixin.py:188} INFO - [2024-04-26T04:28:12.124+0000] {dag.py:3036} INFO - Sync 1 DAGs
[2024-04-26T04:28:12.141+0000] {logging_mixin.py:188} INFO - [2024-04-26T04:28:12.141+0000] {dag.py:3823} INFO - Setting next_dagrun for example_task_group to 2024-04-25 00:00:00+00:00, run_after=2024-04-26 00:00:00+00:00
[2024-04-26T04:28:12.158+0000] {processor.py:183} INFO - Processing /home/airflow/.local/lib/python3.8/site-packages/airflow/example_dags/example_task_group.py took 0.065 seconds
[2024-04-26T04:28:42.777+0000] {processor.py:161} INFO - Started process (PID=505) to work on /home/airflow/.local/lib/python3.8/site-packages/airflow/example_dags/example_task_group.py
[2024-04-26T04:28:42.779+0000] {processor.py:830} INFO - Processing file /home/airflow/.local/lib/python3.8/site-packages/airflow/example_dags/example_task_group.py for tasks to queue
[2024-04-26T04:28:42.780+0000] {logging_mixin.py:188} INFO - [2024-04-26T04:28:42.780+0000] {dagbag.py:538} INFO - Filling up the DagBag from /home/airflow/.local/lib/python3.8/site-packages/airflow/example_dags/example_task_group.py
[2024-04-26T04:28:42.786+0000] {processor.py:840} INFO - DAG(s) 'example_task_group' retrieved from /home/airflow/.local/lib/python3.8/site-packages/airflow/example_dags/example_task_group.py
[2024-04-26T04:28:42.803+0000] {logging_mixin.py:188} INFO - [2024-04-26T04:28:42.802+0000] {dag.py:3036} INFO - Sync 1 DAGs
[2024-04-26T04:28:42.818+0000] {logging_mixin.py:188} INFO - [2024-04-26T04:28:42.817+0000] {dag.py:3823} INFO - Setting next_dagrun for example_task_group to 2024-04-25 00:00:00+00:00, run_after=2024-04-26 00:00:00+00:00
[2024-04-26T04:28:42.833+0000] {processor.py:183} INFO - Processing /home/airflow/.local/lib/python3.8/site-packages/airflow/example_dags/example_task_group.py took 0.059 seconds
[2024-04-26T04:29:13.809+0000] {processor.py:161} INFO - Started process (PID=582) to work on /home/airflow/.local/lib/python3.8/site-packages/airflow/example_dags/example_task_group.py
[2024-04-26T04:29:13.811+0000] {processor.py:830} INFO - Processing file /home/airflow/.local/lib/python3.8/site-packages/airflow/example_dags/example_task_group.py for tasks to queue
[2024-04-26T04:29:13.813+0000] {logging_mixin.py:188} INFO - [2024-04-26T04:29:13.813+0000] {dagbag.py:538} INFO - Filling up the DagBag from /home/airflow/.local/lib/python3.8/site-packages/airflow/example_dags/example_task_group.py
[2024-04-26T04:29:13.819+0000] {processor.py:840} INFO - DAG(s) 'example_task_group' retrieved from /home/airflow/.local/lib/python3.8/site-packages/airflow/example_dags/example_task_group.py
[2024-04-26T04:29:13.834+0000] {logging_mixin.py:188} INFO - [2024-04-26T04:29:13.834+0000] {dag.py:3036} INFO - Sync 1 DAGs
[2024-04-26T04:29:13.849+0000] {logging_mixin.py:188} INFO - [2024-04-26T04:29:13.849+0000] {dag.py:3823} INFO - Setting next_dagrun for example_task_group to 2024-04-25 00:00:00+00:00, run_after=2024-04-26 00:00:00+00:00
[2024-04-26T04:29:13.866+0000] {processor.py:183} INFO - Processing /home/airflow/.local/lib/python3.8/site-packages/airflow/example_dags/example_task_group.py took 0.059 seconds
[2024-04-26T04:29:44.521+0000] {processor.py:161} INFO - Started process (PID=658) to work on /home/airflow/.local/lib/python3.8/site-packages/airflow/example_dags/example_task_group.py
[2024-04-26T04:29:44.522+0000] {processor.py:830} INFO - Processing file /home/airflow/.local/lib/python3.8/site-packages/airflow/example_dags/example_task_group.py for tasks to queue
[2024-04-26T04:29:44.524+0000] {logging_mixin.py:188} INFO - [2024-04-26T04:29:44.524+0000] {dagbag.py:538} INFO - Filling up the DagBag from /home/airflow/.local/lib/python3.8/site-packages/airflow/example_dags/example_task_group.py
[2024-04-26T04:29:44.529+0000] {processor.py:840} INFO - DAG(s) 'example_task_group' retrieved from /home/airflow/.local/lib/python3.8/site-packages/airflow/example_dags/example_task_group.py
[2024-04-26T04:29:44.545+0000] {logging_mixin.py:188} INFO - [2024-04-26T04:29:44.545+0000] {dag.py:3036} INFO - Sync 1 DAGs
[2024-04-26T04:29:44.559+0000] {logging_mixin.py:188} INFO - [2024-04-26T04:29:44.558+0000] {dag.py:3823} INFO - Setting next_dagrun for example_task_group to 2024-04-25 00:00:00+00:00, run_after=2024-04-26 00:00:00+00:00
[2024-04-26T04:29:44.571+0000] {processor.py:183} INFO - Processing /home/airflow/.local/lib/python3.8/site-packages/airflow/example_dags/example_task_group.py took 0.052 seconds
[2024-04-26T04:30:14.902+0000] {processor.py:161} INFO - Started process (PID=734) to work on /home/airflow/.local/lib/python3.8/site-packages/airflow/example_dags/example_task_group.py
[2024-04-26T04:30:14.903+0000] {processor.py:830} INFO - Processing file /home/airflow/.local/lib/python3.8/site-packages/airflow/example_dags/example_task_group.py for tasks to queue
[2024-04-26T04:30:14.904+0000] {logging_mixin.py:188} INFO - [2024-04-26T04:30:14.904+0000] {dagbag.py:538} INFO - Filling up the DagBag from /home/airflow/.local/lib/python3.8/site-packages/airflow/example_dags/example_task_group.py
[2024-04-26T04:30:14.909+0000] {processor.py:840} INFO - DAG(s) 'example_task_group' retrieved from /home/airflow/.local/lib/python3.8/site-packages/airflow/example_dags/example_task_group.py
[2024-04-26T04:30:14.924+0000] {logging_mixin.py:188} INFO - [2024-04-26T04:30:14.924+0000] {dag.py:3036} INFO - Sync 1 DAGs
[2024-04-26T04:30:14.938+0000] {logging_mixin.py:188} INFO - [2024-04-26T04:30:14.937+0000] {dag.py:3823} INFO - Setting next_dagrun for example_task_group to 2024-04-25 00:00:00+00:00, run_after=2024-04-26 00:00:00+00:00
[2024-04-26T04:30:14.950+0000] {processor.py:183} INFO - Processing /home/airflow/.local/lib/python3.8/site-packages/airflow/example_dags/example_task_group.py took 0.050 seconds
[2024-04-26T04:30:45.426+0000] {processor.py:161} INFO - Started process (PID=810) to work on /home/airflow/.local/lib/python3.8/site-packages/airflow/example_dags/example_task_group.py
[2024-04-26T04:30:45.427+0000] {processor.py:830} INFO - Processing file /home/airflow/.local/lib/python3.8/site-packages/airflow/example_dags/example_task_group.py for tasks to queue
[2024-04-26T04:30:45.429+0000] {logging_mixin.py:188} INFO - [2024-04-26T04:30:45.429+0000] {dagbag.py:538} INFO - Filling up the DagBag from /home/airflow/.local/lib/python3.8/site-packages/airflow/example_dags/example_task_group.py
[2024-04-26T04:30:45.436+0000] {processor.py:840} INFO - DAG(s) 'example_task_group' retrieved from /home/airflow/.local/lib/python3.8/site-packages/airflow/example_dags/example_task_group.py
[2024-04-26T04:30:45.452+0000] {logging_mixin.py:188} INFO - [2024-04-26T04:30:45.452+0000] {dag.py:3036} INFO - Sync 1 DAGs
[2024-04-26T04:30:45.465+0000] {logging_mixin.py:188} INFO - [2024-04-26T04:30:45.465+0000] {dag.py:3823} INFO - Setting next_dagrun for example_task_group to 2024-04-25 00:00:00+00:00, run_after=2024-04-26 00:00:00+00:00
[2024-04-26T04:30:45.478+0000] {processor.py:183} INFO - Processing /home/airflow/.local/lib/python3.8/site-packages/airflow/example_dags/example_task_group.py took 0.056 seconds
[2024-04-26T04:31:15.888+0000] {processor.py:161} INFO - Started process (PID=886) to work on /home/airflow/.local/lib/python3.8/site-packages/airflow/example_dags/example_task_group.py
[2024-04-26T04:31:15.890+0000] {processor.py:830} INFO - Processing file /home/airflow/.local/lib/python3.8/site-packages/airflow/example_dags/example_task_group.py for tasks to queue
[2024-04-26T04:31:15.891+0000] {logging_mixin.py:188} INFO - [2024-04-26T04:31:15.891+0000] {dagbag.py:538} INFO - Filling up the DagBag from /home/airflow/.local/lib/python3.8/site-packages/airflow/example_dags/example_task_group.py
[2024-04-26T04:31:15.896+0000] {processor.py:840} INFO - DAG(s) 'example_task_group' retrieved from /home/airflow/.local/lib/python3.8/site-packages/airflow/example_dags/example_task_group.py
[2024-04-26T04:31:15.911+0000] {logging_mixin.py:188} INFO - [2024-04-26T04:31:15.911+0000] {dag.py:3036} INFO - Sync 1 DAGs
[2024-04-26T04:31:15.925+0000] {logging_mixin.py:188} INFO - [2024-04-26T04:31:15.925+0000] {dag.py:3823} INFO - Setting next_dagrun for example_task_group to 2024-04-25 00:00:00+00:00, run_after=2024-04-26 00:00:00+00:00
[2024-04-26T04:31:15.938+0000] {processor.py:183} INFO - Processing /home/airflow/.local/lib/python3.8/site-packages/airflow/example_dags/example_task_group.py took 0.052 seconds
[2024-04-26T04:31:46.288+0000] {processor.py:161} INFO - Started process (PID=962) to work on /home/airflow/.local/lib/python3.8/site-packages/airflow/example_dags/example_task_group.py
[2024-04-26T04:31:46.289+0000] {processor.py:830} INFO - Processing file /home/airflow/.local/lib/python3.8/site-packages/airflow/example_dags/example_task_group.py for tasks to queue
[2024-04-26T04:31:46.291+0000] {logging_mixin.py:188} INFO - [2024-04-26T04:31:46.291+0000] {dagbag.py:538} INFO - Filling up the DagBag from /home/airflow/.local/lib/python3.8/site-packages/airflow/example_dags/example_task_group.py
[2024-04-26T04:31:46.296+0000] {processor.py:840} INFO - DAG(s) 'example_task_group' retrieved from /home/airflow/.local/lib/python3.8/site-packages/airflow/example_dags/example_task_group.py
[2024-04-26T04:31:46.312+0000] {logging_mixin.py:188} INFO - [2024-04-26T04:31:46.312+0000] {dag.py:3036} INFO - Sync 1 DAGs
[2024-04-26T04:31:46.326+0000] {logging_mixin.py:188} INFO - [2024-04-26T04:31:46.326+0000] {dag.py:3823} INFO - Setting next_dagrun for example_task_group to 2024-04-25 00:00:00+00:00, run_after=2024-04-26 00:00:00+00:00
[2024-04-26T04:31:46.340+0000] {processor.py:183} INFO - Processing /home/airflow/.local/lib/python3.8/site-packages/airflow/example_dags/example_task_group.py took 0.054 seconds
[2024-04-26T04:32:16.955+0000] {processor.py:161} INFO - Started process (PID=1038) to work on /home/airflow/.local/lib/python3.8/site-packages/airflow/example_dags/example_task_group.py
[2024-04-26T04:32:16.957+0000] {processor.py:830} INFO - Processing file /home/airflow/.local/lib/python3.8/site-packages/airflow/example_dags/example_task_group.py for tasks to queue
[2024-04-26T04:32:16.959+0000] {logging_mixin.py:188} INFO - [2024-04-26T04:32:16.959+0000] {dagbag.py:538} INFO - Filling up the DagBag from /home/airflow/.local/lib/python3.8/site-packages/airflow/example_dags/example_task_group.py
[2024-04-26T04:32:16.965+0000] {processor.py:840} INFO - DAG(s) 'example_task_group' retrieved from /home/airflow/.local/lib/python3.8/site-packages/airflow/example_dags/example_task_group.py
[2024-04-26T04:32:16.982+0000] {logging_mixin.py:188} INFO - [2024-04-26T04:32:16.982+0000] {dag.py:3036} INFO - Sync 1 DAGs
[2024-04-26T04:32:16.997+0000] {logging_mixin.py:188} INFO - [2024-04-26T04:32:16.997+0000] {dag.py:3823} INFO - Setting next_dagrun for example_task_group to 2024-04-25 00:00:00+00:00, run_after=2024-04-26 00:00:00+00:00
[2024-04-26T04:32:17.017+0000] {processor.py:183} INFO - Processing /home/airflow/.local/lib/python3.8/site-packages/airflow/example_dags/example_task_group.py took 0.064 seconds
[2024-04-26T04:32:47.144+0000] {processor.py:161} INFO - Started process (PID=1114) to work on /home/airflow/.local/lib/python3.8/site-packages/airflow/example_dags/example_task_group.py
[2024-04-26T04:32:47.146+0000] {processor.py:830} INFO - Processing file /home/airflow/.local/lib/python3.8/site-packages/airflow/example_dags/example_task_group.py for tasks to queue
[2024-04-26T04:32:47.148+0000] {logging_mixin.py:188} INFO - [2024-04-26T04:32:47.148+0000] {dagbag.py:538} INFO - Filling up the DagBag from /home/airflow/.local/lib/python3.8/site-packages/airflow/example_dags/example_task_group.py
[2024-04-26T04:32:47.155+0000] {processor.py:840} INFO - DAG(s) 'example_task_group' retrieved from /home/airflow/.local/lib/python3.8/site-packages/airflow/example_dags/example_task_group.py
[2024-04-26T04:32:47.173+0000] {logging_mixin.py:188} INFO - [2024-04-26T04:32:47.173+0000] {dag.py:3036} INFO - Sync 1 DAGs
[2024-04-26T04:32:47.193+0000] {logging_mixin.py:188} INFO - [2024-04-26T04:32:47.193+0000] {dag.py:3823} INFO - Setting next_dagrun for example_task_group to 2024-04-25 00:00:00+00:00, run_after=2024-04-26 00:00:00+00:00
[2024-04-26T04:32:47.212+0000] {processor.py:183} INFO - Processing /home/airflow/.local/lib/python3.8/site-packages/airflow/example_dags/example_task_group.py took 0.070 seconds
[2024-04-26T04:33:18.117+0000] {processor.py:161} INFO - Started process (PID=1190) to work on /home/airflow/.local/lib/python3.8/site-packages/airflow/example_dags/example_task_group.py
[2024-04-26T04:33:18.118+0000] {processor.py:830} INFO - Processing file /home/airflow/.local/lib/python3.8/site-packages/airflow/example_dags/example_task_group.py for tasks to queue
[2024-04-26T04:33:18.120+0000] {logging_mixin.py:188} INFO - [2024-04-26T04:33:18.120+0000] {dagbag.py:538} INFO - Filling up the DagBag from /home/airflow/.local/lib/python3.8/site-packages/airflow/example_dags/example_task_group.py
[2024-04-26T04:33:18.125+0000] {processor.py:840} INFO - DAG(s) 'example_task_group' retrieved from /home/airflow/.local/lib/python3.8/site-packages/airflow/example_dags/example_task_group.py
[2024-04-26T04:33:18.143+0000] {logging_mixin.py:188} INFO - [2024-04-26T04:33:18.143+0000] {dag.py:3036} INFO - Sync 1 DAGs
[2024-04-26T04:33:18.158+0000] {logging_mixin.py:188} INFO - [2024-04-26T04:33:18.158+0000] {dag.py:3823} INFO - Setting next_dagrun for example_task_group to 2024-04-25 00:00:00+00:00, run_after=2024-04-26 00:00:00+00:00
[2024-04-26T04:33:18.175+0000] {processor.py:183} INFO - Processing /home/airflow/.local/lib/python3.8/site-packages/airflow/example_dags/example_task_group.py took 0.061 seconds
[2024-04-26T04:33:48.298+0000] {processor.py:161} INFO - Started process (PID=1266) to work on /home/airflow/.local/lib/python3.8/site-packages/airflow/example_dags/example_task_group.py
[2024-04-26T04:33:48.299+0000] {processor.py:830} INFO - Processing file /home/airflow/.local/lib/python3.8/site-packages/airflow/example_dags/example_task_group.py for tasks to queue
[2024-04-26T04:33:48.301+0000] {logging_mixin.py:188} INFO - [2024-04-26T04:33:48.300+0000] {dagbag.py:538} INFO - Filling up the DagBag from /home/airflow/.local/lib/python3.8/site-packages/airflow/example_dags/example_task_group.py
[2024-04-26T04:33:48.307+0000] {processor.py:840} INFO - DAG(s) 'example_task_group' retrieved from /home/airflow/.local/lib/python3.8/site-packages/airflow/example_dags/example_task_group.py
[2024-04-26T04:33:48.325+0000] {logging_mixin.py:188} INFO - [2024-04-26T04:33:48.325+0000] {dag.py:3036} INFO - Sync 1 DAGs
[2024-04-26T04:33:48.342+0000] {logging_mixin.py:188} INFO - [2024-04-26T04:33:48.342+0000] {dag.py:3823} INFO - Setting next_dagrun for example_task_group to 2024-04-25 00:00:00+00:00, run_after=2024-04-26 00:00:00+00:00
[2024-04-26T04:33:48.361+0000] {processor.py:183} INFO - Processing /home/airflow/.local/lib/python3.8/site-packages/airflow/example_dags/example_task_group.py took 0.066 seconds
[2024-04-26T04:34:18.763+0000] {processor.py:161} INFO - Started process (PID=1342) to work on /home/airflow/.local/lib/python3.8/site-packages/airflow/example_dags/example_task_group.py
[2024-04-26T04:34:18.764+0000] {processor.py:830} INFO - Processing file /home/airflow/.local/lib/python3.8/site-packages/airflow/example_dags/example_task_group.py for tasks to queue
[2024-04-26T04:34:18.766+0000] {logging_mixin.py:188} INFO - [2024-04-26T04:34:18.766+0000] {dagbag.py:538} INFO - Filling up the DagBag from /home/airflow/.local/lib/python3.8/site-packages/airflow/example_dags/example_task_group.py
[2024-04-26T04:34:18.772+0000] {processor.py:840} INFO - DAG(s) 'example_task_group' retrieved from /home/airflow/.local/lib/python3.8/site-packages/airflow/example_dags/example_task_group.py
[2024-04-26T04:34:18.790+0000] {logging_mixin.py:188} INFO - [2024-04-26T04:34:18.789+0000] {dag.py:3036} INFO - Sync 1 DAGs
[2024-04-26T04:34:18.807+0000] {logging_mixin.py:188} INFO - [2024-04-26T04:34:18.807+0000] {dag.py:3823} INFO - Setting next_dagrun for example_task_group to 2024-04-25 00:00:00+00:00, run_after=2024-04-26 00:00:00+00:00
[2024-04-26T04:34:18.829+0000] {processor.py:183} INFO - Processing /home/airflow/.local/lib/python3.8/site-packages/airflow/example_dags/example_task_group.py took 0.069 seconds
[2024-04-26T04:34:49.706+0000] {processor.py:161} INFO - Started process (PID=1418) to work on /home/airflow/.local/lib/python3.8/site-packages/airflow/example_dags/example_task_group.py
[2024-04-26T04:34:49.707+0000] {processor.py:830} INFO - Processing file /home/airflow/.local/lib/python3.8/site-packages/airflow/example_dags/example_task_group.py for tasks to queue
[2024-04-26T04:34:49.709+0000] {logging_mixin.py:188} INFO - [2024-04-26T04:34:49.709+0000] {dagbag.py:538} INFO - Filling up the DagBag from /home/airflow/.local/lib/python3.8/site-packages/airflow/example_dags/example_task_group.py
[2024-04-26T04:34:49.714+0000] {processor.py:840} INFO - DAG(s) 'example_task_group' retrieved from /home/airflow/.local/lib/python3.8/site-packages/airflow/example_dags/example_task_group.py
[2024-04-26T04:34:49.729+0000] {logging_mixin.py:188} INFO - [2024-04-26T04:34:49.729+0000] {dag.py:3036} INFO - Sync 1 DAGs
[2024-04-26T04:34:49.742+0000] {logging_mixin.py:188} INFO - [2024-04-26T04:34:49.742+0000] {dag.py:3823} INFO - Setting next_dagrun for example_task_group to 2024-04-25 00:00:00+00:00, run_after=2024-04-26 00:00:00+00:00
[2024-04-26T04:34:49.756+0000] {processor.py:183} INFO - Processing /home/airflow/.local/lib/python3.8/site-packages/airflow/example_dags/example_task_group.py took 0.052 seconds
[2024-04-26T04:35:20.078+0000] {processor.py:161} INFO - Started process (PID=1494) to work on /home/airflow/.local/lib/python3.8/site-packages/airflow/example_dags/example_task_group.py
[2024-04-26T04:35:20.079+0000] {processor.py:830} INFO - Processing file /home/airflow/.local/lib/python3.8/site-packages/airflow/example_dags/example_task_group.py for tasks to queue
[2024-04-26T04:35:20.081+0000] {logging_mixin.py:188} INFO - [2024-04-26T04:35:20.080+0000] {dagbag.py:538} INFO - Filling up the DagBag from /home/airflow/.local/lib/python3.8/site-packages/airflow/example_dags/example_task_group.py
[2024-04-26T04:35:20.086+0000] {processor.py:840} INFO - DAG(s) 'example_task_group' retrieved from /home/airflow/.local/lib/python3.8/site-packages/airflow/example_dags/example_task_group.py
[2024-04-26T04:35:20.100+0000] {logging_mixin.py:188} INFO - [2024-04-26T04:35:20.100+0000] {dag.py:3036} INFO - Sync 1 DAGs
[2024-04-26T04:35:20.114+0000] {logging_mixin.py:188} INFO - [2024-04-26T04:35:20.114+0000] {dag.py:3823} INFO - Setting next_dagrun for example_task_group to 2024-04-25 00:00:00+00:00, run_after=2024-04-26 00:00:00+00:00
[2024-04-26T04:35:20.130+0000] {processor.py:183} INFO - Processing /home/airflow/.local/lib/python3.8/site-packages/airflow/example_dags/example_task_group.py took 0.055 seconds
[2024-04-26T04:35:50.393+0000] {processor.py:161} INFO - Started process (PID=1570) to work on /home/airflow/.local/lib/python3.8/site-packages/airflow/example_dags/example_task_group.py
[2024-04-26T04:35:50.394+0000] {processor.py:830} INFO - Processing file /home/airflow/.local/lib/python3.8/site-packages/airflow/example_dags/example_task_group.py for tasks to queue
[2024-04-26T04:35:50.395+0000] {logging_mixin.py:188} INFO - [2024-04-26T04:35:50.395+0000] {dagbag.py:538} INFO - Filling up the DagBag from /home/airflow/.local/lib/python3.8/site-packages/airflow/example_dags/example_task_group.py
[2024-04-26T04:35:50.400+0000] {processor.py:840} INFO - DAG(s) 'example_task_group' retrieved from /home/airflow/.local/lib/python3.8/site-packages/airflow/example_dags/example_task_group.py
[2024-04-26T04:35:50.414+0000] {logging_mixin.py:188} INFO - [2024-04-26T04:35:50.414+0000] {dag.py:3036} INFO - Sync 1 DAGs
[2024-04-26T04:35:50.428+0000] {logging_mixin.py:188} INFO - [2024-04-26T04:35:50.428+0000] {dag.py:3823} INFO - Setting next_dagrun for example_task_group to 2024-04-25 00:00:00+00:00, run_after=2024-04-26 00:00:00+00:00
[2024-04-26T04:35:50.442+0000] {processor.py:183} INFO - Processing /home/airflow/.local/lib/python3.8/site-packages/airflow/example_dags/example_task_group.py took 0.052 seconds
[2024-04-26T04:36:20.535+0000] {processor.py:161} INFO - Started process (PID=1646) to work on /home/airflow/.local/lib/python3.8/site-packages/airflow/example_dags/example_task_group.py
[2024-04-26T04:36:20.536+0000] {processor.py:830} INFO - Processing file /home/airflow/.local/lib/python3.8/site-packages/airflow/example_dags/example_task_group.py for tasks to queue
[2024-04-26T04:36:20.538+0000] {logging_mixin.py:188} INFO - [2024-04-26T04:36:20.538+0000] {dagbag.py:538} INFO - Filling up the DagBag from /home/airflow/.local/lib/python3.8/site-packages/airflow/example_dags/example_task_group.py
[2024-04-26T04:36:20.543+0000] {processor.py:840} INFO - DAG(s) 'example_task_group' retrieved from /home/airflow/.local/lib/python3.8/site-packages/airflow/example_dags/example_task_group.py
[2024-04-26T04:36:20.557+0000] {logging_mixin.py:188} INFO - [2024-04-26T04:36:20.557+0000] {dag.py:3036} INFO - Sync 1 DAGs
[2024-04-26T04:36:20.572+0000] {logging_mixin.py:188} INFO - [2024-04-26T04:36:20.572+0000] {dag.py:3823} INFO - Setting next_dagrun for example_task_group to 2024-04-25 00:00:00+00:00, run_after=2024-04-26 00:00:00+00:00
[2024-04-26T04:36:20.591+0000] {processor.py:183} INFO - Processing /home/airflow/.local/lib/python3.8/site-packages/airflow/example_dags/example_task_group.py took 0.058 seconds
[2024-04-26T04:36:50.746+0000] {processor.py:161} INFO - Started process (PID=1722) to work on /home/airflow/.local/lib/python3.8/site-packages/airflow/example_dags/example_task_group.py
[2024-04-26T04:36:50.748+0000] {processor.py:830} INFO - Processing file /home/airflow/.local/lib/python3.8/site-packages/airflow/example_dags/example_task_group.py for tasks to queue
[2024-04-26T04:36:50.749+0000] {logging_mixin.py:188} INFO - [2024-04-26T04:36:50.749+0000] {dagbag.py:538} INFO - Filling up the DagBag from /home/airflow/.local/lib/python3.8/site-packages/airflow/example_dags/example_task_group.py
[2024-04-26T04:36:50.754+0000] {processor.py:840} INFO - DAG(s) 'example_task_group' retrieved from /home/airflow/.local/lib/python3.8/site-packages/airflow/example_dags/example_task_group.py
[2024-04-26T04:36:50.768+0000] {logging_mixin.py:188} INFO - [2024-04-26T04:36:50.768+0000] {dag.py:3036} INFO - Sync 1 DAGs
[2024-04-26T04:36:50.782+0000] {logging_mixin.py:188} INFO - [2024-04-26T04:36:50.782+0000] {dag.py:3823} INFO - Setting next_dagrun for example_task_group to 2024-04-25 00:00:00+00:00, run_after=2024-04-26 00:00:00+00:00
[2024-04-26T04:36:50.797+0000] {processor.py:183} INFO - Processing /home/airflow/.local/lib/python3.8/site-packages/airflow/example_dags/example_task_group.py took 0.053 seconds
