[2024-04-26T04:26:09.276+0000] {processor.py:161} INFO - Started process (PID=100) to work on /home/airflow/.local/lib/python3.8/site-packages/airflow/example_dags/example_kubernetes_executor.py
[2024-04-26T04:26:09.278+0000] {processor.py:830} INFO - Processing file /home/airflow/.local/lib/python3.8/site-packages/airflow/example_dags/example_kubernetes_executor.py for tasks to queue
[2024-04-26T04:26:09.280+0000] {logging_mixin.py:188} INFO - [2024-04-26T04:26:09.279+0000] {dagbag.py:538} INFO - Filling up the DagBag from /home/airflow/.local/lib/python3.8/site-packages/airflow/example_dags/example_kubernetes_executor.py
[2024-04-26T04:26:09.298+0000] {processor.py:840} INFO - DAG(s) 'example_kubernetes_executor' retrieved from /home/airflow/.local/lib/python3.8/site-packages/airflow/example_dags/example_kubernetes_executor.py
[2024-04-26T04:26:09.336+0000] {logging_mixin.py:188} INFO - [2024-04-26T04:26:09.335+0000] {dag.py:3036} INFO - Sync 1 DAGs
[2024-04-26T04:26:09.357+0000] {logging_mixin.py:188} INFO - [2024-04-26T04:26:09.356+0000] {dag.py:3823} INFO - Setting next_dagrun for example_kubernetes_executor to None, run_after=None
[2024-04-26T04:26:09.381+0000] {processor.py:183} INFO - Processing /home/airflow/.local/lib/python3.8/site-packages/airflow/example_dags/example_kubernetes_executor.py took 0.107 seconds
[2024-04-26T04:26:39.805+0000] {processor.py:161} INFO - Started process (PID=176) to work on /home/airflow/.local/lib/python3.8/site-packages/airflow/example_dags/example_kubernetes_executor.py
[2024-04-26T04:26:39.806+0000] {processor.py:830} INFO - Processing file /home/airflow/.local/lib/python3.8/site-packages/airflow/example_dags/example_kubernetes_executor.py for tasks to queue
[2024-04-26T04:26:39.808+0000] {logging_mixin.py:188} INFO - [2024-04-26T04:26:39.808+0000] {dagbag.py:538} INFO - Filling up the DagBag from /home/airflow/.local/lib/python3.8/site-packages/airflow/example_dags/example_kubernetes_executor.py
[2024-04-26T04:26:39.822+0000] {processor.py:840} INFO - DAG(s) 'example_kubernetes_executor' retrieved from /home/airflow/.local/lib/python3.8/site-packages/airflow/example_dags/example_kubernetes_executor.py
[2024-04-26T04:26:39.857+0000] {logging_mixin.py:188} INFO - [2024-04-26T04:26:39.856+0000] {dag.py:3036} INFO - Sync 1 DAGs
[2024-04-26T04:26:39.868+0000] {logging_mixin.py:188} INFO - [2024-04-26T04:26:39.867+0000] {dag.py:3823} INFO - Setting next_dagrun for example_kubernetes_executor to None, run_after=None
[2024-04-26T04:26:39.886+0000] {processor.py:183} INFO - Processing /home/airflow/.local/lib/python3.8/site-packages/airflow/example_dags/example_kubernetes_executor.py took 0.084 seconds
[2024-04-26T04:27:10.344+0000] {processor.py:161} INFO - Started process (PID=273) to work on /home/airflow/.local/lib/python3.8/site-packages/airflow/example_dags/example_kubernetes_executor.py
[2024-04-26T04:27:10.345+0000] {processor.py:830} INFO - Processing file /home/airflow/.local/lib/python3.8/site-packages/airflow/example_dags/example_kubernetes_executor.py for tasks to queue
[2024-04-26T04:27:10.348+0000] {logging_mixin.py:188} INFO - [2024-04-26T04:27:10.348+0000] {dagbag.py:538} INFO - Filling up the DagBag from /home/airflow/.local/lib/python3.8/site-packages/airflow/example_dags/example_kubernetes_executor.py
[2024-04-26T04:27:10.361+0000] {processor.py:840} INFO - DAG(s) 'example_kubernetes_executor' retrieved from /home/airflow/.local/lib/python3.8/site-packages/airflow/example_dags/example_kubernetes_executor.py
[2024-04-26T04:27:10.397+0000] {logging_mixin.py:188} INFO - [2024-04-26T04:27:10.397+0000] {dag.py:3036} INFO - Sync 1 DAGs
[2024-04-26T04:27:10.410+0000] {logging_mixin.py:188} INFO - [2024-04-26T04:27:10.410+0000] {dag.py:3823} INFO - Setting next_dagrun for example_kubernetes_executor to None, run_after=None
[2024-04-26T04:27:10.430+0000] {processor.py:183} INFO - Processing /home/airflow/.local/lib/python3.8/site-packages/airflow/example_dags/example_kubernetes_executor.py took 0.089 seconds
[2024-04-26T04:27:41.304+0000] {processor.py:161} INFO - Started process (PID=349) to work on /home/airflow/.local/lib/python3.8/site-packages/airflow/example_dags/example_kubernetes_executor.py
[2024-04-26T04:27:41.305+0000] {processor.py:830} INFO - Processing file /home/airflow/.local/lib/python3.8/site-packages/airflow/example_dags/example_kubernetes_executor.py for tasks to queue
[2024-04-26T04:27:41.306+0000] {logging_mixin.py:188} INFO - [2024-04-26T04:27:41.306+0000] {dagbag.py:538} INFO - Filling up the DagBag from /home/airflow/.local/lib/python3.8/site-packages/airflow/example_dags/example_kubernetes_executor.py
[2024-04-26T04:27:41.317+0000] {processor.py:840} INFO - DAG(s) 'example_kubernetes_executor' retrieved from /home/airflow/.local/lib/python3.8/site-packages/airflow/example_dags/example_kubernetes_executor.py
[2024-04-26T04:27:41.346+0000] {logging_mixin.py:188} INFO - [2024-04-26T04:27:41.346+0000] {dag.py:3036} INFO - Sync 1 DAGs
[2024-04-26T04:27:41.355+0000] {logging_mixin.py:188} INFO - [2024-04-26T04:27:41.355+0000] {dag.py:3823} INFO - Setting next_dagrun for example_kubernetes_executor to None, run_after=None
[2024-04-26T04:27:41.371+0000] {processor.py:183} INFO - Processing /home/airflow/.local/lib/python3.8/site-packages/airflow/example_dags/example_kubernetes_executor.py took 0.070 seconds
[2024-04-26T04:28:11.866+0000] {processor.py:161} INFO - Started process (PID=425) to work on /home/airflow/.local/lib/python3.8/site-packages/airflow/example_dags/example_kubernetes_executor.py
[2024-04-26T04:28:11.867+0000] {processor.py:830} INFO - Processing file /home/airflow/.local/lib/python3.8/site-packages/airflow/example_dags/example_kubernetes_executor.py for tasks to queue
[2024-04-26T04:28:11.868+0000] {logging_mixin.py:188} INFO - [2024-04-26T04:28:11.868+0000] {dagbag.py:538} INFO - Filling up the DagBag from /home/airflow/.local/lib/python3.8/site-packages/airflow/example_dags/example_kubernetes_executor.py
[2024-04-26T04:28:11.881+0000] {processor.py:840} INFO - DAG(s) 'example_kubernetes_executor' retrieved from /home/airflow/.local/lib/python3.8/site-packages/airflow/example_dags/example_kubernetes_executor.py
[2024-04-26T04:28:11.912+0000] {logging_mixin.py:188} INFO - [2024-04-26T04:28:11.912+0000] {dag.py:3036} INFO - Sync 1 DAGs
[2024-04-26T04:28:11.921+0000] {logging_mixin.py:188} INFO - [2024-04-26T04:28:11.920+0000] {dag.py:3823} INFO - Setting next_dagrun for example_kubernetes_executor to None, run_after=None
[2024-04-26T04:28:11.937+0000] {processor.py:183} INFO - Processing /home/airflow/.local/lib/python3.8/site-packages/airflow/example_dags/example_kubernetes_executor.py took 0.074 seconds
[2024-04-26T04:28:42.545+0000] {processor.py:161} INFO - Started process (PID=501) to work on /home/airflow/.local/lib/python3.8/site-packages/airflow/example_dags/example_kubernetes_executor.py
[2024-04-26T04:28:42.548+0000] {processor.py:830} INFO - Processing file /home/airflow/.local/lib/python3.8/site-packages/airflow/example_dags/example_kubernetes_executor.py for tasks to queue
[2024-04-26T04:28:42.550+0000] {logging_mixin.py:188} INFO - [2024-04-26T04:28:42.550+0000] {dagbag.py:538} INFO - Filling up the DagBag from /home/airflow/.local/lib/python3.8/site-packages/airflow/example_dags/example_kubernetes_executor.py
[2024-04-26T04:28:42.564+0000] {processor.py:840} INFO - DAG(s) 'example_kubernetes_executor' retrieved from /home/airflow/.local/lib/python3.8/site-packages/airflow/example_dags/example_kubernetes_executor.py
[2024-04-26T04:28:42.598+0000] {logging_mixin.py:188} INFO - [2024-04-26T04:28:42.598+0000] {dag.py:3036} INFO - Sync 1 DAGs
[2024-04-26T04:28:42.608+0000] {logging_mixin.py:188} INFO - [2024-04-26T04:28:42.608+0000] {dag.py:3823} INFO - Setting next_dagrun for example_kubernetes_executor to None, run_after=None
[2024-04-26T04:28:42.627+0000] {processor.py:183} INFO - Processing /home/airflow/.local/lib/python3.8/site-packages/airflow/example_dags/example_kubernetes_executor.py took 0.085 seconds
[2024-04-26T04:29:13.492+0000] {processor.py:161} INFO - Started process (PID=578) to work on /home/airflow/.local/lib/python3.8/site-packages/airflow/example_dags/example_kubernetes_executor.py
[2024-04-26T04:29:13.494+0000] {processor.py:830} INFO - Processing file /home/airflow/.local/lib/python3.8/site-packages/airflow/example_dags/example_kubernetes_executor.py for tasks to queue
[2024-04-26T04:29:13.496+0000] {logging_mixin.py:188} INFO - [2024-04-26T04:29:13.496+0000] {dagbag.py:538} INFO - Filling up the DagBag from /home/airflow/.local/lib/python3.8/site-packages/airflow/example_dags/example_kubernetes_executor.py
[2024-04-26T04:29:13.506+0000] {processor.py:840} INFO - DAG(s) 'example_kubernetes_executor' retrieved from /home/airflow/.local/lib/python3.8/site-packages/airflow/example_dags/example_kubernetes_executor.py
[2024-04-26T04:29:13.535+0000] {logging_mixin.py:188} INFO - [2024-04-26T04:29:13.535+0000] {dag.py:3036} INFO - Sync 1 DAGs
[2024-04-26T04:29:13.544+0000] {logging_mixin.py:188} INFO - [2024-04-26T04:29:13.544+0000] {dag.py:3823} INFO - Setting next_dagrun for example_kubernetes_executor to None, run_after=None
[2024-04-26T04:29:13.558+0000] {processor.py:183} INFO - Processing /home/airflow/.local/lib/python3.8/site-packages/airflow/example_dags/example_kubernetes_executor.py took 0.068 seconds
[2024-04-26T04:29:44.313+0000] {processor.py:161} INFO - Started process (PID=654) to work on /home/airflow/.local/lib/python3.8/site-packages/airflow/example_dags/example_kubernetes_executor.py
[2024-04-26T04:29:44.314+0000] {processor.py:830} INFO - Processing file /home/airflow/.local/lib/python3.8/site-packages/airflow/example_dags/example_kubernetes_executor.py for tasks to queue
[2024-04-26T04:29:44.316+0000] {logging_mixin.py:188} INFO - [2024-04-26T04:29:44.316+0000] {dagbag.py:538} INFO - Filling up the DagBag from /home/airflow/.local/lib/python3.8/site-packages/airflow/example_dags/example_kubernetes_executor.py
[2024-04-26T04:29:44.329+0000] {processor.py:840} INFO - DAG(s) 'example_kubernetes_executor' retrieved from /home/airflow/.local/lib/python3.8/site-packages/airflow/example_dags/example_kubernetes_executor.py
[2024-04-26T04:29:44.359+0000] {logging_mixin.py:188} INFO - [2024-04-26T04:29:44.358+0000] {dag.py:3036} INFO - Sync 1 DAGs
[2024-04-26T04:29:44.367+0000] {logging_mixin.py:188} INFO - [2024-04-26T04:29:44.367+0000] {dag.py:3823} INFO - Setting next_dagrun for example_kubernetes_executor to None, run_after=None
[2024-04-26T04:29:44.391+0000] {processor.py:183} INFO - Processing /home/airflow/.local/lib/python3.8/site-packages/airflow/example_dags/example_kubernetes_executor.py took 0.080 seconds
[2024-04-26T04:30:14.742+0000] {processor.py:161} INFO - Started process (PID=730) to work on /home/airflow/.local/lib/python3.8/site-packages/airflow/example_dags/example_kubernetes_executor.py
[2024-04-26T04:30:14.745+0000] {processor.py:830} INFO - Processing file /home/airflow/.local/lib/python3.8/site-packages/airflow/example_dags/example_kubernetes_executor.py for tasks to queue
[2024-04-26T04:30:14.747+0000] {logging_mixin.py:188} INFO - [2024-04-26T04:30:14.747+0000] {dagbag.py:538} INFO - Filling up the DagBag from /home/airflow/.local/lib/python3.8/site-packages/airflow/example_dags/example_kubernetes_executor.py
[2024-04-26T04:30:14.756+0000] {processor.py:840} INFO - DAG(s) 'example_kubernetes_executor' retrieved from /home/airflow/.local/lib/python3.8/site-packages/airflow/example_dags/example_kubernetes_executor.py
[2024-04-26T04:30:14.782+0000] {logging_mixin.py:188} INFO - [2024-04-26T04:30:14.781+0000] {dag.py:3036} INFO - Sync 1 DAGs
[2024-04-26T04:30:14.790+0000] {logging_mixin.py:188} INFO - [2024-04-26T04:30:14.790+0000] {dag.py:3823} INFO - Setting next_dagrun for example_kubernetes_executor to None, run_after=None
[2024-04-26T04:30:14.803+0000] {processor.py:183} INFO - Processing /home/airflow/.local/lib/python3.8/site-packages/airflow/example_dags/example_kubernetes_executor.py took 0.063 seconds
[2024-04-26T04:30:45.258+0000] {processor.py:161} INFO - Started process (PID=806) to work on /home/airflow/.local/lib/python3.8/site-packages/airflow/example_dags/example_kubernetes_executor.py
[2024-04-26T04:30:45.259+0000] {processor.py:830} INFO - Processing file /home/airflow/.local/lib/python3.8/site-packages/airflow/example_dags/example_kubernetes_executor.py for tasks to queue
[2024-04-26T04:30:45.260+0000] {logging_mixin.py:188} INFO - [2024-04-26T04:30:45.260+0000] {dagbag.py:538} INFO - Filling up the DagBag from /home/airflow/.local/lib/python3.8/site-packages/airflow/example_dags/example_kubernetes_executor.py
[2024-04-26T04:30:45.270+0000] {processor.py:840} INFO - DAG(s) 'example_kubernetes_executor' retrieved from /home/airflow/.local/lib/python3.8/site-packages/airflow/example_dags/example_kubernetes_executor.py
[2024-04-26T04:30:45.296+0000] {logging_mixin.py:188} INFO - [2024-04-26T04:30:45.296+0000] {dag.py:3036} INFO - Sync 1 DAGs
[2024-04-26T04:30:45.305+0000] {logging_mixin.py:188} INFO - [2024-04-26T04:30:45.305+0000] {dag.py:3823} INFO - Setting next_dagrun for example_kubernetes_executor to None, run_after=None
[2024-04-26T04:30:45.319+0000] {processor.py:183} INFO - Processing /home/airflow/.local/lib/python3.8/site-packages/airflow/example_dags/example_kubernetes_executor.py took 0.064 seconds
[2024-04-26T04:31:15.722+0000] {processor.py:161} INFO - Started process (PID=882) to work on /home/airflow/.local/lib/python3.8/site-packages/airflow/example_dags/example_kubernetes_executor.py
[2024-04-26T04:31:15.723+0000] {processor.py:830} INFO - Processing file /home/airflow/.local/lib/python3.8/site-packages/airflow/example_dags/example_kubernetes_executor.py for tasks to queue
[2024-04-26T04:31:15.725+0000] {logging_mixin.py:188} INFO - [2024-04-26T04:31:15.725+0000] {dagbag.py:538} INFO - Filling up the DagBag from /home/airflow/.local/lib/python3.8/site-packages/airflow/example_dags/example_kubernetes_executor.py
[2024-04-26T04:31:15.734+0000] {processor.py:840} INFO - DAG(s) 'example_kubernetes_executor' retrieved from /home/airflow/.local/lib/python3.8/site-packages/airflow/example_dags/example_kubernetes_executor.py
[2024-04-26T04:31:15.760+0000] {logging_mixin.py:188} INFO - [2024-04-26T04:31:15.759+0000] {dag.py:3036} INFO - Sync 1 DAGs
[2024-04-26T04:31:15.768+0000] {logging_mixin.py:188} INFO - [2024-04-26T04:31:15.768+0000] {dag.py:3823} INFO - Setting next_dagrun for example_kubernetes_executor to None, run_after=None
[2024-04-26T04:31:15.783+0000] {processor.py:183} INFO - Processing /home/airflow/.local/lib/python3.8/site-packages/airflow/example_dags/example_kubernetes_executor.py took 0.063 seconds
[2024-04-26T04:31:46.107+0000] {processor.py:161} INFO - Started process (PID=958) to work on /home/airflow/.local/lib/python3.8/site-packages/airflow/example_dags/example_kubernetes_executor.py
[2024-04-26T04:31:46.108+0000] {processor.py:830} INFO - Processing file /home/airflow/.local/lib/python3.8/site-packages/airflow/example_dags/example_kubernetes_executor.py for tasks to queue
[2024-04-26T04:31:46.109+0000] {logging_mixin.py:188} INFO - [2024-04-26T04:31:46.109+0000] {dagbag.py:538} INFO - Filling up the DagBag from /home/airflow/.local/lib/python3.8/site-packages/airflow/example_dags/example_kubernetes_executor.py
[2024-04-26T04:31:46.119+0000] {processor.py:840} INFO - DAG(s) 'example_kubernetes_executor' retrieved from /home/airflow/.local/lib/python3.8/site-packages/airflow/example_dags/example_kubernetes_executor.py
[2024-04-26T04:31:46.145+0000] {logging_mixin.py:188} INFO - [2024-04-26T04:31:46.145+0000] {dag.py:3036} INFO - Sync 1 DAGs
[2024-04-26T04:31:46.155+0000] {logging_mixin.py:188} INFO - [2024-04-26T04:31:46.154+0000] {dag.py:3823} INFO - Setting next_dagrun for example_kubernetes_executor to None, run_after=None
[2024-04-26T04:31:46.168+0000] {processor.py:183} INFO - Processing /home/airflow/.local/lib/python3.8/site-packages/airflow/example_dags/example_kubernetes_executor.py took 0.064 seconds
[2024-04-26T04:32:16.741+0000] {processor.py:161} INFO - Started process (PID=1034) to work on /home/airflow/.local/lib/python3.8/site-packages/airflow/example_dags/example_kubernetes_executor.py
[2024-04-26T04:32:16.743+0000] {processor.py:830} INFO - Processing file /home/airflow/.local/lib/python3.8/site-packages/airflow/example_dags/example_kubernetes_executor.py for tasks to queue
[2024-04-26T04:32:16.745+0000] {logging_mixin.py:188} INFO - [2024-04-26T04:32:16.745+0000] {dagbag.py:538} INFO - Filling up the DagBag from /home/airflow/.local/lib/python3.8/site-packages/airflow/example_dags/example_kubernetes_executor.py
[2024-04-26T04:32:16.757+0000] {processor.py:840} INFO - DAG(s) 'example_kubernetes_executor' retrieved from /home/airflow/.local/lib/python3.8/site-packages/airflow/example_dags/example_kubernetes_executor.py
[2024-04-26T04:32:16.785+0000] {logging_mixin.py:188} INFO - [2024-04-26T04:32:16.785+0000] {dag.py:3036} INFO - Sync 1 DAGs
[2024-04-26T04:32:16.796+0000] {logging_mixin.py:188} INFO - [2024-04-26T04:32:16.796+0000] {dag.py:3823} INFO - Setting next_dagrun for example_kubernetes_executor to None, run_after=None
[2024-04-26T04:32:16.813+0000] {processor.py:183} INFO - Processing /home/airflow/.local/lib/python3.8/site-packages/airflow/example_dags/example_kubernetes_executor.py took 0.075 seconds
[2024-04-26T04:32:46.914+0000] {processor.py:161} INFO - Started process (PID=1110) to work on /home/airflow/.local/lib/python3.8/site-packages/airflow/example_dags/example_kubernetes_executor.py
[2024-04-26T04:32:46.915+0000] {processor.py:830} INFO - Processing file /home/airflow/.local/lib/python3.8/site-packages/airflow/example_dags/example_kubernetes_executor.py for tasks to queue
[2024-04-26T04:32:46.917+0000] {logging_mixin.py:188} INFO - [2024-04-26T04:32:46.917+0000] {dagbag.py:538} INFO - Filling up the DagBag from /home/airflow/.local/lib/python3.8/site-packages/airflow/example_dags/example_kubernetes_executor.py
[2024-04-26T04:32:46.928+0000] {processor.py:840} INFO - DAG(s) 'example_kubernetes_executor' retrieved from /home/airflow/.local/lib/python3.8/site-packages/airflow/example_dags/example_kubernetes_executor.py
[2024-04-26T04:32:46.965+0000] {logging_mixin.py:188} INFO - [2024-04-26T04:32:46.964+0000] {dag.py:3036} INFO - Sync 1 DAGs
[2024-04-26T04:32:46.979+0000] {logging_mixin.py:188} INFO - [2024-04-26T04:32:46.978+0000] {dag.py:3823} INFO - Setting next_dagrun for example_kubernetes_executor to None, run_after=None
[2024-04-26T04:32:46.994+0000] {processor.py:183} INFO - Processing /home/airflow/.local/lib/python3.8/site-packages/airflow/example_dags/example_kubernetes_executor.py took 0.083 seconds
[2024-04-26T04:33:17.863+0000] {processor.py:161} INFO - Started process (PID=1186) to work on /home/airflow/.local/lib/python3.8/site-packages/airflow/example_dags/example_kubernetes_executor.py
[2024-04-26T04:33:17.865+0000] {processor.py:830} INFO - Processing file /home/airflow/.local/lib/python3.8/site-packages/airflow/example_dags/example_kubernetes_executor.py for tasks to queue
[2024-04-26T04:33:17.867+0000] {logging_mixin.py:188} INFO - [2024-04-26T04:33:17.867+0000] {dagbag.py:538} INFO - Filling up the DagBag from /home/airflow/.local/lib/python3.8/site-packages/airflow/example_dags/example_kubernetes_executor.py
[2024-04-26T04:33:17.879+0000] {processor.py:840} INFO - DAG(s) 'example_kubernetes_executor' retrieved from /home/airflow/.local/lib/python3.8/site-packages/airflow/example_dags/example_kubernetes_executor.py
[2024-04-26T04:33:17.911+0000] {logging_mixin.py:188} INFO - [2024-04-26T04:33:17.911+0000] {dag.py:3036} INFO - Sync 1 DAGs
[2024-04-26T04:33:17.923+0000] {logging_mixin.py:188} INFO - [2024-04-26T04:33:17.922+0000] {dag.py:3823} INFO - Setting next_dagrun for example_kubernetes_executor to None, run_after=None
[2024-04-26T04:33:17.939+0000] {processor.py:183} INFO - Processing /home/airflow/.local/lib/python3.8/site-packages/airflow/example_dags/example_kubernetes_executor.py took 0.080 seconds
[2024-04-26T04:33:47.981+0000] {processor.py:161} INFO - Started process (PID=1262) to work on /home/airflow/.local/lib/python3.8/site-packages/airflow/example_dags/example_kubernetes_executor.py
[2024-04-26T04:33:47.982+0000] {processor.py:830} INFO - Processing file /home/airflow/.local/lib/python3.8/site-packages/airflow/example_dags/example_kubernetes_executor.py for tasks to queue
[2024-04-26T04:33:47.984+0000] {logging_mixin.py:188} INFO - [2024-04-26T04:33:47.984+0000] {dagbag.py:538} INFO - Filling up the DagBag from /home/airflow/.local/lib/python3.8/site-packages/airflow/example_dags/example_kubernetes_executor.py
[2024-04-26T04:33:47.994+0000] {processor.py:840} INFO - DAG(s) 'example_kubernetes_executor' retrieved from /home/airflow/.local/lib/python3.8/site-packages/airflow/example_dags/example_kubernetes_executor.py
[2024-04-26T04:33:48.023+0000] {logging_mixin.py:188} INFO - [2024-04-26T04:33:48.022+0000] {dag.py:3036} INFO - Sync 1 DAGs
[2024-04-26T04:33:48.033+0000] {logging_mixin.py:188} INFO - [2024-04-26T04:33:48.033+0000] {dag.py:3823} INFO - Setting next_dagrun for example_kubernetes_executor to None, run_after=None
[2024-04-26T04:33:48.051+0000] {processor.py:183} INFO - Processing /home/airflow/.local/lib/python3.8/site-packages/airflow/example_dags/example_kubernetes_executor.py took 0.072 seconds
[2024-04-26T04:34:18.526+0000] {processor.py:161} INFO - Started process (PID=1338) to work on /home/airflow/.local/lib/python3.8/site-packages/airflow/example_dags/example_kubernetes_executor.py
[2024-04-26T04:34:18.528+0000] {processor.py:830} INFO - Processing file /home/airflow/.local/lib/python3.8/site-packages/airflow/example_dags/example_kubernetes_executor.py for tasks to queue
[2024-04-26T04:34:18.529+0000] {logging_mixin.py:188} INFO - [2024-04-26T04:34:18.529+0000] {dagbag.py:538} INFO - Filling up the DagBag from /home/airflow/.local/lib/python3.8/site-packages/airflow/example_dags/example_kubernetes_executor.py
[2024-04-26T04:34:18.541+0000] {processor.py:840} INFO - DAG(s) 'example_kubernetes_executor' retrieved from /home/airflow/.local/lib/python3.8/site-packages/airflow/example_dags/example_kubernetes_executor.py
[2024-04-26T04:34:18.575+0000] {logging_mixin.py:188} INFO - [2024-04-26T04:34:18.575+0000] {dag.py:3036} INFO - Sync 1 DAGs
[2024-04-26T04:34:18.589+0000] {logging_mixin.py:188} INFO - [2024-04-26T04:34:18.588+0000] {dag.py:3823} INFO - Setting next_dagrun for example_kubernetes_executor to None, run_after=None
[2024-04-26T04:34:18.608+0000] {processor.py:183} INFO - Processing /home/airflow/.local/lib/python3.8/site-packages/airflow/example_dags/example_kubernetes_executor.py took 0.085 seconds
[2024-04-26T04:34:49.411+0000] {processor.py:161} INFO - Started process (PID=1414) to work on /home/airflow/.local/lib/python3.8/site-packages/airflow/example_dags/example_kubernetes_executor.py
[2024-04-26T04:34:49.412+0000] {processor.py:830} INFO - Processing file /home/airflow/.local/lib/python3.8/site-packages/airflow/example_dags/example_kubernetes_executor.py for tasks to queue
[2024-04-26T04:34:49.414+0000] {logging_mixin.py:188} INFO - [2024-04-26T04:34:49.413+0000] {dagbag.py:538} INFO - Filling up the DagBag from /home/airflow/.local/lib/python3.8/site-packages/airflow/example_dags/example_kubernetes_executor.py
[2024-04-26T04:34:49.424+0000] {processor.py:840} INFO - DAG(s) 'example_kubernetes_executor' retrieved from /home/airflow/.local/lib/python3.8/site-packages/airflow/example_dags/example_kubernetes_executor.py
[2024-04-26T04:34:49.451+0000] {logging_mixin.py:188} INFO - [2024-04-26T04:34:49.450+0000] {dag.py:3036} INFO - Sync 1 DAGs
[2024-04-26T04:34:49.460+0000] {logging_mixin.py:188} INFO - [2024-04-26T04:34:49.460+0000] {dag.py:3823} INFO - Setting next_dagrun for example_kubernetes_executor to None, run_after=None
[2024-04-26T04:34:49.475+0000] {processor.py:183} INFO - Processing /home/airflow/.local/lib/python3.8/site-packages/airflow/example_dags/example_kubernetes_executor.py took 0.066 seconds
[2024-04-26T04:35:19.870+0000] {processor.py:161} INFO - Started process (PID=1490) to work on /home/airflow/.local/lib/python3.8/site-packages/airflow/example_dags/example_kubernetes_executor.py
[2024-04-26T04:35:19.872+0000] {processor.py:830} INFO - Processing file /home/airflow/.local/lib/python3.8/site-packages/airflow/example_dags/example_kubernetes_executor.py for tasks to queue
[2024-04-26T04:35:19.892+0000] {logging_mixin.py:188} INFO - [2024-04-26T04:35:19.892+0000] {dagbag.py:538} INFO - Filling up the DagBag from /home/airflow/.local/lib/python3.8/site-packages/airflow/example_dags/example_kubernetes_executor.py
[2024-04-26T04:35:19.902+0000] {processor.py:840} INFO - DAG(s) 'example_kubernetes_executor' retrieved from /home/airflow/.local/lib/python3.8/site-packages/airflow/example_dags/example_kubernetes_executor.py
[2024-04-26T04:35:19.929+0000] {logging_mixin.py:188} INFO - [2024-04-26T04:35:19.928+0000] {dag.py:3036} INFO - Sync 1 DAGs
[2024-04-26T04:35:19.938+0000] {logging_mixin.py:188} INFO - [2024-04-26T04:35:19.937+0000] {dag.py:3823} INFO - Setting next_dagrun for example_kubernetes_executor to None, run_after=None
[2024-04-26T04:35:19.951+0000] {processor.py:183} INFO - Processing /home/airflow/.local/lib/python3.8/site-packages/airflow/example_dags/example_kubernetes_executor.py took 0.084 seconds
[2024-04-26T04:35:50.226+0000] {processor.py:161} INFO - Started process (PID=1566) to work on /home/airflow/.local/lib/python3.8/site-packages/airflow/example_dags/example_kubernetes_executor.py
[2024-04-26T04:35:50.228+0000] {processor.py:830} INFO - Processing file /home/airflow/.local/lib/python3.8/site-packages/airflow/example_dags/example_kubernetes_executor.py for tasks to queue
[2024-04-26T04:35:50.229+0000] {logging_mixin.py:188} INFO - [2024-04-26T04:35:50.229+0000] {dagbag.py:538} INFO - Filling up the DagBag from /home/airflow/.local/lib/python3.8/site-packages/airflow/example_dags/example_kubernetes_executor.py
[2024-04-26T04:35:50.239+0000] {processor.py:840} INFO - DAG(s) 'example_kubernetes_executor' retrieved from /home/airflow/.local/lib/python3.8/site-packages/airflow/example_dags/example_kubernetes_executor.py
[2024-04-26T04:35:50.263+0000] {logging_mixin.py:188} INFO - [2024-04-26T04:35:50.263+0000] {dag.py:3036} INFO - Sync 1 DAGs
[2024-04-26T04:35:50.273+0000] {logging_mixin.py:188} INFO - [2024-04-26T04:35:50.273+0000] {dag.py:3823} INFO - Setting next_dagrun for example_kubernetes_executor to None, run_after=None
[2024-04-26T04:35:50.289+0000] {processor.py:183} INFO - Processing /home/airflow/.local/lib/python3.8/site-packages/airflow/example_dags/example_kubernetes_executor.py took 0.065 seconds
[2024-04-26T04:36:20.341+0000] {processor.py:161} INFO - Started process (PID=1642) to work on /home/airflow/.local/lib/python3.8/site-packages/airflow/example_dags/example_kubernetes_executor.py
[2024-04-26T04:36:20.342+0000] {processor.py:830} INFO - Processing file /home/airflow/.local/lib/python3.8/site-packages/airflow/example_dags/example_kubernetes_executor.py for tasks to queue
[2024-04-26T04:36:20.343+0000] {logging_mixin.py:188} INFO - [2024-04-26T04:36:20.343+0000] {dagbag.py:538} INFO - Filling up the DagBag from /home/airflow/.local/lib/python3.8/site-packages/airflow/example_dags/example_kubernetes_executor.py
[2024-04-26T04:36:20.353+0000] {processor.py:840} INFO - DAG(s) 'example_kubernetes_executor' retrieved from /home/airflow/.local/lib/python3.8/site-packages/airflow/example_dags/example_kubernetes_executor.py
[2024-04-26T04:36:20.379+0000] {logging_mixin.py:188} INFO - [2024-04-26T04:36:20.379+0000] {dag.py:3036} INFO - Sync 1 DAGs
[2024-04-26T04:36:20.389+0000] {logging_mixin.py:188} INFO - [2024-04-26T04:36:20.389+0000] {dag.py:3823} INFO - Setting next_dagrun for example_kubernetes_executor to None, run_after=None
[2024-04-26T04:36:20.404+0000] {processor.py:183} INFO - Processing /home/airflow/.local/lib/python3.8/site-packages/airflow/example_dags/example_kubernetes_executor.py took 0.065 seconds
[2024-04-26T04:36:50.511+0000] {processor.py:161} INFO - Started process (PID=1718) to work on /home/airflow/.local/lib/python3.8/site-packages/airflow/example_dags/example_kubernetes_executor.py
[2024-04-26T04:36:50.512+0000] {processor.py:830} INFO - Processing file /home/airflow/.local/lib/python3.8/site-packages/airflow/example_dags/example_kubernetes_executor.py for tasks to queue
[2024-04-26T04:36:50.513+0000] {logging_mixin.py:188} INFO - [2024-04-26T04:36:50.513+0000] {dagbag.py:538} INFO - Filling up the DagBag from /home/airflow/.local/lib/python3.8/site-packages/airflow/example_dags/example_kubernetes_executor.py
[2024-04-26T04:36:50.522+0000] {processor.py:840} INFO - DAG(s) 'example_kubernetes_executor' retrieved from /home/airflow/.local/lib/python3.8/site-packages/airflow/example_dags/example_kubernetes_executor.py
[2024-04-26T04:36:50.547+0000] {logging_mixin.py:188} INFO - [2024-04-26T04:36:50.547+0000] {dag.py:3036} INFO - Sync 1 DAGs
[2024-04-26T04:36:50.556+0000] {logging_mixin.py:188} INFO - [2024-04-26T04:36:50.556+0000] {dag.py:3823} INFO - Setting next_dagrun for example_kubernetes_executor to None, run_after=None
[2024-04-26T04:36:50.572+0000] {processor.py:183} INFO - Processing /home/airflow/.local/lib/python3.8/site-packages/airflow/example_dags/example_kubernetes_executor.py took 0.063 seconds
