[2024-04-26T04:26:08.303+0000] {processor.py:161} INFO - Started process (PID=86) to work on /home/airflow/.local/lib/python3.8/site-packages/airflow/example_dags/example_python_operator.py
[2024-04-26T04:26:08.304+0000] {processor.py:830} INFO - Processing file /home/airflow/.local/lib/python3.8/site-packages/airflow/example_dags/example_python_operator.py for tasks to queue
[2024-04-26T04:26:08.307+0000] {logging_mixin.py:188} INFO - [2024-04-26T04:26:08.306+0000] {dagbag.py:538} INFO - Filling up the DagBag from /home/airflow/.local/lib/python3.8/site-packages/airflow/example_dags/example_python_operator.py
[2024-04-26T04:26:08.321+0000] {processor.py:840} INFO - DAG(s) 'example_python_operator' retrieved from /home/airflow/.local/lib/python3.8/site-packages/airflow/example_dags/example_python_operator.py
[2024-04-26T04:26:08.417+0000] {logging_mixin.py:188} INFO - [2024-04-26T04:26:08.417+0000] {dag.py:3036} INFO - Sync 1 DAGs
[2024-04-26T04:26:08.428+0000] {logging_mixin.py:188} INFO - [2024-04-26T04:26:08.428+0000] {dag.py:3823} INFO - Setting next_dagrun for example_python_operator to None, run_after=None
[2024-04-26T04:26:08.450+0000] {processor.py:183} INFO - Processing /home/airflow/.local/lib/python3.8/site-packages/airflow/example_dags/example_python_operator.py took 0.152 seconds
[2024-04-26T04:26:39.028+0000] {processor.py:161} INFO - Started process (PID=162) to work on /home/airflow/.local/lib/python3.8/site-packages/airflow/example_dags/example_python_operator.py
[2024-04-26T04:26:39.030+0000] {processor.py:830} INFO - Processing file /home/airflow/.local/lib/python3.8/site-packages/airflow/example_dags/example_python_operator.py for tasks to queue
[2024-04-26T04:26:39.031+0000] {logging_mixin.py:188} INFO - [2024-04-26T04:26:39.031+0000] {dagbag.py:538} INFO - Filling up the DagBag from /home/airflow/.local/lib/python3.8/site-packages/airflow/example_dags/example_python_operator.py
[2024-04-26T04:26:39.041+0000] {processor.py:840} INFO - DAG(s) 'example_python_operator' retrieved from /home/airflow/.local/lib/python3.8/site-packages/airflow/example_dags/example_python_operator.py
[2024-04-26T04:26:39.063+0000] {logging_mixin.py:188} INFO - [2024-04-26T04:26:39.063+0000] {dag.py:3036} INFO - Sync 1 DAGs
[2024-04-26T04:26:39.079+0000] {logging_mixin.py:188} INFO - [2024-04-26T04:26:39.079+0000] {dag.py:3823} INFO - Setting next_dagrun for example_python_operator to None, run_after=None
[2024-04-26T04:26:39.101+0000] {processor.py:183} INFO - Processing /home/airflow/.local/lib/python3.8/site-packages/airflow/example_dags/example_python_operator.py took 0.075 seconds
[2024-04-26T04:27:09.325+0000] {processor.py:161} INFO - Started process (PID=259) to work on /home/airflow/.local/lib/python3.8/site-packages/airflow/example_dags/example_python_operator.py
[2024-04-26T04:27:09.331+0000] {processor.py:830} INFO - Processing file /home/airflow/.local/lib/python3.8/site-packages/airflow/example_dags/example_python_operator.py for tasks to queue
[2024-04-26T04:27:09.335+0000] {logging_mixin.py:188} INFO - [2024-04-26T04:27:09.335+0000] {dagbag.py:538} INFO - Filling up the DagBag from /home/airflow/.local/lib/python3.8/site-packages/airflow/example_dags/example_python_operator.py
[2024-04-26T04:27:09.345+0000] {processor.py:840} INFO - DAG(s) 'example_python_operator' retrieved from /home/airflow/.local/lib/python3.8/site-packages/airflow/example_dags/example_python_operator.py
[2024-04-26T04:27:09.390+0000] {logging_mixin.py:188} INFO - [2024-04-26T04:27:09.390+0000] {dag.py:3036} INFO - Sync 1 DAGs
[2024-04-26T04:27:09.402+0000] {logging_mixin.py:188} INFO - [2024-04-26T04:27:09.401+0000] {dag.py:3823} INFO - Setting next_dagrun for example_python_operator to None, run_after=None
[2024-04-26T04:27:09.424+0000] {processor.py:183} INFO - Processing /home/airflow/.local/lib/python3.8/site-packages/airflow/example_dags/example_python_operator.py took 0.102 seconds
[2024-04-26T04:27:39.605+0000] {processor.py:161} INFO - Started process (PID=335) to work on /home/airflow/.local/lib/python3.8/site-packages/airflow/example_dags/example_python_operator.py
[2024-04-26T04:27:39.607+0000] {processor.py:830} INFO - Processing file /home/airflow/.local/lib/python3.8/site-packages/airflow/example_dags/example_python_operator.py for tasks to queue
[2024-04-26T04:27:39.609+0000] {logging_mixin.py:188} INFO - [2024-04-26T04:27:39.609+0000] {dagbag.py:538} INFO - Filling up the DagBag from /home/airflow/.local/lib/python3.8/site-packages/airflow/example_dags/example_python_operator.py
[2024-04-26T04:27:39.620+0000] {processor.py:840} INFO - DAG(s) 'example_python_operator' retrieved from /home/airflow/.local/lib/python3.8/site-packages/airflow/example_dags/example_python_operator.py
[2024-04-26T04:27:39.643+0000] {logging_mixin.py:188} INFO - [2024-04-26T04:27:39.642+0000] {dag.py:3036} INFO - Sync 1 DAGs
[2024-04-26T04:27:39.654+0000] {logging_mixin.py:188} INFO - [2024-04-26T04:27:39.654+0000] {dag.py:3823} INFO - Setting next_dagrun for example_python_operator to None, run_after=None
[2024-04-26T04:27:39.674+0000] {processor.py:183} INFO - Processing /home/airflow/.local/lib/python3.8/site-packages/airflow/example_dags/example_python_operator.py took 0.072 seconds
[2024-04-26T04:28:10.073+0000] {processor.py:161} INFO - Started process (PID=411) to work on /home/airflow/.local/lib/python3.8/site-packages/airflow/example_dags/example_python_operator.py
[2024-04-26T04:28:10.076+0000] {processor.py:830} INFO - Processing file /home/airflow/.local/lib/python3.8/site-packages/airflow/example_dags/example_python_operator.py for tasks to queue
[2024-04-26T04:28:10.078+0000] {logging_mixin.py:188} INFO - [2024-04-26T04:28:10.078+0000] {dagbag.py:538} INFO - Filling up the DagBag from /home/airflow/.local/lib/python3.8/site-packages/airflow/example_dags/example_python_operator.py
[2024-04-26T04:28:10.087+0000] {processor.py:840} INFO - DAG(s) 'example_python_operator' retrieved from /home/airflow/.local/lib/python3.8/site-packages/airflow/example_dags/example_python_operator.py
[2024-04-26T04:28:10.104+0000] {logging_mixin.py:188} INFO - [2024-04-26T04:28:10.104+0000] {dag.py:3036} INFO - Sync 1 DAGs
[2024-04-26T04:28:10.133+0000] {logging_mixin.py:188} INFO - [2024-04-26T04:28:10.133+0000] {dag.py:3823} INFO - Setting next_dagrun for example_python_operator to None, run_after=None
[2024-04-26T04:28:10.150+0000] {processor.py:183} INFO - Processing /home/airflow/.local/lib/python3.8/site-packages/airflow/example_dags/example_python_operator.py took 0.080 seconds
[2024-04-26T04:28:40.842+0000] {processor.py:161} INFO - Started process (PID=487) to work on /home/airflow/.local/lib/python3.8/site-packages/airflow/example_dags/example_python_operator.py
[2024-04-26T04:28:40.843+0000] {processor.py:830} INFO - Processing file /home/airflow/.local/lib/python3.8/site-packages/airflow/example_dags/example_python_operator.py for tasks to queue
[2024-04-26T04:28:40.846+0000] {logging_mixin.py:188} INFO - [2024-04-26T04:28:40.845+0000] {dagbag.py:538} INFO - Filling up the DagBag from /home/airflow/.local/lib/python3.8/site-packages/airflow/example_dags/example_python_operator.py
[2024-04-26T04:28:40.858+0000] {processor.py:840} INFO - DAG(s) 'example_python_operator' retrieved from /home/airflow/.local/lib/python3.8/site-packages/airflow/example_dags/example_python_operator.py
[2024-04-26T04:28:40.881+0000] {logging_mixin.py:188} INFO - [2024-04-26T04:28:40.881+0000] {dag.py:3036} INFO - Sync 1 DAGs
[2024-04-26T04:28:40.894+0000] {logging_mixin.py:188} INFO - [2024-04-26T04:28:40.894+0000] {dag.py:3823} INFO - Setting next_dagrun for example_python_operator to None, run_after=None
[2024-04-26T04:28:40.917+0000] {processor.py:183} INFO - Processing /home/airflow/.local/lib/python3.8/site-packages/airflow/example_dags/example_python_operator.py took 0.079 seconds
[2024-04-26T04:29:11.835+0000] {processor.py:161} INFO - Started process (PID=564) to work on /home/airflow/.local/lib/python3.8/site-packages/airflow/example_dags/example_python_operator.py
[2024-04-26T04:29:11.837+0000] {processor.py:830} INFO - Processing file /home/airflow/.local/lib/python3.8/site-packages/airflow/example_dags/example_python_operator.py for tasks to queue
[2024-04-26T04:29:11.839+0000] {logging_mixin.py:188} INFO - [2024-04-26T04:29:11.839+0000] {dagbag.py:538} INFO - Filling up the DagBag from /home/airflow/.local/lib/python3.8/site-packages/airflow/example_dags/example_python_operator.py
[2024-04-26T04:29:11.847+0000] {processor.py:840} INFO - DAG(s) 'example_python_operator' retrieved from /home/airflow/.local/lib/python3.8/site-packages/airflow/example_dags/example_python_operator.py
[2024-04-26T04:29:11.866+0000] {logging_mixin.py:188} INFO - [2024-04-26T04:29:11.866+0000] {dag.py:3036} INFO - Sync 1 DAGs
[2024-04-26T04:29:11.876+0000] {logging_mixin.py:188} INFO - [2024-04-26T04:29:11.876+0000] {dag.py:3823} INFO - Setting next_dagrun for example_python_operator to None, run_after=None
[2024-04-26T04:29:11.894+0000] {processor.py:183} INFO - Processing /home/airflow/.local/lib/python3.8/site-packages/airflow/example_dags/example_python_operator.py took 0.062 seconds
[2024-04-26T04:29:42.468+0000] {processor.py:161} INFO - Started process (PID=640) to work on /home/airflow/.local/lib/python3.8/site-packages/airflow/example_dags/example_python_operator.py
[2024-04-26T04:29:42.511+0000] {processor.py:830} INFO - Processing file /home/airflow/.local/lib/python3.8/site-packages/airflow/example_dags/example_python_operator.py for tasks to queue
[2024-04-26T04:29:42.515+0000] {logging_mixin.py:188} INFO - [2024-04-26T04:29:42.515+0000] {dagbag.py:538} INFO - Filling up the DagBag from /home/airflow/.local/lib/python3.8/site-packages/airflow/example_dags/example_python_operator.py
[2024-04-26T04:29:42.526+0000] {processor.py:840} INFO - DAG(s) 'example_python_operator' retrieved from /home/airflow/.local/lib/python3.8/site-packages/airflow/example_dags/example_python_operator.py
[2024-04-26T04:29:42.546+0000] {logging_mixin.py:188} INFO - [2024-04-26T04:29:42.546+0000] {dag.py:3036} INFO - Sync 1 DAGs
[2024-04-26T04:29:42.555+0000] {logging_mixin.py:188} INFO - [2024-04-26T04:29:42.555+0000] {dag.py:3823} INFO - Setting next_dagrun for example_python_operator to None, run_after=None
[2024-04-26T04:29:42.576+0000] {processor.py:183} INFO - Processing /home/airflow/.local/lib/python3.8/site-packages/airflow/example_dags/example_python_operator.py took 0.111 seconds
[2024-04-26T04:30:13.150+0000] {processor.py:161} INFO - Started process (PID=716) to work on /home/airflow/.local/lib/python3.8/site-packages/airflow/example_dags/example_python_operator.py
[2024-04-26T04:30:13.151+0000] {processor.py:830} INFO - Processing file /home/airflow/.local/lib/python3.8/site-packages/airflow/example_dags/example_python_operator.py for tasks to queue
[2024-04-26T04:30:13.153+0000] {logging_mixin.py:188} INFO - [2024-04-26T04:30:13.152+0000] {dagbag.py:538} INFO - Filling up the DagBag from /home/airflow/.local/lib/python3.8/site-packages/airflow/example_dags/example_python_operator.py
[2024-04-26T04:30:13.161+0000] {processor.py:840} INFO - DAG(s) 'example_python_operator' retrieved from /home/airflow/.local/lib/python3.8/site-packages/airflow/example_dags/example_python_operator.py
[2024-04-26T04:30:13.178+0000] {logging_mixin.py:188} INFO - [2024-04-26T04:30:13.178+0000] {dag.py:3036} INFO - Sync 1 DAGs
[2024-04-26T04:30:13.188+0000] {logging_mixin.py:188} INFO - [2024-04-26T04:30:13.188+0000] {dag.py:3823} INFO - Setting next_dagrun for example_python_operator to None, run_after=None
[2024-04-26T04:30:13.203+0000] {processor.py:183} INFO - Processing /home/airflow/.local/lib/python3.8/site-packages/airflow/example_dags/example_python_operator.py took 0.057 seconds
[2024-04-26T04:30:43.665+0000] {processor.py:161} INFO - Started process (PID=792) to work on /home/airflow/.local/lib/python3.8/site-packages/airflow/example_dags/example_python_operator.py
[2024-04-26T04:30:43.666+0000] {processor.py:830} INFO - Processing file /home/airflow/.local/lib/python3.8/site-packages/airflow/example_dags/example_python_operator.py for tasks to queue
[2024-04-26T04:30:43.668+0000] {logging_mixin.py:188} INFO - [2024-04-26T04:30:43.667+0000] {dagbag.py:538} INFO - Filling up the DagBag from /home/airflow/.local/lib/python3.8/site-packages/airflow/example_dags/example_python_operator.py
[2024-04-26T04:30:43.676+0000] {processor.py:840} INFO - DAG(s) 'example_python_operator' retrieved from /home/airflow/.local/lib/python3.8/site-packages/airflow/example_dags/example_python_operator.py
[2024-04-26T04:30:43.694+0000] {logging_mixin.py:188} INFO - [2024-04-26T04:30:43.694+0000] {dag.py:3036} INFO - Sync 1 DAGs
[2024-04-26T04:30:43.704+0000] {logging_mixin.py:188} INFO - [2024-04-26T04:30:43.703+0000] {dag.py:3823} INFO - Setting next_dagrun for example_python_operator to None, run_after=None
[2024-04-26T04:30:43.719+0000] {processor.py:183} INFO - Processing /home/airflow/.local/lib/python3.8/site-packages/airflow/example_dags/example_python_operator.py took 0.057 seconds
[2024-04-26T04:31:14.041+0000] {processor.py:161} INFO - Started process (PID=868) to work on /home/airflow/.local/lib/python3.8/site-packages/airflow/example_dags/example_python_operator.py
[2024-04-26T04:31:14.043+0000] {processor.py:830} INFO - Processing file /home/airflow/.local/lib/python3.8/site-packages/airflow/example_dags/example_python_operator.py for tasks to queue
[2024-04-26T04:31:14.045+0000] {logging_mixin.py:188} INFO - [2024-04-26T04:31:14.044+0000] {dagbag.py:538} INFO - Filling up the DagBag from /home/airflow/.local/lib/python3.8/site-packages/airflow/example_dags/example_python_operator.py
[2024-04-26T04:31:14.053+0000] {processor.py:840} INFO - DAG(s) 'example_python_operator' retrieved from /home/airflow/.local/lib/python3.8/site-packages/airflow/example_dags/example_python_operator.py
[2024-04-26T04:31:14.071+0000] {logging_mixin.py:188} INFO - [2024-04-26T04:31:14.071+0000] {dag.py:3036} INFO - Sync 1 DAGs
[2024-04-26T04:31:14.081+0000] {logging_mixin.py:188} INFO - [2024-04-26T04:31:14.081+0000] {dag.py:3823} INFO - Setting next_dagrun for example_python_operator to None, run_after=None
[2024-04-26T04:31:14.100+0000] {processor.py:183} INFO - Processing /home/airflow/.local/lib/python3.8/site-packages/airflow/example_dags/example_python_operator.py took 0.061 seconds
[2024-04-26T04:31:44.350+0000] {processor.py:161} INFO - Started process (PID=944) to work on /home/airflow/.local/lib/python3.8/site-packages/airflow/example_dags/example_python_operator.py
[2024-04-26T04:31:44.351+0000] {processor.py:830} INFO - Processing file /home/airflow/.local/lib/python3.8/site-packages/airflow/example_dags/example_python_operator.py for tasks to queue
[2024-04-26T04:31:44.354+0000] {logging_mixin.py:188} INFO - [2024-04-26T04:31:44.353+0000] {dagbag.py:538} INFO - Filling up the DagBag from /home/airflow/.local/lib/python3.8/site-packages/airflow/example_dags/example_python_operator.py
[2024-04-26T04:31:44.364+0000] {processor.py:840} INFO - DAG(s) 'example_python_operator' retrieved from /home/airflow/.local/lib/python3.8/site-packages/airflow/example_dags/example_python_operator.py
[2024-04-26T04:31:44.383+0000] {logging_mixin.py:188} INFO - [2024-04-26T04:31:44.383+0000] {dag.py:3036} INFO - Sync 1 DAGs
[2024-04-26T04:31:44.395+0000] {logging_mixin.py:188} INFO - [2024-04-26T04:31:44.394+0000] {dag.py:3823} INFO - Setting next_dagrun for example_python_operator to None, run_after=None
[2024-04-26T04:31:44.413+0000] {processor.py:183} INFO - Processing /home/airflow/.local/lib/python3.8/site-packages/airflow/example_dags/example_python_operator.py took 0.067 seconds
[2024-04-26T04:32:15.011+0000] {processor.py:161} INFO - Started process (PID=1020) to work on /home/airflow/.local/lib/python3.8/site-packages/airflow/example_dags/example_python_operator.py
[2024-04-26T04:32:15.012+0000] {processor.py:830} INFO - Processing file /home/airflow/.local/lib/python3.8/site-packages/airflow/example_dags/example_python_operator.py for tasks to queue
[2024-04-26T04:32:15.014+0000] {logging_mixin.py:188} INFO - [2024-04-26T04:32:15.014+0000] {dagbag.py:538} INFO - Filling up the DagBag from /home/airflow/.local/lib/python3.8/site-packages/airflow/example_dags/example_python_operator.py
[2024-04-26T04:32:15.024+0000] {processor.py:840} INFO - DAG(s) 'example_python_operator' retrieved from /home/airflow/.local/lib/python3.8/site-packages/airflow/example_dags/example_python_operator.py
[2024-04-26T04:32:15.042+0000] {logging_mixin.py:188} INFO - [2024-04-26T04:32:15.042+0000] {dag.py:3036} INFO - Sync 1 DAGs
[2024-04-26T04:32:15.053+0000] {logging_mixin.py:188} INFO - [2024-04-26T04:32:15.053+0000] {dag.py:3823} INFO - Setting next_dagrun for example_python_operator to None, run_after=None
[2024-04-26T04:32:15.070+0000] {processor.py:183} INFO - Processing /home/airflow/.local/lib/python3.8/site-packages/airflow/example_dags/example_python_operator.py took 0.062 seconds
[2024-04-26T04:32:45.802+0000] {processor.py:161} INFO - Started process (PID=1096) to work on /home/airflow/.local/lib/python3.8/site-packages/airflow/example_dags/example_python_operator.py
[2024-04-26T04:32:45.803+0000] {processor.py:830} INFO - Processing file /home/airflow/.local/lib/python3.8/site-packages/airflow/example_dags/example_python_operator.py for tasks to queue
[2024-04-26T04:32:45.806+0000] {logging_mixin.py:188} INFO - [2024-04-26T04:32:45.805+0000] {dagbag.py:538} INFO - Filling up the DagBag from /home/airflow/.local/lib/python3.8/site-packages/airflow/example_dags/example_python_operator.py
[2024-04-26T04:32:45.817+0000] {processor.py:840} INFO - DAG(s) 'example_python_operator' retrieved from /home/airflow/.local/lib/python3.8/site-packages/airflow/example_dags/example_python_operator.py
[2024-04-26T04:32:45.837+0000] {logging_mixin.py:188} INFO - [2024-04-26T04:32:45.837+0000] {dag.py:3036} INFO - Sync 1 DAGs
[2024-04-26T04:32:45.849+0000] {logging_mixin.py:188} INFO - [2024-04-26T04:32:45.849+0000] {dag.py:3823} INFO - Setting next_dagrun for example_python_operator to None, run_after=None
[2024-04-26T04:32:45.866+0000] {processor.py:183} INFO - Processing /home/airflow/.local/lib/python3.8/site-packages/airflow/example_dags/example_python_operator.py took 0.068 seconds
[2024-04-26T04:33:16.050+0000] {processor.py:161} INFO - Started process (PID=1172) to work on /home/airflow/.local/lib/python3.8/site-packages/airflow/example_dags/example_python_operator.py
[2024-04-26T04:33:16.052+0000] {processor.py:830} INFO - Processing file /home/airflow/.local/lib/python3.8/site-packages/airflow/example_dags/example_python_operator.py for tasks to queue
[2024-04-26T04:33:16.054+0000] {logging_mixin.py:188} INFO - [2024-04-26T04:33:16.054+0000] {dagbag.py:538} INFO - Filling up the DagBag from /home/airflow/.local/lib/python3.8/site-packages/airflow/example_dags/example_python_operator.py
[2024-04-26T04:33:16.064+0000] {processor.py:840} INFO - DAG(s) 'example_python_operator' retrieved from /home/airflow/.local/lib/python3.8/site-packages/airflow/example_dags/example_python_operator.py
[2024-04-26T04:33:16.085+0000] {logging_mixin.py:188} INFO - [2024-04-26T04:33:16.084+0000] {dag.py:3036} INFO - Sync 1 DAGs
[2024-04-26T04:33:16.100+0000] {logging_mixin.py:188} INFO - [2024-04-26T04:33:16.100+0000] {dag.py:3823} INFO - Setting next_dagrun for example_python_operator to None, run_after=None
[2024-04-26T04:33:16.119+0000] {processor.py:183} INFO - Processing /home/airflow/.local/lib/python3.8/site-packages/airflow/example_dags/example_python_operator.py took 0.072 seconds
[2024-04-26T04:33:46.227+0000] {processor.py:161} INFO - Started process (PID=1248) to work on /home/airflow/.local/lib/python3.8/site-packages/airflow/example_dags/example_python_operator.py
[2024-04-26T04:33:46.228+0000] {processor.py:830} INFO - Processing file /home/airflow/.local/lib/python3.8/site-packages/airflow/example_dags/example_python_operator.py for tasks to queue
[2024-04-26T04:33:46.230+0000] {logging_mixin.py:188} INFO - [2024-04-26T04:33:46.230+0000] {dagbag.py:538} INFO - Filling up the DagBag from /home/airflow/.local/lib/python3.8/site-packages/airflow/example_dags/example_python_operator.py
[2024-04-26T04:33:46.237+0000] {processor.py:840} INFO - DAG(s) 'example_python_operator' retrieved from /home/airflow/.local/lib/python3.8/site-packages/airflow/example_dags/example_python_operator.py
[2024-04-26T04:33:46.253+0000] {logging_mixin.py:188} INFO - [2024-04-26T04:33:46.253+0000] {dag.py:3036} INFO - Sync 1 DAGs
[2024-04-26T04:33:46.261+0000] {logging_mixin.py:188} INFO - [2024-04-26T04:33:46.261+0000] {dag.py:3823} INFO - Setting next_dagrun for example_python_operator to None, run_after=None
[2024-04-26T04:33:46.275+0000] {processor.py:183} INFO - Processing /home/airflow/.local/lib/python3.8/site-packages/airflow/example_dags/example_python_operator.py took 0.050 seconds
[2024-04-26T04:34:16.755+0000] {processor.py:161} INFO - Started process (PID=1324) to work on /home/airflow/.local/lib/python3.8/site-packages/airflow/example_dags/example_python_operator.py
[2024-04-26T04:34:16.756+0000] {processor.py:830} INFO - Processing file /home/airflow/.local/lib/python3.8/site-packages/airflow/example_dags/example_python_operator.py for tasks to queue
[2024-04-26T04:34:16.758+0000] {logging_mixin.py:188} INFO - [2024-04-26T04:34:16.757+0000] {dagbag.py:538} INFO - Filling up the DagBag from /home/airflow/.local/lib/python3.8/site-packages/airflow/example_dags/example_python_operator.py
[2024-04-26T04:34:16.765+0000] {processor.py:840} INFO - DAG(s) 'example_python_operator' retrieved from /home/airflow/.local/lib/python3.8/site-packages/airflow/example_dags/example_python_operator.py
[2024-04-26T04:34:16.783+0000] {logging_mixin.py:188} INFO - [2024-04-26T04:34:16.783+0000] {dag.py:3036} INFO - Sync 1 DAGs
[2024-04-26T04:34:16.792+0000] {logging_mixin.py:188} INFO - [2024-04-26T04:34:16.791+0000] {dag.py:3823} INFO - Setting next_dagrun for example_python_operator to None, run_after=None
[2024-04-26T04:34:16.809+0000] {processor.py:183} INFO - Processing /home/airflow/.local/lib/python3.8/site-packages/airflow/example_dags/example_python_operator.py took 0.056 seconds
[2024-04-26T04:34:47.795+0000] {processor.py:161} INFO - Started process (PID=1400) to work on /home/airflow/.local/lib/python3.8/site-packages/airflow/example_dags/example_python_operator.py
[2024-04-26T04:34:47.798+0000] {processor.py:830} INFO - Processing file /home/airflow/.local/lib/python3.8/site-packages/airflow/example_dags/example_python_operator.py for tasks to queue
[2024-04-26T04:34:47.800+0000] {logging_mixin.py:188} INFO - [2024-04-26T04:34:47.800+0000] {dagbag.py:538} INFO - Filling up the DagBag from /home/airflow/.local/lib/python3.8/site-packages/airflow/example_dags/example_python_operator.py
[2024-04-26T04:34:47.807+0000] {processor.py:840} INFO - DAG(s) 'example_python_operator' retrieved from /home/airflow/.local/lib/python3.8/site-packages/airflow/example_dags/example_python_operator.py
[2024-04-26T04:34:47.824+0000] {logging_mixin.py:188} INFO - [2024-04-26T04:34:47.824+0000] {dag.py:3036} INFO - Sync 1 DAGs
[2024-04-26T04:34:47.835+0000] {logging_mixin.py:188} INFO - [2024-04-26T04:34:47.835+0000] {dag.py:3823} INFO - Setting next_dagrun for example_python_operator to None, run_after=None
[2024-04-26T04:34:47.849+0000] {processor.py:183} INFO - Processing /home/airflow/.local/lib/python3.8/site-packages/airflow/example_dags/example_python_operator.py took 0.056 seconds
[2024-04-26T04:35:18.122+0000] {processor.py:161} INFO - Started process (PID=1476) to work on /home/airflow/.local/lib/python3.8/site-packages/airflow/example_dags/example_python_operator.py
[2024-04-26T04:35:18.123+0000] {processor.py:830} INFO - Processing file /home/airflow/.local/lib/python3.8/site-packages/airflow/example_dags/example_python_operator.py for tasks to queue
[2024-04-26T04:35:18.124+0000] {logging_mixin.py:188} INFO - [2024-04-26T04:35:18.124+0000] {dagbag.py:538} INFO - Filling up the DagBag from /home/airflow/.local/lib/python3.8/site-packages/airflow/example_dags/example_python_operator.py
[2024-04-26T04:35:18.132+0000] {processor.py:840} INFO - DAG(s) 'example_python_operator' retrieved from /home/airflow/.local/lib/python3.8/site-packages/airflow/example_dags/example_python_operator.py
[2024-04-26T04:35:18.148+0000] {logging_mixin.py:188} INFO - [2024-04-26T04:35:18.147+0000] {dag.py:3036} INFO - Sync 1 DAGs
[2024-04-26T04:35:18.158+0000] {logging_mixin.py:188} INFO - [2024-04-26T04:35:18.157+0000] {dag.py:3823} INFO - Setting next_dagrun for example_python_operator to None, run_after=None
[2024-04-26T04:35:18.172+0000] {processor.py:183} INFO - Processing /home/airflow/.local/lib/python3.8/site-packages/airflow/example_dags/example_python_operator.py took 0.052 seconds
[2024-04-26T04:35:48.461+0000] {processor.py:161} INFO - Started process (PID=1552) to work on /home/airflow/.local/lib/python3.8/site-packages/airflow/example_dags/example_python_operator.py
[2024-04-26T04:35:48.462+0000] {processor.py:830} INFO - Processing file /home/airflow/.local/lib/python3.8/site-packages/airflow/example_dags/example_python_operator.py for tasks to queue
[2024-04-26T04:35:48.467+0000] {logging_mixin.py:188} INFO - [2024-04-26T04:35:48.467+0000] {dagbag.py:538} INFO - Filling up the DagBag from /home/airflow/.local/lib/python3.8/site-packages/airflow/example_dags/example_python_operator.py
[2024-04-26T04:35:48.475+0000] {processor.py:840} INFO - DAG(s) 'example_python_operator' retrieved from /home/airflow/.local/lib/python3.8/site-packages/airflow/example_dags/example_python_operator.py
[2024-04-26T04:35:48.491+0000] {logging_mixin.py:188} INFO - [2024-04-26T04:35:48.491+0000] {dag.py:3036} INFO - Sync 1 DAGs
[2024-04-26T04:35:48.499+0000] {logging_mixin.py:188} INFO - [2024-04-26T04:35:48.499+0000] {dag.py:3823} INFO - Setting next_dagrun for example_python_operator to None, run_after=None
[2024-04-26T04:35:48.513+0000] {processor.py:183} INFO - Processing /home/airflow/.local/lib/python3.8/site-packages/airflow/example_dags/example_python_operator.py took 0.054 seconds
[2024-04-26T04:36:18.621+0000] {processor.py:161} INFO - Started process (PID=1628) to work on /home/airflow/.local/lib/python3.8/site-packages/airflow/example_dags/example_python_operator.py
[2024-04-26T04:36:18.622+0000] {processor.py:830} INFO - Processing file /home/airflow/.local/lib/python3.8/site-packages/airflow/example_dags/example_python_operator.py for tasks to queue
[2024-04-26T04:36:18.624+0000] {logging_mixin.py:188} INFO - [2024-04-26T04:36:18.624+0000] {dagbag.py:538} INFO - Filling up the DagBag from /home/airflow/.local/lib/python3.8/site-packages/airflow/example_dags/example_python_operator.py
[2024-04-26T04:36:18.632+0000] {processor.py:840} INFO - DAG(s) 'example_python_operator' retrieved from /home/airflow/.local/lib/python3.8/site-packages/airflow/example_dags/example_python_operator.py
[2024-04-26T04:36:18.649+0000] {logging_mixin.py:188} INFO - [2024-04-26T04:36:18.649+0000] {dag.py:3036} INFO - Sync 1 DAGs
[2024-04-26T04:36:18.659+0000] {logging_mixin.py:188} INFO - [2024-04-26T04:36:18.659+0000] {dag.py:3823} INFO - Setting next_dagrun for example_python_operator to None, run_after=None
[2024-04-26T04:36:18.676+0000] {processor.py:183} INFO - Processing /home/airflow/.local/lib/python3.8/site-packages/airflow/example_dags/example_python_operator.py took 0.058 seconds
[2024-04-26T04:36:49.631+0000] {processor.py:161} INFO - Started process (PID=1704) to work on /home/airflow/.local/lib/python3.8/site-packages/airflow/example_dags/example_python_operator.py
[2024-04-26T04:36:49.632+0000] {processor.py:830} INFO - Processing file /home/airflow/.local/lib/python3.8/site-packages/airflow/example_dags/example_python_operator.py for tasks to queue
[2024-04-26T04:36:49.633+0000] {logging_mixin.py:188} INFO - [2024-04-26T04:36:49.633+0000] {dagbag.py:538} INFO - Filling up the DagBag from /home/airflow/.local/lib/python3.8/site-packages/airflow/example_dags/example_python_operator.py
[2024-04-26T04:36:49.640+0000] {processor.py:840} INFO - DAG(s) 'example_python_operator' retrieved from /home/airflow/.local/lib/python3.8/site-packages/airflow/example_dags/example_python_operator.py
[2024-04-26T04:36:49.655+0000] {logging_mixin.py:188} INFO - [2024-04-26T04:36:49.655+0000] {dag.py:3036} INFO - Sync 1 DAGs
[2024-04-26T04:36:49.664+0000] {logging_mixin.py:188} INFO - [2024-04-26T04:36:49.664+0000] {dag.py:3823} INFO - Setting next_dagrun for example_python_operator to None, run_after=None
[2024-04-26T04:36:49.678+0000] {processor.py:183} INFO - Processing /home/airflow/.local/lib/python3.8/site-packages/airflow/example_dags/example_python_operator.py took 0.050 seconds
