[2024-04-26T04:26:06.075+0000] {processor.py:161} INFO - Started process (PID=51) to work on /home/airflow/.local/lib/python3.8/site-packages/airflow/example_dags/example_latest_only_with_trigger.py
[2024-04-26T04:26:06.077+0000] {processor.py:830} INFO - Processing file /home/airflow/.local/lib/python3.8/site-packages/airflow/example_dags/example_latest_only_with_trigger.py for tasks to queue
[2024-04-26T04:26:06.081+0000] {logging_mixin.py:188} INFO - [2024-04-26T04:26:06.080+0000] {dagbag.py:538} INFO - Filling up the DagBag from /home/airflow/.local/lib/python3.8/site-packages/airflow/example_dags/example_latest_only_with_trigger.py
[2024-04-26T04:26:06.097+0000] {processor.py:840} INFO - DAG(s) 'latest_only_with_trigger' retrieved from /home/airflow/.local/lib/python3.8/site-packages/airflow/example_dags/example_latest_only_with_trigger.py
[2024-04-26T04:26:06.131+0000] {logging_mixin.py:188} INFO - [2024-04-26T04:26:06.131+0000] {dag.py:3036} INFO - Sync 1 DAGs
[2024-04-26T04:26:06.165+0000] {logging_mixin.py:188} INFO - [2024-04-26T04:26:06.164+0000] {dag.py:3823} INFO - Setting next_dagrun for latest_only_with_trigger to 2024-04-26 00:00:00+00:00, run_after=2024-04-26 04:00:00+00:00
[2024-04-26T04:26:06.194+0000] {processor.py:183} INFO - Processing /home/airflow/.local/lib/python3.8/site-packages/airflow/example_dags/example_latest_only_with_trigger.py took 0.122 seconds
[2024-04-26T04:26:36.868+0000] {processor.py:161} INFO - Started process (PID=125) to work on /home/airflow/.local/lib/python3.8/site-packages/airflow/example_dags/example_latest_only_with_trigger.py
[2024-04-26T04:26:36.869+0000] {processor.py:830} INFO - Processing file /home/airflow/.local/lib/python3.8/site-packages/airflow/example_dags/example_latest_only_with_trigger.py for tasks to queue
[2024-04-26T04:26:36.872+0000] {logging_mixin.py:188} INFO - [2024-04-26T04:26:36.871+0000] {dagbag.py:538} INFO - Filling up the DagBag from /home/airflow/.local/lib/python3.8/site-packages/airflow/example_dags/example_latest_only_with_trigger.py
[2024-04-26T04:26:36.876+0000] {processor.py:840} INFO - DAG(s) 'latest_only_with_trigger' retrieved from /home/airflow/.local/lib/python3.8/site-packages/airflow/example_dags/example_latest_only_with_trigger.py
[2024-04-26T04:26:36.891+0000] {logging_mixin.py:188} INFO - [2024-04-26T04:26:36.891+0000] {dag.py:3036} INFO - Sync 1 DAGs
[2024-04-26T04:26:36.906+0000] {logging_mixin.py:188} INFO - [2024-04-26T04:26:36.906+0000] {dag.py:3823} INFO - Setting next_dagrun for latest_only_with_trigger to 2024-04-26 00:00:00+00:00, run_after=2024-04-26 04:00:00+00:00
[2024-04-26T04:26:36.920+0000] {processor.py:183} INFO - Processing /home/airflow/.local/lib/python3.8/site-packages/airflow/example_dags/example_latest_only_with_trigger.py took 0.057 seconds
[2024-04-26T04:27:07.153+0000] {processor.py:161} INFO - Started process (PID=243) to work on /home/airflow/.local/lib/python3.8/site-packages/airflow/example_dags/example_latest_only_with_trigger.py
[2024-04-26T04:27:07.154+0000] {processor.py:830} INFO - Processing file /home/airflow/.local/lib/python3.8/site-packages/airflow/example_dags/example_latest_only_with_trigger.py for tasks to queue
[2024-04-26T04:27:07.156+0000] {logging_mixin.py:188} INFO - [2024-04-26T04:27:07.156+0000] {dagbag.py:538} INFO - Filling up the DagBag from /home/airflow/.local/lib/python3.8/site-packages/airflow/example_dags/example_latest_only_with_trigger.py
[2024-04-26T04:27:07.160+0000] {processor.py:840} INFO - DAG(s) 'latest_only_with_trigger' retrieved from /home/airflow/.local/lib/python3.8/site-packages/airflow/example_dags/example_latest_only_with_trigger.py
[2024-04-26T04:27:07.175+0000] {logging_mixin.py:188} INFO - [2024-04-26T04:27:07.175+0000] {dag.py:3036} INFO - Sync 1 DAGs
[2024-04-26T04:27:07.190+0000] {logging_mixin.py:188} INFO - [2024-04-26T04:27:07.190+0000] {dag.py:3823} INFO - Setting next_dagrun for latest_only_with_trigger to 2024-04-26 00:00:00+00:00, run_after=2024-04-26 04:00:00+00:00
[2024-04-26T04:27:07.222+0000] {processor.py:183} INFO - Processing /home/airflow/.local/lib/python3.8/site-packages/airflow/example_dags/example_latest_only_with_trigger.py took 0.071 seconds
[2024-04-26T04:27:37.717+0000] {processor.py:161} INFO - Started process (PID=319) to work on /home/airflow/.local/lib/python3.8/site-packages/airflow/example_dags/example_latest_only_with_trigger.py
[2024-04-26T04:27:37.719+0000] {processor.py:830} INFO - Processing file /home/airflow/.local/lib/python3.8/site-packages/airflow/example_dags/example_latest_only_with_trigger.py for tasks to queue
[2024-04-26T04:27:37.721+0000] {logging_mixin.py:188} INFO - [2024-04-26T04:27:37.721+0000] {dagbag.py:538} INFO - Filling up the DagBag from /home/airflow/.local/lib/python3.8/site-packages/airflow/example_dags/example_latest_only_with_trigger.py
[2024-04-26T04:27:37.728+0000] {processor.py:840} INFO - DAG(s) 'latest_only_with_trigger' retrieved from /home/airflow/.local/lib/python3.8/site-packages/airflow/example_dags/example_latest_only_with_trigger.py
[2024-04-26T04:27:37.748+0000] {logging_mixin.py:188} INFO - [2024-04-26T04:27:37.748+0000] {dag.py:3036} INFO - Sync 1 DAGs
[2024-04-26T04:27:37.766+0000] {logging_mixin.py:188} INFO - [2024-04-26T04:27:37.765+0000] {dag.py:3823} INFO - Setting next_dagrun for latest_only_with_trigger to 2024-04-26 00:00:00+00:00, run_after=2024-04-26 04:00:00+00:00
[2024-04-26T04:27:37.784+0000] {processor.py:183} INFO - Processing /home/airflow/.local/lib/python3.8/site-packages/airflow/example_dags/example_latest_only_with_trigger.py took 0.070 seconds
[2024-04-26T04:28:08.226+0000] {processor.py:161} INFO - Started process (PID=395) to work on /home/airflow/.local/lib/python3.8/site-packages/airflow/example_dags/example_latest_only_with_trigger.py
[2024-04-26T04:28:08.228+0000] {processor.py:830} INFO - Processing file /home/airflow/.local/lib/python3.8/site-packages/airflow/example_dags/example_latest_only_with_trigger.py for tasks to queue
[2024-04-26T04:28:08.233+0000] {logging_mixin.py:188} INFO - [2024-04-26T04:28:08.233+0000] {dagbag.py:538} INFO - Filling up the DagBag from /home/airflow/.local/lib/python3.8/site-packages/airflow/example_dags/example_latest_only_with_trigger.py
[2024-04-26T04:28:08.250+0000] {processor.py:840} INFO - DAG(s) 'latest_only_with_trigger' retrieved from /home/airflow/.local/lib/python3.8/site-packages/airflow/example_dags/example_latest_only_with_trigger.py
[2024-04-26T04:28:08.266+0000] {logging_mixin.py:188} INFO - [2024-04-26T04:28:08.266+0000] {dag.py:3036} INFO - Sync 1 DAGs
[2024-04-26T04:28:08.281+0000] {logging_mixin.py:188} INFO - [2024-04-26T04:28:08.280+0000] {dag.py:3823} INFO - Setting next_dagrun for latest_only_with_trigger to 2024-04-26 00:00:00+00:00, run_after=2024-04-26 04:00:00+00:00
[2024-04-26T04:28:08.297+0000] {processor.py:183} INFO - Processing /home/airflow/.local/lib/python3.8/site-packages/airflow/example_dags/example_latest_only_with_trigger.py took 0.075 seconds
[2024-04-26T04:28:38.953+0000] {processor.py:161} INFO - Started process (PID=471) to work on /home/airflow/.local/lib/python3.8/site-packages/airflow/example_dags/example_latest_only_with_trigger.py
[2024-04-26T04:28:38.954+0000] {processor.py:830} INFO - Processing file /home/airflow/.local/lib/python3.8/site-packages/airflow/example_dags/example_latest_only_with_trigger.py for tasks to queue
[2024-04-26T04:28:38.955+0000] {logging_mixin.py:188} INFO - [2024-04-26T04:28:38.955+0000] {dagbag.py:538} INFO - Filling up the DagBag from /home/airflow/.local/lib/python3.8/site-packages/airflow/example_dags/example_latest_only_with_trigger.py
[2024-04-26T04:28:38.960+0000] {processor.py:840} INFO - DAG(s) 'latest_only_with_trigger' retrieved from /home/airflow/.local/lib/python3.8/site-packages/airflow/example_dags/example_latest_only_with_trigger.py
[2024-04-26T04:28:38.977+0000] {logging_mixin.py:188} INFO - [2024-04-26T04:28:38.977+0000] {dag.py:3036} INFO - Sync 1 DAGs
[2024-04-26T04:28:38.994+0000] {logging_mixin.py:188} INFO - [2024-04-26T04:28:38.994+0000] {dag.py:3823} INFO - Setting next_dagrun for latest_only_with_trigger to 2024-04-26 00:00:00+00:00, run_after=2024-04-26 04:00:00+00:00
[2024-04-26T04:28:39.014+0000] {processor.py:183} INFO - Processing /home/airflow/.local/lib/python3.8/site-packages/airflow/example_dags/example_latest_only_with_trigger.py took 0.064 seconds
[2024-04-26T04:29:09.747+0000] {processor.py:161} INFO - Started process (PID=548) to work on /home/airflow/.local/lib/python3.8/site-packages/airflow/example_dags/example_latest_only_with_trigger.py
[2024-04-26T04:29:09.748+0000] {processor.py:830} INFO - Processing file /home/airflow/.local/lib/python3.8/site-packages/airflow/example_dags/example_latest_only_with_trigger.py for tasks to queue
[2024-04-26T04:29:09.750+0000] {logging_mixin.py:188} INFO - [2024-04-26T04:29:09.750+0000] {dagbag.py:538} INFO - Filling up the DagBag from /home/airflow/.local/lib/python3.8/site-packages/airflow/example_dags/example_latest_only_with_trigger.py
[2024-04-26T04:29:09.755+0000] {processor.py:840} INFO - DAG(s) 'latest_only_with_trigger' retrieved from /home/airflow/.local/lib/python3.8/site-packages/airflow/example_dags/example_latest_only_with_trigger.py
[2024-04-26T04:29:09.770+0000] {logging_mixin.py:188} INFO - [2024-04-26T04:29:09.770+0000] {dag.py:3036} INFO - Sync 1 DAGs
[2024-04-26T04:29:09.785+0000] {logging_mixin.py:188} INFO - [2024-04-26T04:29:09.784+0000] {dag.py:3823} INFO - Setting next_dagrun for latest_only_with_trigger to 2024-04-26 00:00:00+00:00, run_after=2024-04-26 04:00:00+00:00
[2024-04-26T04:29:09.799+0000] {processor.py:183} INFO - Processing /home/airflow/.local/lib/python3.8/site-packages/airflow/example_dags/example_latest_only_with_trigger.py took 0.056 seconds
[2024-04-26T04:29:40.568+0000] {processor.py:161} INFO - Started process (PID=624) to work on /home/airflow/.local/lib/python3.8/site-packages/airflow/example_dags/example_latest_only_with_trigger.py
[2024-04-26T04:29:40.569+0000] {processor.py:830} INFO - Processing file /home/airflow/.local/lib/python3.8/site-packages/airflow/example_dags/example_latest_only_with_trigger.py for tasks to queue
[2024-04-26T04:29:40.570+0000] {logging_mixin.py:188} INFO - [2024-04-26T04:29:40.570+0000] {dagbag.py:538} INFO - Filling up the DagBag from /home/airflow/.local/lib/python3.8/site-packages/airflow/example_dags/example_latest_only_with_trigger.py
[2024-04-26T04:29:40.575+0000] {processor.py:840} INFO - DAG(s) 'latest_only_with_trigger' retrieved from /home/airflow/.local/lib/python3.8/site-packages/airflow/example_dags/example_latest_only_with_trigger.py
[2024-04-26T04:29:40.588+0000] {logging_mixin.py:188} INFO - [2024-04-26T04:29:40.588+0000] {dag.py:3036} INFO - Sync 1 DAGs
[2024-04-26T04:29:40.601+0000] {logging_mixin.py:188} INFO - [2024-04-26T04:29:40.601+0000] {dag.py:3823} INFO - Setting next_dagrun for latest_only_with_trigger to 2024-04-26 00:00:00+00:00, run_after=2024-04-26 04:00:00+00:00
[2024-04-26T04:29:40.616+0000] {processor.py:183} INFO - Processing /home/airflow/.local/lib/python3.8/site-packages/airflow/example_dags/example_latest_only_with_trigger.py took 0.050 seconds
[2024-04-26T04:30:11.397+0000] {processor.py:161} INFO - Started process (PID=700) to work on /home/airflow/.local/lib/python3.8/site-packages/airflow/example_dags/example_latest_only_with_trigger.py
[2024-04-26T04:30:11.398+0000] {processor.py:830} INFO - Processing file /home/airflow/.local/lib/python3.8/site-packages/airflow/example_dags/example_latest_only_with_trigger.py for tasks to queue
[2024-04-26T04:30:11.400+0000] {logging_mixin.py:188} INFO - [2024-04-26T04:30:11.399+0000] {dagbag.py:538} INFO - Filling up the DagBag from /home/airflow/.local/lib/python3.8/site-packages/airflow/example_dags/example_latest_only_with_trigger.py
[2024-04-26T04:30:11.404+0000] {processor.py:840} INFO - DAG(s) 'latest_only_with_trigger' retrieved from /home/airflow/.local/lib/python3.8/site-packages/airflow/example_dags/example_latest_only_with_trigger.py
[2024-04-26T04:30:11.417+0000] {logging_mixin.py:188} INFO - [2024-04-26T04:30:11.417+0000] {dag.py:3036} INFO - Sync 1 DAGs
[2024-04-26T04:30:11.430+0000] {logging_mixin.py:188} INFO - [2024-04-26T04:30:11.430+0000] {dag.py:3823} INFO - Setting next_dagrun for latest_only_with_trigger to 2024-04-26 00:00:00+00:00, run_after=2024-04-26 04:00:00+00:00
[2024-04-26T04:30:11.442+0000] {processor.py:183} INFO - Processing /home/airflow/.local/lib/python3.8/site-packages/airflow/example_dags/example_latest_only_with_trigger.py took 0.047 seconds
[2024-04-26T04:30:41.970+0000] {processor.py:161} INFO - Started process (PID=776) to work on /home/airflow/.local/lib/python3.8/site-packages/airflow/example_dags/example_latest_only_with_trigger.py
[2024-04-26T04:30:41.971+0000] {processor.py:830} INFO - Processing file /home/airflow/.local/lib/python3.8/site-packages/airflow/example_dags/example_latest_only_with_trigger.py for tasks to queue
[2024-04-26T04:30:41.973+0000] {logging_mixin.py:188} INFO - [2024-04-26T04:30:41.972+0000] {dagbag.py:538} INFO - Filling up the DagBag from /home/airflow/.local/lib/python3.8/site-packages/airflow/example_dags/example_latest_only_with_trigger.py
[2024-04-26T04:30:41.976+0000] {processor.py:840} INFO - DAG(s) 'latest_only_with_trigger' retrieved from /home/airflow/.local/lib/python3.8/site-packages/airflow/example_dags/example_latest_only_with_trigger.py
[2024-04-26T04:30:41.990+0000] {logging_mixin.py:188} INFO - [2024-04-26T04:30:41.990+0000] {dag.py:3036} INFO - Sync 1 DAGs
[2024-04-26T04:30:42.004+0000] {logging_mixin.py:188} INFO - [2024-04-26T04:30:42.004+0000] {dag.py:3823} INFO - Setting next_dagrun for latest_only_with_trigger to 2024-04-26 00:00:00+00:00, run_after=2024-04-26 04:00:00+00:00
[2024-04-26T04:30:42.018+0000] {processor.py:183} INFO - Processing /home/airflow/.local/lib/python3.8/site-packages/airflow/example_dags/example_latest_only_with_trigger.py took 0.050 seconds
[2024-04-26T04:31:12.231+0000] {processor.py:161} INFO - Started process (PID=852) to work on /home/airflow/.local/lib/python3.8/site-packages/airflow/example_dags/example_latest_only_with_trigger.py
[2024-04-26T04:31:12.232+0000] {processor.py:830} INFO - Processing file /home/airflow/.local/lib/python3.8/site-packages/airflow/example_dags/example_latest_only_with_trigger.py for tasks to queue
[2024-04-26T04:31:12.234+0000] {logging_mixin.py:188} INFO - [2024-04-26T04:31:12.234+0000] {dagbag.py:538} INFO - Filling up the DagBag from /home/airflow/.local/lib/python3.8/site-packages/airflow/example_dags/example_latest_only_with_trigger.py
[2024-04-26T04:31:12.239+0000] {processor.py:840} INFO - DAG(s) 'latest_only_with_trigger' retrieved from /home/airflow/.local/lib/python3.8/site-packages/airflow/example_dags/example_latest_only_with_trigger.py
[2024-04-26T04:31:12.254+0000] {logging_mixin.py:188} INFO - [2024-04-26T04:31:12.254+0000] {dag.py:3036} INFO - Sync 1 DAGs
[2024-04-26T04:31:12.268+0000] {logging_mixin.py:188} INFO - [2024-04-26T04:31:12.267+0000] {dag.py:3823} INFO - Setting next_dagrun for latest_only_with_trigger to 2024-04-26 00:00:00+00:00, run_after=2024-04-26 04:00:00+00:00
[2024-04-26T04:31:12.279+0000] {processor.py:183} INFO - Processing /home/airflow/.local/lib/python3.8/site-packages/airflow/example_dags/example_latest_only_with_trigger.py took 0.051 seconds
[2024-04-26T04:31:42.362+0000] {processor.py:161} INFO - Started process (PID=928) to work on /home/airflow/.local/lib/python3.8/site-packages/airflow/example_dags/example_latest_only_with_trigger.py
[2024-04-26T04:31:42.363+0000] {processor.py:830} INFO - Processing file /home/airflow/.local/lib/python3.8/site-packages/airflow/example_dags/example_latest_only_with_trigger.py for tasks to queue
[2024-04-26T04:31:42.365+0000] {logging_mixin.py:188} INFO - [2024-04-26T04:31:42.364+0000] {dagbag.py:538} INFO - Filling up the DagBag from /home/airflow/.local/lib/python3.8/site-packages/airflow/example_dags/example_latest_only_with_trigger.py
[2024-04-26T04:31:42.368+0000] {processor.py:840} INFO - DAG(s) 'latest_only_with_trigger' retrieved from /home/airflow/.local/lib/python3.8/site-packages/airflow/example_dags/example_latest_only_with_trigger.py
[2024-04-26T04:31:42.382+0000] {logging_mixin.py:188} INFO - [2024-04-26T04:31:42.382+0000] {dag.py:3036} INFO - Sync 1 DAGs
[2024-04-26T04:31:42.397+0000] {logging_mixin.py:188} INFO - [2024-04-26T04:31:42.397+0000] {dag.py:3823} INFO - Setting next_dagrun for latest_only_with_trigger to 2024-04-26 00:00:00+00:00, run_after=2024-04-26 04:00:00+00:00
[2024-04-26T04:31:42.412+0000] {processor.py:183} INFO - Processing /home/airflow/.local/lib/python3.8/site-packages/airflow/example_dags/example_latest_only_with_trigger.py took 0.052 seconds
[2024-04-26T04:32:13.114+0000] {processor.py:161} INFO - Started process (PID=1004) to work on /home/airflow/.local/lib/python3.8/site-packages/airflow/example_dags/example_latest_only_with_trigger.py
[2024-04-26T04:32:13.115+0000] {processor.py:830} INFO - Processing file /home/airflow/.local/lib/python3.8/site-packages/airflow/example_dags/example_latest_only_with_trigger.py for tasks to queue
[2024-04-26T04:32:13.117+0000] {logging_mixin.py:188} INFO - [2024-04-26T04:32:13.117+0000] {dagbag.py:538} INFO - Filling up the DagBag from /home/airflow/.local/lib/python3.8/site-packages/airflow/example_dags/example_latest_only_with_trigger.py
[2024-04-26T04:32:13.123+0000] {processor.py:840} INFO - DAG(s) 'latest_only_with_trigger' retrieved from /home/airflow/.local/lib/python3.8/site-packages/airflow/example_dags/example_latest_only_with_trigger.py
[2024-04-26T04:32:13.145+0000] {logging_mixin.py:188} INFO - [2024-04-26T04:32:13.145+0000] {dag.py:3036} INFO - Sync 1 DAGs
[2024-04-26T04:32:13.167+0000] {logging_mixin.py:188} INFO - [2024-04-26T04:32:13.166+0000] {dag.py:3823} INFO - Setting next_dagrun for latest_only_with_trigger to 2024-04-26 00:00:00+00:00, run_after=2024-04-26 04:00:00+00:00
[2024-04-26T04:32:13.184+0000] {processor.py:183} INFO - Processing /home/airflow/.local/lib/python3.8/site-packages/airflow/example_dags/example_latest_only_with_trigger.py took 0.073 seconds
[2024-04-26T04:32:43.812+0000] {processor.py:161} INFO - Started process (PID=1080) to work on /home/airflow/.local/lib/python3.8/site-packages/airflow/example_dags/example_latest_only_with_trigger.py
[2024-04-26T04:32:43.813+0000] {processor.py:830} INFO - Processing file /home/airflow/.local/lib/python3.8/site-packages/airflow/example_dags/example_latest_only_with_trigger.py for tasks to queue
[2024-04-26T04:32:43.816+0000] {logging_mixin.py:188} INFO - [2024-04-26T04:32:43.816+0000] {dagbag.py:538} INFO - Filling up the DagBag from /home/airflow/.local/lib/python3.8/site-packages/airflow/example_dags/example_latest_only_with_trigger.py
[2024-04-26T04:32:43.824+0000] {processor.py:840} INFO - DAG(s) 'latest_only_with_trigger' retrieved from /home/airflow/.local/lib/python3.8/site-packages/airflow/example_dags/example_latest_only_with_trigger.py
[2024-04-26T04:32:43.848+0000] {logging_mixin.py:188} INFO - [2024-04-26T04:32:43.848+0000] {dag.py:3036} INFO - Sync 1 DAGs
[2024-04-26T04:32:43.871+0000] {logging_mixin.py:188} INFO - [2024-04-26T04:32:43.871+0000] {dag.py:3823} INFO - Setting next_dagrun for latest_only_with_trigger to 2024-04-26 00:00:00+00:00, run_after=2024-04-26 04:00:00+00:00
[2024-04-26T04:32:43.894+0000] {processor.py:183} INFO - Processing /home/airflow/.local/lib/python3.8/site-packages/airflow/example_dags/example_latest_only_with_trigger.py took 0.086 seconds
[2024-04-26T04:33:14.263+0000] {processor.py:161} INFO - Started process (PID=1156) to work on /home/airflow/.local/lib/python3.8/site-packages/airflow/example_dags/example_latest_only_with_trigger.py
[2024-04-26T04:33:14.265+0000] {processor.py:830} INFO - Processing file /home/airflow/.local/lib/python3.8/site-packages/airflow/example_dags/example_latest_only_with_trigger.py for tasks to queue
[2024-04-26T04:33:14.268+0000] {logging_mixin.py:188} INFO - [2024-04-26T04:33:14.267+0000] {dagbag.py:538} INFO - Filling up the DagBag from /home/airflow/.local/lib/python3.8/site-packages/airflow/example_dags/example_latest_only_with_trigger.py
[2024-04-26T04:33:14.276+0000] {processor.py:840} INFO - DAG(s) 'latest_only_with_trigger' retrieved from /home/airflow/.local/lib/python3.8/site-packages/airflow/example_dags/example_latest_only_with_trigger.py
[2024-04-26T04:33:14.301+0000] {logging_mixin.py:188} INFO - [2024-04-26T04:33:14.301+0000] {dag.py:3036} INFO - Sync 1 DAGs
[2024-04-26T04:33:14.323+0000] {logging_mixin.py:188} INFO - [2024-04-26T04:33:14.323+0000] {dag.py:3823} INFO - Setting next_dagrun for latest_only_with_trigger to 2024-04-26 00:00:00+00:00, run_after=2024-04-26 04:00:00+00:00
[2024-04-26T04:33:14.348+0000] {processor.py:183} INFO - Processing /home/airflow/.local/lib/python3.8/site-packages/airflow/example_dags/example_latest_only_with_trigger.py took 0.090 seconds
[2024-04-26T04:33:44.534+0000] {processor.py:161} INFO - Started process (PID=1232) to work on /home/airflow/.local/lib/python3.8/site-packages/airflow/example_dags/example_latest_only_with_trigger.py
[2024-04-26T04:33:44.536+0000] {processor.py:830} INFO - Processing file /home/airflow/.local/lib/python3.8/site-packages/airflow/example_dags/example_latest_only_with_trigger.py for tasks to queue
[2024-04-26T04:33:44.537+0000] {logging_mixin.py:188} INFO - [2024-04-26T04:33:44.537+0000] {dagbag.py:538} INFO - Filling up the DagBag from /home/airflow/.local/lib/python3.8/site-packages/airflow/example_dags/example_latest_only_with_trigger.py
[2024-04-26T04:33:44.542+0000] {processor.py:840} INFO - DAG(s) 'latest_only_with_trigger' retrieved from /home/airflow/.local/lib/python3.8/site-packages/airflow/example_dags/example_latest_only_with_trigger.py
[2024-04-26T04:33:44.557+0000] {logging_mixin.py:188} INFO - [2024-04-26T04:33:44.556+0000] {dag.py:3036} INFO - Sync 1 DAGs
[2024-04-26T04:33:44.571+0000] {logging_mixin.py:188} INFO - [2024-04-26T04:33:44.571+0000] {dag.py:3823} INFO - Setting next_dagrun for latest_only_with_trigger to 2024-04-26 00:00:00+00:00, run_after=2024-04-26 04:00:00+00:00
[2024-04-26T04:33:44.590+0000] {processor.py:183} INFO - Processing /home/airflow/.local/lib/python3.8/site-packages/airflow/example_dags/example_latest_only_with_trigger.py took 0.058 seconds
[2024-04-26T04:34:14.843+0000] {processor.py:161} INFO - Started process (PID=1308) to work on /home/airflow/.local/lib/python3.8/site-packages/airflow/example_dags/example_latest_only_with_trigger.py
[2024-04-26T04:34:14.844+0000] {processor.py:830} INFO - Processing file /home/airflow/.local/lib/python3.8/site-packages/airflow/example_dags/example_latest_only_with_trigger.py for tasks to queue
[2024-04-26T04:34:14.846+0000] {logging_mixin.py:188} INFO - [2024-04-26T04:34:14.846+0000] {dagbag.py:538} INFO - Filling up the DagBag from /home/airflow/.local/lib/python3.8/site-packages/airflow/example_dags/example_latest_only_with_trigger.py
[2024-04-26T04:34:14.850+0000] {processor.py:840} INFO - DAG(s) 'latest_only_with_trigger' retrieved from /home/airflow/.local/lib/python3.8/site-packages/airflow/example_dags/example_latest_only_with_trigger.py
[2024-04-26T04:34:14.867+0000] {logging_mixin.py:188} INFO - [2024-04-26T04:34:14.867+0000] {dag.py:3036} INFO - Sync 1 DAGs
[2024-04-26T04:34:14.880+0000] {logging_mixin.py:188} INFO - [2024-04-26T04:34:14.880+0000] {dag.py:3823} INFO - Setting next_dagrun for latest_only_with_trigger to 2024-04-26 00:00:00+00:00, run_after=2024-04-26 04:00:00+00:00
[2024-04-26T04:34:14.899+0000] {processor.py:183} INFO - Processing /home/airflow/.local/lib/python3.8/site-packages/airflow/example_dags/example_latest_only_with_trigger.py took 0.060 seconds
[2024-04-26T04:34:45.029+0000] {processor.py:161} INFO - Started process (PID=1384) to work on /home/airflow/.local/lib/python3.8/site-packages/airflow/example_dags/example_latest_only_with_trigger.py
[2024-04-26T04:34:45.033+0000] {processor.py:830} INFO - Processing file /home/airflow/.local/lib/python3.8/site-packages/airflow/example_dags/example_latest_only_with_trigger.py for tasks to queue
[2024-04-26T04:34:45.037+0000] {logging_mixin.py:188} INFO - [2024-04-26T04:34:45.036+0000] {dagbag.py:538} INFO - Filling up the DagBag from /home/airflow/.local/lib/python3.8/site-packages/airflow/example_dags/example_latest_only_with_trigger.py
[2024-04-26T04:34:45.043+0000] {processor.py:840} INFO - DAG(s) 'latest_only_with_trigger' retrieved from /home/airflow/.local/lib/python3.8/site-packages/airflow/example_dags/example_latest_only_with_trigger.py
[2024-04-26T04:34:45.060+0000] {logging_mixin.py:188} INFO - [2024-04-26T04:34:45.060+0000] {dag.py:3036} INFO - Sync 1 DAGs
[2024-04-26T04:34:45.075+0000] {logging_mixin.py:188} INFO - [2024-04-26T04:34:45.075+0000] {dag.py:3823} INFO - Setting next_dagrun for latest_only_with_trigger to 2024-04-26 00:00:00+00:00, run_after=2024-04-26 04:00:00+00:00
[2024-04-26T04:34:45.095+0000] {processor.py:183} INFO - Processing /home/airflow/.local/lib/python3.8/site-packages/airflow/example_dags/example_latest_only_with_trigger.py took 0.070 seconds
[2024-04-26T04:35:15.281+0000] {processor.py:161} INFO - Started process (PID=1460) to work on /home/airflow/.local/lib/python3.8/site-packages/airflow/example_dags/example_latest_only_with_trigger.py
[2024-04-26T04:35:15.283+0000] {processor.py:830} INFO - Processing file /home/airflow/.local/lib/python3.8/site-packages/airflow/example_dags/example_latest_only_with_trigger.py for tasks to queue
[2024-04-26T04:35:15.284+0000] {logging_mixin.py:188} INFO - [2024-04-26T04:35:15.284+0000] {dagbag.py:538} INFO - Filling up the DagBag from /home/airflow/.local/lib/python3.8/site-packages/airflow/example_dags/example_latest_only_with_trigger.py
[2024-04-26T04:35:15.288+0000] {processor.py:840} INFO - DAG(s) 'latest_only_with_trigger' retrieved from /home/airflow/.local/lib/python3.8/site-packages/airflow/example_dags/example_latest_only_with_trigger.py
[2024-04-26T04:35:15.302+0000] {logging_mixin.py:188} INFO - [2024-04-26T04:35:15.302+0000] {dag.py:3036} INFO - Sync 1 DAGs
[2024-04-26T04:35:15.316+0000] {logging_mixin.py:188} INFO - [2024-04-26T04:35:15.316+0000] {dag.py:3823} INFO - Setting next_dagrun for latest_only_with_trigger to 2024-04-26 00:00:00+00:00, run_after=2024-04-26 04:00:00+00:00
[2024-04-26T04:35:15.329+0000] {processor.py:183} INFO - Processing /home/airflow/.local/lib/python3.8/site-packages/airflow/example_dags/example_latest_only_with_trigger.py took 0.051 seconds
[2024-04-26T04:35:45.588+0000] {processor.py:161} INFO - Started process (PID=1536) to work on /home/airflow/.local/lib/python3.8/site-packages/airflow/example_dags/example_latest_only_with_trigger.py
[2024-04-26T04:35:45.589+0000] {processor.py:830} INFO - Processing file /home/airflow/.local/lib/python3.8/site-packages/airflow/example_dags/example_latest_only_with_trigger.py for tasks to queue
[2024-04-26T04:35:45.590+0000] {logging_mixin.py:188} INFO - [2024-04-26T04:35:45.590+0000] {dagbag.py:538} INFO - Filling up the DagBag from /home/airflow/.local/lib/python3.8/site-packages/airflow/example_dags/example_latest_only_with_trigger.py
[2024-04-26T04:35:45.594+0000] {processor.py:840} INFO - DAG(s) 'latest_only_with_trigger' retrieved from /home/airflow/.local/lib/python3.8/site-packages/airflow/example_dags/example_latest_only_with_trigger.py
[2024-04-26T04:35:45.608+0000] {logging_mixin.py:188} INFO - [2024-04-26T04:35:45.608+0000] {dag.py:3036} INFO - Sync 1 DAGs
[2024-04-26T04:35:45.622+0000] {logging_mixin.py:188} INFO - [2024-04-26T04:35:45.621+0000] {dag.py:3823} INFO - Setting next_dagrun for latest_only_with_trigger to 2024-04-26 00:00:00+00:00, run_after=2024-04-26 04:00:00+00:00
[2024-04-26T04:35:45.634+0000] {processor.py:183} INFO - Processing /home/airflow/.local/lib/python3.8/site-packages/airflow/example_dags/example_latest_only_with_trigger.py took 0.048 seconds
[2024-04-26T04:36:15.724+0000] {processor.py:161} INFO - Started process (PID=1612) to work on /home/airflow/.local/lib/python3.8/site-packages/airflow/example_dags/example_latest_only_with_trigger.py
[2024-04-26T04:36:15.725+0000] {processor.py:830} INFO - Processing file /home/airflow/.local/lib/python3.8/site-packages/airflow/example_dags/example_latest_only_with_trigger.py for tasks to queue
[2024-04-26T04:36:15.726+0000] {logging_mixin.py:188} INFO - [2024-04-26T04:36:15.726+0000] {dagbag.py:538} INFO - Filling up the DagBag from /home/airflow/.local/lib/python3.8/site-packages/airflow/example_dags/example_latest_only_with_trigger.py
[2024-04-26T04:36:15.730+0000] {processor.py:840} INFO - DAG(s) 'latest_only_with_trigger' retrieved from /home/airflow/.local/lib/python3.8/site-packages/airflow/example_dags/example_latest_only_with_trigger.py
[2024-04-26T04:36:15.745+0000] {logging_mixin.py:188} INFO - [2024-04-26T04:36:15.745+0000] {dag.py:3036} INFO - Sync 1 DAGs
[2024-04-26T04:36:15.759+0000] {logging_mixin.py:188} INFO - [2024-04-26T04:36:15.758+0000] {dag.py:3823} INFO - Setting next_dagrun for latest_only_with_trigger to 2024-04-26 00:00:00+00:00, run_after=2024-04-26 04:00:00+00:00
[2024-04-26T04:36:15.772+0000] {processor.py:183} INFO - Processing /home/airflow/.local/lib/python3.8/site-packages/airflow/example_dags/example_latest_only_with_trigger.py took 0.050 seconds
[2024-04-26T04:36:46.883+0000] {processor.py:161} INFO - Started process (PID=1688) to work on /home/airflow/.local/lib/python3.8/site-packages/airflow/example_dags/example_latest_only_with_trigger.py
[2024-04-26T04:36:46.884+0000] {processor.py:830} INFO - Processing file /home/airflow/.local/lib/python3.8/site-packages/airflow/example_dags/example_latest_only_with_trigger.py for tasks to queue
[2024-04-26T04:36:46.886+0000] {logging_mixin.py:188} INFO - [2024-04-26T04:36:46.886+0000] {dagbag.py:538} INFO - Filling up the DagBag from /home/airflow/.local/lib/python3.8/site-packages/airflow/example_dags/example_latest_only_with_trigger.py
[2024-04-26T04:36:46.890+0000] {processor.py:840} INFO - DAG(s) 'latest_only_with_trigger' retrieved from /home/airflow/.local/lib/python3.8/site-packages/airflow/example_dags/example_latest_only_with_trigger.py
[2024-04-26T04:36:46.905+0000] {logging_mixin.py:188} INFO - [2024-04-26T04:36:46.905+0000] {dag.py:3036} INFO - Sync 1 DAGs
[2024-04-26T04:36:46.920+0000] {logging_mixin.py:188} INFO - [2024-04-26T04:36:46.919+0000] {dag.py:3823} INFO - Setting next_dagrun for latest_only_with_trigger to 2024-04-26 00:00:00+00:00, run_after=2024-04-26 04:00:00+00:00
[2024-04-26T04:36:46.937+0000] {processor.py:183} INFO - Processing /home/airflow/.local/lib/python3.8/site-packages/airflow/example_dags/example_latest_only_with_trigger.py took 0.056 seconds
