[2024-04-26T04:26:58.940+0000] {taskinstance.py:1956} INFO - Dependencies all met for dep_context=non-requeueable deps ti=<TaskInstance: ml_pipeline_airflow.get_metrics scheduled__2024-04-26T03:00:00+00:00 [queued]>
[2024-04-26T04:26:58.946+0000] {taskinstance.py:1956} INFO - Dependencies all met for dep_context=requeueable deps ti=<TaskInstance: ml_pipeline_airflow.get_metrics scheduled__2024-04-26T03:00:00+00:00 [queued]>
[2024-04-26T04:26:58.947+0000] {taskinstance.py:2170} INFO - Starting attempt 1 of 1
[2024-04-26T04:26:58.959+0000] {taskinstance.py:2191} INFO - Executing <Task(PythonOperator): get_metrics> on 2024-04-26 03:00:00+00:00
[2024-04-26T04:26:58.971+0000] {standard_task_runner.py:60} INFO - Started process 210 to run task
[2024-04-26T04:26:58.974+0000] {standard_task_runner.py:87} INFO - Running: ['***', 'tasks', 'run', 'ml_pipeline_***', 'get_metrics', 'scheduled__2024-04-26T03:00:00+00:00', '--job-id', '20', '--raw', '--subdir', 'DAGS_FOLDER/ml_pipeline.py', '--cfg-path', '/tmp/tmpwhurc070']
[2024-04-26T04:26:58.975+0000] {standard_task_runner.py:88} INFO - Job 20: Subtask get_metrics
[2024-04-26T04:26:59.015+0000] {task_command.py:423} INFO - Running <TaskInstance: ml_pipeline_airflow.get_metrics scheduled__2024-04-26T03:00:00+00:00 [running]> on host 95171c3bcb7a
[2024-04-26T04:26:59.069+0000] {taskinstance.py:2480} INFO - Exporting env vars: AIRFLOW_CTX_DAG_OWNER='***' AIRFLOW_CTX_DAG_ID='ml_pipeline_***' AIRFLOW_CTX_TASK_ID='get_metrics' AIRFLOW_CTX_EXECUTION_DATE='2024-04-26T03:00:00+00:00' AIRFLOW_CTX_TRY_NUMBER='1' AIRFLOW_CTX_DAG_RUN_ID='scheduled__2024-04-26T03:00:00+00:00'
[2024-04-26T04:26:59.124+0000] {logging_mixin.py:188} INFO - ---- Inside get_metrics component ----
[2024-04-26T04:26:59.139+0000] {logging_mixin.py:188} INFO -                  precision    recall  f1-score   support

    Iris-setosa       1.00      1.00      1.00        10
Iris-versicolor       1.00      0.90      0.95        10
 Iris-virginica       0.91      1.00      0.95        10

       accuracy                           0.97        30
      macro avg       0.97      0.97      0.97        30
   weighted avg       0.97      0.97      0.97        30
[2024-04-26T04:26:59.140+0000] {logging_mixin.py:188} INFO - 
 Model Metrics: {'accuracy': 0.97, 'precision': 0.97, 'recall': 0.97}
[2024-04-26T04:26:59.140+0000] {python.py:201} INFO - Done. Returned value was: None
[2024-04-26T04:26:59.147+0000] {taskinstance.py:1138} INFO - Marking task as SUCCESS. dag_id=ml_pipeline_***, task_id=get_metrics, execution_date=20240426T030000, start_date=20240426T042658, end_date=20240426T042659
[2024-04-26T04:26:59.187+0000] {local_task_job_runner.py:234} INFO - Task exited with return code 0
[2024-04-26T04:26:59.201+0000] {taskinstance.py:3280} INFO - 0 downstream tasks scheduled from follow-on schedule check
